[1.298s] Invoking command in '/home/student/pepper_ws/src/turtlebot3/turtlebot3/turtlebot3_example': AMENT_PREFIX_PATH=/home/student/pepper_ws/src/install/turtlebot3_msgs:${AMENT_PREFIX_PATH} CMAKE_PREFIX_PATH=/home/student/pepper_ws/src/install/turtlebot3_msgs:${CMAKE_PREFIX_PATH} LD_LIBRARY_PATH=/home/student/pepper_ws/src/install/turtlebot3_msgs/lib:/home/student/pepper_ws/install/turtlebot3_msgs/lib:/home/student/pepper_ws/install/dynamixel_sdk_custom_interfaces/lib:/home/student/pepper_ws/install/dynamixel_sdk/lib:/home/student/ros2_ws/install/turtlesim/lib:/home/student/ros2_ws/install/turtlebot3_msgs/lib:/home/student/ros2_ws/install/nav2_smoother/lib:/home/student/ros2_ws/install/nav2_graceful_controller/lib:/home/student/ros2_ws/install/nav2_controller/lib:/home/student/ros2_ws/install/dwb_plugins/lib:/home/student/ros2_ws/install/dwb_critics/lib:/home/student/ros2_ws/install/dwb_core/lib:/home/student/ros2_ws/install/nav_2d_utils/lib:/home/student/ros2_ws/install/dwb_msgs/lib:/home/student/ros2_ws/install/nav_2d_msgs/lib:/home/student/ros2_ws/install/nav2_waypoint_follower/lib:/home/student/ros2_ws/install/nav2_theta_star_planner/lib:/home/student/ros2_ws/install/nav2_smac_planner/lib:/home/student/ros2_ws/install/nav2_rotation_shim_controller/lib:/home/student/ros2_ws/install/nav2_regulated_pure_pursuit_controller/lib:/home/student/ros2_ws/install/nav2_planner/lib:/home/student/ros2_ws/install/nav2_navfn_planner/lib:/home/student/ros2_ws/install/nav2_mppi_controller/lib:/home/student/ros2_ws/install/nav2_constrained_smoother/lib:/home/student/ros2_ws/install/nav2_bt_navigator/lib:/home/student/ros2_ws/install/nav2_behaviors/lib:/home/student/ros2_ws/install/nav2_collision_monitor/lib:/home/student/ros2_ws/install/costmap_queue/lib:/home/student/ros2_ws/install/nav2_costmap_2d/lib:/home/student/ros2_ws/install/nav2_voxel_grid/lib:/home/student/ros2_ws/install/nav2_velocity_smoother/lib:/home/student/ros2_ws/install/nav2_rviz_plugins/lib:/home/student/ros2_ws/install/nav2_map_server/lib:/home/student/ros2_ws/install/nav2_lifecycle_manager/lib:/home/student/ros2_ws/install/nav2_behavior_tree/lib:/home/student/ros2_ws/install/nav2_amcl/lib:/home/student/ros2_ws/install/nav2_util/lib:/home/student/ros2_ws/install/nav2_msgs/lib:/home/student/ros2_ws/install/gazebo_map_creator/lib:/home/student/ros2_ws/install/gazebo_map_creator_interface/lib:/home/student/ros2_ws/install/dynamixel_sdk_custom_interfaces/lib:/home/student/ros2_ws/install/dynamixel_sdk/lib:/usr/lib/x86_64-linux-gnu/gazebo-11/plugins:/opt/ros/humble/opt/rviz_ogre_vendor/lib:/opt/ros/humble/lib/x86_64-linux-gnu:/opt/ros/humble/lib:/usr/lib/x86_64-linux-gnu/gazebo-11/plugins:/usr/lib/x86_64-linux-gnu/gazebo-11/plugins:/usr/lib/x86_64-linux-gnu/gazebo-11/plugins PYTHONPATH=/home/student/pepper_ws/src/build/turtlebot3_example/prefix_override:/usr/lib/python3/dist-packages/colcon_core/task/python/colcon_distutils_commands:/home/student/pepper_ws/src/install/turtlebot3_example/lib/python3.10/site-packages:/home/student/pepper_ws/src/install/turtlebot3_msgs/local/lib/python3.10/dist-packages:${PYTHONPATH} /usr/bin/python3 -W ignore:setup.py install is deprecated setup.py egg_info --egg-base ../../../build/turtlebot3_example build --build-base /home/student/pepper_ws/src/build/turtlebot3_example/build install --record /home/student/pepper_ws/src/build/turtlebot3_example/install.log --single-version-externally-managed install_data
[1.759s] running egg_info
[1.759s] creating ../../../build/turtlebot3_example/turtlebot3_example.egg-info
[1.762s] writing ../../../build/turtlebot3_example/turtlebot3_example.egg-info/PKG-INFO
[1.762s] writing dependency_links to ../../../build/turtlebot3_example/turtlebot3_example.egg-info/dependency_links.txt
[1.762s] writing entry points to ../../../build/turtlebot3_example/turtlebot3_example.egg-info/entry_points.txt
[1.762s] writing requirements to ../../../build/turtlebot3_example/turtlebot3_example.egg-info/requires.txt
[1.763s] writing top-level names to ../../../build/turtlebot3_example/turtlebot3_example.egg-info/top_level.txt
[1.763s] writing manifest file '../../../build/turtlebot3_example/turtlebot3_example.egg-info/SOURCES.txt'
[1.764s] reading manifest file '../../../build/turtlebot3_example/turtlebot3_example.egg-info/SOURCES.txt'
[1.767s] writing manifest file '../../../build/turtlebot3_example/turtlebot3_example.egg-info/SOURCES.txt'
[1.768s] running build
[1.768s] running build_py
[1.768s] creating /home/student/pepper_ws/src/build/turtlebot3_example/build
[1.768s] creating /home/student/pepper_ws/src/build/turtlebot3_example/build/lib
[1.768s] creating /home/student/pepper_ws/src/build/turtlebot3_example/build/lib/turtlebot3_example
[1.768s] copying turtlebot3_example/__init__.py -> /home/student/pepper_ws/src/build/turtlebot3_example/build/lib/turtlebot3_example
[1.768s] creating /home/student/pepper_ws/src/build/turtlebot3_example/build/lib/turtlebot3_example/turtlebot3_patrol_client
[1.769s] copying turtlebot3_example/turtlebot3_patrol_client/__init__.py -> /home/student/pepper_ws/src/build/turtlebot3_example/build/lib/turtlebot3_example/turtlebot3_patrol_client
[1.769s] copying turtlebot3_example/turtlebot3_patrol_client/turtlebot3_patrol_client.py -> /home/student/pepper_ws/src/build/turtlebot3_example/build/lib/turtlebot3_example/turtlebot3_patrol_client
[1.769s] copying turtlebot3_example/turtlebot3_patrol_client/main.py -> /home/student/pepper_ws/src/build/turtlebot3_example/build/lib/turtlebot3_example/turtlebot3_patrol_client
[1.769s] creating /home/student/pepper_ws/src/build/turtlebot3_example/build/lib/turtlebot3_example/turtlebot3_obstacle_detection
[1.769s] copying turtlebot3_example/turtlebot3_obstacle_detection/__init__.py -> /home/student/pepper_ws/src/build/turtlebot3_example/build/lib/turtlebot3_example/turtlebot3_obstacle_detection
[1.770s] copying turtlebot3_example/turtlebot3_obstacle_detection/turtlebot3_obstacle_detection.py -> /home/student/pepper_ws/src/build/turtlebot3_example/build/lib/turtlebot3_example/turtlebot3_obstacle_detection
[1.770s] copying turtlebot3_example/turtlebot3_obstacle_detection/main.py -> /home/student/pepper_ws/src/build/turtlebot3_example/build/lib/turtlebot3_example/turtlebot3_obstacle_detection
[1.772s] creating /home/student/pepper_ws/src/build/turtlebot3_example/build/lib/turtlebot3_example/turtlebot3_patrol_server
[1.772s] copying turtlebot3_example/turtlebot3_patrol_server/__init__.py -> /home/student/pepper_ws/src/build/turtlebot3_example/build/lib/turtlebot3_example/turtlebot3_patrol_server
[1.773s] copying turtlebot3_example/turtlebot3_patrol_server/main.py -> /home/student/pepper_ws/src/build/turtlebot3_example/build/lib/turtlebot3_example/turtlebot3_patrol_server
[1.773s] copying turtlebot3_example/turtlebot3_patrol_server/turtlebot3_path.py -> /home/student/pepper_ws/src/build/turtlebot3_example/build/lib/turtlebot3_example/turtlebot3_patrol_server
[1.773s] copying turtlebot3_example/turtlebot3_patrol_server/turtlebot3_patrol_server.py -> /home/student/pepper_ws/src/build/turtlebot3_example/build/lib/turtlebot3_example/turtlebot3_patrol_server
[1.773s] creating /home/student/pepper_ws/src/build/turtlebot3_example/build/lib/turtlebot3_example/turtlebot3_position_control
[1.773s] copying turtlebot3_example/turtlebot3_position_control/__init__.py -> /home/student/pepper_ws/src/build/turtlebot3_example/build/lib/turtlebot3_example/turtlebot3_position_control
[1.773s] copying turtlebot3_example/turtlebot3_position_control/turtlebot3_position_control.py -> /home/student/pepper_ws/src/build/turtlebot3_example/build/lib/turtlebot3_example/turtlebot3_position_control
[1.773s] copying turtlebot3_example/turtlebot3_position_control/main.py -> /home/student/pepper_ws/src/build/turtlebot3_example/build/lib/turtlebot3_example/turtlebot3_position_control
[1.773s] copying turtlebot3_example/turtlebot3_position_control/turtlebot3_path.py -> /home/student/pepper_ws/src/build/turtlebot3_example/build/lib/turtlebot3_example/turtlebot3_position_control
[1.774s] running install
[1.774s] running install_lib
[1.774s] creating /home/student/pepper_ws/src/install/turtlebot3_example/lib/python3.10/site-packages/turtlebot3_example
[1.774s] copying /home/student/pepper_ws/src/build/turtlebot3_example/build/lib/turtlebot3_example/__init__.py -> /home/student/pepper_ws/src/install/turtlebot3_example/lib/python3.10/site-packages/turtlebot3_example
[1.774s] creating /home/student/pepper_ws/src/install/turtlebot3_example/lib/python3.10/site-packages/turtlebot3_example/turtlebot3_patrol_client
[1.774s] copying /home/student/pepper_ws/src/build/turtlebot3_example/build/lib/turtlebot3_example/turtlebot3_patrol_client/__init__.py -> /home/student/pepper_ws/src/install/turtlebot3_example/lib/python3.10/site-packages/turtlebot3_example/turtlebot3_patrol_client
[1.775s] copying /home/student/pepper_ws/src/build/turtlebot3_example/build/lib/turtlebot3_example/turtlebot3_patrol_client/turtlebot3_patrol_client.py -> /home/student/pepper_ws/src/install/turtlebot3_example/lib/python3.10/site-packages/turtlebot3_example/turtlebot3_patrol_client
[1.775s] copying /home/student/pepper_ws/src/build/turtlebot3_example/build/lib/turtlebot3_example/turtlebot3_patrol_client/main.py -> /home/student/pepper_ws/src/install/turtlebot3_example/lib/python3.10/site-packages/turtlebot3_example/turtlebot3_patrol_client
[1.775s] creating /home/student/pepper_ws/src/install/turtlebot3_example/lib/python3.10/site-packages/turtlebot3_example/turtlebot3_obstacle_detection
[1.776s] copying /home/student/pepper_ws/src/build/turtlebot3_example/build/lib/turtlebot3_example/turtlebot3_obstacle_detection/__init__.py -> /home/student/pepper_ws/src/install/turtlebot3_example/lib/python3.10/site-packages/turtlebot3_example/turtlebot3_obstacle_detection
[1.776s] copying /home/student/pepper_ws/src/build/turtlebot3_example/build/lib/turtlebot3_example/turtlebot3_obstacle_detection/turtlebot3_obstacle_detection.py -> /home/student/pepper_ws/src/install/turtlebot3_example/lib/python3.10/site-packages/turtlebot3_example/turtlebot3_obstacle_detection
[1.777s] copying /home/student/pepper_ws/src/build/turtlebot3_example/build/lib/turtlebot3_example/turtlebot3_obstacle_detection/main.py -> /home/student/pepper_ws/src/install/turtlebot3_example/lib/python3.10/site-packages/turtlebot3_example/turtlebot3_obstacle_detection
[1.777s] creating /home/student/pepper_ws/src/install/turtlebot3_example/lib/python3.10/site-packages/turtlebot3_example/turtlebot3_patrol_server
[1.777s] copying /home/student/pepper_ws/src/build/turtlebot3_example/build/lib/turtlebot3_example/turtlebot3_patrol_server/__init__.py -> /home/student/pepper_ws/src/install/turtlebot3_example/lib/python3.10/site-packages/turtlebot3_example/turtlebot3_patrol_server
[1.778s] copying /home/student/pepper_ws/src/build/turtlebot3_example/build/lib/turtlebot3_example/turtlebot3_patrol_server/main.py -> /home/student/pepper_ws/src/install/turtlebot3_example/lib/python3.10/site-packages/turtlebot3_example/turtlebot3_patrol_server
[1.778s] copying /home/student/pepper_ws/src/build/turtlebot3_example/build/lib/turtlebot3_example/turtlebot3_patrol_server/turtlebot3_path.py -> /home/student/pepper_ws/src/install/turtlebot3_example/lib/python3.10/site-packages/turtlebot3_example/turtlebot3_patrol_server
[1.778s] copying /home/student/pepper_ws/src/build/turtlebot3_example/build/lib/turtlebot3_example/turtlebot3_patrol_server/turtlebot3_patrol_server.py -> /home/student/pepper_ws/src/install/turtlebot3_example/lib/python3.10/site-packages/turtlebot3_example/turtlebot3_patrol_server
[1.778s] creating /home/student/pepper_ws/src/install/turtlebot3_example/lib/python3.10/site-packages/turtlebot3_example/turtlebot3_position_control
[1.779s] copying /home/student/pepper_ws/src/build/turtlebot3_example/build/lib/turtlebot3_example/turtlebot3_position_control/__init__.py -> /home/student/pepper_ws/src/install/turtlebot3_example/lib/python3.10/site-packages/turtlebot3_example/turtlebot3_position_control
[1.779s] copying /home/student/pepper_ws/src/build/turtlebot3_example/build/lib/turtlebot3_example/turtlebot3_position_control/turtlebot3_position_control.py -> /home/student/pepper_ws/src/install/turtlebot3_example/lib/python3.10/site-packages/turtlebot3_example/turtlebot3_position_control
[1.779s] copying /home/student/pepper_ws/src/build/turtlebot3_example/build/lib/turtlebot3_example/turtlebot3_position_control/main.py -> /home/student/pepper_ws/src/install/turtlebot3_example/lib/python3.10/site-packages/turtlebot3_example/turtlebot3_position_control
[1.780s] copying /home/student/pepper_ws/src/build/turtlebot3_example/build/lib/turtlebot3_example/turtlebot3_position_control/turtlebot3_path.py -> /home/student/pepper_ws/src/install/turtlebot3_example/lib/python3.10/site-packages/turtlebot3_example/turtlebot3_position_control
[1.780s] byte-compiling /home/student/pepper_ws/src/install/turtlebot3_example/lib/python3.10/site-packages/turtlebot3_example/__init__.py to __init__.cpython-310.pyc
[1.780s] byte-compiling /home/student/pepper_ws/src/install/turtlebot3_example/lib/python3.10/site-packages/turtlebot3_example/turtlebot3_patrol_client/__init__.py to __init__.cpython-310.pyc
[1.781s] byte-compiling /home/student/pepper_ws/src/install/turtlebot3_example/lib/python3.10/site-packages/turtlebot3_example/turtlebot3_patrol_client/turtlebot3_patrol_client.py to turtlebot3_patrol_client.cpython-310.pyc
[1.781s] byte-compiling /home/student/pepper_ws/src/install/turtlebot3_example/lib/python3.10/site-packages/turtlebot3_example/turtlebot3_patrol_client/main.py to main.cpython-310.pyc
[1.781s] byte-compiling /home/student/pepper_ws/src/install/turtlebot3_example/lib/python3.10/site-packages/turtlebot3_example/turtlebot3_obstacle_detection/__init__.py to __init__.cpython-310.pyc
[1.781s] byte-compiling /home/student/pepper_ws/src/install/turtlebot3_example/lib/python3.10/site-packages/turtlebot3_example/turtlebot3_obstacle_detection/turtlebot3_obstacle_detection.py to turtlebot3_obstacle_detection.cpython-310.pyc
[1.782s] byte-compiling /home/student/pepper_ws/src/install/turtlebot3_example/lib/python3.10/site-packages/turtlebot3_example/turtlebot3_obstacle_detection/main.py to main.cpython-310.pyc
[1.782s] byte-compiling /home/student/pepper_ws/src/install/turtlebot3_example/lib/python3.10/site-packages/turtlebot3_example/turtlebot3_patrol_server/__init__.py to __init__.cpython-310.pyc
[1.783s] byte-compiling /home/student/pepper_ws/src/install/turtlebot3_example/lib/python3.10/site-packages/turtlebot3_example/turtlebot3_patrol_server/main.py to main.cpython-310.pyc
[1.783s] byte-compiling /home/student/pepper_ws/src/install/turtlebot3_example/lib/python3.10/site-packages/turtlebot3_example/turtlebot3_patrol_server/turtlebot3_path.py to turtlebot3_path.cpython-310.pyc
[1.784s] byte-compiling /home/student/pepper_ws/src/install/turtlebot3_example/lib/python3.10/site-packages/turtlebot3_example/turtlebot3_patrol_server/turtlebot3_patrol_server.py to turtlebot3_patrol_server.cpython-310.pyc
[1.785s] byte-compiling /home/student/pepper_ws/src/install/turtlebot3_example/lib/python3.10/site-packages/turtlebot3_example/turtlebot3_position_control/__init__.py to __init__.cpython-310.pyc
[1.786s] byte-compiling /home/student/pepper_ws/src/install/turtlebot3_example/lib/python3.10/site-packages/turtlebot3_example/turtlebot3_position_control/turtlebot3_position_control.py to turtlebot3_position_control.cpython-310.pyc
[1.787s] byte-compiling /home/student/pepper_ws/src/install/turtlebot3_example/lib/python3.10/site-packages/turtlebot3_example/turtlebot3_position_control/main.py to main.cpython-310.pyc
[1.787s] byte-compiling /home/student/pepper_ws/src/install/turtlebot3_example/lib/python3.10/site-packages/turtlebot3_example/turtlebot3_position_control/turtlebot3_path.py to turtlebot3_path.cpython-310.pyc
[1.788s] running install_data
[1.788s] creating /home/student/pepper_ws/src/install/turtlebot3_example/share/ament_index
[1.788s] creating /home/student/pepper_ws/src/install/turtlebot3_example/share/ament_index/resource_index
[1.789s] creating /home/student/pepper_ws/src/install/turtlebot3_example/share/ament_index/resource_index/packages
[1.789s] copying resource/turtlebot3_example -> /home/student/pepper_ws/src/install/turtlebot3_example/share/ament_index/resource_index/packages
[1.790s] copying package.xml -> /home/student/pepper_ws/src/install/turtlebot3_example/share/turtlebot3_example
[1.790s] running install_egg_info
[1.791s] Copying ../../../build/turtlebot3_example/turtlebot3_example.egg-info to /home/student/pepper_ws/src/install/turtlebot3_example/lib/python3.10/site-packages/turtlebot3_example-2.1.5-py3.10.egg-info
[1.794s] running install_scripts
[1.827s] Installing turtlebot3_obstacle_detection script to /home/student/pepper_ws/src/install/turtlebot3_example/lib/turtlebot3_example
[1.828s] Installing turtlebot3_patrol_client script to /home/student/pepper_ws/src/install/turtlebot3_example/lib/turtlebot3_example
[1.828s] Installing turtlebot3_patrol_server script to /home/student/pepper_ws/src/install/turtlebot3_example/lib/turtlebot3_example
[1.828s] Installing turtlebot3_position_control script to /home/student/pepper_ws/src/install/turtlebot3_example/lib/turtlebot3_example
[1.829s] writing list of installed files to '/home/student/pepper_ws/src/build/turtlebot3_example/install.log'
[1.866s] Invoked command in '/home/student/pepper_ws/src/turtlebot3/turtlebot3/turtlebot3_example' returned '0': AMENT_PREFIX_PATH=/home/student/pepper_ws/src/install/turtlebot3_msgs:${AMENT_PREFIX_PATH} CMAKE_PREFIX_PATH=/home/student/pepper_ws/src/install/turtlebot3_msgs:${CMAKE_PREFIX_PATH} LD_LIBRARY_PATH=/home/student/pepper_ws/src/install/turtlebot3_msgs/lib:/home/student/pepper_ws/install/turtlebot3_msgs/lib:/home/student/pepper_ws/install/dynamixel_sdk_custom_interfaces/lib:/home/student/pepper_ws/install/dynamixel_sdk/lib:/home/student/ros2_ws/install/turtlesim/lib:/home/student/ros2_ws/install/turtlebot3_msgs/lib:/home/student/ros2_ws/install/nav2_smoother/lib:/home/student/ros2_ws/install/nav2_graceful_controller/lib:/home/student/ros2_ws/install/nav2_controller/lib:/home/student/ros2_ws/install/dwb_plugins/lib:/home/student/ros2_ws/install/dwb_critics/lib:/home/student/ros2_ws/install/dwb_core/lib:/home/student/ros2_ws/install/nav_2d_utils/lib:/home/student/ros2_ws/install/dwb_msgs/lib:/home/student/ros2_ws/install/nav_2d_msgs/lib:/home/student/ros2_ws/install/nav2_waypoint_follower/lib:/home/student/ros2_ws/install/nav2_theta_star_planner/lib:/home/student/ros2_ws/install/nav2_smac_planner/lib:/home/student/ros2_ws/install/nav2_rotation_shim_controller/lib:/home/student/ros2_ws/install/nav2_regulated_pure_pursuit_controller/lib:/home/student/ros2_ws/install/nav2_planner/lib:/home/student/ros2_ws/install/nav2_navfn_planner/lib:/home/student/ros2_ws/install/nav2_mppi_controller/lib:/home/student/ros2_ws/install/nav2_constrained_smoother/lib:/home/student/ros2_ws/install/nav2_bt_navigator/lib:/home/student/ros2_ws/install/nav2_behaviors/lib:/home/student/ros2_ws/install/nav2_collision_monitor/lib:/home/student/ros2_ws/install/costmap_queue/lib:/home/student/ros2_ws/install/nav2_costmap_2d/lib:/home/student/ros2_ws/install/nav2_voxel_grid/lib:/home/student/ros2_ws/install/nav2_velocity_smoother/lib:/home/student/ros2_ws/install/nav2_rviz_plugins/lib:/home/student/ros2_ws/install/nav2_map_server/lib:/home/student/ros2_ws/install/nav2_lifecycle_manager/lib:/home/student/ros2_ws/install/nav2_behavior_tree/lib:/home/student/ros2_ws/install/nav2_amcl/lib:/home/student/ros2_ws/install/nav2_util/lib:/home/student/ros2_ws/install/nav2_msgs/lib:/home/student/ros2_ws/install/gazebo_map_creator/lib:/home/student/ros2_ws/install/gazebo_map_creator_interface/lib:/home/student/ros2_ws/install/dynamixel_sdk_custom_interfaces/lib:/home/student/ros2_ws/install/dynamixel_sdk/lib:/usr/lib/x86_64-linux-gnu/gazebo-11/plugins:/opt/ros/humble/opt/rviz_ogre_vendor/lib:/opt/ros/humble/lib/x86_64-linux-gnu:/opt/ros/humble/lib:/usr/lib/x86_64-linux-gnu/gazebo-11/plugins:/usr/lib/x86_64-linux-gnu/gazebo-11/plugins:/usr/lib/x86_64-linux-gnu/gazebo-11/plugins PYTHONPATH=/home/student/pepper_ws/src/build/turtlebot3_example/prefix_override:/usr/lib/python3/dist-packages/colcon_core/task/python/colcon_distutils_commands:/home/student/pepper_ws/src/install/turtlebot3_example/lib/python3.10/site-packages:/home/student/pepper_ws/src/install/turtlebot3_msgs/local/lib/python3.10/dist-packages:${PYTHONPATH} /usr/bin/python3 -W ignore:setup.py install is deprecated setup.py egg_info --egg-base ../../../build/turtlebot3_example build --build-base /home/student/pepper_ws/src/build/turtlebot3_example/build install --record /home/student/pepper_ws/src/build/turtlebot3_example/install.log --single-version-externally-managed install_data
