running develop
/usr/lib/python3/dist-packages/setuptools/command/easy_install.py:158: EasyInstallDeprecationWarning: easy_install command is deprecated. Use build and pip and other standards-based tools.
  warnings.warn(
Removing /home/student/pepper_ws/install/move_pepper/lib/python3.10/site-packages/move-pepper.egg-link (link to .)
running egg_info
writing ../../build/move_pepper/move_pepper.egg-info/PKG-INFO
writing dependency_links to ../../build/move_pepper/move_pepper.egg-info/dependency_links.txt
writing entry points to ../../build/move_pepper/move_pepper.egg-info/entry_points.txt
writing requirements to ../../build/move_pepper/move_pepper.egg-info/requires.txt
writing top-level names to ../../build/move_pepper/move_pepper.egg-info/top_level.txt
reading manifest file '../../build/move_pepper/move_pepper.egg-info/SOURCES.txt'
writing manifest file '../../build/move_pepper/move_pepper.egg-info/SOURCES.txt'
running build
running build_py
creating /home/student/pepper_ws/build/move_pepper/build
creating /home/student/pepper_ws/build/move_pepper/build/lib
creating /home/student/pepper_ws/build/move_pepper/build/lib/move_pepper
copying move_pepper/__init__.py -> /home/student/pepper_ws/build/move_pepper/build/lib/move_pepper
copying move_pepper/set_init_amcl_pose.py -> /home/student/pepper_ws/build/move_pepper/build/lib/move_pepper
running install
running install_lib
creating /home/student/pepper_ws/install/move_pepper/lib/python3.10/site-packages/move_pepper
copying /home/student/pepper_ws/build/move_pepper/build/lib/move_pepper/__init__.py -> /home/student/pepper_ws/install/move_pepper/lib/python3.10/site-packages/move_pepper
copying /home/student/pepper_ws/build/move_pepper/build/lib/move_pepper/set_init_amcl_pose.py -> /home/student/pepper_ws/install/move_pepper/lib/python3.10/site-packages/move_pepper
byte-compiling /home/student/pepper_ws/install/move_pepper/lib/python3.10/site-packages/move_pepper/__init__.py to __init__.cpython-310.pyc
byte-compiling /home/student/pepper_ws/install/move_pepper/lib/python3.10/site-packages/move_pepper/set_init_amcl_pose.py to set_init_amcl_pose.cpython-310.pyc
running install_data
copying resource/move_pepper -> /home/student/pepper_ws/install/move_pepper/share/ament_index/resource_index/packages
copying package.xml -> /home/student/pepper_ws/install/move_pepper/share/move_pepper
copying launch/library4.launch.py -> /home/student/pepper_ws/install/move_pepper/share/move_pepper
copying launch/nav2.launch.py -> /home/student/pepper_ws/install/move_pepper/share/move_pepper
copying maps/map.yaml -> /home/student/pepper_ws/install/move_pepper/share/move_pepper/maps/
copying maps/map.pgm -> /home/student/pepper_ws/install/move_pepper/share/move_pepper/maps/
running install_egg_info
Copying ../../build/move_pepper/move_pepper.egg-info to /home/student/pepper_ws/install/move_pepper/lib/python3.10/site-packages/move_pepper-0.0.0-py3.10.egg-info
running install_scripts
Installing amcl_init_pose_publisher script to /home/student/pepper_ws/install/move_pepper/lib/move_pepper
writing list of installed files to '/home/student/pepper_ws/build/move_pepper/install.log'
