[1.538s] Invoking command in '/home/student/pepper_ws/build/move_pepper': PYTHONPATH=/home/student/pepper_ws/build/move_pepper/prefix_override:/usr/lib/python3/dist-packages/colcon_core/task/python/colcon_distutils_commands:/home/student/pepper_ws/install/move_pepper/lib/python3.10/site-packages:${PYTHONPATH} /usr/bin/python3 -W ignore:setup.py install is deprecated setup.py develop --uninstall --editable --build-directory /home/student/pepper_ws/build/move_pepper/build
[2.100s] running develop
[2.101s] /usr/lib/python3/dist-packages/setuptools/command/easy_install.py:158: EasyInstallDeprecationWarning: easy_install command is deprecated. Use build and pip and other standards-based tools.
[2.101s]   warnings.warn(
[2.422s] Removing /home/student/pepper_ws/install/move_pepper/lib/python3.10/site-packages/move-pepper.egg-link (link to .)
[2.457s] Invoked command in '/home/student/pepper_ws/build/move_pepper' returned '0': PYTHONPATH=/home/student/pepper_ws/build/move_pepper/prefix_override:/usr/lib/python3/dist-packages/colcon_core/task/python/colcon_distutils_commands:/home/student/pepper_ws/install/move_pepper/lib/python3.10/site-packages:${PYTHONPATH} /usr/bin/python3 -W ignore:setup.py install is deprecated setup.py develop --uninstall --editable --build-directory /home/student/pepper_ws/build/move_pepper/build
[2.460s] Invoking command in '/home/student/pepper_ws/src/move_pepper': PYTHONPATH=/home/student/pepper_ws/build/move_pepper/prefix_override:/usr/lib/python3/dist-packages/colcon_core/task/python/colcon_distutils_commands:/home/student/pepper_ws/install/move_pepper/lib/python3.10/site-packages:${PYTHONPATH} /usr/bin/python3 -W ignore:setup.py install is deprecated setup.py egg_info --egg-base ../../build/move_pepper build --build-base /home/student/pepper_ws/build/move_pepper/build install --record /home/student/pepper_ws/build/move_pepper/install.log --single-version-externally-managed install_data --force
[2.794s] running egg_info
[2.795s] writing ../../build/move_pepper/move_pepper.egg-info/PKG-INFO
[2.795s] writing dependency_links to ../../build/move_pepper/move_pepper.egg-info/dependency_links.txt
[2.795s] writing entry points to ../../build/move_pepper/move_pepper.egg-info/entry_points.txt
[2.796s] writing requirements to ../../build/move_pepper/move_pepper.egg-info/requires.txt
[2.796s] writing top-level names to ../../build/move_pepper/move_pepper.egg-info/top_level.txt
[2.798s] reading manifest file '../../build/move_pepper/move_pepper.egg-info/SOURCES.txt'
[2.801s] writing manifest file '../../build/move_pepper/move_pepper.egg-info/SOURCES.txt'
[2.801s] running build
[2.801s] running build_py
[2.801s] creating /home/student/pepper_ws/build/move_pepper/build
[2.801s] creating /home/student/pepper_ws/build/move_pepper/build/lib
[2.801s] creating /home/student/pepper_ws/build/move_pepper/build/lib/move_pepper
[2.801s] copying move_pepper/__init__.py -> /home/student/pepper_ws/build/move_pepper/build/lib/move_pepper
[2.801s] copying move_pepper/set_init_amcl_pose.py -> /home/student/pepper_ws/build/move_pepper/build/lib/move_pepper
[2.802s] running install
[2.802s] running install_lib
[2.802s] creating /home/student/pepper_ws/install/move_pepper/lib/python3.10/site-packages/move_pepper
[2.802s] copying /home/student/pepper_ws/build/move_pepper/build/lib/move_pepper/__init__.py -> /home/student/pepper_ws/install/move_pepper/lib/python3.10/site-packages/move_pepper
[2.803s] copying /home/student/pepper_ws/build/move_pepper/build/lib/move_pepper/set_init_amcl_pose.py -> /home/student/pepper_ws/install/move_pepper/lib/python3.10/site-packages/move_pepper
[2.803s] byte-compiling /home/student/pepper_ws/install/move_pepper/lib/python3.10/site-packages/move_pepper/__init__.py to __init__.cpython-310.pyc
[2.803s] byte-compiling /home/student/pepper_ws/install/move_pepper/lib/python3.10/site-packages/move_pepper/set_init_amcl_pose.py to set_init_amcl_pose.cpython-310.pyc
[2.804s] running install_data
[2.804s] copying resource/move_pepper -> /home/student/pepper_ws/install/move_pepper/share/ament_index/resource_index/packages
[2.808s] copying package.xml -> /home/student/pepper_ws/install/move_pepper/share/move_pepper
[2.808s] copying launch/library4.launch.py -> /home/student/pepper_ws/install/move_pepper/share/move_pepper
[2.808s] copying launch/nav2.launch.py -> /home/student/pepper_ws/install/move_pepper/share/move_pepper
[2.809s] copying maps/map.yaml -> /home/student/pepper_ws/install/move_pepper/share/move_pepper/maps/
[2.809s] copying maps/map.pgm -> /home/student/pepper_ws/install/move_pepper/share/move_pepper/maps/
[2.809s] running install_egg_info
[2.810s] Copying ../../build/move_pepper/move_pepper.egg-info to /home/student/pepper_ws/install/move_pepper/lib/python3.10/site-packages/move_pepper-0.0.0-py3.10.egg-info
[2.810s] running install_scripts
[2.837s] Installing amcl_init_pose_publisher script to /home/student/pepper_ws/install/move_pepper/lib/move_pepper
[2.837s] writing list of installed files to '/home/student/pepper_ws/build/move_pepper/install.log'
[2.878s] Invoked command in '/home/student/pepper_ws/src/move_pepper' returned '0': PYTHONPATH=/home/student/pepper_ws/build/move_pepper/prefix_override:/usr/lib/python3/dist-packages/colcon_core/task/python/colcon_distutils_commands:/home/student/pepper_ws/install/move_pepper/lib/python3.10/site-packages:${PYTHONPATH} /usr/bin/python3 -W ignore:setup.py install is deprecated setup.py egg_info --egg-base ../../build/move_pepper build --build-base /home/student/pepper_ws/build/move_pepper/build install --record /home/student/pepper_ws/build/move_pepper/install.log --single-version-externally-managed install_data --force
