[0.025s] Invoking command in '/home/student/pepper_ws/src/build/pepper_autonomy': CMAKE_PREFIX_PATH=${CMAKE_PREFIX_PATH}:/home/student/pepper_ws/install/turtlebot3_teleop:/home/student/pepper_ws/install/turtlebot3_example:/home/student/pepper_ws/install/move_pepper:/home/student/ros2_ws/install/turtlebot3_teleop:/home/student/ros2_ws/install/turtlebot3_example:/home/student/ros2_ws/install/nav2_simple_commander:/home/student/ros2_ws/install/autonomous_tb3:/opt/ros/humble /usr/bin/cmake /home/student/pepper_ws/src/pepper_autonomy -DCMAKE_INSTALL_PREFIX=/home/student/pepper_ws/src/install/pepper_autonomy
[0.150s] -- The C compiler identification is GNU 11.4.0
[0.278s] -- The CXX compiler identification is GNU 11.4.0
[0.292s] -- Detecting C compiler ABI info
[0.466s] -- Detecting C compiler ABI info - done
[0.490s] -- Check for working C compiler: /usr/bin/cc - skipped
[0.490s] -- Detecting C compile features
[0.490s] -- Detecting C compile features - done
[0.495s] -- Detecting CXX compiler ABI info
[0.688s] -- Detecting CXX compiler ABI info - done
[0.712s] -- Check for working CXX compiler: /usr/bin/c++ - skipped
[0.712s] -- Detecting CXX compile features
[0.714s] -- Detecting CXX compile features - done
[0.724s] -- Found ament_cmake: 1.3.10 (/opt/ros/humble/share/ament_cmake/cmake)
[1.146s] -- Found Python3: /usr/bin/python3 (found version "3.10.12") found components: Interpreter 
[1.415s] -- Found rclcpp: 16.0.10 (/opt/ros/humble/share/rclcpp/cmake)
[1.541s] -- Found rosidl_generator_c: 3.1.5 (/opt/ros/humble/share/rosidl_generator_c/cmake)
[1.558s] -- Found rosidl_adapter: 3.1.5 (/opt/ros/humble/share/rosidl_adapter/cmake)
[1.593s] -- Found rosidl_generator_cpp: 3.1.5 (/opt/ros/humble/share/rosidl_generator_cpp/cmake)
[1.635s] -- Using all available rosidl_typesupport_c: rosidl_typesupport_fastrtps_c;rosidl_typesupport_introspection_c
[1.688s] -- Using all available rosidl_typesupport_cpp: rosidl_typesupport_fastrtps_cpp;rosidl_typesupport_introspection_cpp
[1.818s] -- Found rmw_implementation_cmake: 6.1.2 (/opt/ros/humble/share/rmw_implementation_cmake/cmake)
[1.832s] -- Found rmw_fastrtps_cpp: 6.2.7 (/opt/ros/humble/share/rmw_fastrtps_cpp/cmake)
[2.290s] -- Found OpenSSL: /usr/lib/x86_64-linux-gnu/libcrypto.so (found version "3.0.2")  
[2.419s] -- Found FastRTPS: /opt/ros/humble/include  
[2.614s] -- Using RMW implementation 'rmw_fastrtps_cpp' as default
[2.663s] -- Looking for pthread.h
[3.010s] -- Looking for pthread.h - found
[3.015s] -- Performing Test CMAKE_HAVE_LIBC_PTHREAD
[3.371s] -- Performing Test CMAKE_HAVE_LIBC_PTHREAD - Success
[3.375s] -- Found Threads: TRUE  
[3.509s] -- Found ament_lint_auto: 0.12.11 (/opt/ros/humble/share/ament_lint_auto/cmake)
[3.701s] -- Added test 'cppcheck' to perform static code analysis on C / C++ code
[3.701s] -- Configured cppcheck include dirs: 
[3.702s] -- Configured cppcheck exclude dirs and/or files: 
[3.710s] -- Added test 'lint_cmake' to check CMake code style
[3.715s] -- Added test 'uncrustify' to check C / C++ code style
[3.716s] -- Configured uncrustify additional arguments: 
[3.721s] -- Added test 'xmllint' to check XML markup files
[3.726s] -- Configuring done
[3.733s] -- Generating done
[3.737s] -- Build files have been written to: /home/student/pepper_ws/src/build/pepper_autonomy
[3.756s] Invoked command in '/home/student/pepper_ws/src/build/pepper_autonomy' returned '0': CMAKE_PREFIX_PATH=${CMAKE_PREFIX_PATH}:/home/student/pepper_ws/install/turtlebot3_teleop:/home/student/pepper_ws/install/turtlebot3_example:/home/student/pepper_ws/install/move_pepper:/home/student/ros2_ws/install/turtlebot3_teleop:/home/student/ros2_ws/install/turtlebot3_example:/home/student/ros2_ws/install/nav2_simple_commander:/home/student/ros2_ws/install/autonomous_tb3:/opt/ros/humble /usr/bin/cmake /home/student/pepper_ws/src/pepper_autonomy -DCMAKE_INSTALL_PREFIX=/home/student/pepper_ws/src/install/pepper_autonomy
[3.761s] Invoking command in '/home/student/pepper_ws/src/build/pepper_autonomy': CMAKE_PREFIX_PATH=${CMAKE_PREFIX_PATH}:/home/student/pepper_ws/install/turtlebot3_teleop:/home/student/pepper_ws/install/turtlebot3_example:/home/student/pepper_ws/install/move_pepper:/home/student/ros2_ws/install/turtlebot3_teleop:/home/student/ros2_ws/install/turtlebot3_example:/home/student/ros2_ws/install/nav2_simple_commander:/home/student/ros2_ws/install/autonomous_tb3:/opt/ros/humble /usr/bin/cmake --build /home/student/pepper_ws/src/build/pepper_autonomy -- -j8 -l8
[3.869s] Invoked command in '/home/student/pepper_ws/src/build/pepper_autonomy' returned '0': CMAKE_PREFIX_PATH=${CMAKE_PREFIX_PATH}:/home/student/pepper_ws/install/turtlebot3_teleop:/home/student/pepper_ws/install/turtlebot3_example:/home/student/pepper_ws/install/move_pepper:/home/student/ros2_ws/install/turtlebot3_teleop:/home/student/ros2_ws/install/turtlebot3_example:/home/student/ros2_ws/install/nav2_simple_commander:/home/student/ros2_ws/install/autonomous_tb3:/opt/ros/humble /usr/bin/cmake --build /home/student/pepper_ws/src/build/pepper_autonomy -- -j8 -l8
[4.001s] Invoking command in '/home/student/pepper_ws/src/build/pepper_autonomy': CMAKE_PREFIX_PATH=${CMAKE_PREFIX_PATH}:/home/student/pepper_ws/install/turtlebot3_teleop:/home/student/pepper_ws/install/turtlebot3_example:/home/student/pepper_ws/install/move_pepper:/home/student/ros2_ws/install/turtlebot3_teleop:/home/student/ros2_ws/install/turtlebot3_example:/home/student/ros2_ws/install/nav2_simple_commander:/home/student/ros2_ws/install/autonomous_tb3:/opt/ros/humble /usr/bin/cmake --install /home/student/pepper_ws/src/build/pepper_autonomy
[4.031s] -- Install configuration: ""
[4.035s] -- Installing: /home/student/pepper_ws/src/install/pepper_autonomy/share/ament_index/resource_index/package_run_dependencies/pepper_autonomy
[4.035s] -- Installing: /home/student/pepper_ws/src/install/pepper_autonomy/share/ament_index/resource_index/parent_prefix_path/pepper_autonomy
[4.036s] -- Installing: /home/student/pepper_ws/src/install/pepper_autonomy/share/pepper_autonomy/environment/ament_prefix_path.sh
[4.036s] -- Installing: /home/student/pepper_ws/src/install/pepper_autonomy/share/pepper_autonomy/environment/ament_prefix_path.dsv
[4.036s] -- Installing: /home/student/pepper_ws/src/install/pepper_autonomy/share/pepper_autonomy/environment/path.sh
[4.038s] -- Installing: /home/student/pepper_ws/src/install/pepper_autonomy/share/pepper_autonomy/environment/path.dsv
[4.038s] -- Installing: /home/student/pepper_ws/src/install/pepper_autonomy/share/pepper_autonomy/local_setup.bash
[4.038s] -- Installing: /home/student/pepper_ws/src/install/pepper_autonomy/share/pepper_autonomy/local_setup.sh
[4.039s] -- Installing: /home/student/pepper_ws/src/install/pepper_autonomy/share/pepper_autonomy/local_setup.zsh
[4.039s] -- Installing: /home/student/pepper_ws/src/install/pepper_autonomy/share/pepper_autonomy/local_setup.dsv
[4.039s] -- Installing: /home/student/pepper_ws/src/install/pepper_autonomy/share/pepper_autonomy/package.dsv
[4.039s] -- Installing: /home/student/pepper_ws/src/install/pepper_autonomy/share/ament_index/resource_index/packages/pepper_autonomy
[4.039s] -- Installing: /home/student/pepper_ws/src/install/pepper_autonomy/share/pepper_autonomy/cmake/pepper_autonomyConfig.cmake
[4.045s] -- Installing: /home/student/pepper_ws/src/install/pepper_autonomy/share/pepper_autonomy/cmake/pepper_autonomyConfig-version.cmake
[4.045s] -- Installing: /home/student/pepper_ws/src/install/pepper_autonomy/share/pepper_autonomy/package.xml
[4.045s] Invoked command in '/home/student/pepper_ws/src/build/pepper_autonomy' returned '0': CMAKE_PREFIX_PATH=${CMAKE_PREFIX_PATH}:/home/student/pepper_ws/install/turtlebot3_teleop:/home/student/pepper_ws/install/turtlebot3_example:/home/student/pepper_ws/install/move_pepper:/home/student/ros2_ws/install/turtlebot3_teleop:/home/student/ros2_ws/install/turtlebot3_example:/home/student/ros2_ws/install/nav2_simple_commander:/home/student/ros2_ws/install/autonomous_tb3:/opt/ros/humble /usr/bin/cmake --install /home/student/pepper_ws/src/build/pepper_autonomy
