[2.595s] Invoking command in '/home/student/pepper_ws/src/move_pepper': PYTHONPATH=/home/student/pepper_ws/build/move_pepper/prefix_override:/usr/lib/python3/dist-packages/colcon_core/task/python/colcon_distutils_commands:/home/student/pepper_ws/install/move_pepper/lib/python3.10/site-packages:${PYTHONPATH} /usr/bin/python3 -W ignore:setup.py install is deprecated setup.py egg_info --egg-base ../../build/move_pepper build --build-base /home/student/pepper_ws/build/move_pepper/build install --record /home/student/pepper_ws/build/move_pepper/install.log --single-version-externally-managed install_data
[3.223s] running egg_info
[3.227s] writing ../../build/move_pepper/move_pepper.egg-info/PKG-INFO
[3.227s] writing dependency_links to ../../build/move_pepper/move_pepper.egg-info/dependency_links.txt
[3.227s] writing entry points to ../../build/move_pepper/move_pepper.egg-info/entry_points.txt
[3.232s] writing requirements to ../../build/move_pepper/move_pepper.egg-info/requires.txt
[3.232s] writing top-level names to ../../build/move_pepper/move_pepper.egg-info/top_level.txt
[3.243s] reading manifest file '../../build/move_pepper/move_pepper.egg-info/SOURCES.txt'
[3.244s] writing manifest file '../../build/move_pepper/move_pepper.egg-info/SOURCES.txt'
[3.244s] running build
[3.244s] running build_py
[3.245s] running install
[3.245s] running install_lib
[3.245s] running install_data
[3.245s] running install_egg_info
[3.260s] removing '/home/student/pepper_ws/install/move_pepper/lib/python3.10/site-packages/move_pepper-0.0.0-py3.10.egg-info' (and everything under it)
[3.260s] Copying ../../build/move_pepper/move_pepper.egg-info to /home/student/pepper_ws/install/move_pepper/lib/python3.10/site-packages/move_pepper-0.0.0-py3.10.egg-info
[3.260s] running install_scripts
[3.316s] Installing amcl_init_pose_publisher script to /home/student/pepper_ws/install/move_pepper/lib/move_pepper
[3.325s] writing list of installed files to '/home/student/pepper_ws/build/move_pepper/install.log'
[3.390s] Invoked command in '/home/student/pepper_ws/src/move_pepper' returned '0': PYTHONPATH=/home/student/pepper_ws/build/move_pepper/prefix_override:/usr/lib/python3/dist-packages/colcon_core/task/python/colcon_distutils_commands:/home/student/pepper_ws/install/move_pepper/lib/python3.10/site-packages:${PYTHONPATH} /usr/bin/python3 -W ignore:setup.py install is deprecated setup.py egg_info --egg-base ../../build/move_pepper build --build-base /home/student/pepper_ws/build/move_pepper/build install --record /home/student/pepper_ws/build/move_pepper/install.log --single-version-externally-managed install_data
