[1.774s] Invoking command in '/home/student/pepper_ws/src/move_pepper': PYTHONPATH=/home/student/pepper_ws/src/build/move_pepper/prefix_override:/usr/lib/python3/dist-packages/colcon_core/task/python/colcon_distutils_commands:/home/student/pepper_ws/src/install/move_pepper/lib/python3.10/site-packages:${PYTHONPATH} /usr/bin/python3 -W ignore:setup.py install is deprecated setup.py egg_info --egg-base ../build/move_pepper build --build-base /home/student/pepper_ws/src/build/move_pepper/build install --record /home/student/pepper_ws/src/build/move_pepper/install.log --single-version-externally-managed install_data
[2.430s] running egg_info
[2.431s] creating ../build/move_pepper/move_pepper.egg-info
[2.432s] writing ../build/move_pepper/move_pepper.egg-info/PKG-INFO
[2.433s] writing dependency_links to ../build/move_pepper/move_pepper.egg-info/dependency_links.txt
[2.433s] writing entry points to ../build/move_pepper/move_pepper.egg-info/entry_points.txt
[2.434s] writing requirements to ../build/move_pepper/move_pepper.egg-info/requires.txt
[2.434s] writing top-level names to ../build/move_pepper/move_pepper.egg-info/top_level.txt
[2.435s] writing manifest file '../build/move_pepper/move_pepper.egg-info/SOURCES.txt'
[2.439s] reading manifest file '../build/move_pepper/move_pepper.egg-info/SOURCES.txt'
[2.440s] writing manifest file '../build/move_pepper/move_pepper.egg-info/SOURCES.txt'
[2.441s] running build
[2.441s] running build_py
[2.441s] creating /home/student/pepper_ws/src/build/move_pepper/build
[2.442s] creating /home/student/pepper_ws/src/build/move_pepper/build/lib
[2.443s] creating /home/student/pepper_ws/src/build/move_pepper/build/lib/move_pepper
[2.443s] copying move_pepper/__init__.py -> /home/student/pepper_ws/src/build/move_pepper/build/lib/move_pepper
[2.444s] copying move_pepper/set_init_amcl_pose.py -> /home/student/pepper_ws/src/build/move_pepper/build/lib/move_pepper
[2.444s] running install
[2.445s] running install_lib
[2.447s] creating /home/student/pepper_ws/src/install/move_pepper/lib/python3.10/site-packages/move_pepper
[2.447s] copying /home/student/pepper_ws/src/build/move_pepper/build/lib/move_pepper/__init__.py -> /home/student/pepper_ws/src/install/move_pepper/lib/python3.10/site-packages/move_pepper
[2.449s] copying /home/student/pepper_ws/src/build/move_pepper/build/lib/move_pepper/set_init_amcl_pose.py -> /home/student/pepper_ws/src/install/move_pepper/lib/python3.10/site-packages/move_pepper
[2.449s] byte-compiling /home/student/pepper_ws/src/install/move_pepper/lib/python3.10/site-packages/move_pepper/__init__.py to __init__.cpython-310.pyc
[2.449s] byte-compiling /home/student/pepper_ws/src/install/move_pepper/lib/python3.10/site-packages/move_pepper/set_init_amcl_pose.py to set_init_amcl_pose.cpython-310.pyc
[2.451s] running install_data
[2.451s] creating /home/student/pepper_ws/src/install/move_pepper/share/ament_index
[2.452s] creating /home/student/pepper_ws/src/install/move_pepper/share/ament_index/resource_index
[2.452s] creating /home/student/pepper_ws/src/install/move_pepper/share/ament_index/resource_index/packages
[2.452s] copying resource/move_pepper -> /home/student/pepper_ws/src/install/move_pepper/share/ament_index/resource_index/packages
[2.452s] copying package.xml -> /home/student/pepper_ws/src/install/move_pepper/share/move_pepper
[2.452s] copying launch/library4.launch.py -> /home/student/pepper_ws/src/install/move_pepper/share/move_pepper
[2.454s] copying launch/nav2.launch.py -> /home/student/pepper_ws/src/install/move_pepper/share/move_pepper
[2.454s] creating /home/student/pepper_ws/src/install/move_pepper/share/move_pepper/config
[2.454s] creating /home/student/pepper_ws/src/install/move_pepper/share/move_pepper/maps
[2.454s] copying maps/map.yaml -> /home/student/pepper_ws/src/install/move_pepper/share/move_pepper/maps/
[2.454s] copying maps/map.pgm -> /home/student/pepper_ws/src/install/move_pepper/share/move_pepper/maps/
[2.455s] running install_egg_info
[2.458s] Copying ../build/move_pepper/move_pepper.egg-info to /home/student/pepper_ws/src/install/move_pepper/lib/python3.10/site-packages/move_pepper-0.0.0-py3.10.egg-info
[2.459s] running install_scripts
[2.502s] Installing amcl_init_pose_publisher script to /home/student/pepper_ws/src/install/move_pepper/lib/move_pepper
[2.502s] writing list of installed files to '/home/student/pepper_ws/src/build/move_pepper/install.log'
[2.557s] Invoked command in '/home/student/pepper_ws/src/move_pepper' returned '0': PYTHONPATH=/home/student/pepper_ws/src/build/move_pepper/prefix_override:/usr/lib/python3/dist-packages/colcon_core/task/python/colcon_distutils_commands:/home/student/pepper_ws/src/install/move_pepper/lib/python3.10/site-packages:${PYTHONPATH} /usr/bin/python3 -W ignore:setup.py install is deprecated setup.py egg_info --egg-base ../build/move_pepper build --build-base /home/student/pepper_ws/src/build/move_pepper/build install --record /home/student/pepper_ws/src/build/move_pepper/install.log --single-version-externally-managed install_data
