[0.099s] Invoking command in '/home/student/pepper_ws/build/turtlebot3_msgs': CMAKE_PREFIX_PATH=${CMAKE_PREFIX_PATH}:/home/student/pepper_ws/install/turtlebot3_teleop:/home/student/pepper_ws/install/turtlebot3_example:/home/student/pepper_ws/install/move_pepper:/home/student/ros2_ws/install/autonomous_tb3:/opt/ros/humble /usr/bin/cmake --build /home/student/pepper_ws/build/turtlebot3_msgs -- -j8 -l8
[0.269s] [  1%] Built target turtlebot3_msgs__cpp
[0.397s] [  1%] Built target ament_cmake_python_copy_turtlebot3_msgs
[0.449s] [ 12%] Built target turtlebot3_msgs__rosidl_typesupport_introspection_cpp
[1.016s] running egg_info
[1.018s] writing turtlebot3_msgs.egg-info/PKG-INFO
[1.018s] writing dependency_links to turtlebot3_msgs.egg-info/dependency_links.txt
[1.019s] writing top-level names to turtlebot3_msgs.egg-info/top_level.txt
[1.025s] reading manifest file 'turtlebot3_msgs.egg-info/SOURCES.txt'
[1.026s] writing manifest file 'turtlebot3_msgs.egg-info/SOURCES.txt'
[1.093s] [ 12%] Built target ament_cmake_python_build_turtlebot3_msgs_egg
[1.143s] [ 23%] Built target turtlebot3_msgs__rosidl_typesupport_fastrtps_cpp
[1.195s] [ 35%] Built target turtlebot3_msgs__rosidl_typesupport_cpp
[1.244s] [ 46%] Built target turtlebot3_msgs__rosidl_generator_c
[1.310s] [ 57%] Built target turtlebot3_msgs__rosidl_typesupport_fastrtps_c
[1.353s] [ 69%] Built target turtlebot3_msgs__rosidl_typesupport_c
[1.399s] [ 80%] Built target turtlebot3_msgs__rosidl_typesupport_introspection_c
[1.444s] [ 80%] Built target turtlebot3_msgs
[1.491s] [ 81%] Built target turtlebot3_msgs__py
[1.539s] [ 91%] Built target turtlebot3_msgs__rosidl_generator_py
[1.588s] [ 94%] Built target turtlebot3_msgs__rosidl_typesupport_fastrtps_c__pyext
[1.633s] [ 97%] Built target turtlebot3_msgs__rosidl_typesupport_c__pyext
[1.681s] [100%] Built target turtlebot3_msgs__rosidl_typesupport_introspection_c__pyext
[1.760s] Invoked command in '/home/student/pepper_ws/build/turtlebot3_msgs' returned '0': CMAKE_PREFIX_PATH=${CMAKE_PREFIX_PATH}:/home/student/pepper_ws/install/turtlebot3_teleop:/home/student/pepper_ws/install/turtlebot3_example:/home/student/pepper_ws/install/move_pepper:/home/student/ros2_ws/install/autonomous_tb3:/opt/ros/humble /usr/bin/cmake --build /home/student/pepper_ws/build/turtlebot3_msgs -- -j8 -l8
[2.335s] Invoking command in '/home/student/pepper_ws/build/turtlebot3_msgs': CMAKE_PREFIX_PATH=${CMAKE_PREFIX_PATH}:/home/student/pepper_ws/install/turtlebot3_teleop:/home/student/pepper_ws/install/turtlebot3_example:/home/student/pepper_ws/install/move_pepper:/home/student/ros2_ws/install/autonomous_tb3:/opt/ros/humble /usr/bin/cmake --install /home/student/pepper_ws/build/turtlebot3_msgs
[2.348s] -- Install configuration: ""
[2.349s] -- Up-to-date: /home/student/pepper_ws/install/turtlebot3_msgs/share/ament_index/resource_index/rosidl_interfaces/turtlebot3_msgs
[2.351s] -- Up-to-date: /home/student/pepper_ws/install/turtlebot3_msgs/include/turtlebot3_msgs/turtlebot3_msgs
[2.352s] -- Up-to-date: /home/student/pepper_ws/install/turtlebot3_msgs/include/turtlebot3_msgs/turtlebot3_msgs/msg
[2.353s] -- Up-to-date: /home/student/pepper_ws/install/turtlebot3_msgs/include/turtlebot3_msgs/turtlebot3_msgs/msg/rosidl_generator_c__visibility_control.h
[2.354s] -- Up-to-date: /home/student/pepper_ws/install/turtlebot3_msgs/include/turtlebot3_msgs/turtlebot3_msgs/msg/version_info.h
[2.355s] -- Up-to-date: /home/student/pepper_ws/install/turtlebot3_msgs/include/turtlebot3_msgs/turtlebot3_msgs/msg/sound.h
[2.355s] -- Up-to-date: /home/student/pepper_ws/install/turtlebot3_msgs/include/turtlebot3_msgs/turtlebot3_msgs/msg/sensor_state.h
[2.356s] -- Up-to-date: /home/student/pepper_ws/install/turtlebot3_msgs/include/turtlebot3_msgs/turtlebot3_msgs/msg/detail
[2.357s] -- Up-to-date: /home/student/pepper_ws/install/turtlebot3_msgs/include/turtlebot3_msgs/turtlebot3_msgs/msg/detail/version_info__functions.c
[2.358s] -- Up-to-date: /home/student/pepper_ws/install/turtlebot3_msgs/include/turtlebot3_msgs/turtlebot3_msgs/msg/detail/sound__functions.h
[2.359s] -- Up-to-date: /home/student/pepper_ws/install/turtlebot3_msgs/include/turtlebot3_msgs/turtlebot3_msgs/msg/detail/version_info__struct.h
[2.360s] -- Up-to-date: /home/student/pepper_ws/install/turtlebot3_msgs/include/turtlebot3_msgs/turtlebot3_msgs/msg/detail/version_info__type_support.h
[2.361s] -- Up-to-date: /home/student/pepper_ws/install/turtlebot3_msgs/include/turtlebot3_msgs/turtlebot3_msgs/msg/detail/sound__struct.h
[2.361s] -- Up-to-date: /home/student/pepper_ws/install/turtlebot3_msgs/include/turtlebot3_msgs/turtlebot3_msgs/msg/detail/sound__functions.c
[2.361s] -- Up-to-date: /home/student/pepper_ws/install/turtlebot3_msgs/include/turtlebot3_msgs/turtlebot3_msgs/msg/detail/sound__type_support.h
[2.361s] -- Up-to-date: /home/student/pepper_ws/install/turtlebot3_msgs/include/turtlebot3_msgs/turtlebot3_msgs/msg/detail/sensor_state__type_support.h
[2.362s] -- Up-to-date: /home/student/pepper_ws/install/turtlebot3_msgs/include/turtlebot3_msgs/turtlebot3_msgs/msg/detail/sensor_state__functions.h
[2.362s] -- Up-to-date: /home/student/pepper_ws/install/turtlebot3_msgs/include/turtlebot3_msgs/turtlebot3_msgs/msg/detail/sensor_state__struct.h
[2.362s] -- Up-to-date: /home/student/pepper_ws/install/turtlebot3_msgs/include/turtlebot3_msgs/turtlebot3_msgs/msg/detail/version_info__functions.h
[2.362s] -- Up-to-date: /home/student/pepper_ws/install/turtlebot3_msgs/include/turtlebot3_msgs/turtlebot3_msgs/msg/detail/sensor_state__functions.c
[2.362s] -- Up-to-date: /home/student/pepper_ws/install/turtlebot3_msgs/include/turtlebot3_msgs/turtlebot3_msgs/action
[2.362s] -- Up-to-date: /home/student/pepper_ws/install/turtlebot3_msgs/include/turtlebot3_msgs/turtlebot3_msgs/action/patrol.h
[2.362s] -- Up-to-date: /home/student/pepper_ws/install/turtlebot3_msgs/include/turtlebot3_msgs/turtlebot3_msgs/action/detail
[2.362s] -- Up-to-date: /home/student/pepper_ws/install/turtlebot3_msgs/include/turtlebot3_msgs/turtlebot3_msgs/action/detail/patrol__functions.c
[2.365s] -- Up-to-date: /home/student/pepper_ws/install/turtlebot3_msgs/include/turtlebot3_msgs/turtlebot3_msgs/action/detail/patrol__functions.h
[2.366s] -- Up-to-date: /home/student/pepper_ws/install/turtlebot3_msgs/include/turtlebot3_msgs/turtlebot3_msgs/action/detail/patrol__struct.h
[2.366s] -- Up-to-date: /home/student/pepper_ws/install/turtlebot3_msgs/include/turtlebot3_msgs/turtlebot3_msgs/action/detail/patrol__type_support.h
[2.366s] -- Up-to-date: /home/student/pepper_ws/install/turtlebot3_msgs/include/turtlebot3_msgs/turtlebot3_msgs/srv
[2.367s] -- Up-to-date: /home/student/pepper_ws/install/turtlebot3_msgs/include/turtlebot3_msgs/turtlebot3_msgs/srv/dqn.h
[2.367s] -- Up-to-date: /home/student/pepper_ws/install/turtlebot3_msgs/include/turtlebot3_msgs/turtlebot3_msgs/srv/sound.h
[2.367s] -- Up-to-date: /home/student/pepper_ws/install/turtlebot3_msgs/include/turtlebot3_msgs/turtlebot3_msgs/srv/detail
[2.368s] -- Up-to-date: /home/student/pepper_ws/install/turtlebot3_msgs/include/turtlebot3_msgs/turtlebot3_msgs/srv/detail/dqn__struct.h
[2.368s] -- Up-to-date: /home/student/pepper_ws/install/turtlebot3_msgs/include/turtlebot3_msgs/turtlebot3_msgs/srv/detail/sound__functions.h
[2.369s] -- Up-to-date: /home/student/pepper_ws/install/turtlebot3_msgs/include/turtlebot3_msgs/turtlebot3_msgs/srv/detail/dqn__functions.c
[2.372s] -- Up-to-date: /home/student/pepper_ws/install/turtlebot3_msgs/include/turtlebot3_msgs/turtlebot3_msgs/srv/detail/sound__struct.h
[2.373s] -- Up-to-date: /home/student/pepper_ws/install/turtlebot3_msgs/include/turtlebot3_msgs/turtlebot3_msgs/srv/detail/sound__functions.c
[2.373s] -- Up-to-date: /home/student/pepper_ws/install/turtlebot3_msgs/include/turtlebot3_msgs/turtlebot3_msgs/srv/detail/sound__type_support.h
[2.373s] -- Up-to-date: /home/student/pepper_ws/install/turtlebot3_msgs/include/turtlebot3_msgs/turtlebot3_msgs/srv/detail/dqn__functions.h
[2.373s] -- Up-to-date: /home/student/pepper_ws/install/turtlebot3_msgs/include/turtlebot3_msgs/turtlebot3_msgs/srv/detail/dqn__type_support.h
[2.373s] -- Up-to-date: /home/student/pepper_ws/install/turtlebot3_msgs/share/turtlebot3_msgs/environment/library_path.sh
[2.373s] -- Up-to-date: /home/student/pepper_ws/install/turtlebot3_msgs/share/turtlebot3_msgs/environment/library_path.dsv
[2.373s] -- Up-to-date: /home/student/pepper_ws/install/turtlebot3_msgs/lib/libturtlebot3_msgs__rosidl_generator_c.so
[2.373s] -- Up-to-date: /home/student/pepper_ws/install/turtlebot3_msgs/include/turtlebot3_msgs/turtlebot3_msgs
[2.374s] -- Up-to-date: /home/student/pepper_ws/install/turtlebot3_msgs/include/turtlebot3_msgs/turtlebot3_msgs/msg
[2.374s] -- Up-to-date: /home/student/pepper_ws/install/turtlebot3_msgs/include/turtlebot3_msgs/turtlebot3_msgs/msg/rosidl_typesupport_fastrtps_c__visibility_control.h
[2.374s] -- Up-to-date: /home/student/pepper_ws/install/turtlebot3_msgs/include/turtlebot3_msgs/turtlebot3_msgs/msg/detail
[2.374s] -- Up-to-date: /home/student/pepper_ws/install/turtlebot3_msgs/include/turtlebot3_msgs/turtlebot3_msgs/msg/detail/sound__rosidl_typesupport_fastrtps_c.h
[2.374s] -- Up-to-date: /home/student/pepper_ws/install/turtlebot3_msgs/include/turtlebot3_msgs/turtlebot3_msgs/msg/detail/version_info__rosidl_typesupport_fastrtps_c.h
[2.374s] -- Up-to-date: /home/student/pepper_ws/install/turtlebot3_msgs/include/turtlebot3_msgs/turtlebot3_msgs/msg/detail/sensor_state__rosidl_typesupport_fastrtps_c.h
[2.374s] -- Up-to-date: /home/student/pepper_ws/install/turtlebot3_msgs/include/turtlebot3_msgs/turtlebot3_msgs/action
[2.375s] -- Up-to-date: /home/student/pepper_ws/install/turtlebot3_msgs/include/turtlebot3_msgs/turtlebot3_msgs/action/detail
[2.375s] -- Up-to-date: /home/student/pepper_ws/install/turtlebot3_msgs/include/turtlebot3_msgs/turtlebot3_msgs/action/detail/patrol__rosidl_typesupport_fastrtps_c.h
[2.376s] -- Up-to-date: /home/student/pepper_ws/install/turtlebot3_msgs/include/turtlebot3_msgs/turtlebot3_msgs/srv
[2.376s] -- Up-to-date: /home/student/pepper_ws/install/turtlebot3_msgs/include/turtlebot3_msgs/turtlebot3_msgs/srv/detail
[2.378s] -- Up-to-date: /home/student/pepper_ws/install/turtlebot3_msgs/include/turtlebot3_msgs/turtlebot3_msgs/srv/detail/sound__rosidl_typesupport_fastrtps_c.h
[2.378s] -- Up-to-date: /home/student/pepper_ws/install/turtlebot3_msgs/include/turtlebot3_msgs/turtlebot3_msgs/srv/detail/dqn__rosidl_typesupport_fastrtps_c.h
[2.378s] -- Up-to-date: /home/student/pepper_ws/install/turtlebot3_msgs/lib/libturtlebot3_msgs__rosidl_typesupport_fastrtps_c.so
[2.378s] -- Up-to-date: /home/student/pepper_ws/install/turtlebot3_msgs/include/turtlebot3_msgs/turtlebot3_msgs
[2.378s] -- Up-to-date: /home/student/pepper_ws/install/turtlebot3_msgs/include/turtlebot3_msgs/turtlebot3_msgs/msg
[2.378s] -- Up-to-date: /home/student/pepper_ws/install/turtlebot3_msgs/include/turtlebot3_msgs/turtlebot3_msgs/msg/version_info.hpp
[2.379s] -- Up-to-date: /home/student/pepper_ws/install/turtlebot3_msgs/include/turtlebot3_msgs/turtlebot3_msgs/msg/sound.hpp
[2.381s] -- Up-to-date: /home/student/pepper_ws/install/turtlebot3_msgs/include/turtlebot3_msgs/turtlebot3_msgs/msg/sensor_state.hpp
[2.381s] -- Up-to-date: /home/student/pepper_ws/install/turtlebot3_msgs/include/turtlebot3_msgs/turtlebot3_msgs/msg/detail
[2.381s] -- Up-to-date: /home/student/pepper_ws/install/turtlebot3_msgs/include/turtlebot3_msgs/turtlebot3_msgs/msg/detail/sensor_state__builder.hpp
[2.381s] -- Up-to-date: /home/student/pepper_ws/install/turtlebot3_msgs/include/turtlebot3_msgs/turtlebot3_msgs/msg/detail/sound__traits.hpp
[2.382s] -- Up-to-date: /home/student/pepper_ws/install/turtlebot3_msgs/include/turtlebot3_msgs/turtlebot3_msgs/msg/detail/version_info__traits.hpp
[2.382s] -- Up-to-date: /home/student/pepper_ws/install/turtlebot3_msgs/include/turtlebot3_msgs/turtlebot3_msgs/msg/detail/sound__struct.hpp
[2.382s] -- Up-to-date: /home/student/pepper_ws/install/turtlebot3_msgs/include/turtlebot3_msgs/turtlebot3_msgs/msg/detail/sound__builder.hpp
[2.382s] -- Up-to-date: /home/student/pepper_ws/install/turtlebot3_msgs/include/turtlebot3_msgs/turtlebot3_msgs/msg/detail/version_info__struct.hpp
[2.383s] -- Up-to-date: /home/student/pepper_ws/install/turtlebot3_msgs/include/turtlebot3_msgs/turtlebot3_msgs/msg/detail/version_info__builder.hpp
[2.383s] -- Up-to-date: /home/student/pepper_ws/install/turtlebot3_msgs/include/turtlebot3_msgs/turtlebot3_msgs/msg/detail/sensor_state__traits.hpp
[2.383s] -- Up-to-date: /home/student/pepper_ws/install/turtlebot3_msgs/include/turtlebot3_msgs/turtlebot3_msgs/msg/detail/sensor_state__struct.hpp
[2.383s] -- Up-to-date: /home/student/pepper_ws/install/turtlebot3_msgs/include/turtlebot3_msgs/turtlebot3_msgs/action
[2.384s] -- Up-to-date: /home/student/pepper_ws/install/turtlebot3_msgs/include/turtlebot3_msgs/turtlebot3_msgs/action/detail
[2.384s] -- Up-to-date: /home/student/pepper_ws/install/turtlebot3_msgs/include/turtlebot3_msgs/turtlebot3_msgs/action/detail/patrol__builder.hpp
[2.384s] -- Up-to-date: /home/student/pepper_ws/install/turtlebot3_msgs/include/turtlebot3_msgs/turtlebot3_msgs/action/detail/patrol__traits.hpp
[2.384s] -- Up-to-date: /home/student/pepper_ws/install/turtlebot3_msgs/include/turtlebot3_msgs/turtlebot3_msgs/action/detail/patrol__struct.hpp
[2.384s] -- Up-to-date: /home/student/pepper_ws/install/turtlebot3_msgs/include/turtlebot3_msgs/turtlebot3_msgs/action/patrol.hpp
[2.384s] -- Up-to-date: /home/student/pepper_ws/install/turtlebot3_msgs/include/turtlebot3_msgs/turtlebot3_msgs/srv
[2.385s] -- Up-to-date: /home/student/pepper_ws/install/turtlebot3_msgs/include/turtlebot3_msgs/turtlebot3_msgs/srv/sound.hpp
[2.385s] -- Up-to-date: /home/student/pepper_ws/install/turtlebot3_msgs/include/turtlebot3_msgs/turtlebot3_msgs/srv/dqn.hpp
[2.385s] -- Up-to-date: /home/student/pepper_ws/install/turtlebot3_msgs/include/turtlebot3_msgs/turtlebot3_msgs/srv/detail
[2.385s] -- Up-to-date: /home/student/pepper_ws/install/turtlebot3_msgs/include/turtlebot3_msgs/turtlebot3_msgs/srv/detail/sound__traits.hpp
[2.386s] -- Up-to-date: /home/student/pepper_ws/install/turtlebot3_msgs/include/turtlebot3_msgs/turtlebot3_msgs/srv/detail/dqn__builder.hpp
[2.386s] -- Up-to-date: /home/student/pepper_ws/install/turtlebot3_msgs/include/turtlebot3_msgs/turtlebot3_msgs/srv/detail/dqn__struct.hpp
[2.386s] -- Up-to-date: /home/student/pepper_ws/install/turtlebot3_msgs/include/turtlebot3_msgs/turtlebot3_msgs/srv/detail/sound__struct.hpp
[2.386s] -- Up-to-date: /home/student/pepper_ws/install/turtlebot3_msgs/include/turtlebot3_msgs/turtlebot3_msgs/srv/detail/sound__builder.hpp
[2.386s] -- Up-to-date: /home/student/pepper_ws/install/turtlebot3_msgs/include/turtlebot3_msgs/turtlebot3_msgs/srv/detail/dqn__traits.hpp
[2.386s] -- Up-to-date: /home/student/pepper_ws/install/turtlebot3_msgs/include/turtlebot3_msgs/turtlebot3_msgs
[2.387s] -- Up-to-date: /home/student/pepper_ws/install/turtlebot3_msgs/include/turtlebot3_msgs/turtlebot3_msgs/msg
[2.387s] -- Up-to-date: /home/student/pepper_ws/install/turtlebot3_msgs/include/turtlebot3_msgs/turtlebot3_msgs/msg/rosidl_typesupport_fastrtps_cpp__visibility_control.h
[2.387s] -- Up-to-date: /home/student/pepper_ws/install/turtlebot3_msgs/include/turtlebot3_msgs/turtlebot3_msgs/msg/detail
[2.387s] -- Up-to-date: /home/student/pepper_ws/install/turtlebot3_msgs/include/turtlebot3_msgs/turtlebot3_msgs/msg/detail/dds_fastrtps
[2.387s] -- Up-to-date: /home/student/pepper_ws/install/turtlebot3_msgs/include/turtlebot3_msgs/turtlebot3_msgs/msg/detail/sound__rosidl_typesupport_fastrtps_cpp.hpp
[2.387s] -- Up-to-date: /home/student/pepper_ws/install/turtlebot3_msgs/include/turtlebot3_msgs/turtlebot3_msgs/msg/detail/sensor_state__rosidl_typesupport_fastrtps_cpp.hpp
[2.387s] -- Up-to-date: /home/student/pepper_ws/install/turtlebot3_msgs/include/turtlebot3_msgs/turtlebot3_msgs/msg/detail/version_info__rosidl_typesupport_fastrtps_cpp.hpp
[2.387s] -- Up-to-date: /home/student/pepper_ws/install/turtlebot3_msgs/include/turtlebot3_msgs/turtlebot3_msgs/action
[2.388s] -- Up-to-date: /home/student/pepper_ws/install/turtlebot3_msgs/include/turtlebot3_msgs/turtlebot3_msgs/action/detail
[2.389s] -- Up-to-date: /home/student/pepper_ws/install/turtlebot3_msgs/include/turtlebot3_msgs/turtlebot3_msgs/action/detail/dds_fastrtps
[2.389s] -- Up-to-date: /home/student/pepper_ws/install/turtlebot3_msgs/include/turtlebot3_msgs/turtlebot3_msgs/action/detail/patrol__rosidl_typesupport_fastrtps_cpp.hpp
[2.389s] -- Up-to-date: /home/student/pepper_ws/install/turtlebot3_msgs/include/turtlebot3_msgs/turtlebot3_msgs/srv
[2.389s] -- Up-to-date: /home/student/pepper_ws/install/turtlebot3_msgs/include/turtlebot3_msgs/turtlebot3_msgs/srv/detail
[2.389s] -- Up-to-date: /home/student/pepper_ws/install/turtlebot3_msgs/include/turtlebot3_msgs/turtlebot3_msgs/srv/detail/dds_fastrtps
[2.389s] -- Up-to-date: /home/student/pepper_ws/install/turtlebot3_msgs/include/turtlebot3_msgs/turtlebot3_msgs/srv/detail/sound__rosidl_typesupport_fastrtps_cpp.hpp
[2.390s] -- Up-to-date: /home/student/pepper_ws/install/turtlebot3_msgs/include/turtlebot3_msgs/turtlebot3_msgs/srv/detail/dqn__rosidl_typesupport_fastrtps_cpp.hpp
[2.390s] -- Up-to-date: /home/student/pepper_ws/install/turtlebot3_msgs/lib/libturtlebot3_msgs__rosidl_typesupport_fastrtps_cpp.so
[2.390s] -- Up-to-date: /home/student/pepper_ws/install/turtlebot3_msgs/include/turtlebot3_msgs/turtlebot3_msgs
[2.390s] -- Up-to-date: /home/student/pepper_ws/install/turtlebot3_msgs/include/turtlebot3_msgs/turtlebot3_msgs/msg
[2.390s] -- Up-to-date: /home/student/pepper_ws/install/turtlebot3_msgs/include/turtlebot3_msgs/turtlebot3_msgs/msg/rosidl_typesupport_introspection_c__visibility_control.h
[2.390s] -- Up-to-date: /home/student/pepper_ws/install/turtlebot3_msgs/include/turtlebot3_msgs/turtlebot3_msgs/msg/detail
[2.390s] -- Up-to-date: /home/student/pepper_ws/install/turtlebot3_msgs/include/turtlebot3_msgs/turtlebot3_msgs/msg/detail/sound__rosidl_typesupport_introspection_c.h
[2.391s] -- Up-to-date: /home/student/pepper_ws/install/turtlebot3_msgs/include/turtlebot3_msgs/turtlebot3_msgs/msg/detail/version_info__rosidl_typesupport_introspection_c.h
[2.391s] -- Up-to-date: /home/student/pepper_ws/install/turtlebot3_msgs/include/turtlebot3_msgs/turtlebot3_msgs/msg/detail/sound__type_support.c
[2.391s] -- Up-to-date: /home/student/pepper_ws/install/turtlebot3_msgs/include/turtlebot3_msgs/turtlebot3_msgs/msg/detail/version_info__type_support.c
[2.391s] -- Up-to-date: /home/student/pepper_ws/install/turtlebot3_msgs/include/turtlebot3_msgs/turtlebot3_msgs/msg/detail/sensor_state__rosidl_typesupport_introspection_c.h
[2.391s] -- Up-to-date: /home/student/pepper_ws/install/turtlebot3_msgs/include/turtlebot3_msgs/turtlebot3_msgs/msg/detail/sensor_state__type_support.c
[2.391s] -- Up-to-date: /home/student/pepper_ws/install/turtlebot3_msgs/include/turtlebot3_msgs/turtlebot3_msgs/action
[2.392s] -- Up-to-date: /home/student/pepper_ws/install/turtlebot3_msgs/include/turtlebot3_msgs/turtlebot3_msgs/action/detail
[2.392s] -- Up-to-date: /home/student/pepper_ws/install/turtlebot3_msgs/include/turtlebot3_msgs/turtlebot3_msgs/action/detail/patrol__type_support.c
[2.392s] -- Up-to-date: /home/student/pepper_ws/install/turtlebot3_msgs/include/turtlebot3_msgs/turtlebot3_msgs/action/detail/patrol__rosidl_typesupport_introspection_c.h
[2.392s] -- Up-to-date: /home/student/pepper_ws/install/turtlebot3_msgs/include/turtlebot3_msgs/turtlebot3_msgs/srv
[2.392s] -- Up-to-date: /home/student/pepper_ws/install/turtlebot3_msgs/include/turtlebot3_msgs/turtlebot3_msgs/srv/detail
[2.392s] -- Up-to-date: /home/student/pepper_ws/install/turtlebot3_msgs/include/turtlebot3_msgs/turtlebot3_msgs/srv/detail/sound__rosidl_typesupport_introspection_c.h
[2.392s] -- Up-to-date: /home/student/pepper_ws/install/turtlebot3_msgs/include/turtlebot3_msgs/turtlebot3_msgs/srv/detail/dqn__type_support.c
[2.393s] -- Up-to-date: /home/student/pepper_ws/install/turtlebot3_msgs/include/turtlebot3_msgs/turtlebot3_msgs/srv/detail/sound__type_support.c
[2.393s] -- Up-to-date: /home/student/pepper_ws/install/turtlebot3_msgs/include/turtlebot3_msgs/turtlebot3_msgs/srv/detail/dqn__rosidl_typesupport_introspection_c.h
[2.393s] -- Up-to-date: /home/student/pepper_ws/install/turtlebot3_msgs/lib/libturtlebot3_msgs__rosidl_typesupport_introspection_c.so
[2.393s] -- Up-to-date: /home/student/pepper_ws/install/turtlebot3_msgs/lib/libturtlebot3_msgs__rosidl_typesupport_c.so
[2.394s] -- Up-to-date: /home/student/pepper_ws/install/turtlebot3_msgs/include/turtlebot3_msgs/turtlebot3_msgs
[2.394s] -- Up-to-date: /home/student/pepper_ws/install/turtlebot3_msgs/include/turtlebot3_msgs/turtlebot3_msgs/msg
[2.394s] -- Up-to-date: /home/student/pepper_ws/install/turtlebot3_msgs/include/turtlebot3_msgs/turtlebot3_msgs/msg/detail
[2.394s] -- Up-to-date: /home/student/pepper_ws/install/turtlebot3_msgs/include/turtlebot3_msgs/turtlebot3_msgs/msg/detail/sound__rosidl_typesupport_introspection_cpp.hpp
[2.394s] -- Up-to-date: /home/student/pepper_ws/install/turtlebot3_msgs/include/turtlebot3_msgs/turtlebot3_msgs/msg/detail/version_info__rosidl_typesupport_introspection_cpp.hpp
[2.394s] -- Up-to-date: /home/student/pepper_ws/install/turtlebot3_msgs/include/turtlebot3_msgs/turtlebot3_msgs/msg/detail/sensor_state__type_support.cpp
[2.395s] -- Up-to-date: /home/student/pepper_ws/install/turtlebot3_msgs/include/turtlebot3_msgs/turtlebot3_msgs/msg/detail/version_info__type_support.cpp
[2.395s] -- Up-to-date: /home/student/pepper_ws/install/turtlebot3_msgs/include/turtlebot3_msgs/turtlebot3_msgs/msg/detail/sensor_state__rosidl_typesupport_introspection_cpp.hpp
[2.395s] -- Up-to-date: /home/student/pepper_ws/install/turtlebot3_msgs/include/turtlebot3_msgs/turtlebot3_msgs/msg/detail/sound__type_support.cpp
[2.396s] -- Up-to-date: /home/student/pepper_ws/install/turtlebot3_msgs/include/turtlebot3_msgs/turtlebot3_msgs/action
[2.396s] -- Up-to-date: /home/student/pepper_ws/install/turtlebot3_msgs/include/turtlebot3_msgs/turtlebot3_msgs/action/detail
[2.396s] -- Up-to-date: /home/student/pepper_ws/install/turtlebot3_msgs/include/turtlebot3_msgs/turtlebot3_msgs/action/detail/patrol__type_support.cpp
[2.396s] -- Up-to-date: /home/student/pepper_ws/install/turtlebot3_msgs/include/turtlebot3_msgs/turtlebot3_msgs/action/detail/patrol__rosidl_typesupport_introspection_cpp.hpp
[2.396s] -- Up-to-date: /home/student/pepper_ws/install/turtlebot3_msgs/include/turtlebot3_msgs/turtlebot3_msgs/srv
[2.396s] -- Up-to-date: /home/student/pepper_ws/install/turtlebot3_msgs/include/turtlebot3_msgs/turtlebot3_msgs/srv/detail
[2.397s] -- Up-to-date: /home/student/pepper_ws/install/turtlebot3_msgs/include/turtlebot3_msgs/turtlebot3_msgs/srv/detail/sound__rosidl_typesupport_introspection_cpp.hpp
[2.397s] -- Up-to-date: /home/student/pepper_ws/install/turtlebot3_msgs/include/turtlebot3_msgs/turtlebot3_msgs/srv/detail/dqn__type_support.cpp
[2.397s] -- Up-to-date: /home/student/pepper_ws/install/turtlebot3_msgs/include/turtlebot3_msgs/turtlebot3_msgs/srv/detail/dqn__rosidl_typesupport_introspection_cpp.hpp
[2.397s] -- Up-to-date: /home/student/pepper_ws/install/turtlebot3_msgs/include/turtlebot3_msgs/turtlebot3_msgs/srv/detail/sound__type_support.cpp
[2.398s] -- Up-to-date: /home/student/pepper_ws/install/turtlebot3_msgs/lib/libturtlebot3_msgs__rosidl_typesupport_introspection_cpp.so
[2.398s] -- Up-to-date: /home/student/pepper_ws/install/turtlebot3_msgs/lib/libturtlebot3_msgs__rosidl_typesupport_cpp.so
[2.398s] -- Up-to-date: /home/student/pepper_ws/install/turtlebot3_msgs/share/turtlebot3_msgs/environment/pythonpath.sh
[2.398s] -- Up-to-date: /home/student/pepper_ws/install/turtlebot3_msgs/share/turtlebot3_msgs/environment/pythonpath.dsv
[2.398s] -- Up-to-date: /home/student/pepper_ws/install/turtlebot3_msgs/local/lib/python3.10/dist-packages/turtlebot3_msgs-2.2.3-py3.10.egg-info
[2.398s] -- Installing: /home/student/pepper_ws/install/turtlebot3_msgs/local/lib/python3.10/dist-packages/turtlebot3_msgs-2.2.3-py3.10.egg-info/dependency_links.txt
[2.399s] -- Installing: /home/student/pepper_ws/install/turtlebot3_msgs/local/lib/python3.10/dist-packages/turtlebot3_msgs-2.2.3-py3.10.egg-info/PKG-INFO
[2.399s] -- Installing: /home/student/pepper_ws/install/turtlebot3_msgs/local/lib/python3.10/dist-packages/turtlebot3_msgs-2.2.3-py3.10.egg-info/top_level.txt
[2.399s] -- Installing: /home/student/pepper_ws/install/turtlebot3_msgs/local/lib/python3.10/dist-packages/turtlebot3_msgs-2.2.3-py3.10.egg-info/SOURCES.txt
[2.399s] -- Up-to-date: /home/student/pepper_ws/install/turtlebot3_msgs/local/lib/python3.10/dist-packages/turtlebot3_msgs
[2.399s] -- Up-to-date: /home/student/pepper_ws/install/turtlebot3_msgs/local/lib/python3.10/dist-packages/turtlebot3_msgs/msg
[2.399s] -- Up-to-date: /home/student/pepper_ws/install/turtlebot3_msgs/local/lib/python3.10/dist-packages/turtlebot3_msgs/msg/_sensor_state_s.c
[2.400s] -- Up-to-date: /home/student/pepper_ws/install/turtlebot3_msgs/local/lib/python3.10/dist-packages/turtlebot3_msgs/msg/__init__.py
[2.400s] -- Up-to-date: /home/student/pepper_ws/install/turtlebot3_msgs/local/lib/python3.10/dist-packages/turtlebot3_msgs/msg/_sensor_state.py
[2.400s] -- Up-to-date: /home/student/pepper_ws/install/turtlebot3_msgs/local/lib/python3.10/dist-packages/turtlebot3_msgs/msg/_sound.py
[2.400s] -- Up-to-date: /home/student/pepper_ws/install/turtlebot3_msgs/local/lib/python3.10/dist-packages/turtlebot3_msgs/msg/_version_info_s.c
[2.400s] -- Up-to-date: /home/student/pepper_ws/install/turtlebot3_msgs/local/lib/python3.10/dist-packages/turtlebot3_msgs/msg/_sound_s.c
[2.400s] -- Up-to-date: /home/student/pepper_ws/install/turtlebot3_msgs/local/lib/python3.10/dist-packages/turtlebot3_msgs/msg/_version_info.py
[2.401s] -- Up-to-date: /home/student/pepper_ws/install/turtlebot3_msgs/local/lib/python3.10/dist-packages/turtlebot3_msgs/__init__.py
[2.401s] -- Up-to-date: /home/student/pepper_ws/install/turtlebot3_msgs/local/lib/python3.10/dist-packages/turtlebot3_msgs/turtlebot3_msgs_s__rosidl_typesupport_introspection_c.cpython-310-x86_64-linux-gnu.so
[2.401s] -- Up-to-date: /home/student/pepper_ws/install/turtlebot3_msgs/local/lib/python3.10/dist-packages/turtlebot3_msgs/action
[2.401s] -- Up-to-date: /home/student/pepper_ws/install/turtlebot3_msgs/local/lib/python3.10/dist-packages/turtlebot3_msgs/action/_patrol.py
[2.401s] -- Up-to-date: /home/student/pepper_ws/install/turtlebot3_msgs/local/lib/python3.10/dist-packages/turtlebot3_msgs/action/__init__.py
[2.405s] -- Up-to-date: /home/student/pepper_ws/install/turtlebot3_msgs/local/lib/python3.10/dist-packages/turtlebot3_msgs/action/_patrol_s.c
[2.405s] -- Up-to-date: /home/student/pepper_ws/install/turtlebot3_msgs/local/lib/python3.10/dist-packages/turtlebot3_msgs/srv
[2.405s] -- Up-to-date: /home/student/pepper_ws/install/turtlebot3_msgs/local/lib/python3.10/dist-packages/turtlebot3_msgs/srv/__init__.py
[2.405s] -- Up-to-date: /home/student/pepper_ws/install/turtlebot3_msgs/local/lib/python3.10/dist-packages/turtlebot3_msgs/srv/_sound.py
[2.406s] -- Up-to-date: /home/student/pepper_ws/install/turtlebot3_msgs/local/lib/python3.10/dist-packages/turtlebot3_msgs/srv/_dqn.py
[2.406s] -- Up-to-date: /home/student/pepper_ws/install/turtlebot3_msgs/local/lib/python3.10/dist-packages/turtlebot3_msgs/srv/_sound_s.c
[2.406s] -- Up-to-date: /home/student/pepper_ws/install/turtlebot3_msgs/local/lib/python3.10/dist-packages/turtlebot3_msgs/srv/_dqn_s.c
[2.406s] -- Up-to-date: /home/student/pepper_ws/install/turtlebot3_msgs/local/lib/python3.10/dist-packages/turtlebot3_msgs/turtlebot3_msgs_s__rosidl_typesupport_fastrtps_c.cpython-310-x86_64-linux-gnu.so
[2.406s] -- Up-to-date: /home/student/pepper_ws/install/turtlebot3_msgs/local/lib/python3.10/dist-packages/turtlebot3_msgs/_turtlebot3_msgs_s.ep.rosidl_typesupport_fastrtps_c.c
[2.406s] -- Up-to-date: /home/student/pepper_ws/install/turtlebot3_msgs/local/lib/python3.10/dist-packages/turtlebot3_msgs/turtlebot3_msgs_s__rosidl_typesupport_c.cpython-310-x86_64-linux-gnu.so
[2.406s] -- Up-to-date: /home/student/pepper_ws/install/turtlebot3_msgs/local/lib/python3.10/dist-packages/turtlebot3_msgs/libturtlebot3_msgs__rosidl_generator_py.so
[2.407s] -- Up-to-date: /home/student/pepper_ws/install/turtlebot3_msgs/local/lib/python3.10/dist-packages/turtlebot3_msgs/_turtlebot3_msgs_s.ep.rosidl_typesupport_c.c
[2.407s] -- Up-to-date: /home/student/pepper_ws/install/turtlebot3_msgs/local/lib/python3.10/dist-packages/turtlebot3_msgs/_turtlebot3_msgs_s.ep.rosidl_typesupport_introspection_c.c
[2.454s] Listing '/home/student/pepper_ws/install/turtlebot3_msgs/local/lib/python3.10/dist-packages/turtlebot3_msgs'...
[2.454s] Listing '/home/student/pepper_ws/install/turtlebot3_msgs/local/lib/python3.10/dist-packages/turtlebot3_msgs/action'...
[2.454s] Listing '/home/student/pepper_ws/install/turtlebot3_msgs/local/lib/python3.10/dist-packages/turtlebot3_msgs/msg'...
[2.456s] Listing '/home/student/pepper_ws/install/turtlebot3_msgs/local/lib/python3.10/dist-packages/turtlebot3_msgs/srv'...
[2.461s] -- Up-to-date: /home/student/pepper_ws/install/turtlebot3_msgs/local/lib/python3.10/dist-packages/turtlebot3_msgs/turtlebot3_msgs_s__rosidl_typesupport_fastrtps_c.cpython-310-x86_64-linux-gnu.so
[2.463s] -- Up-to-date: /home/student/pepper_ws/install/turtlebot3_msgs/local/lib/python3.10/dist-packages/turtlebot3_msgs/turtlebot3_msgs_s__rosidl_typesupport_introspection_c.cpython-310-x86_64-linux-gnu.so
[2.463s] -- Up-to-date: /home/student/pepper_ws/install/turtlebot3_msgs/local/lib/python3.10/dist-packages/turtlebot3_msgs/turtlebot3_msgs_s__rosidl_typesupport_c.cpython-310-x86_64-linux-gnu.so
[2.464s] -- Up-to-date: /home/student/pepper_ws/install/turtlebot3_msgs/lib/libturtlebot3_msgs__rosidl_generator_py.so
[2.465s] -- Up-to-date: /home/student/pepper_ws/install/turtlebot3_msgs/share/turtlebot3_msgs/msg/SensorState.idl
[2.466s] -- Up-to-date: /home/student/pepper_ws/install/turtlebot3_msgs/share/turtlebot3_msgs/msg/Sound.idl
[2.466s] -- Up-to-date: /home/student/pepper_ws/install/turtlebot3_msgs/share/turtlebot3_msgs/msg/VersionInfo.idl
[2.467s] -- Up-to-date: /home/student/pepper_ws/install/turtlebot3_msgs/share/turtlebot3_msgs/srv/Sound.idl
[2.467s] -- Up-to-date: /home/student/pepper_ws/install/turtlebot3_msgs/share/turtlebot3_msgs/srv/Dqn.idl
[2.468s] -- Up-to-date: /home/student/pepper_ws/install/turtlebot3_msgs/share/turtlebot3_msgs/action/Patrol.idl
[2.469s] -- Up-to-date: /home/student/pepper_ws/install/turtlebot3_msgs/share/turtlebot3_msgs/msg/SensorState.msg
[2.469s] -- Up-to-date: /home/student/pepper_ws/install/turtlebot3_msgs/share/turtlebot3_msgs/msg/Sound.msg
[2.470s] -- Up-to-date: /home/student/pepper_ws/install/turtlebot3_msgs/share/turtlebot3_msgs/msg/VersionInfo.msg
[2.471s] -- Up-to-date: /home/student/pepper_ws/install/turtlebot3_msgs/share/turtlebot3_msgs/srv/Sound.srv
[2.471s] -- Up-to-date: /home/student/pepper_ws/install/turtlebot3_msgs/share/turtlebot3_msgs/srv/Sound_Request.msg
[2.472s] -- Up-to-date: /home/student/pepper_ws/install/turtlebot3_msgs/share/turtlebot3_msgs/srv/Sound_Response.msg
[2.473s] -- Up-to-date: /home/student/pepper_ws/install/turtlebot3_msgs/share/turtlebot3_msgs/srv/Dqn.srv
[2.473s] -- Up-to-date: /home/student/pepper_ws/install/turtlebot3_msgs/share/turtlebot3_msgs/srv/Dqn_Request.msg
[2.474s] -- Up-to-date: /home/student/pepper_ws/install/turtlebot3_msgs/share/turtlebot3_msgs/srv/Dqn_Response.msg
[2.475s] -- Up-to-date: /home/student/pepper_ws/install/turtlebot3_msgs/share/turtlebot3_msgs/action/Patrol.action
[2.475s] -- Up-to-date: /home/student/pepper_ws/install/turtlebot3_msgs/share/ament_index/resource_index/package_run_dependencies/turtlebot3_msgs
[2.476s] -- Up-to-date: /home/student/pepper_ws/install/turtlebot3_msgs/share/ament_index/resource_index/parent_prefix_path/turtlebot3_msgs
[2.476s] -- Up-to-date: /home/student/pepper_ws/install/turtlebot3_msgs/share/turtlebot3_msgs/environment/ament_prefix_path.sh
[2.477s] -- Up-to-date: /home/student/pepper_ws/install/turtlebot3_msgs/share/turtlebot3_msgs/environment/ament_prefix_path.dsv
[2.477s] -- Up-to-date: /home/student/pepper_ws/install/turtlebot3_msgs/share/turtlebot3_msgs/environment/path.sh
[2.481s] -- Up-to-date: /home/student/pepper_ws/install/turtlebot3_msgs/share/turtlebot3_msgs/environment/path.dsv
[2.482s] -- Up-to-date: /home/student/pepper_ws/install/turtlebot3_msgs/share/turtlebot3_msgs/local_setup.bash
[2.488s] -- Up-to-date: /home/student/pepper_ws/install/turtlebot3_msgs/share/turtlebot3_msgs/local_setup.sh
[2.488s] -- Up-to-date: /home/student/pepper_ws/install/turtlebot3_msgs/share/turtlebot3_msgs/local_setup.zsh
[2.488s] -- Up-to-date: /home/student/pepper_ws/install/turtlebot3_msgs/share/turtlebot3_msgs/local_setup.dsv
[2.488s] -- Installing: /home/student/pepper_ws/install/turtlebot3_msgs/share/turtlebot3_msgs/package.dsv
[2.488s] -- Up-to-date: /home/student/pepper_ws/install/turtlebot3_msgs/share/ament_index/resource_index/packages/turtlebot3_msgs
[2.488s] -- Up-to-date: /home/student/pepper_ws/install/turtlebot3_msgs/share/turtlebot3_msgs/cmake/export_turtlebot3_msgs__rosidl_generator_cExport.cmake
[2.489s] -- Up-to-date: /home/student/pepper_ws/install/turtlebot3_msgs/share/turtlebot3_msgs/cmake/export_turtlebot3_msgs__rosidl_generator_cExport-noconfig.cmake
[2.489s] -- Up-to-date: /home/student/pepper_ws/install/turtlebot3_msgs/share/turtlebot3_msgs/cmake/export_turtlebot3_msgs__rosidl_typesupport_fastrtps_cExport.cmake
[2.489s] -- Up-to-date: /home/student/pepper_ws/install/turtlebot3_msgs/share/turtlebot3_msgs/cmake/export_turtlebot3_msgs__rosidl_typesupport_fastrtps_cExport-noconfig.cmake
[2.489s] -- Up-to-date: /home/student/pepper_ws/install/turtlebot3_msgs/share/turtlebot3_msgs/cmake/export_turtlebot3_msgs__rosidl_generator_cppExport.cmake
[2.489s] -- Up-to-date: /home/student/pepper_ws/install/turtlebot3_msgs/share/turtlebot3_msgs/cmake/export_turtlebot3_msgs__rosidl_typesupport_fastrtps_cppExport.cmake
[2.489s] -- Up-to-date: /home/student/pepper_ws/install/turtlebot3_msgs/share/turtlebot3_msgs/cmake/export_turtlebot3_msgs__rosidl_typesupport_fastrtps_cppExport-noconfig.cmake
[2.489s] -- Up-to-date: /home/student/pepper_ws/install/turtlebot3_msgs/share/turtlebot3_msgs/cmake/turtlebot3_msgs__rosidl_typesupport_introspection_cExport.cmake
[2.490s] -- Up-to-date: /home/student/pepper_ws/install/turtlebot3_msgs/share/turtlebot3_msgs/cmake/turtlebot3_msgs__rosidl_typesupport_introspection_cExport-noconfig.cmake
[2.490s] -- Up-to-date: /home/student/pepper_ws/install/turtlebot3_msgs/share/turtlebot3_msgs/cmake/turtlebot3_msgs__rosidl_typesupport_cExport.cmake
[2.490s] -- Up-to-date: /home/student/pepper_ws/install/turtlebot3_msgs/share/turtlebot3_msgs/cmake/turtlebot3_msgs__rosidl_typesupport_cExport-noconfig.cmake
[2.490s] -- Up-to-date: /home/student/pepper_ws/install/turtlebot3_msgs/share/turtlebot3_msgs/cmake/turtlebot3_msgs__rosidl_typesupport_introspection_cppExport.cmake
[2.490s] -- Up-to-date: /home/student/pepper_ws/install/turtlebot3_msgs/share/turtlebot3_msgs/cmake/turtlebot3_msgs__rosidl_typesupport_introspection_cppExport-noconfig.cmake
[2.491s] -- Up-to-date: /home/student/pepper_ws/install/turtlebot3_msgs/share/turtlebot3_msgs/cmake/turtlebot3_msgs__rosidl_typesupport_cppExport.cmake
[2.491s] -- Up-to-date: /home/student/pepper_ws/install/turtlebot3_msgs/share/turtlebot3_msgs/cmake/turtlebot3_msgs__rosidl_typesupport_cppExport-noconfig.cmake
[2.491s] -- Up-to-date: /home/student/pepper_ws/install/turtlebot3_msgs/share/turtlebot3_msgs/cmake/export_turtlebot3_msgs__rosidl_generator_pyExport.cmake
[2.491s] -- Up-to-date: /home/student/pepper_ws/install/turtlebot3_msgs/share/turtlebot3_msgs/cmake/export_turtlebot3_msgs__rosidl_generator_pyExport-noconfig.cmake
[2.491s] -- Up-to-date: /home/student/pepper_ws/install/turtlebot3_msgs/share/turtlebot3_msgs/cmake/rosidl_cmake-extras.cmake
[2.494s] -- Up-to-date: /home/student/pepper_ws/install/turtlebot3_msgs/share/turtlebot3_msgs/cmake/ament_cmake_export_dependencies-extras.cmake
[2.499s] -- Up-to-date: /home/student/pepper_ws/install/turtlebot3_msgs/share/turtlebot3_msgs/cmake/ament_cmake_export_include_directories-extras.cmake
[2.499s] -- Up-to-date: /home/student/pepper_ws/install/turtlebot3_msgs/share/turtlebot3_msgs/cmake/ament_cmake_export_libraries-extras.cmake
[2.501s] -- Up-to-date: /home/student/pepper_ws/install/turtlebot3_msgs/share/turtlebot3_msgs/cmake/ament_cmake_export_targets-extras.cmake
[2.501s] -- Up-to-date: /home/student/pepper_ws/install/turtlebot3_msgs/share/turtlebot3_msgs/cmake/rosidl_cmake_export_typesupport_targets-extras.cmake
[2.501s] -- Up-to-date: /home/student/pepper_ws/install/turtlebot3_msgs/share/turtlebot3_msgs/cmake/rosidl_cmake_export_typesupport_libraries-extras.cmake
[2.502s] -- Up-to-date: /home/student/pepper_ws/install/turtlebot3_msgs/share/turtlebot3_msgs/cmake/turtlebot3_msgsConfig.cmake
[2.502s] -- Up-to-date: /home/student/pepper_ws/install/turtlebot3_msgs/share/turtlebot3_msgs/cmake/turtlebot3_msgsConfig-version.cmake
[2.503s] -- Up-to-date: /home/student/pepper_ws/install/turtlebot3_msgs/share/turtlebot3_msgs/package.xml
[2.503s] Invoked command in '/home/student/pepper_ws/build/turtlebot3_msgs' returned '0': CMAKE_PREFIX_PATH=${CMAKE_PREFIX_PATH}:/home/student/pepper_ws/install/turtlebot3_teleop:/home/student/pepper_ws/install/turtlebot3_example:/home/student/pepper_ws/install/move_pepper:/home/student/ros2_ws/install/autonomous_tb3:/opt/ros/humble /usr/bin/cmake --install /home/student/pepper_ws/build/turtlebot3_msgs
