[0.156s] Invoking command in '/home/student/pepper_ws/build/turtlebot3_navigation2': CMAKE_PREFIX_PATH=${CMAKE_PREFIX_PATH}:/home/student/pepper_ws/install/turtlebot3_teleop:/home/student/pepper_ws/install/turtlebot3_example:/home/student/pepper_ws/install/move_pepper:/home/student/ros2_ws/install/autonomous_tb3:/opt/ros/humble /usr/bin/cmake --build /home/student/pepper_ws/build/turtlebot3_navigation2 -- -j8 -l8
[0.277s] Invoked command in '/home/student/pepper_ws/build/turtlebot3_navigation2' returned '0': CMAKE_PREFIX_PATH=${CMAKE_PREFIX_PATH}:/home/student/pepper_ws/install/turtlebot3_teleop:/home/student/pepper_ws/install/turtlebot3_example:/home/student/pepper_ws/install/move_pepper:/home/student/ros2_ws/install/autonomous_tb3:/opt/ros/humble /usr/bin/cmake --build /home/student/pepper_ws/build/turtlebot3_navigation2 -- -j8 -l8
[0.407s] Invoking command in '/home/student/pepper_ws/build/turtlebot3_navigation2': CMAKE_PREFIX_PATH=${CMAKE_PREFIX_PATH}:/home/student/pepper_ws/install/turtlebot3_teleop:/home/student/pepper_ws/install/turtlebot3_example:/home/student/pepper_ws/install/move_pepper:/home/student/ros2_ws/install/autonomous_tb3:/opt/ros/humble /usr/bin/cmake --install /home/student/pepper_ws/build/turtlebot3_navigation2
[0.433s] -- Install configuration: ""
[0.437s] -- Execute custom install script
[0.437s] -- Up-to-date symlink: /home/student/pepper_ws/install/turtlebot3_navigation2/share/turtlebot3_navigation2/launch/navigation2.launch.py
[0.437s] -- Up-to-date symlink: /home/student/pepper_ws/install/turtlebot3_navigation2/share/turtlebot3_navigation2/map/map.pgm
[0.437s] -- Up-to-date symlink: /home/student/pepper_ws/install/turtlebot3_navigation2/share/turtlebot3_navigation2/map/map.yaml
[0.437s] -- Up-to-date symlink: /home/student/pepper_ws/install/turtlebot3_navigation2/share/turtlebot3_navigation2/param/burger.yaml
[0.438s] -- Up-to-date symlink: /home/student/pepper_ws/install/turtlebot3_navigation2/share/turtlebot3_navigation2/param/waffle.yaml
[0.438s] -- Up-to-date symlink: /home/student/pepper_ws/install/turtlebot3_navigation2/share/turtlebot3_navigation2/param/waffle_pi.yaml
[0.438s] -- Up-to-date symlink: /home/student/pepper_ws/install/turtlebot3_navigation2/share/turtlebot3_navigation2/rviz/tb3_navigation2.rviz
[0.439s] -- Up-to-date symlink: /home/student/pepper_ws/install/turtlebot3_navigation2/share/ament_index/resource_index/package_run_dependencies/turtlebot3_navigation2
[0.442s] -- Up-to-date symlink: /home/student/pepper_ws/install/turtlebot3_navigation2/share/ament_index/resource_index/parent_prefix_path/turtlebot3_navigation2
[0.446s] -- Up-to-date symlink: /home/student/pepper_ws/install/turtlebot3_navigation2/share/turtlebot3_navigation2/environment/ament_prefix_path.sh
[0.446s] -- Up-to-date symlink: /home/student/pepper_ws/install/turtlebot3_navigation2/share/turtlebot3_navigation2/environment/ament_prefix_path.dsv
[0.447s] -- Up-to-date symlink: /home/student/pepper_ws/install/turtlebot3_navigation2/share/turtlebot3_navigation2/environment/path.sh
[0.447s] -- Up-to-date symlink: /home/student/pepper_ws/install/turtlebot3_navigation2/share/turtlebot3_navigation2/environment/path.dsv
[0.448s] -- Up-to-date symlink: /home/student/pepper_ws/install/turtlebot3_navigation2/share/turtlebot3_navigation2/local_setup.bash
[0.450s] -- Up-to-date symlink: /home/student/pepper_ws/install/turtlebot3_navigation2/share/turtlebot3_navigation2/local_setup.sh
[0.453s] -- Up-to-date symlink: /home/student/pepper_ws/install/turtlebot3_navigation2/share/turtlebot3_navigation2/local_setup.zsh
[0.455s] -- Up-to-date symlink: /home/student/pepper_ws/install/turtlebot3_navigation2/share/turtlebot3_navigation2/local_setup.dsv
[0.456s] -- Symlinking: /home/student/pepper_ws/install/turtlebot3_navigation2/share/turtlebot3_navigation2/package.dsv
[0.474s] -- Up-to-date symlink: /home/student/pepper_ws/install/turtlebot3_navigation2/share/ament_index/resource_index/packages/turtlebot3_navigation2
[0.474s] -- Up-to-date symlink: /home/student/pepper_ws/install/turtlebot3_navigation2/share/turtlebot3_navigation2/cmake/turtlebot3_navigation2Config.cmake
[0.489s] -- Up-to-date symlink: /home/student/pepper_ws/install/turtlebot3_navigation2/share/turtlebot3_navigation2/cmake/turtlebot3_navigation2Config-version.cmake
[0.489s] -- Up-to-date symlink: /home/student/pepper_ws/install/turtlebot3_navigation2/share/turtlebot3_navigation2/package.xml
[0.577s] Invoked command in '/home/student/pepper_ws/build/turtlebot3_navigation2' returned '0': CMAKE_PREFIX_PATH=${CMAKE_PREFIX_PATH}:/home/student/pepper_ws/install/turtlebot3_teleop:/home/student/pepper_ws/install/turtlebot3_example:/home/student/pepper_ws/install/move_pepper:/home/student/ros2_ws/install/autonomous_tb3:/opt/ros/humble /usr/bin/cmake --install /home/student/pepper_ws/build/turtlebot3_navigation2
