[0.080s] Invoking command in '/home/student/pepper_ws/build/turtlebot3_msgs': CMAKE_PREFIX_PATH=${CMAKE_PREFIX_PATH}:/home/student/pepper_ws/install/turtlebot3_teleop:/home/student/pepper_ws/install/turtlebot3_example:/home/student/pepper_ws/install/move_pepper:/home/student/ros2_ws/install/autonomous_tb3:/opt/ros/humble /usr/bin/cmake --build /home/student/pepper_ws/build/turtlebot3_msgs -- -j8 -l8
[0.261s] [  1%] Built target turtlebot3_msgs__cpp
[0.282s] [ 12%] Built target turtlebot3_msgs__rosidl_generator_c
[0.305s] [ 12%] Built target ament_cmake_python_copy_turtlebot3_msgs
[0.400s] [ 23%] Built target turtlebot3_msgs__rosidl_typesupport_cpp
[0.412s] [ 35%] Built target turtlebot3_msgs__rosidl_typesupport_introspection_c
[0.431s] [ 46%] Built target turtlebot3_msgs__rosidl_typesupport_introspection_cpp
[0.475s] [ 57%] Built target turtlebot3_msgs__rosidl_typesupport_fastrtps_cpp
[0.503s] [ 76%] Built target turtlebot3_msgs__rosidl_typesupport_c
[0.505s] [ 80%] Built target turtlebot3_msgs__rosidl_typesupport_fastrtps_c
[0.610s] [ 80%] Built target turtlebot3_msgs
[0.655s] [ 81%] Built target turtlebot3_msgs__py
[0.730s] [ 91%] Built target turtlebot3_msgs__rosidl_generator_py
[0.817s] [ 94%] Built target turtlebot3_msgs__rosidl_typesupport_fastrtps_c__pyext
[0.819s] [ 97%] Built target turtlebot3_msgs__rosidl_typesupport_c__pyext
[0.821s] [100%] Built target turtlebot3_msgs__rosidl_typesupport_introspection_c__pyext
[1.108s] running egg_info
[1.109s] writing turtlebot3_msgs.egg-info/PKG-INFO
[1.109s] writing dependency_links to turtlebot3_msgs.egg-info/dependency_links.txt
[1.109s] writing top-level names to turtlebot3_msgs.egg-info/top_level.txt
[1.113s] reading manifest file 'turtlebot3_msgs.egg-info/SOURCES.txt'
[1.114s] writing manifest file 'turtlebot3_msgs.egg-info/SOURCES.txt'
[1.168s] [100%] Built target ament_cmake_python_build_turtlebot3_msgs_egg
[1.856s] Invoked command in '/home/student/pepper_ws/build/turtlebot3_msgs' returned '0': CMAKE_PREFIX_PATH=${CMAKE_PREFIX_PATH}:/home/student/pepper_ws/install/turtlebot3_teleop:/home/student/pepper_ws/install/turtlebot3_example:/home/student/pepper_ws/install/move_pepper:/home/student/ros2_ws/install/autonomous_tb3:/opt/ros/humble /usr/bin/cmake --build /home/student/pepper_ws/build/turtlebot3_msgs -- -j8 -l8
