[0.157s] Invoking command in '/home/student/pepper_ws/build/dynamixel_sdk': CMAKE_PREFIX_PATH=${CMAKE_PREFIX_PATH}:/home/student/pepper_ws/install/turtlebot3_teleop:/home/student/pepper_ws/install/turtlebot3_example:/home/student/pepper_ws/install/move_pepper:/home/student/ros2_ws/install/autonomous_tb3:/opt/ros/humble /usr/bin/cmake --build /home/student/pepper_ws/build/dynamixel_sdk -- -j8 -l8
[0.398s] [100%] Built target dynamixel_sdk
[0.483s] Invoked command in '/home/student/pepper_ws/build/dynamixel_sdk' returned '0': CMAKE_PREFIX_PATH=${CMAKE_PREFIX_PATH}:/home/student/pepper_ws/install/turtlebot3_teleop:/home/student/pepper_ws/install/turtlebot3_example:/home/student/pepper_ws/install/move_pepper:/home/student/ros2_ws/install/autonomous_tb3:/opt/ros/humble /usr/bin/cmake --build /home/student/pepper_ws/build/dynamixel_sdk -- -j8 -l8
[0.693s] Invoking command in '/home/student/pepper_ws/build/dynamixel_sdk': CMAKE_PREFIX_PATH=${CMAKE_PREFIX_PATH}:/home/student/pepper_ws/install/turtlebot3_teleop:/home/student/pepper_ws/install/turtlebot3_example:/home/student/pepper_ws/install/move_pepper:/home/student/ros2_ws/install/autonomous_tb3:/opt/ros/humble /usr/bin/cmake --install /home/student/pepper_ws/build/dynamixel_sdk
[0.722s] -- Install configuration: ""
[0.722s] -- Execute custom install script
[0.722s] -- Up-to-date symlink: /home/student/pepper_ws/install/dynamixel_sdk/include//dynamixel_sdk/dynamixel_sdk.h
[0.722s] -- Up-to-date symlink: /home/student/pepper_ws/install/dynamixel_sdk/include//dynamixel_sdk/group_bulk_read.h
[0.722s] -- Up-to-date symlink: /home/student/pepper_ws/install/dynamixel_sdk/include//dynamixel_sdk/group_bulk_write.h
[0.722s] -- Up-to-date symlink: /home/student/pepper_ws/install/dynamixel_sdk/include//dynamixel_sdk/group_sync_read.h
[0.722s] -- Up-to-date symlink: /home/student/pepper_ws/install/dynamixel_sdk/include//dynamixel_sdk/group_sync_write.h
[0.726s] -- Up-to-date symlink: /home/student/pepper_ws/install/dynamixel_sdk/include//dynamixel_sdk/packet_handler.h
[0.730s] -- Up-to-date symlink: /home/student/pepper_ws/install/dynamixel_sdk/include//dynamixel_sdk/port_handler.h
[0.730s] -- Up-to-date symlink: /home/student/pepper_ws/install/dynamixel_sdk/include//dynamixel_sdk/port_handler_arduino.h
[0.732s] -- Up-to-date symlink: /home/student/pepper_ws/install/dynamixel_sdk/include//dynamixel_sdk/port_handler_linux.h
[0.732s] -- Up-to-date symlink: /home/student/pepper_ws/install/dynamixel_sdk/include//dynamixel_sdk/port_handler_mac.h
[0.733s] -- Up-to-date symlink: /home/student/pepper_ws/install/dynamixel_sdk/include//dynamixel_sdk/port_handler_windows.h
[0.733s] -- Up-to-date symlink: /home/student/pepper_ws/install/dynamixel_sdk/include//dynamixel_sdk/protocol1_packet_handler.h
[0.733s] -- Up-to-date symlink: /home/student/pepper_ws/install/dynamixel_sdk/include//dynamixel_sdk/protocol2_packet_handler.h
[0.734s] -- Up-to-date symlink: /home/student/pepper_ws/install/dynamixel_sdk/lib/libdynamixel_sdk.so
[0.734s] -- Up-to-date symlink: /home/student/pepper_ws/install/dynamixel_sdk/share/dynamixel_sdk/environment/library_path.sh
[0.734s] -- Up-to-date symlink: /home/student/pepper_ws/install/dynamixel_sdk/share/dynamixel_sdk/environment/library_path.dsv
[0.734s] -- Up-to-date symlink: /home/student/pepper_ws/install/dynamixel_sdk/share/ament_index/resource_index/package_run_dependencies/dynamixel_sdk
[0.735s] -- Up-to-date symlink: /home/student/pepper_ws/install/dynamixel_sdk/share/ament_index/resource_index/parent_prefix_path/dynamixel_sdk
[0.740s] -- Up-to-date symlink: /home/student/pepper_ws/install/dynamixel_sdk/share/dynamixel_sdk/environment/ament_prefix_path.sh
[0.740s] -- Up-to-date symlink: /home/student/pepper_ws/install/dynamixel_sdk/share/dynamixel_sdk/environment/ament_prefix_path.dsv
[0.741s] -- Up-to-date symlink: /home/student/pepper_ws/install/dynamixel_sdk/share/dynamixel_sdk/environment/path.sh
[0.742s] -- Up-to-date symlink: /home/student/pepper_ws/install/dynamixel_sdk/share/dynamixel_sdk/environment/path.dsv
[0.742s] -- Up-to-date symlink: /home/student/pepper_ws/install/dynamixel_sdk/share/dynamixel_sdk/local_setup.bash
[0.743s] -- Up-to-date symlink: /home/student/pepper_ws/install/dynamixel_sdk/share/dynamixel_sdk/local_setup.sh
[0.743s] -- Up-to-date symlink: /home/student/pepper_ws/install/dynamixel_sdk/share/dynamixel_sdk/local_setup.zsh
[0.743s] -- Up-to-date symlink: /home/student/pepper_ws/install/dynamixel_sdk/share/dynamixel_sdk/local_setup.dsv
[0.743s] -- Symlinking: /home/student/pepper_ws/install/dynamixel_sdk/share/dynamixel_sdk/package.dsv
[0.743s] -- Up-to-date symlink: /home/student/pepper_ws/install/dynamixel_sdk/share/ament_index/resource_index/packages/dynamixel_sdk
[0.743s] -- Up-to-date symlink: /home/student/pepper_ws/install/dynamixel_sdk/share/dynamixel_sdk/cmake/ament_cmake_export_include_directories-extras.cmake
[0.743s] -- Up-to-date symlink: /home/student/pepper_ws/install/dynamixel_sdk/share/dynamixel_sdk/cmake/ament_cmake_export_libraries-extras.cmake
[0.743s] -- Up-to-date symlink: /home/student/pepper_ws/install/dynamixel_sdk/share/dynamixel_sdk/cmake/dynamixel_sdkConfig.cmake
[0.744s] -- Up-to-date symlink: /home/student/pepper_ws/install/dynamixel_sdk/share/dynamixel_sdk/cmake/dynamixel_sdkConfig-version.cmake
[0.744s] -- Up-to-date symlink: /home/student/pepper_ws/install/dynamixel_sdk/share/dynamixel_sdk/package.xml
[0.870s] Invoked command in '/home/student/pepper_ws/build/dynamixel_sdk' returned '0': CMAKE_PREFIX_PATH=${CMAKE_PREFIX_PATH}:/home/student/pepper_ws/install/turtlebot3_teleop:/home/student/pepper_ws/install/turtlebot3_example:/home/student/pepper_ws/install/move_pepper:/home/student/ros2_ws/install/autonomous_tb3:/opt/ros/humble /usr/bin/cmake --install /home/student/pepper_ws/build/dynamixel_sdk
