[0.027s] Invoking command in '/home/student/pepper_ws/build/book_database': CMAKE_PREFIX_PATH=${CMAKE_PREFIX_PATH}:/home/student/pepper_ws/install/turtlebot3_teleop:/home/student/pepper_ws/install/turtlebot3_example:/home/student/pepper_ws/install/move_pepper:/home/student/ros2_ws/install/autonomous_tb3:/opt/ros/humble /usr/bin/cmake /home/student/pepper_ws/src/book_database -DCMAKE_INSTALL_PREFIX=/home/student/pepper_ws/install/book_database
[0.203s] -- The C compiler identification is GNU 11.4.0
[0.274s] -- The CXX compiler identification is GNU 11.4.0
[0.286s] -- Detecting C compiler ABI info
[0.424s] -- Detecting C compiler ABI info - done
[0.450s] -- Check for working C compiler: /usr/bin/cc - skipped
[0.451s] -- Detecting C compile features
[0.452s] -- Detecting C compile features - done
[0.453s] -- Detecting CXX compiler ABI info
[0.606s] -- Detecting CXX compiler ABI info - done
[0.625s] -- Check for working CXX compiler: /usr/bin/c++ - skipped
[0.626s] -- Detecting CXX compile features
[0.629s] -- Detecting CXX compile features - done
[0.633s] -- Found ament_cmake: 1.3.10 (/opt/ros/humble/share/ament_cmake/cmake)
[0.893s] -- Found Python3: /usr/bin/python3 (found version "3.10.12") found components: Interpreter 
[1.149s] -- Found rclcpp: 16.0.10 (/opt/ros/humble/share/rclcpp/cmake)
[1.254s] -- Found rosidl_generator_c: 3.1.5 (/opt/ros/humble/share/rosidl_generator_c/cmake)
[1.266s] -- Found rosidl_adapter: 3.1.5 (/opt/ros/humble/share/rosidl_adapter/cmake)
[1.287s] -- Found rosidl_generator_cpp: 3.1.5 (/opt/ros/humble/share/rosidl_generator_cpp/cmake)
[1.317s] -- Using all available rosidl_typesupport_c: rosidl_typesupport_fastrtps_c;rosidl_typesupport_introspection_c
[1.368s] -- Using all available rosidl_typesupport_cpp: rosidl_typesupport_fastrtps_cpp;rosidl_typesupport_introspection_cpp
[1.480s] -- Found rmw_implementation_cmake: 6.1.2 (/opt/ros/humble/share/rmw_implementation_cmake/cmake)
[1.490s] -- Found rmw_fastrtps_cpp: 6.2.7 (/opt/ros/humble/share/rmw_fastrtps_cpp/cmake)
[1.695s] -- Found OpenSSL: /usr/lib/x86_64-linux-gnu/libcrypto.so (found version "3.0.2")  
[1.787s] -- Found FastRTPS: /opt/ros/humble/include  
[1.871s] -- Using RMW implementation 'rmw_fastrtps_cpp' as default
[1.904s] -- Looking for pthread.h
[2.119s] -- Looking for pthread.h - found
[2.123s] -- Performing Test CMAKE_HAVE_LIBC_PTHREAD
[2.353s] -- Performing Test CMAKE_HAVE_LIBC_PTHREAD - Success
[2.361s] -- Found Threads: TRUE  
[2.590s] -- Found geometry_msgs: 4.2.4 (/opt/ros/humble/share/geometry_msgs/cmake)
[2.747s] -- Configuring done
[2.802s] -- Generating done
[2.804s] -- Build files have been written to: /home/student/pepper_ws/build/book_database
[2.849s] Invoked command in '/home/student/pepper_ws/build/book_database' returned '0': CMAKE_PREFIX_PATH=${CMAKE_PREFIX_PATH}:/home/student/pepper_ws/install/turtlebot3_teleop:/home/student/pepper_ws/install/turtlebot3_example:/home/student/pepper_ws/install/move_pepper:/home/student/ros2_ws/install/autonomous_tb3:/opt/ros/humble /usr/bin/cmake /home/student/pepper_ws/src/book_database -DCMAKE_INSTALL_PREFIX=/home/student/pepper_ws/install/book_database
[2.855s] Invoking command in '/home/student/pepper_ws/build/book_database': CMAKE_PREFIX_PATH=${CMAKE_PREFIX_PATH}:/home/student/pepper_ws/install/turtlebot3_teleop:/home/student/pepper_ws/install/turtlebot3_example:/home/student/pepper_ws/install/move_pepper:/home/student/ros2_ws/install/autonomous_tb3:/opt/ros/humble /usr/bin/cmake --build /home/student/pepper_ws/build/book_database -- -j8 -l8
[2.984s] [ 50%] [32mBuilding CXX object CMakeFiles/book_database.dir/src/book_database.cpp.o[0m
[16.090s] [100%] [32m[1mLinking CXX executable book_database[0m
[16.693s] [100%] Built target book_database
[16.724s] Invoked command in '/home/student/pepper_ws/build/book_database' returned '0': CMAKE_PREFIX_PATH=${CMAKE_PREFIX_PATH}:/home/student/pepper_ws/install/turtlebot3_teleop:/home/student/pepper_ws/install/turtlebot3_example:/home/student/pepper_ws/install/move_pepper:/home/student/ros2_ws/install/autonomous_tb3:/opt/ros/humble /usr/bin/cmake --build /home/student/pepper_ws/build/book_database -- -j8 -l8
[16.805s] Invoking command in '/home/student/pepper_ws/build/book_database': CMAKE_PREFIX_PATH=${CMAKE_PREFIX_PATH}:/home/student/pepper_ws/install/turtlebot3_teleop:/home/student/pepper_ws/install/turtlebot3_example:/home/student/pepper_ws/install/move_pepper:/home/student/ros2_ws/install/autonomous_tb3:/opt/ros/humble /usr/bin/cmake --install /home/student/pepper_ws/build/book_database
[16.828s] -- Install configuration: ""
[16.828s] -- Installing: /home/student/pepper_ws/install/book_database/lib/book_database/book_database
[16.832s] -- Set runtime path of "/home/student/pepper_ws/install/book_database/lib/book_database/book_database" to ""
[16.832s] -- Installing: /home/student/pepper_ws/install/book_database/share/ament_index/resource_index/package_run_dependencies/book_database
[16.833s] -- Installing: /home/student/pepper_ws/install/book_database/share/ament_index/resource_index/parent_prefix_path/book_database
[16.833s] -- Installing: /home/student/pepper_ws/install/book_database/share/book_database/environment/ament_prefix_path.sh
[16.835s] -- Installing: /home/student/pepper_ws/install/book_database/share/book_database/environment/ament_prefix_path.dsv
[16.836s] -- Installing: /home/student/pepper_ws/install/book_database/share/book_database/environment/path.sh
[16.836s] -- Installing: /home/student/pepper_ws/install/book_database/share/book_database/environment/path.dsv
[16.837s] -- Installing: /home/student/pepper_ws/install/book_database/share/book_database/local_setup.bash
[16.837s] -- Installing: /home/student/pepper_ws/install/book_database/share/book_database/local_setup.sh
[16.837s] -- Installing: /home/student/pepper_ws/install/book_database/share/book_database/local_setup.zsh
[16.837s] -- Installing: /home/student/pepper_ws/install/book_database/share/book_database/local_setup.dsv
[16.840s] -- Installing: /home/student/pepper_ws/install/book_database/share/book_database/package.dsv
[16.842s] -- Installing: /home/student/pepper_ws/install/book_database/share/ament_index/resource_index/packages/book_database
[16.842s] -- Installing: /home/student/pepper_ws/install/book_database/share/book_database/cmake/book_databaseConfig.cmake
[16.843s] -- Installing: /home/student/pepper_ws/install/book_database/share/book_database/cmake/book_databaseConfig-version.cmake
[16.844s] -- Installing: /home/student/pepper_ws/install/book_database/share/book_database/package.xml
[16.845s] Invoked command in '/home/student/pepper_ws/build/book_database' returned '0': CMAKE_PREFIX_PATH=${CMAKE_PREFIX_PATH}:/home/student/pepper_ws/install/turtlebot3_teleop:/home/student/pepper_ws/install/turtlebot3_example:/home/student/pepper_ws/install/move_pepper:/home/student/ros2_ws/install/autonomous_tb3:/opt/ros/humble /usr/bin/cmake --install /home/student/pepper_ws/build/book_database
