[1.669s] Invoking command in '/home/student/pepper_ws/src/move_pepper': PYTHONPATH=/home/student/pepper_ws/build/move_pepper/prefix_override:/usr/lib/python3/dist-packages/colcon_core/task/python/colcon_distutils_commands:/home/student/pepper_ws/install/move_pepper/lib/python3.10/site-packages:${PYTHONPATH} /usr/bin/python3 -W ignore:setup.py install is deprecated setup.py egg_info --egg-base ../../build/move_pepper build --build-base /home/student/pepper_ws/build/move_pepper/build install --record /home/student/pepper_ws/build/move_pepper/install.log --single-version-externally-managed install_data
[2.007s] running egg_info
[2.008s] writing ../../build/move_pepper/move_pepper.egg-info/PKG-INFO
[2.008s] writing dependency_links to ../../build/move_pepper/move_pepper.egg-info/dependency_links.txt
[2.008s] writing entry points to ../../build/move_pepper/move_pepper.egg-info/entry_points.txt
[2.009s] writing requirements to ../../build/move_pepper/move_pepper.egg-info/requires.txt
[2.009s] writing top-level names to ../../build/move_pepper/move_pepper.egg-info/top_level.txt
[2.011s] reading manifest file '../../build/move_pepper/move_pepper.egg-info/SOURCES.txt'
[2.012s] writing manifest file '../../build/move_pepper/move_pepper.egg-info/SOURCES.txt'
[2.012s] running build
[2.012s] running build_py
[2.012s] running install
[2.013s] running install_lib
[2.014s] running install_data
[2.015s] running install_egg_info
[2.017s] removing '/home/student/pepper_ws/install/move_pepper/lib/python3.10/site-packages/move_pepper-0.0.0-py3.10.egg-info' (and everything under it)
[2.018s] Copying ../../build/move_pepper/move_pepper.egg-info to /home/student/pepper_ws/install/move_pepper/lib/python3.10/site-packages/move_pepper-0.0.0-py3.10.egg-info
[2.019s] running install_scripts
[2.042s] Installing amcl_init_pose_publisher script to /home/student/pepper_ws/install/move_pepper/lib/move_pepper
[2.042s] writing list of installed files to '/home/student/pepper_ws/build/move_pepper/install.log'
[2.209s] Invoked command in '/home/student/pepper_ws/src/move_pepper' returned '0': PYTHONPATH=/home/student/pepper_ws/build/move_pepper/prefix_override:/usr/lib/python3/dist-packages/colcon_core/task/python/colcon_distutils_commands:/home/student/pepper_ws/install/move_pepper/lib/python3.10/site-packages:${PYTHONPATH} /usr/bin/python3 -W ignore:setup.py install is deprecated setup.py egg_info --egg-base ../../build/move_pepper build --build-base /home/student/pepper_ws/build/move_pepper/build install --record /home/student/pepper_ws/build/move_pepper/install.log --single-version-externally-managed install_data
