[0.388s] Invoking command in '/home/student/pepper_ws/build/pepper_autonomy': CMAKE_PREFIX_PATH=${CMAKE_PREFIX_PATH}:/home/student/ros2_ws/install/autonomous_tb3:/opt/ros/humble /usr/bin/cmake --build /home/student/pepper_ws/build/pepper_autonomy -- -j8 -l8
[0.514s] [ 33%] [32mBuilding CXX object CMakeFiles/autonomy_node.dir/src/navigation_behaviors.cpp.o[0m
[0.971s] In file included from [01m[K/home/student/pepper_ws/src/pepper_autonomy/include/navigation_behaviors.h:7[m[K,
[0.971s]                  from [01m[K/home/student/pepper_ws/src/pepper_autonomy/src/navigation_behaviors.cpp:1[m[K:
[0.971s] [01m[K/opt/ros/humble/include/tf2_geometry_msgs/tf2_geometry_msgs/tf2_geometry_msgs.h:35:2:[m[K [01;35m[Kwarning: [m[K#warning This header is obsolete, please include tf2_geometry_msgs/tf2_geometry_msgs.hpp instead [[01;35m[K]8;;https://gcc.gnu.org/onlinedocs/gcc/Warning-Options.html#index-Wcpp-Wcpp]8;;[m[K]
[0.972s]    35 | #[01;35m[Kwarning[m[K This header is obsolete, please include tf2_geometry_msgs/tf2_geometry_msgs.hpp instead
[0.972s]       |  [01;35m[K^~~~~~~[m[K
[3.828s] [01m[K/home/student/pepper_ws/src/pepper_autonomy/src/navigation_behaviors.cpp:18:6:[m[K [01;31m[Kerror: [m[Kno declaration matches ‘[01m[Kvoid GoToPose::setGoal(const std::vector<float>&)[m[K’
[3.828s]    18 | void [01;31m[KGoToPose[m[K::setGoal(const std::vector<float> &goal)
[3.828s]       |      [01;31m[K^~~~~~~~[m[K
[3.828s] [01m[K/home/student/pepper_ws/src/pepper_autonomy/src/navigation_behaviors.cpp:18:6:[m[K [01;36m[Knote: [m[Kno functions named ‘[01m[Kvoid GoToPose::setGoal(const std::vector<float>&)[m[K’
[3.828s] In file included from [01m[K/home/student/pepper_ws/src/pepper_autonomy/src/navigation_behaviors.cpp:1[m[K:
[3.828s] [01m[K/home/student/pepper_ws/src/pepper_autonomy/include/navigation_behaviors.h:9:7:[m[K [01;36m[Knote: [m[K‘[01m[Kclass GoToPose[m[K’ defined here
[3.828s]     9 | class [01;36m[KGoToPose[m[K : public BT::StatefulActionNode
[3.828s]       |       [01;36m[K^~~~~~~~[m[K
[3.834s] [01m[K/home/student/pepper_ws/src/pepper_autonomy/src/navigation_behaviors.cpp:[m[K In member function ‘[01m[Kvirtual BT::NodeStatus GoToPose::onStart()[m[K’:
[3.834s] [01m[K/home/student/pepper_ws/src/pepper_autonomy/src/navigation_behaviors.cpp:26:7:[m[K [01;31m[Kerror: [m[K‘[01m[Kgoal_[m[K’ was not declared in this scope
[3.834s]    26 |   if ([01;31m[Kgoal_[m[K.empty())
[3.834s]       |       [01;31m[K^~~~~[m[K
[3.850s] [01m[K/home/student/pepper_ws/src/pepper_autonomy/src/navigation_behaviors.cpp:39:35:[m[K [01;31m[Kerror: [m[K‘[01m[Kgoal_[m[K’ was not declared in this scope
[3.850s]    39 | oal_msg.pose.pose.position.x = [01;31m[Kgoal_[m[K[0];
[3.850s]       |                                [01;31m[K^~~~~[m[K
[3.850s] 
[3.855s] In file included from [01m[K/opt/ros/humble/include/rclcpp/rclcpp/logging.hpp:24[m[K,
[3.855s]                  from [01m[K/opt/ros/humble/include/rclcpp/rclcpp/client.hpp:40[m[K,
[3.855s]                  from [01m[K/opt/ros/humble/include/rclcpp/rclcpp/callback_group.hpp:24[m[K,
[3.855s]                  from [01m[K/opt/ros/humble/include/rclcpp/rclcpp/any_executable.hpp:20[m[K,
[3.855s]                  from [01m[K/opt/ros/humble/include/rclcpp/rclcpp/memory_strategy.hpp:25[m[K,
[3.855s]                  from [01m[K/opt/ros/humble/include/rclcpp/rclcpp/memory_strategies.hpp:18[m[K,
[3.855s]                  from [01m[K/opt/ros/humble/include/rclcpp/rclcpp/executor_options.hpp:20[m[K,
[3.856s]                  from [01m[K/opt/ros/humble/include/rclcpp/rclcpp/executor.hpp:37[m[K,
[3.856s]                  from [01m[K/opt/ros/humble/include/rclcpp/rclcpp/executors/multi_threaded_executor.hpp:25[m[K,
[3.856s]                  from [01m[K/opt/ros/humble/include/rclcpp/rclcpp/executors.hpp:21[m[K,
[3.856s]                  from [01m[K/opt/ros/humble/include/rclcpp/rclcpp/rclcpp.hpp:155[m[K,
[3.856s]                  from [01m[K/home/student/pepper_ws/src/pepper_autonomy/include/navigation_behaviors.h:1[m[K,
[3.856s]                  from [01m[K/home/student/pepper_ws/src/pepper_autonomy/src/navigation_behaviors.cpp:1[m[K:
[3.856s] [01m[K/home/student/pepper_ws/src/pepper_autonomy/src/navigation_behaviors.cpp:[m[K In member function ‘[01m[Kvirtual BT::NodeStatus GoToPose::onRunning()[m[K’:
[3.856s] [01m[K/home/student/pepper_ws/src/pepper_autonomy/src/navigation_behaviors.cpp:59:42:[m[K [01;35m[Kwarning: [m[Kformat ‘[01m[K%s[m[K’ expects argument of type ‘[01m[Kchar*[m[K’, but argument 5 has type ‘[01m[Kconst string[m[K’ {aka ‘[01m[Kconst std::__cxx11::basic_string<char>[m[K’} [[01;35m[K]8;;https://gcc.gnu.org/onlinedocs/gcc/Warning-Options.html#index-Wformat=-Wformat=]8;;[m[K]
[3.857s]    59 | NFO(node_ptr_->get_logger(), [01;35m[K"[%s] Goal reached\n"[m[K, this->name());
[3.857s]       |                              [01;35m[K^~~~~~~~~~~~~~~~~~~~~[m[K
[3.857s] 
[3.857s] [01m[K/home/student/pepper_ws/src/pepper_autonomy/src/navigation_behaviors.cpp:59:45:[m[K [01;36m[Knote: [m[Kformat string is defined here
[3.857s]    59 | (node_ptr_->get_logger(), "[[01;36m[K%s[m[K] Goal reached\n", this->name());
[3.857s]       |                             [01;36m[K~^[m[K
[3.857s]       |                              [01;36m[K|[m[K
[3.857s]       |                              [01;36m[Kchar*[m[K
[3.858s] 
[4.812s] gmake[2]: *** [CMakeFiles/autonomy_node.dir/build.make:90: CMakeFiles/autonomy_node.dir/src/navigation_behaviors.cpp.o] Error 1
[4.812s] gmake[1]: *** [CMakeFiles/Makefile2:137: CMakeFiles/autonomy_node.dir/all] Error 2
[4.812s] gmake: *** [Makefile:146: all] Error 2
[4.815s] Invoked command in '/home/student/pepper_ws/build/pepper_autonomy' returned '2': CMAKE_PREFIX_PATH=${CMAKE_PREFIX_PATH}:/home/student/ros2_ws/install/autonomous_tb3:/opt/ros/humble /usr/bin/cmake --build /home/student/pepper_ws/build/pepper_autonomy -- -j8 -l8
