[0.085s] Invoking command in '/home/student/pepper_ws/build/turtlebot3_navigation2': CMAKE_PREFIX_PATH=${CMAKE_PREFIX_PATH}:/home/student/pepper_ws/install/turtlebot3_teleop:/home/student/pepper_ws/install/turtlebot3_example:/home/student/pepper_ws/install/move_pepper:/home/student/ros2_ws/install/turtlebot3_teleop:/home/student/ros2_ws/install/turtlebot3_example:/home/student/ros2_ws/install/nav2_simple_commander:/home/student/ros2_ws/install/autonomous_tb3:/opt/ros/humble /usr/bin/cmake /home/student/pepper_ws/src/turtlebot3/turtlebot3/turtlebot3_navigation2 -DCMAKE_INSTALL_PREFIX=/home/student/pepper_ws/install/turtlebot3_navigation2
[0.501s] -- Found ament_cmake: 1.3.10 (/opt/ros/humble/share/ament_cmake/cmake)
[0.502s] -- Override CMake install command with custom implementation using symlinks instead of copying resources
[0.639s] -- Configuring done
[0.643s] -- Generating done
[0.645s] -- Build files have been written to: /home/student/pepper_ws/build/turtlebot3_navigation2
[0.652s] Invoked command in '/home/student/pepper_ws/build/turtlebot3_navigation2' returned '0': CMAKE_PREFIX_PATH=${CMAKE_PREFIX_PATH}:/home/student/pepper_ws/install/turtlebot3_teleop:/home/student/pepper_ws/install/turtlebot3_example:/home/student/pepper_ws/install/move_pepper:/home/student/ros2_ws/install/turtlebot3_teleop:/home/student/ros2_ws/install/turtlebot3_example:/home/student/ros2_ws/install/nav2_simple_commander:/home/student/ros2_ws/install/autonomous_tb3:/opt/ros/humble /usr/bin/cmake /home/student/pepper_ws/src/turtlebot3/turtlebot3/turtlebot3_navigation2 -DCMAKE_INSTALL_PREFIX=/home/student/pepper_ws/install/turtlebot3_navigation2
[0.655s] Invoking command in '/home/student/pepper_ws/build/turtlebot3_navigation2': CMAKE_PREFIX_PATH=${CMAKE_PREFIX_PATH}:/home/student/pepper_ws/install/turtlebot3_teleop:/home/student/pepper_ws/install/turtlebot3_example:/home/student/pepper_ws/install/move_pepper:/home/student/ros2_ws/install/turtlebot3_teleop:/home/student/ros2_ws/install/turtlebot3_example:/home/student/ros2_ws/install/nav2_simple_commander:/home/student/ros2_ws/install/autonomous_tb3:/opt/ros/humble /usr/bin/cmake --build /home/student/pepper_ws/build/turtlebot3_navigation2 -- -j8 -l8
[0.750s] Invoked command in '/home/student/pepper_ws/build/turtlebot3_navigation2' returned '0': CMAKE_PREFIX_PATH=${CMAKE_PREFIX_PATH}:/home/student/pepper_ws/install/turtlebot3_teleop:/home/student/pepper_ws/install/turtlebot3_example:/home/student/pepper_ws/install/move_pepper:/home/student/ros2_ws/install/turtlebot3_teleop:/home/student/ros2_ws/install/turtlebot3_example:/home/student/ros2_ws/install/nav2_simple_commander:/home/student/ros2_ws/install/autonomous_tb3:/opt/ros/humble /usr/bin/cmake --build /home/student/pepper_ws/build/turtlebot3_navigation2 -- -j8 -l8
[0.861s] Invoking command in '/home/student/pepper_ws/build/turtlebot3_navigation2': CMAKE_PREFIX_PATH=${CMAKE_PREFIX_PATH}:/home/student/pepper_ws/install/turtlebot3_teleop:/home/student/pepper_ws/install/turtlebot3_example:/home/student/pepper_ws/install/move_pepper:/home/student/ros2_ws/install/turtlebot3_teleop:/home/student/ros2_ws/install/turtlebot3_example:/home/student/ros2_ws/install/nav2_simple_commander:/home/student/ros2_ws/install/autonomous_tb3:/opt/ros/humble /usr/bin/cmake --install /home/student/pepper_ws/build/turtlebot3_navigation2
[0.874s] -- Install configuration: ""
[0.874s] -- Execute custom install script
[0.875s] -- Up-to-date symlink: /home/student/pepper_ws/install/turtlebot3_navigation2/share/turtlebot3_navigation2/launch/navigation2.launch.py
[0.875s] -- Up-to-date symlink: /home/student/pepper_ws/install/turtlebot3_navigation2/share/turtlebot3_navigation2/map/map.pgm
[0.876s] -- Up-to-date symlink: /home/student/pepper_ws/install/turtlebot3_navigation2/share/turtlebot3_navigation2/map/map.yaml
[0.877s] -- Up-to-date symlink: /home/student/pepper_ws/install/turtlebot3_navigation2/share/turtlebot3_navigation2/param/burger.yaml
[0.877s] -- Up-to-date symlink: /home/student/pepper_ws/install/turtlebot3_navigation2/share/turtlebot3_navigation2/param/waffle.yaml
[0.880s] -- Up-to-date symlink: /home/student/pepper_ws/install/turtlebot3_navigation2/share/turtlebot3_navigation2/param/waffle_pi.yaml
[0.880s] -- Up-to-date symlink: /home/student/pepper_ws/install/turtlebot3_navigation2/share/turtlebot3_navigation2/rviz/tb3_navigation2.rviz
[0.881s] -- Up-to-date symlink: /home/student/pepper_ws/install/turtlebot3_navigation2/share/ament_index/resource_index/package_run_dependencies/turtlebot3_navigation2
[0.881s] -- Up-to-date symlink: /home/student/pepper_ws/install/turtlebot3_navigation2/share/ament_index/resource_index/parent_prefix_path/turtlebot3_navigation2
[0.881s] -- Up-to-date symlink: /home/student/pepper_ws/install/turtlebot3_navigation2/share/turtlebot3_navigation2/environment/ament_prefix_path.sh
[0.881s] -- Up-to-date symlink: /home/student/pepper_ws/install/turtlebot3_navigation2/share/turtlebot3_navigation2/environment/ament_prefix_path.dsv
[0.882s] -- Up-to-date symlink: /home/student/pepper_ws/install/turtlebot3_navigation2/share/turtlebot3_navigation2/environment/path.sh
[0.882s] -- Up-to-date symlink: /home/student/pepper_ws/install/turtlebot3_navigation2/share/turtlebot3_navigation2/environment/path.dsv
[0.882s] -- Up-to-date symlink: /home/student/pepper_ws/install/turtlebot3_navigation2/share/turtlebot3_navigation2/local_setup.bash
[0.882s] -- Up-to-date symlink: /home/student/pepper_ws/install/turtlebot3_navigation2/share/turtlebot3_navigation2/local_setup.sh
[0.882s] -- Up-to-date symlink: /home/student/pepper_ws/install/turtlebot3_navigation2/share/turtlebot3_navigation2/local_setup.zsh
[0.883s] -- Up-to-date symlink: /home/student/pepper_ws/install/turtlebot3_navigation2/share/turtlebot3_navigation2/local_setup.dsv
[0.883s] -- Symlinking: /home/student/pepper_ws/install/turtlebot3_navigation2/share/turtlebot3_navigation2/package.dsv
[0.901s] -- Up-to-date symlink: /home/student/pepper_ws/install/turtlebot3_navigation2/share/ament_index/resource_index/packages/turtlebot3_navigation2
[0.902s] -- Up-to-date symlink: /home/student/pepper_ws/install/turtlebot3_navigation2/share/turtlebot3_navigation2/cmake/turtlebot3_navigation2Config.cmake
[0.902s] -- Up-to-date symlink: /home/student/pepper_ws/install/turtlebot3_navigation2/share/turtlebot3_navigation2/cmake/turtlebot3_navigation2Config-version.cmake
[0.902s] -- Up-to-date symlink: /home/student/pepper_ws/install/turtlebot3_navigation2/share/turtlebot3_navigation2/package.xml
[0.906s] Invoked command in '/home/student/pepper_ws/build/turtlebot3_navigation2' returned '0': CMAKE_PREFIX_PATH=${CMAKE_PREFIX_PATH}:/home/student/pepper_ws/install/turtlebot3_teleop:/home/student/pepper_ws/install/turtlebot3_example:/home/student/pepper_ws/install/move_pepper:/home/student/ros2_ws/install/turtlebot3_teleop:/home/student/ros2_ws/install/turtlebot3_example:/home/student/ros2_ws/install/nav2_simple_commander:/home/student/ros2_ws/install/autonomous_tb3:/opt/ros/humble /usr/bin/cmake --install /home/student/pepper_ws/build/turtlebot3_navigation2
