[0.427s] Invoking command in '/home/student/pepper_ws/build/turtlebot3_fake_node': AMENT_PREFIX_PATH=/home/student/pepper_ws/install/turtlebot3_msgs:${AMENT_PREFIX_PATH} CMAKE_PREFIX_PATH=/home/student/pepper_ws/install/turtlebot3_msgs:/home/student/ros2_ws/install/peppabot:/home/student/ros2_ws/install/laser_scan_processor:/home/student/ros2_ws/install/gazebo_map_creator:/home/student/ros2_ws/install/gazebo_map_creator_interface:/home/student/ros2_ws/install/cylindrical_object_detector:/home/student/ros2_ws/install/autonomous_tb3:/opt/ros/humble LD_LIBRARY_PATH=/home/student/pepper_ws/install/turtlebot3_msgs/lib:/home/student/ros2_ws/install/gazebo_map_creator/lib:/home/student/ros2_ws/install/gazebo_map_creator_interface/lib:/usr/lib/x86_64-linux-gnu/gazebo-11/plugins:/opt/ros/humble/opt/rviz_ogre_vendor/lib:/opt/ros/humble/lib/x86_64-linux-gnu:/opt/ros/humble/lib:/usr/lib/x86_64-linux-gnu/gazebo-11/plugins:/usr/lib/x86_64-linux-gnu/gazebo-11/plugins:/usr/lib/x86_64-linux-gnu/gazebo-11/plugins PYTHONPATH=/home/student/pepper_ws/install/turtlebot3_msgs/local/lib/python3.10/dist-packages:${PYTHONPATH} /usr/bin/cmake --build /home/student/pepper_ws/build/turtlebot3_fake_node -- -j8 -l8
[0.527s] [100%] Built target turtlebot3_fake_node
[0.553s] Invoked command in '/home/student/pepper_ws/build/turtlebot3_fake_node' returned '0': AMENT_PREFIX_PATH=/home/student/pepper_ws/install/turtlebot3_msgs:${AMENT_PREFIX_PATH} CMAKE_PREFIX_PATH=/home/student/pepper_ws/install/turtlebot3_msgs:/home/student/ros2_ws/install/peppabot:/home/student/ros2_ws/install/laser_scan_processor:/home/student/ros2_ws/install/gazebo_map_creator:/home/student/ros2_ws/install/gazebo_map_creator_interface:/home/student/ros2_ws/install/cylindrical_object_detector:/home/student/ros2_ws/install/autonomous_tb3:/opt/ros/humble LD_LIBRARY_PATH=/home/student/pepper_ws/install/turtlebot3_msgs/lib:/home/student/ros2_ws/install/gazebo_map_creator/lib:/home/student/ros2_ws/install/gazebo_map_creator_interface/lib:/usr/lib/x86_64-linux-gnu/gazebo-11/plugins:/opt/ros/humble/opt/rviz_ogre_vendor/lib:/opt/ros/humble/lib/x86_64-linux-gnu:/opt/ros/humble/lib:/usr/lib/x86_64-linux-gnu/gazebo-11/plugins:/usr/lib/x86_64-linux-gnu/gazebo-11/plugins:/usr/lib/x86_64-linux-gnu/gazebo-11/plugins PYTHONPATH=/home/student/pepper_ws/install/turtlebot3_msgs/local/lib/python3.10/dist-packages:${PYTHONPATH} /usr/bin/cmake --build /home/student/pepper_ws/build/turtlebot3_fake_node -- -j8 -l8
[0.630s] Invoking command in '/home/student/pepper_ws/build/turtlebot3_fake_node': AMENT_PREFIX_PATH=/home/student/pepper_ws/install/turtlebot3_msgs:${AMENT_PREFIX_PATH} CMAKE_PREFIX_PATH=/home/student/pepper_ws/install/turtlebot3_msgs:/home/student/ros2_ws/install/peppabot:/home/student/ros2_ws/install/laser_scan_processor:/home/student/ros2_ws/install/gazebo_map_creator:/home/student/ros2_ws/install/gazebo_map_creator_interface:/home/student/ros2_ws/install/cylindrical_object_detector:/home/student/ros2_ws/install/autonomous_tb3:/opt/ros/humble LD_LIBRARY_PATH=/home/student/pepper_ws/install/turtlebot3_msgs/lib:/home/student/ros2_ws/install/gazebo_map_creator/lib:/home/student/ros2_ws/install/gazebo_map_creator_interface/lib:/usr/lib/x86_64-linux-gnu/gazebo-11/plugins:/opt/ros/humble/opt/rviz_ogre_vendor/lib:/opt/ros/humble/lib/x86_64-linux-gnu:/opt/ros/humble/lib:/usr/lib/x86_64-linux-gnu/gazebo-11/plugins:/usr/lib/x86_64-linux-gnu/gazebo-11/plugins:/usr/lib/x86_64-linux-gnu/gazebo-11/plugins PYTHONPATH=/home/student/pepper_ws/install/turtlebot3_msgs/local/lib/python3.10/dist-packages:${PYTHONPATH} /usr/bin/cmake --install /home/student/pepper_ws/build/turtlebot3_fake_node
[0.655s] -- Install configuration: ""
[0.655s] -- Execute custom install script
[0.655s] -- Up-to-date symlink: /home/student/pepper_ws/install/turtlebot3_fake_node/lib/turtlebot3_fake_node/turtlebot3_fake_node
[0.656s] -- Up-to-date symlink: /home/student/pepper_ws/install/turtlebot3_fake_node/share/turtlebot3_fake_node/launch/rviz2.launch.py
[0.656s] -- Up-to-date symlink: /home/student/pepper_ws/install/turtlebot3_fake_node/share/turtlebot3_fake_node/launch/turtlebot3_fake_node.launch.py
[0.656s] -- Up-to-date symlink: /home/student/pepper_ws/install/turtlebot3_fake_node/share/turtlebot3_fake_node/param/burger.yaml
[0.656s] -- Up-to-date symlink: /home/student/pepper_ws/install/turtlebot3_fake_node/share/turtlebot3_fake_node/param/waffle.yaml
[0.656s] -- Up-to-date symlink: /home/student/pepper_ws/install/turtlebot3_fake_node/share/turtlebot3_fake_node/param/waffle_pi.yaml
[0.657s] -- Up-to-date symlink: /home/student/pepper_ws/install/turtlebot3_fake_node/include//turtlebot3_fake_node/turtlebot3_fake_node.hpp
[0.657s] -- Up-to-date symlink: /home/student/pepper_ws/install/turtlebot3_fake_node/share/ament_index/resource_index/package_run_dependencies/turtlebot3_fake_node
[0.668s] -- Up-to-date symlink: /home/student/pepper_ws/install/turtlebot3_fake_node/share/ament_index/resource_index/parent_prefix_path/turtlebot3_fake_node
[0.669s] -- Up-to-date symlink: /home/student/pepper_ws/install/turtlebot3_fake_node/share/turtlebot3_fake_node/environment/ament_prefix_path.sh
[0.669s] -- Up-to-date symlink: /home/student/pepper_ws/install/turtlebot3_fake_node/share/turtlebot3_fake_node/environment/ament_prefix_path.dsv
[0.669s] -- Up-to-date symlink: /home/student/pepper_ws/install/turtlebot3_fake_node/share/turtlebot3_fake_node/environment/path.sh
[0.669s] -- Up-to-date symlink: /home/student/pepper_ws/install/turtlebot3_fake_node/share/turtlebot3_fake_node/environment/path.dsv
[0.669s] -- Up-to-date symlink: /home/student/pepper_ws/install/turtlebot3_fake_node/share/turtlebot3_fake_node/local_setup.bash
[0.670s] -- Up-to-date symlink: /home/student/pepper_ws/install/turtlebot3_fake_node/share/turtlebot3_fake_node/local_setup.sh
[0.670s] -- Up-to-date symlink: /home/student/pepper_ws/install/turtlebot3_fake_node/share/turtlebot3_fake_node/local_setup.zsh
[0.670s] -- Up-to-date symlink: /home/student/pepper_ws/install/turtlebot3_fake_node/share/turtlebot3_fake_node/local_setup.dsv
[0.670s] -- Symlinking: /home/student/pepper_ws/install/turtlebot3_fake_node/share/turtlebot3_fake_node/package.dsv
[0.694s] -- Up-to-date symlink: /home/student/pepper_ws/install/turtlebot3_fake_node/share/ament_index/resource_index/packages/turtlebot3_fake_node
[0.694s] -- Up-to-date symlink: /home/student/pepper_ws/install/turtlebot3_fake_node/share/turtlebot3_fake_node/cmake/ament_cmake_export_include_directories-extras.cmake
[0.697s] -- Up-to-date symlink: /home/student/pepper_ws/install/turtlebot3_fake_node/share/turtlebot3_fake_node/cmake/ament_cmake_export_dependencies-extras.cmake
[0.697s] -- Up-to-date symlink: /home/student/pepper_ws/install/turtlebot3_fake_node/share/turtlebot3_fake_node/cmake/turtlebot3_fake_nodeConfig.cmake
[0.697s] -- Up-to-date symlink: /home/student/pepper_ws/install/turtlebot3_fake_node/share/turtlebot3_fake_node/cmake/turtlebot3_fake_nodeConfig-version.cmake
[0.698s] -- Up-to-date symlink: /home/student/pepper_ws/install/turtlebot3_fake_node/share/turtlebot3_fake_node/package.xml
[0.703s] Invoked command in '/home/student/pepper_ws/build/turtlebot3_fake_node' returned '0': AMENT_PREFIX_PATH=/home/student/pepper_ws/install/turtlebot3_msgs:${AMENT_PREFIX_PATH} CMAKE_PREFIX_PATH=/home/student/pepper_ws/install/turtlebot3_msgs:/home/student/ros2_ws/install/peppabot:/home/student/ros2_ws/install/laser_scan_processor:/home/student/ros2_ws/install/gazebo_map_creator:/home/student/ros2_ws/install/gazebo_map_creator_interface:/home/student/ros2_ws/install/cylindrical_object_detector:/home/student/ros2_ws/install/autonomous_tb3:/opt/ros/humble LD_LIBRARY_PATH=/home/student/pepper_ws/install/turtlebot3_msgs/lib:/home/student/ros2_ws/install/gazebo_map_creator/lib:/home/student/ros2_ws/install/gazebo_map_creator_interface/lib:/usr/lib/x86_64-linux-gnu/gazebo-11/plugins:/opt/ros/humble/opt/rviz_ogre_vendor/lib:/opt/ros/humble/lib/x86_64-linux-gnu:/opt/ros/humble/lib:/usr/lib/x86_64-linux-gnu/gazebo-11/plugins:/usr/lib/x86_64-linux-gnu/gazebo-11/plugins:/usr/lib/x86_64-linux-gnu/gazebo-11/plugins PYTHONPATH=/home/student/pepper_ws/install/turtlebot3_msgs/local/lib/python3.10/dist-packages:${PYTHONPATH} /usr/bin/cmake --install /home/student/pepper_ws/build/turtlebot3_fake_node
