[1.509s] Invoking command in '/home/student/pepper_ws/src/turtlebot3/turtlebot3/turtlebot3_teleop': PYTHONPATH=/home/student/pepper_ws/build/turtlebot3_teleop/prefix_override:/usr/lib/python3/dist-packages/colcon_core/task/python/colcon_distutils_commands:/home/student/pepper_ws/install/turtlebot3_teleop/lib/python3.10/site-packages:${PYTHONPATH} /usr/bin/python3 -W ignore:setup.py install is deprecated setup.py egg_info --egg-base ../../../../build/turtlebot3_teleop build --build-base /home/student/pepper_ws/build/turtlebot3_teleop/build install --record /home/student/pepper_ws/build/turtlebot3_teleop/install.log --single-version-externally-managed install_data
[2.010s] running egg_info
[2.017s] creating ../../../../build/turtlebot3_teleop/turtlebot3_teleop.egg-info
[2.019s] writing ../../../../build/turtlebot3_teleop/turtlebot3_teleop.egg-info/PKG-INFO
[2.019s] writing dependency_links to ../../../../build/turtlebot3_teleop/turtlebot3_teleop.egg-info/dependency_links.txt
[2.019s] writing entry points to ../../../../build/turtlebot3_teleop/turtlebot3_teleop.egg-info/entry_points.txt
[2.019s] writing requirements to ../../../../build/turtlebot3_teleop/turtlebot3_teleop.egg-info/requires.txt
[2.019s] writing top-level names to ../../../../build/turtlebot3_teleop/turtlebot3_teleop.egg-info/top_level.txt
[2.019s] writing manifest file '../../../../build/turtlebot3_teleop/turtlebot3_teleop.egg-info/SOURCES.txt'
[2.020s] reading manifest file '../../../../build/turtlebot3_teleop/turtlebot3_teleop.egg-info/SOURCES.txt'
[2.020s] writing manifest file '../../../../build/turtlebot3_teleop/turtlebot3_teleop.egg-info/SOURCES.txt'
[2.020s] running build
[2.020s] running build_py
[2.020s] creating /home/student/pepper_ws/build/turtlebot3_teleop/build
[2.021s] creating /home/student/pepper_ws/build/turtlebot3_teleop/build/lib
[2.021s] creating /home/student/pepper_ws/build/turtlebot3_teleop/build/lib/turtlebot3_teleop
[2.021s] copying turtlebot3_teleop/__init__.py -> /home/student/pepper_ws/build/turtlebot3_teleop/build/lib/turtlebot3_teleop
[2.022s] creating /home/student/pepper_ws/build/turtlebot3_teleop/build/lib/turtlebot3_teleop/script
[2.022s] copying turtlebot3_teleop/script/__init__.py -> /home/student/pepper_ws/build/turtlebot3_teleop/build/lib/turtlebot3_teleop/script
[2.022s] copying turtlebot3_teleop/script/teleop_keyboard.py -> /home/student/pepper_ws/build/turtlebot3_teleop/build/lib/turtlebot3_teleop/script
[2.022s] running install
[2.022s] running install_lib
[2.024s] creating /home/student/pepper_ws/install/turtlebot3_teleop/lib/python3.10/site-packages/turtlebot3_teleop
[2.024s] copying /home/student/pepper_ws/build/turtlebot3_teleop/build/lib/turtlebot3_teleop/__init__.py -> /home/student/pepper_ws/install/turtlebot3_teleop/lib/python3.10/site-packages/turtlebot3_teleop
[2.024s] creating /home/student/pepper_ws/install/turtlebot3_teleop/lib/python3.10/site-packages/turtlebot3_teleop/script
[2.024s] copying /home/student/pepper_ws/build/turtlebot3_teleop/build/lib/turtlebot3_teleop/script/__init__.py -> /home/student/pepper_ws/install/turtlebot3_teleop/lib/python3.10/site-packages/turtlebot3_teleop/script
[2.025s] copying /home/student/pepper_ws/build/turtlebot3_teleop/build/lib/turtlebot3_teleop/script/teleop_keyboard.py -> /home/student/pepper_ws/install/turtlebot3_teleop/lib/python3.10/site-packages/turtlebot3_teleop/script
[2.025s] byte-compiling /home/student/pepper_ws/install/turtlebot3_teleop/lib/python3.10/site-packages/turtlebot3_teleop/__init__.py to __init__.cpython-310.pyc
[2.025s] byte-compiling /home/student/pepper_ws/install/turtlebot3_teleop/lib/python3.10/site-packages/turtlebot3_teleop/script/__init__.py to __init__.cpython-310.pyc
[2.025s] byte-compiling /home/student/pepper_ws/install/turtlebot3_teleop/lib/python3.10/site-packages/turtlebot3_teleop/script/teleop_keyboard.py to teleop_keyboard.cpython-310.pyc
[2.026s] running install_data
[2.029s] creating /home/student/pepper_ws/install/turtlebot3_teleop/share/ament_index
[2.030s] creating /home/student/pepper_ws/install/turtlebot3_teleop/share/ament_index/resource_index
[2.034s] creating /home/student/pepper_ws/install/turtlebot3_teleop/share/ament_index/resource_index/packages
[2.034s] copying resource/turtlebot3_teleop -> /home/student/pepper_ws/install/turtlebot3_teleop/share/ament_index/resource_index/packages
[2.034s] copying package.xml -> /home/student/pepper_ws/install/turtlebot3_teleop/share/turtlebot3_teleop
[2.034s] running install_egg_info
[2.035s] Copying ../../../../build/turtlebot3_teleop/turtlebot3_teleop.egg-info to /home/student/pepper_ws/install/turtlebot3_teleop/lib/python3.10/site-packages/turtlebot3_teleop-2.1.5-py3.10.egg-info
[2.035s] running install_scripts
[2.061s] Installing teleop_keyboard script to /home/student/pepper_ws/install/turtlebot3_teleop/lib/turtlebot3_teleop
[2.062s] writing list of installed files to '/home/student/pepper_ws/build/turtlebot3_teleop/install.log'
[2.125s] Invoked command in '/home/student/pepper_ws/src/turtlebot3/turtlebot3/turtlebot3_teleop' returned '0': PYTHONPATH=/home/student/pepper_ws/build/turtlebot3_teleop/prefix_override:/usr/lib/python3/dist-packages/colcon_core/task/python/colcon_distutils_commands:/home/student/pepper_ws/install/turtlebot3_teleop/lib/python3.10/site-packages:${PYTHONPATH} /usr/bin/python3 -W ignore:setup.py install is deprecated setup.py egg_info --egg-base ../../../../build/turtlebot3_teleop build --build-base /home/student/pepper_ws/build/turtlebot3_teleop/build install --record /home/student/pepper_ws/build/turtlebot3_teleop/install.log --single-version-externally-managed install_data
