running develop
running egg_info
creating move_pepper.egg-info
writing move_pepper.egg-info/PKG-INFO
writing dependency_links to move_pepper.egg-info/dependency_links.txt
writing entry points to move_pepper.egg-info/entry_points.txt
writing requirements to move_pepper.egg-info/requires.txt
writing top-level names to move_pepper.egg-info/top_level.txt
writing manifest file 'move_pepper.egg-info/SOURCES.txt'
reading manifest file 'move_pepper.egg-info/SOURCES.txt'
writing manifest file 'move_pepper.egg-info/SOURCES.txt'
running build_ext
Creating /home/student/pepper_ws/install/move_pepper/lib/python3.10/site-packages/move-pepper.egg-link (link to .)
Installing amcl_init_pose_publisher script to /home/student/pepper_ws/install/move_pepper/lib/move_pepper

Installed /home/student/pepper_ws/build/move_pepper
running symlink_data
creating /home/student/pepper_ws/install/move_pepper/share/ament_index
creating /home/student/pepper_ws/install/move_pepper/share/ament_index/resource_index
creating /home/student/pepper_ws/install/move_pepper/share/ament_index/resource_index/packages
symbolically linking /home/student/pepper_ws/build/move_pepper/resource/move_pepper -> /home/student/pepper_ws/install/move_pepper/share/ament_index/resource_index/packages
symbolically linking /home/student/pepper_ws/build/move_pepper/package.xml -> /home/student/pepper_ws/install/move_pepper/share/move_pepper
symbolically linking /home/student/pepper_ws/build/move_pepper/launch/library4.launch.py -> /home/student/pepper_ws/install/move_pepper/share/move_pepper
symbolically linking /home/student/pepper_ws/build/move_pepper/launch/nav2.launch.py -> /home/student/pepper_ws/install/move_pepper/share/move_pepper
creating /home/student/pepper_ws/install/move_pepper/share/move_pepper/config
creating /home/student/pepper_ws/install/move_pepper/share/move_pepper/maps
symbolically linking /home/student/pepper_ws/build/move_pepper/maps/map.yaml -> /home/student/pepper_ws/install/move_pepper/share/move_pepper/maps/
symbolically linking /home/student/pepper_ws/build/move_pepper/maps/map.pgm -> /home/student/pepper_ws/install/move_pepper/share/move_pepper/maps/
