[1.328s] Invoking command in '/home/student/pepper_ws/build/move_pepper': PYTHONPATH=/home/student/pepper_ws/build/move_pepper/prefix_override:/usr/lib/python3/dist-packages/colcon_core/task/python/colcon_distutils_commands:/home/student/pepper_ws/install/move_pepper/lib/python3.10/site-packages:${PYTHONPATH} /usr/bin/python3 -W ignore:setup.py install is deprecated setup.py develop --editable --build-directory /home/student/pepper_ws/build/move_pepper/build --no-deps symlink_data
[1.719s] running develop
[1.719s] /usr/lib/python3/dist-packages/setuptools/command/easy_install.py:158: EasyInstallDeprecationWarning: easy_install command is deprecated. Use build and pip and other standards-based tools.
[1.719s]   warnings.warn(
[2.032s] running egg_info
[2.032s] creating move_pepper.egg-info
[2.033s] writing move_pepper.egg-info/PKG-INFO
[2.033s] writing dependency_links to move_pepper.egg-info/dependency_links.txt
[2.033s] writing entry points to move_pepper.egg-info/entry_points.txt
[2.033s] writing requirements to move_pepper.egg-info/requires.txt
[2.033s] writing top-level names to move_pepper.egg-info/top_level.txt
[2.034s] writing manifest file 'move_pepper.egg-info/SOURCES.txt'
[2.036s] reading manifest file 'move_pepper.egg-info/SOURCES.txt'
[2.037s] writing manifest file 'move_pepper.egg-info/SOURCES.txt'
[2.039s] running build_ext
[2.039s] Creating /home/student/pepper_ws/install/move_pepper/lib/python3.10/site-packages/move-pepper.egg-link (link to .)
[2.040s] Installing amcl_init_pose_publisher script to /home/student/pepper_ws/install/move_pepper/lib/move_pepper
[2.041s] 
[2.041s] Installed /home/student/pepper_ws/build/move_pepper
[2.041s] running symlink_data
[2.041s] creating /home/student/pepper_ws/install/move_pepper/share/ament_index
[2.041s] creating /home/student/pepper_ws/install/move_pepper/share/ament_index/resource_index
[2.041s] creating /home/student/pepper_ws/install/move_pepper/share/ament_index/resource_index/packages
[2.041s] symbolically linking /home/student/pepper_ws/build/move_pepper/resource/move_pepper -> /home/student/pepper_ws/install/move_pepper/share/ament_index/resource_index/packages
[2.041s] symbolically linking /home/student/pepper_ws/build/move_pepper/package.xml -> /home/student/pepper_ws/install/move_pepper/share/move_pepper
[2.042s] symbolically linking /home/student/pepper_ws/build/move_pepper/launch/library4.launch.py -> /home/student/pepper_ws/install/move_pepper/share/move_pepper
[2.042s] symbolically linking /home/student/pepper_ws/build/move_pepper/launch/nav2.launch.py -> /home/student/pepper_ws/install/move_pepper/share/move_pepper
[2.042s] creating /home/student/pepper_ws/install/move_pepper/share/move_pepper/config
[2.042s] creating /home/student/pepper_ws/install/move_pepper/share/move_pepper/maps
[2.042s] symbolically linking /home/student/pepper_ws/build/move_pepper/maps/map.yaml -> /home/student/pepper_ws/install/move_pepper/share/move_pepper/maps/
[2.042s] symbolically linking /home/student/pepper_ws/build/move_pepper/maps/map.pgm -> /home/student/pepper_ws/install/move_pepper/share/move_pepper/maps/
[2.084s] Invoked command in '/home/student/pepper_ws/build/move_pepper' returned '0': PYTHONPATH=/home/student/pepper_ws/build/move_pepper/prefix_override:/usr/lib/python3/dist-packages/colcon_core/task/python/colcon_distutils_commands:/home/student/pepper_ws/install/move_pepper/lib/python3.10/site-packages:${PYTHONPATH} /usr/bin/python3 -W ignore:setup.py install is deprecated setup.py develop --editable --build-directory /home/student/pepper_ws/build/move_pepper/build --no-deps symlink_data
