[35m[1mConsolidate compiler generated dependencies of target autonomy_node[0m
[100%] Built target autonomy_node
-- Install configuration: ""
-- Up-to-date: /home/student/pepper_ws/install/pepper_autonomy/share/pepper_autonomy/bt_xml
-- Up-to-date: /home/student/pepper_ws/install/pepper_autonomy/share/pepper_autonomy/bt_xml/tree.xml
-- Installing: /home/student/pepper_ws/install/pepper_autonomy/share/pepper_autonomy/launch
-- Installing: /home/student/pepper_ws/install/pepper_autonomy/share/pepper_autonomy/launch/anutonomy.launch.py
-- Installing: /home/student/pepper_ws/install/pepper_autonomy/lib/pepper_autonomy/autonomy_node
-- Set runtime path of "/home/student/pepper_ws/install/pepper_autonomy/lib/pepper_autonomy/autonomy_node" to ""
-- Installing: /home/student/pepper_ws/install/pepper_autonomy/share/ament_index/resource_index/package_run_dependencies/pepper_autonomy
-- Installing: /home/student/pepper_ws/install/pepper_autonomy/share/ament_index/resource_index/parent_prefix_path/pepper_autonomy
-- Installing: /home/student/pepper_ws/install/pepper_autonomy/share/pepper_autonomy/environment/ament_prefix_path.sh
-- Installing: /home/student/pepper_ws/install/pepper_autonomy/share/pepper_autonomy/environment/ament_prefix_path.dsv
-- Installing: /home/student/pepper_ws/install/pepper_autonomy/share/pepper_autonomy/environment/path.sh
-- Installing: /home/student/pepper_ws/install/pepper_autonomy/share/pepper_autonomy/environment/path.dsv
-- Installing: /home/student/pepper_ws/install/pepper_autonomy/share/pepper_autonomy/local_setup.bash
-- Installing: /home/student/pepper_ws/install/pepper_autonomy/share/pepper_autonomy/local_setup.sh
-- Installing: /home/student/pepper_ws/install/pepper_autonomy/share/pepper_autonomy/local_setup.zsh
-- Installing: /home/student/pepper_ws/install/pepper_autonomy/share/pepper_autonomy/local_setup.dsv
-- Installing: /home/student/pepper_ws/install/pepper_autonomy/share/pepper_autonomy/package.dsv
-- Installing: /home/student/pepper_ws/install/pepper_autonomy/share/ament_index/resource_index/packages/pepper_autonomy
-- Installing: /home/student/pepper_ws/install/pepper_autonomy/share/pepper_autonomy/cmake/pepper_autonomyConfig.cmake
-- Installing: /home/student/pepper_ws/install/pepper_autonomy/share/pepper_autonomy/cmake/pepper_autonomyConfig-version.cmake
-- Installing: /home/student/pepper_ws/install/pepper_autonomy/share/pepper_autonomy/package.xml
