[0.713s] Invoking command in '/home/student/pepper_ws/build/pepper_autonomy': CMAKE_PREFIX_PATH=${CMAKE_PREFIX_PATH}:/home/student/pepper_ws/install/turtlebot3_teleop:/home/student/pepper_ws/install/turtlebot3_example:/home/student/pepper_ws/install/move_pepper:/home/student/ros2_ws/install/turtlebot3_teleop:/home/student/ros2_ws/install/turtlebot3_example:/home/student/ros2_ws/install/nav2_simple_commander:/home/student/ros2_ws/install/autonomous_tb3:/opt/ros/humble /usr/bin/cmake --build /home/student/pepper_ws/build/pepper_autonomy -- -j8 -l8
[0.799s] [35m[1mConsolidate compiler generated dependencies of target autonomy_node[0m
[0.873s] [100%] Built target autonomy_node
[0.895s] Invoked command in '/home/student/pepper_ws/build/pepper_autonomy' returned '0': CMAKE_PREFIX_PATH=${CMAKE_PREFIX_PATH}:/home/student/pepper_ws/install/turtlebot3_teleop:/home/student/pepper_ws/install/turtlebot3_example:/home/student/pepper_ws/install/move_pepper:/home/student/ros2_ws/install/turtlebot3_teleop:/home/student/ros2_ws/install/turtlebot3_example:/home/student/ros2_ws/install/nav2_simple_commander:/home/student/ros2_ws/install/autonomous_tb3:/opt/ros/humble /usr/bin/cmake --build /home/student/pepper_ws/build/pepper_autonomy -- -j8 -l8
[0.982s] Invoking command in '/home/student/pepper_ws/build/pepper_autonomy': CMAKE_PREFIX_PATH=${CMAKE_PREFIX_PATH}:/home/student/pepper_ws/install/turtlebot3_teleop:/home/student/pepper_ws/install/turtlebot3_example:/home/student/pepper_ws/install/move_pepper:/home/student/ros2_ws/install/turtlebot3_teleop:/home/student/ros2_ws/install/turtlebot3_example:/home/student/ros2_ws/install/nav2_simple_commander:/home/student/ros2_ws/install/autonomous_tb3:/opt/ros/humble /usr/bin/cmake --install /home/student/pepper_ws/build/pepper_autonomy
[0.994s] -- Install configuration: ""
[0.995s] -- Up-to-date: /home/student/pepper_ws/install/pepper_autonomy/share/pepper_autonomy/bt_xml
[0.995s] -- Up-to-date: /home/student/pepper_ws/install/pepper_autonomy/share/pepper_autonomy/bt_xml/tree.xml
[0.995s] -- Installing: /home/student/pepper_ws/install/pepper_autonomy/share/pepper_autonomy/launch
[0.996s] -- Installing: /home/student/pepper_ws/install/pepper_autonomy/share/pepper_autonomy/launch/anutonomy.launch.py
[0.996s] -- Installing: /home/student/pepper_ws/install/pepper_autonomy/lib/pepper_autonomy/autonomy_node
[0.998s] -- Set runtime path of "/home/student/pepper_ws/install/pepper_autonomy/lib/pepper_autonomy/autonomy_node" to ""
[0.998s] -- Installing: /home/student/pepper_ws/install/pepper_autonomy/share/ament_index/resource_index/package_run_dependencies/pepper_autonomy
[0.998s] -- Installing: /home/student/pepper_ws/install/pepper_autonomy/share/ament_index/resource_index/parent_prefix_path/pepper_autonomy
[0.999s] -- Installing: /home/student/pepper_ws/install/pepper_autonomy/share/pepper_autonomy/environment/ament_prefix_path.sh
[0.999s] -- Installing: /home/student/pepper_ws/install/pepper_autonomy/share/pepper_autonomy/environment/ament_prefix_path.dsv
[1.000s] -- Installing: /home/student/pepper_ws/install/pepper_autonomy/share/pepper_autonomy/environment/path.sh
[1.000s] -- Installing: /home/student/pepper_ws/install/pepper_autonomy/share/pepper_autonomy/environment/path.dsv
[1.000s] -- Installing: /home/student/pepper_ws/install/pepper_autonomy/share/pepper_autonomy/local_setup.bash
[1.004s] -- Installing: /home/student/pepper_ws/install/pepper_autonomy/share/pepper_autonomy/local_setup.sh
[1.004s] -- Installing: /home/student/pepper_ws/install/pepper_autonomy/share/pepper_autonomy/local_setup.zsh
[1.004s] -- Installing: /home/student/pepper_ws/install/pepper_autonomy/share/pepper_autonomy/local_setup.dsv
[1.004s] -- Installing: /home/student/pepper_ws/install/pepper_autonomy/share/pepper_autonomy/package.dsv
[1.004s] -- Installing: /home/student/pepper_ws/install/pepper_autonomy/share/ament_index/resource_index/packages/pepper_autonomy
[1.005s] -- Installing: /home/student/pepper_ws/install/pepper_autonomy/share/pepper_autonomy/cmake/pepper_autonomyConfig.cmake
[1.005s] -- Installing: /home/student/pepper_ws/install/pepper_autonomy/share/pepper_autonomy/cmake/pepper_autonomyConfig-version.cmake
[1.005s] -- Installing: /home/student/pepper_ws/install/pepper_autonomy/share/pepper_autonomy/package.xml
[1.009s] Invoked command in '/home/student/pepper_ws/build/pepper_autonomy' returned '0': CMAKE_PREFIX_PATH=${CMAKE_PREFIX_PATH}:/home/student/pepper_ws/install/turtlebot3_teleop:/home/student/pepper_ws/install/turtlebot3_example:/home/student/pepper_ws/install/move_pepper:/home/student/ros2_ws/install/turtlebot3_teleop:/home/student/ros2_ws/install/turtlebot3_example:/home/student/ros2_ws/install/nav2_simple_commander:/home/student/ros2_ws/install/autonomous_tb3:/opt/ros/humble /usr/bin/cmake --install /home/student/pepper_ws/build/pepper_autonomy
