[0.060s] Invoking command in '/home/student/pepper_ws/build/dynamixel_sdk': CMAKE_PREFIX_PATH=${CMAKE_PREFIX_PATH}:/home/student/pepper_ws/install/turtlebot3_teleop:/home/student/pepper_ws/install/turtlebot3_example:/home/student/pepper_ws/install/move_pepper:/home/student/ros2_ws/install/turtlebot3_teleop:/home/student/ros2_ws/install/turtlebot3_example:/home/student/ros2_ws/install/nav2_simple_commander:/home/student/ros2_ws/install/autonomous_tb3:/opt/ros/humble /usr/bin/cmake --build /home/student/pepper_ws/build/dynamixel_sdk -- -j8 -l8
[0.233s] [100%] Built target dynamixel_sdk
[0.293s] Invoked command in '/home/student/pepper_ws/build/dynamixel_sdk' returned '0': CMAKE_PREFIX_PATH=${CMAKE_PREFIX_PATH}:/home/student/pepper_ws/install/turtlebot3_teleop:/home/student/pepper_ws/install/turtlebot3_example:/home/student/pepper_ws/install/move_pepper:/home/student/ros2_ws/install/turtlebot3_teleop:/home/student/ros2_ws/install/turtlebot3_example:/home/student/ros2_ws/install/nav2_simple_commander:/home/student/ros2_ws/install/autonomous_tb3:/opt/ros/humble /usr/bin/cmake --build /home/student/pepper_ws/build/dynamixel_sdk -- -j8 -l8
[0.750s] Invoking command in '/home/student/pepper_ws/build/dynamixel_sdk': CMAKE_PREFIX_PATH=${CMAKE_PREFIX_PATH}:/home/student/pepper_ws/install/turtlebot3_teleop:/home/student/pepper_ws/install/turtlebot3_example:/home/student/pepper_ws/install/move_pepper:/home/student/ros2_ws/install/turtlebot3_teleop:/home/student/ros2_ws/install/turtlebot3_example:/home/student/ros2_ws/install/nav2_simple_commander:/home/student/ros2_ws/install/autonomous_tb3:/opt/ros/humble /usr/bin/cmake --install /home/student/pepper_ws/build/dynamixel_sdk
[1.099s] -- Install configuration: ""
[1.099s] -- Execute custom install script
[1.100s] -- Up-to-date symlink: /home/student/pepper_ws/install/dynamixel_sdk/include//dynamixel_sdk/dynamixel_sdk.h
[1.101s] -- Up-to-date symlink: /home/student/pepper_ws/install/dynamixel_sdk/include//dynamixel_sdk/group_bulk_read.h
[1.102s] -- Up-to-date symlink: /home/student/pepper_ws/install/dynamixel_sdk/include//dynamixel_sdk/group_bulk_write.h
[1.102s] -- Up-to-date symlink: /home/student/pepper_ws/install/dynamixel_sdk/include//dynamixel_sdk/group_sync_read.h
[1.102s] -- Up-to-date symlink: /home/student/pepper_ws/install/dynamixel_sdk/include//dynamixel_sdk/group_sync_write.h
[1.103s] -- Up-to-date symlink: /home/student/pepper_ws/install/dynamixel_sdk/include//dynamixel_sdk/packet_handler.h
[1.103s] -- Up-to-date symlink: /home/student/pepper_ws/install/dynamixel_sdk/include//dynamixel_sdk/port_handler.h
[1.103s] -- Up-to-date symlink: /home/student/pepper_ws/install/dynamixel_sdk/include//dynamixel_sdk/port_handler_arduino.h
[1.103s] -- Up-to-date symlink: /home/student/pepper_ws/install/dynamixel_sdk/include//dynamixel_sdk/port_handler_linux.h
[1.104s] -- Up-to-date symlink: /home/student/pepper_ws/install/dynamixel_sdk/include//dynamixel_sdk/port_handler_mac.h
[1.104s] -- Up-to-date symlink: /home/student/pepper_ws/install/dynamixel_sdk/include//dynamixel_sdk/port_handler_windows.h
[1.105s] -- Up-to-date symlink: /home/student/pepper_ws/install/dynamixel_sdk/include//dynamixel_sdk/protocol1_packet_handler.h
[1.105s] -- Up-to-date symlink: /home/student/pepper_ws/install/dynamixel_sdk/include//dynamixel_sdk/protocol2_packet_handler.h
[1.105s] -- Up-to-date symlink: /home/student/pepper_ws/install/dynamixel_sdk/lib/libdynamixel_sdk.so
[1.106s] -- Up-to-date symlink: /home/student/pepper_ws/install/dynamixel_sdk/share/dynamixel_sdk/environment/library_path.sh
[1.106s] -- Up-to-date symlink: /home/student/pepper_ws/install/dynamixel_sdk/share/dynamixel_sdk/environment/library_path.dsv
[1.106s] -- Up-to-date symlink: /home/student/pepper_ws/install/dynamixel_sdk/share/ament_index/resource_index/package_run_dependencies/dynamixel_sdk
[1.107s] -- Up-to-date symlink: /home/student/pepper_ws/install/dynamixel_sdk/share/ament_index/resource_index/parent_prefix_path/dynamixel_sdk
[1.107s] -- Up-to-date symlink: /home/student/pepper_ws/install/dynamixel_sdk/share/dynamixel_sdk/environment/ament_prefix_path.sh
[1.108s] -- Up-to-date symlink: /home/student/pepper_ws/install/dynamixel_sdk/share/dynamixel_sdk/environment/ament_prefix_path.dsv
[1.108s] -- Up-to-date symlink: /home/student/pepper_ws/install/dynamixel_sdk/share/dynamixel_sdk/environment/path.sh
[1.110s] -- Up-to-date symlink: /home/student/pepper_ws/install/dynamixel_sdk/share/dynamixel_sdk/environment/path.dsv
[1.110s] -- Up-to-date symlink: /home/student/pepper_ws/install/dynamixel_sdk/share/dynamixel_sdk/local_setup.bash
[1.110s] -- Up-to-date symlink: /home/student/pepper_ws/install/dynamixel_sdk/share/dynamixel_sdk/local_setup.sh
[1.111s] -- Up-to-date symlink: /home/student/pepper_ws/install/dynamixel_sdk/share/dynamixel_sdk/local_setup.zsh
[1.111s] -- Up-to-date symlink: /home/student/pepper_ws/install/dynamixel_sdk/share/dynamixel_sdk/local_setup.dsv
[1.111s] -- Symlinking: /home/student/pepper_ws/install/dynamixel_sdk/share/dynamixel_sdk/package.dsv
[1.111s] -- Up-to-date symlink: /home/student/pepper_ws/install/dynamixel_sdk/share/ament_index/resource_index/packages/dynamixel_sdk
[1.112s] -- Up-to-date symlink: /home/student/pepper_ws/install/dynamixel_sdk/share/dynamixel_sdk/cmake/ament_cmake_export_include_directories-extras.cmake
[1.112s] -- Up-to-date symlink: /home/student/pepper_ws/install/dynamixel_sdk/share/dynamixel_sdk/cmake/ament_cmake_export_libraries-extras.cmake
[1.112s] -- Up-to-date symlink: /home/student/pepper_ws/install/dynamixel_sdk/share/dynamixel_sdk/cmake/dynamixel_sdkConfig.cmake
[1.113s] -- Up-to-date symlink: /home/student/pepper_ws/install/dynamixel_sdk/share/dynamixel_sdk/cmake/dynamixel_sdkConfig-version.cmake
[1.113s] -- Up-to-date symlink: /home/student/pepper_ws/install/dynamixel_sdk/share/dynamixel_sdk/package.xml
[1.424s] Invoked command in '/home/student/pepper_ws/build/dynamixel_sdk' returned '0': CMAKE_PREFIX_PATH=${CMAKE_PREFIX_PATH}:/home/student/pepper_ws/install/turtlebot3_teleop:/home/student/pepper_ws/install/turtlebot3_example:/home/student/pepper_ws/install/move_pepper:/home/student/ros2_ws/install/turtlebot3_teleop:/home/student/ros2_ws/install/turtlebot3_example:/home/student/ros2_ws/install/nav2_simple_commander:/home/student/ros2_ws/install/autonomous_tb3:/opt/ros/humble /usr/bin/cmake --install /home/student/pepper_ws/build/dynamixel_sdk
