[0.045s] Invoking command in '/home/student/pepper_ws/src/build/turtlebot3_gazebo': CMAKE_PREFIX_PATH=${CMAKE_PREFIX_PATH}:/home/student/pepper_ws/install/turtlebot3_teleop:/home/student/pepper_ws/install/turtlebot3_example:/home/student/pepper_ws/install/move_pepper:/home/student/ros2_ws/install/turtlebot3_teleop:/home/student/ros2_ws/install/turtlebot3_example:/home/student/ros2_ws/install/nav2_simple_commander:/home/student/ros2_ws/install/autonomous_tb3:/opt/ros/humble /usr/bin/cmake /home/student/pepper_ws/src/turtlebot3/turtlebot3_simulations/turtlebot3_gazebo -DCMAKE_INSTALL_PREFIX=/home/student/pepper_ws/src/install/turtlebot3_gazebo
[1.443s] -- The C compiler identification is GNU 11.4.0
[1.443s] -- The CXX compiler identification is GNU 11.4.0
[1.443s] -- Detecting C compiler ABI info
[1.449s] -- Detecting C compiler ABI info - done
[1.449s] -- Check for working C compiler: /usr/bin/cc - skipped
[1.450s] -- Detecting C compile features
[1.450s] -- Detecting C compile features - done
[1.450s] -- Detecting CXX compiler ABI info
[1.450s] -- Detecting CXX compiler ABI info - done
[1.450s] -- Check for working CXX compiler: /usr/bin/c++ - skipped
[1.450s] -- Detecting CXX compile features
[1.451s] -- Detecting CXX compile features - done
[1.452s] -- Found ament_cmake: 1.3.10 (/opt/ros/humble/share/ament_cmake/cmake)
[1.452s] -- Found Python3: /usr/bin/python3 (found version "3.10.12") found components: Interpreter 
[1.452s] -- Found PkgConfig: /usr/bin/pkg-config (found version "0.29.2") 
[1.452s] -- Checking for module 'bullet>=2.82'
[1.453s] --   Found bullet, version 3.05
[1.455s] [33mCMake Warning (dev) at /usr/share/cmake-3.22/Modules/FindPackageHandleStandardArgs.cmake:438 (message):
[1.455s]   The package name passed to `find_package_handle_standard_args` (PkgConfig)
[1.456s]   does not match the name of the calling package (gazebo).  This can lead to
[1.456s]   problems in calling code that expects `find_package` result variables
[1.457s]   (e.g., `_FOUND`) to follow a certain pattern.
[1.457s] Call Stack (most recent call first):
[1.457s]   /usr/share/cmake-3.22/Modules/FindPkgConfig.cmake:99 (find_package_handle_standard_args)
[1.458s]   /usr/lib/x86_64-linux-gnu/cmake/gazebo/gazebo-config.cmake:72 (include)
[1.458s]   CMakeLists.txt:23 (find_package)
[1.458s] This warning is for project developers.  Use -Wno-dev to suppress it.
[1.459s] [0m
[1.704s] -- Found fcl: /usr/include (found suitable version "0.7.0", minimum required is "0.5.0") 
[1.984s] -- Found assimp: /usr/include (found version "5.2.0") 
[2.076s] -- Found DART: /usr/include (Required is at least version "6.6") found components: dart 
[2.605s] -- Found Boost: /usr/lib/x86_64-linux-gnu/cmake/Boost-1.74.0/BoostConfig.cmake (found suitable version "1.74.0", minimum required is "1.40.0") found components: thread system filesystem program_options regex iostreams date_time 
[2.649s] -- Found Protobuf: /usr/lib/x86_64-linux-gnu/libprotobuf.so (found version "3.12.4") 
[2.663s] -- Looking for ignition-math6 -- found version 6.15.1
[2.676s] -- Searching for dependencies of ignition-math6
[2.679s] -- Looking for OGRE...
[2.681s] -- OGRE_PREFIX_WATCH changed.
[2.691s] -- Checking for module 'OGRE'
[2.734s] --   Found OGRE, version 1.9.0
[2.809s] -- Found Ogre Ghadamon (1.9.0)
[2.841s] -- Found OGRE: optimized;/usr/lib/x86_64-linux-gnu/libOgreMain.so;debug;/usr/lib/x86_64-linux-gnu/libOgreMain.so
[2.851s] -- Looking for OGRE_Paging...
[2.865s] -- Found OGRE_Paging: optimized;/usr/lib/x86_64-linux-gnu/libOgrePaging.so;debug;/usr/lib/x86_64-linux-gnu/libOgrePaging.so
[2.865s] -- Looking for OGRE_Terrain...
[2.879s] -- Found OGRE_Terrain: optimized;/usr/lib/x86_64-linux-gnu/libOgreTerrain.so;debug;/usr/lib/x86_64-linux-gnu/libOgreTerrain.so
[2.879s] -- Looking for OGRE_Property...
[2.893s] -- Found OGRE_Property: optimized;/usr/lib/x86_64-linux-gnu/libOgreProperty.so;debug;/usr/lib/x86_64-linux-gnu/libOgreProperty.so
[2.893s] -- Looking for OGRE_RTShaderSystem...
[2.906s] -- Found OGRE_RTShaderSystem: optimized;/usr/lib/x86_64-linux-gnu/libOgreRTShaderSystem.so;debug;/usr/lib/x86_64-linux-gnu/libOgreRTShaderSystem.so
[2.907s] -- Looking for OGRE_Volume...
[2.925s] -- Found OGRE_Volume: optimized;/usr/lib/x86_64-linux-gnu/libOgreVolume.so;debug;/usr/lib/x86_64-linux-gnu/libOgreVolume.so
[2.925s] -- Looking for OGRE_Overlay...
[2.939s] -- Found OGRE_Overlay: optimized;/usr/lib/x86_64-linux-gnu/libOgreOverlay.so;debug;/usr/lib/x86_64-linux-gnu/libOgreOverlay.so
[3.495s] -- Looking for ignition-math6 -- found version 6.15.1
[3.503s] -- Looking for ignition-transport8 -- found version 8.2.1
[3.506s] -- Searching for dependencies of ignition-transport8
[3.543s] -- Found Protobuf: /usr/lib/x86_64-linux-gnu/libprotobuf.so (found suitable version "3.12.4", minimum required is "3") 
[3.567s] -- Config-file not installed for ZeroMQ -- checking for pkg-config
[3.577s] -- Checking for module 'libzmq >= 4'
[3.628s] --   Found libzmq , version 4.3.4
[3.740s] -- Found ZeroMQ: TRUE (Required is at least version "4") 
[3.764s] -- Checking for module 'uuid'
[3.813s] --   Found uuid, version 2.37.2
[3.931s] -- Found UUID: TRUE  
[3.940s] -- Looking for ignition-msgs5 -- found version 5.8.1
[3.942s] -- Searching for dependencies of ignition-msgs5
[3.980s] -- Looking for ignition-math6 -- found version 6.15.1
[3.992s] -- Checking for module 'tinyxml2'
[4.068s] --   Found tinyxml2, version 9.0.0
[4.160s] -- Looking for ignition-msgs5 -- found version 5.8.1
[4.168s] -- Looking for ignition-common3 -- found version 3.14.0
[4.170s] -- Searching for dependencies of ignition-common3
[4.170s] -- Looking for dlfcn.h - found
[4.174s] -- Looking for libdl - found
[4.177s] -- Found DL: TRUE  
[4.204s] -- Found tinyobjloader: /usr/lib/x86_64-linux-gnu/cmake/tinyobjloader/tinyobjloader-config.cmake (found version "2.0.0") 
[4.205s] -- Searching for <ignition-common3> component [graphics]
[4.212s] -- Looking for ignition-common3-graphics -- found version 3.14.0
[4.213s] -- Searching for dependencies of ignition-common3-graphics
[4.214s] -- Looking for ignition-math6 -- found version 6.15.1
[4.223s] -- Looking for ignition-fuel_tools4 -- found version 4.4.0
[4.224s] -- Searching for dependencies of ignition-fuel_tools4
[4.565s] -- Found CURL: /usr/lib/x86_64-linux-gnu/libcurl.so (found version "7.81.0")  
[4.584s] -- Checking for module 'jsoncpp'
[4.656s] --   Found jsoncpp, version 1.9.5
[4.806s] -- Found JSONCPP: TRUE  
[4.844s] -- Checking for module 'libzip'
[4.905s] --   Found libzip, version 1.7.3
[5.088s] -- Found ZIP: TRUE  
[5.088s] -- Looking for ignition-common3 -- found version 3.14.0
[5.089s] -- Looking for ignition-math6 -- found version 6.15.1
[5.093s] -- Looking for ignition-msgs5 -- found version 5.8.1
[5.127s] -- Found gazebo_ros_pkgs: 3.7.0 (/opt/ros/humble/share/gazebo_ros_pkgs/cmake)
[5.146s] -- Found geometry_msgs: 4.2.4 (/opt/ros/humble/share/geometry_msgs/cmake)
[5.326s] -- Found rosidl_generator_c: 3.1.5 (/opt/ros/humble/share/rosidl_generator_c/cmake)
[5.363s] -- Found rosidl_adapter: 3.1.5 (/opt/ros/humble/share/rosidl_adapter/cmake)
[5.383s] -- Found rosidl_generator_cpp: 3.1.5 (/opt/ros/humble/share/rosidl_generator_cpp/cmake)
[5.441s] -- Using all available rosidl_typesupport_c: rosidl_typesupport_fastrtps_c;rosidl_typesupport_introspection_c
[5.543s] -- Using all available rosidl_typesupport_cpp: rosidl_typesupport_fastrtps_cpp;rosidl_typesupport_introspection_cpp
[5.741s] -- Found nav_msgs: 4.2.4 (/opt/ros/humble/share/nav_msgs/cmake)
[5.816s] -- Found rclcpp: 16.0.10 (/opt/ros/humble/share/rclcpp/cmake)
[5.973s] -- Found rmw_implementation_cmake: 6.1.2 (/opt/ros/humble/share/rmw_implementation_cmake/cmake)
[5.988s] -- Found rmw_fastrtps_cpp: 6.2.7 (/opt/ros/humble/share/rmw_fastrtps_cpp/cmake)
[6.445s] -- Found OpenSSL: /usr/lib/x86_64-linux-gnu/libcrypto.so (found version "3.0.2")  
[6.565s] -- Found FastRTPS: /opt/ros/humble/include  
[6.673s] -- Using RMW implementation 'rmw_fastrtps_cpp' as default
[6.699s] -- Found Threads: TRUE  
[6.807s] -- Found sensor_msgs: 4.2.4 (/opt/ros/humble/share/sensor_msgs/cmake)
[6.845s] -- Found tf2: 0.25.8 (/opt/ros/humble/share/tf2/cmake)
[7.048s] -- Configuring done
[7.141s] -- Generating done
[7.148s] -- Build files have been written to: /home/student/pepper_ws/src/build/turtlebot3_gazebo
[7.182s] Invoked command in '/home/student/pepper_ws/src/build/turtlebot3_gazebo' returned '0': CMAKE_PREFIX_PATH=${CMAKE_PREFIX_PATH}:/home/student/pepper_ws/install/turtlebot3_teleop:/home/student/pepper_ws/install/turtlebot3_example:/home/student/pepper_ws/install/move_pepper:/home/student/ros2_ws/install/turtlebot3_teleop:/home/student/ros2_ws/install/turtlebot3_example:/home/student/ros2_ws/install/nav2_simple_commander:/home/student/ros2_ws/install/autonomous_tb3:/opt/ros/humble /usr/bin/cmake /home/student/pepper_ws/src/turtlebot3/turtlebot3_simulations/turtlebot3_gazebo -DCMAKE_INSTALL_PREFIX=/home/student/pepper_ws/src/install/turtlebot3_gazebo
[7.184s] Invoking command in '/home/student/pepper_ws/src/build/turtlebot3_gazebo': CMAKE_PREFIX_PATH=${CMAKE_PREFIX_PATH}:/home/student/pepper_ws/install/turtlebot3_teleop:/home/student/pepper_ws/install/turtlebot3_example:/home/student/pepper_ws/install/move_pepper:/home/student/ros2_ws/install/turtlebot3_teleop:/home/student/ros2_ws/install/turtlebot3_example:/home/student/ros2_ws/install/nav2_simple_commander:/home/student/ros2_ws/install/autonomous_tb3:/opt/ros/humble /usr/bin/cmake --build /home/student/pepper_ws/src/build/turtlebot3_gazebo -- -j8 -l8
[7.357s] [ 12%] [32mBuilding CXX object CMakeFiles/obstacle2.dir/models/turtlebot3_dqn_world/obstacle_plugin/obstacle2.cc.o[0m
[7.357s] [ 25%] [32mBuilding CXX object CMakeFiles/turtlebot3_drive.dir/src/turtlebot3_drive.cpp.o[0m
[7.362s] [ 37%] [32mBuilding CXX object CMakeFiles/obstacles.dir/models/turtlebot3_dqn_world/obstacle_plugin/obstacles.cc.o[0m
[7.363s] [ 50%] [32mBuilding CXX object CMakeFiles/obstacle1.dir/models/turtlebot3_dqn_world/obstacle_plugin/obstacle1.cc.o[0m
[27.354s] [ 62%] [32m[1mLinking CXX shared library libobstacle2.so[0m
[28.236s] [ 62%] Built target obstacle2
[28.759s] [ 75%] [32m[1mLinking CXX shared library libobstacle1.so[0m
[29.065s] [ 87%] [32m[1mLinking CXX shared library libobstacles.so[0m
[29.391s] [ 87%] Built target obstacle1
[29.738s] [ 87%] Built target obstacles
[32.092s] [100%] [32m[1mLinking CXX executable turtlebot3_drive[0m
[33.616s] [100%] Built target turtlebot3_drive
[33.658s] Invoked command in '/home/student/pepper_ws/src/build/turtlebot3_gazebo' returned '0': CMAKE_PREFIX_PATH=${CMAKE_PREFIX_PATH}:/home/student/pepper_ws/install/turtlebot3_teleop:/home/student/pepper_ws/install/turtlebot3_example:/home/student/pepper_ws/install/move_pepper:/home/student/ros2_ws/install/turtlebot3_teleop:/home/student/ros2_ws/install/turtlebot3_example:/home/student/ros2_ws/install/nav2_simple_commander:/home/student/ros2_ws/install/autonomous_tb3:/opt/ros/humble /usr/bin/cmake --build /home/student/pepper_ws/src/build/turtlebot3_gazebo -- -j8 -l8
[33.916s] Invoking command in '/home/student/pepper_ws/src/build/turtlebot3_gazebo': CMAKE_PREFIX_PATH=${CMAKE_PREFIX_PATH}:/home/student/pepper_ws/install/turtlebot3_teleop:/home/student/pepper_ws/install/turtlebot3_example:/home/student/pepper_ws/install/move_pepper:/home/student/ros2_ws/install/turtlebot3_teleop:/home/student/ros2_ws/install/turtlebot3_example:/home/student/ros2_ws/install/nav2_simple_commander:/home/student/ros2_ws/install/autonomous_tb3:/opt/ros/humble /usr/bin/cmake --install /home/student/pepper_ws/src/build/turtlebot3_gazebo
[33.956s] -- Install configuration: ""
[33.957s] -- Installing: /home/student/pepper_ws/src/install/turtlebot3_gazebo/lib/turtlebot3_gazebo/turtlebot3_drive
[33.983s] -- Set runtime path of "/home/student/pepper_ws/src/install/turtlebot3_gazebo/lib/turtlebot3_gazebo/turtlebot3_drive" to ""
[33.983s] -- Installing: /home/student/pepper_ws/src/install/turtlebot3_gazebo/share/turtlebot3_gazebo//launch
[33.984s] -- Installing: /home/student/pepper_ws/src/install/turtlebot3_gazebo/share/turtlebot3_gazebo//launch/turtlebot3_dqn_stage1.launch.py
[33.984s] -- Installing: /home/student/pepper_ws/src/install/turtlebot3_gazebo/share/turtlebot3_gazebo//launch/turtlebot3_house.launch.py
[33.984s] -- Installing: /home/student/pepper_ws/src/install/turtlebot3_gazebo/share/turtlebot3_gazebo//launch/turtlebot3_dqn_stage4.launch.py
[33.985s] -- Installing: /home/student/pepper_ws/src/install/turtlebot3_gazebo/share/turtlebot3_gazebo//launch/turtlebot3_dqn_stage2.launch.py
[33.985s] -- Installing: /home/student/pepper_ws/src/install/turtlebot3_gazebo/share/turtlebot3_gazebo//launch/robot_state_publisher.launch.py
[33.985s] -- Installing: /home/student/pepper_ws/src/install/turtlebot3_gazebo/share/turtlebot3_gazebo//launch/turtlebot3_dqn_stage3.launch.py
[33.988s] -- Installing: /home/student/pepper_ws/src/install/turtlebot3_gazebo/share/turtlebot3_gazebo//launch/spawn_turtlebot3.launch.py
[33.988s] -- Installing: /home/student/pepper_ws/src/install/turtlebot3_gazebo/share/turtlebot3_gazebo//launch/empty_world.launch.py
[33.989s] -- Installing: /home/student/pepper_ws/src/install/turtlebot3_gazebo/share/turtlebot3_gazebo//launch/turtlebot3_world.launch.py
[33.989s] -- Installing: /home/student/pepper_ws/src/install/turtlebot3_gazebo/share/turtlebot3_gazebo//models
[33.989s] -- Installing: /home/student/pepper_ws/src/install/turtlebot3_gazebo/share/turtlebot3_gazebo//models/turtlebot3_waffle_pi
[33.989s] -- Installing: /home/student/pepper_ws/src/install/turtlebot3_gazebo/share/turtlebot3_gazebo//models/turtlebot3_waffle_pi/model.sdf
[33.989s] -- Installing: /home/student/pepper_ws/src/install/turtlebot3_gazebo/share/turtlebot3_gazebo//models/turtlebot3_waffle_pi/model.config
[33.989s] -- Installing: /home/student/pepper_ws/src/install/turtlebot3_gazebo/share/turtlebot3_gazebo//models/turtlebot3_waffle_pi/model-1_4_.sdf
[33.990s] -- Installing: /home/student/pepper_ws/src/install/turtlebot3_gazebo/share/turtlebot3_gazebo//models/turtlebot3_waffle
[33.990s] -- Installing: /home/student/pepper_ws/src/install/turtlebot3_gazebo/share/turtlebot3_gazebo//models/turtlebot3_waffle/model-1_4.sdf
[33.990s] -- Installing: /home/student/pepper_ws/src/install/turtlebot3_gazebo/share/turtlebot3_gazebo//models/turtlebot3_waffle/model.sdf
[33.990s] -- Installing: /home/student/pepper_ws/src/install/turtlebot3_gazebo/share/turtlebot3_gazebo//models/turtlebot3_waffle/model.config
[33.990s] -- Installing: /home/student/pepper_ws/src/install/turtlebot3_gazebo/share/turtlebot3_gazebo//models/turtlebot3_burger
[33.990s] -- Installing: /home/student/pepper_ws/src/install/turtlebot3_gazebo/share/turtlebot3_gazebo//models/turtlebot3_burger/model-1_4.sdf
[33.990s] -- Installing: /home/student/pepper_ws/src/install/turtlebot3_gazebo/share/turtlebot3_gazebo//models/turtlebot3_burger/model.sdf
[33.990s] -- Installing: /home/student/pepper_ws/src/install/turtlebot3_gazebo/share/turtlebot3_gazebo//models/turtlebot3_burger/model.config
[33.990s] -- Installing: /home/student/pepper_ws/src/install/turtlebot3_gazebo/share/turtlebot3_gazebo//models/turtlebot3_house
[33.991s] -- Installing: /home/student/pepper_ws/src/install/turtlebot3_gazebo/share/turtlebot3_gazebo//models/turtlebot3_house/model.sdf
[33.991s] -- Installing: /home/student/pepper_ws/src/install/turtlebot3_gazebo/share/turtlebot3_gazebo//models/turtlebot3_house/model.config
[33.992s] -- Installing: /home/student/pepper_ws/src/install/turtlebot3_gazebo/share/turtlebot3_gazebo//models/turtlebot3_world
[33.993s] -- Installing: /home/student/pepper_ws/src/install/turtlebot3_gazebo/share/turtlebot3_gazebo//models/turtlebot3_world/meshes
[33.993s] -- Installing: /home/student/pepper_ws/src/install/turtlebot3_gazebo/share/turtlebot3_gazebo//models/turtlebot3_world/meshes/wall.dae
[33.993s] -- Installing: /home/student/pepper_ws/src/install/turtlebot3_gazebo/share/turtlebot3_gazebo//models/turtlebot3_world/meshes/hexagon.dae
[33.996s] -- Installing: /home/student/pepper_ws/src/install/turtlebot3_gazebo/share/turtlebot3_gazebo//models/turtlebot3_world/model-1_4.sdf
[33.996s] -- Installing: /home/student/pepper_ws/src/install/turtlebot3_gazebo/share/turtlebot3_gazebo//models/turtlebot3_world/model.sdf
[33.996s] -- Installing: /home/student/pepper_ws/src/install/turtlebot3_gazebo/share/turtlebot3_gazebo//models/turtlebot3_world/model.config
[33.997s] -- Installing: /home/student/pepper_ws/src/install/turtlebot3_gazebo/share/turtlebot3_gazebo//models/turtlebot3_common
[33.997s] -- Installing: /home/student/pepper_ws/src/install/turtlebot3_gazebo/share/turtlebot3_gazebo//models/turtlebot3_common/meshes
[33.997s] -- Installing: /home/student/pepper_ws/src/install/turtlebot3_gazebo/share/turtlebot3_gazebo//models/turtlebot3_common/meshes/tire.dae
[33.997s] -- Installing: /home/student/pepper_ws/src/install/turtlebot3_gazebo/share/turtlebot3_gazebo//models/turtlebot3_common/meshes/r200.dae
[33.997s] -- Installing: /home/student/pepper_ws/src/install/turtlebot3_gazebo/share/turtlebot3_gazebo//models/turtlebot3_common/meshes/waffle_pi_base.dae
[33.997s] -- Installing: /home/student/pepper_ws/src/install/turtlebot3_gazebo/share/turtlebot3_gazebo//models/turtlebot3_common/meshes/burger_base.dae
[33.997s] -- Installing: /home/student/pepper_ws/src/install/turtlebot3_gazebo/share/turtlebot3_gazebo//models/turtlebot3_common/meshes/lds.dae
[33.998s] -- Installing: /home/student/pepper_ws/src/install/turtlebot3_gazebo/share/turtlebot3_gazebo//models/turtlebot3_common/meshes/waffle_base.dae
[33.998s] -- Installing: /home/student/pepper_ws/src/install/turtlebot3_gazebo/share/turtlebot3_gazebo//models/turtlebot3_common/model.config
[33.998s] -- Installing: /home/student/pepper_ws/src/install/turtlebot3_gazebo/share/turtlebot3_gazebo//models/turtlebot3_dqn_world
[33.998s] -- Installing: /home/student/pepper_ws/src/install/turtlebot3_gazebo/share/turtlebot3_gazebo//models/turtlebot3_dqn_world/obstacle_plugin
[33.998s] -- Installing: /home/student/pepper_ws/src/install/turtlebot3_gazebo/share/turtlebot3_gazebo//models/turtlebot3_dqn_world/obstacle_plugin/obstacle2.cc
[33.998s] -- Installing: /home/student/pepper_ws/src/install/turtlebot3_gazebo/share/turtlebot3_gazebo//models/turtlebot3_dqn_world/obstacle_plugin/obstacle1.cc
[33.999s] -- Installing: /home/student/pepper_ws/src/install/turtlebot3_gazebo/share/turtlebot3_gazebo//models/turtlebot3_dqn_world/obstacle_plugin/CMakeLists.txt
[33.999s] -- Installing: /home/student/pepper_ws/src/install/turtlebot3_gazebo/share/turtlebot3_gazebo//models/turtlebot3_dqn_world/obstacle_plugin/obstacles.cc
[33.999s] -- Installing: /home/student/pepper_ws/src/install/turtlebot3_gazebo/share/turtlebot3_gazebo//models/turtlebot3_dqn_world/obstacle1
[33.999s] -- Installing: /home/student/pepper_ws/src/install/turtlebot3_gazebo/share/turtlebot3_gazebo//models/turtlebot3_dqn_world/obstacle1/model.sdf
[33.999s] -- Installing: /home/student/pepper_ws/src/install/turtlebot3_gazebo/share/turtlebot3_gazebo//models/turtlebot3_dqn_world/obstacle1/model.config
[34.003s] -- Installing: /home/student/pepper_ws/src/install/turtlebot3_gazebo/share/turtlebot3_gazebo//models/turtlebot3_dqn_world/inner_walls
[34.003s] -- Installing: /home/student/pepper_ws/src/install/turtlebot3_gazebo/share/turtlebot3_gazebo//models/turtlebot3_dqn_world/inner_walls/model.sdf
[34.003s] -- Installing: /home/student/pepper_ws/src/install/turtlebot3_gazebo/share/turtlebot3_gazebo//models/turtlebot3_dqn_world/inner_walls/model.config
[34.003s] -- Installing: /home/student/pepper_ws/src/install/turtlebot3_gazebo/share/turtlebot3_gazebo//models/turtlebot3_dqn_world/model.sdf
[34.003s] -- Installing: /home/student/pepper_ws/src/install/turtlebot3_gazebo/share/turtlebot3_gazebo//models/turtlebot3_dqn_world/model.config
[34.003s] -- Installing: /home/student/pepper_ws/src/install/turtlebot3_gazebo/share/turtlebot3_gazebo//models/turtlebot3_dqn_world/goal_box
[34.004s] -- Installing: /home/student/pepper_ws/src/install/turtlebot3_gazebo/share/turtlebot3_gazebo//models/turtlebot3_dqn_world/goal_box/model.sdf
[34.004s] -- Installing: /home/student/pepper_ws/src/install/turtlebot3_gazebo/share/turtlebot3_gazebo//models/turtlebot3_dqn_world/goal_box/model.config
[34.004s] -- Installing: /home/student/pepper_ws/src/install/turtlebot3_gazebo/share/turtlebot3_gazebo//models/turtlebot3_dqn_world/obstacle2
[34.004s] -- Installing: /home/student/pepper_ws/src/install/turtlebot3_gazebo/share/turtlebot3_gazebo//models/turtlebot3_dqn_world/obstacle2/model.sdf
[34.004s] -- Installing: /home/student/pepper_ws/src/install/turtlebot3_gazebo/share/turtlebot3_gazebo//models/turtlebot3_dqn_world/obstacle2/model.config
[34.004s] -- Installing: /home/student/pepper_ws/src/install/turtlebot3_gazebo/share/turtlebot3_gazebo//models/turtlebot3_dqn_world/obstacles
[34.004s] -- Installing: /home/student/pepper_ws/src/install/turtlebot3_gazebo/share/turtlebot3_gazebo//models/turtlebot3_dqn_world/obstacles/model.sdf
[34.005s] -- Installing: /home/student/pepper_ws/src/install/turtlebot3_gazebo/share/turtlebot3_gazebo//models/turtlebot3_dqn_world/obstacles/model.config
[34.005s] -- Installing: /home/student/pepper_ws/src/install/turtlebot3_gazebo/share/turtlebot3_gazebo//rviz
[34.006s] -- Installing: /home/student/pepper_ws/src/install/turtlebot3_gazebo/share/turtlebot3_gazebo//rviz/tb3_gazebo.rviz
[34.006s] -- Installing: /home/student/pepper_ws/src/install/turtlebot3_gazebo/share/turtlebot3_gazebo//urdf
[34.006s] -- Installing: /home/student/pepper_ws/src/install/turtlebot3_gazebo/share/turtlebot3_gazebo//urdf/turtlebot3_waffle_pi.urdf
[34.007s] -- Installing: /home/student/pepper_ws/src/install/turtlebot3_gazebo/share/turtlebot3_gazebo//urdf/turtlebot3_waffle.urdf
[34.007s] -- Installing: /home/student/pepper_ws/src/install/turtlebot3_gazebo/share/turtlebot3_gazebo//urdf/turtlebot3_burger.urdf
[34.007s] -- Installing: /home/student/pepper_ws/src/install/turtlebot3_gazebo/share/turtlebot3_gazebo//urdf/common_properties.urdf
[34.007s] -- Installing: /home/student/pepper_ws/src/install/turtlebot3_gazebo/share/turtlebot3_gazebo//worlds
[34.011s] -- Installing: /home/student/pepper_ws/src/install/turtlebot3_gazebo/share/turtlebot3_gazebo//worlds/turtlebot3_house.world
[34.011s] -- Installing: /home/student/pepper_ws/src/install/turtlebot3_gazebo/share/turtlebot3_gazebo//worlds/empty_world.world
[34.011s] -- Installing: /home/student/pepper_ws/src/install/turtlebot3_gazebo/share/turtlebot3_gazebo//worlds/turtlebot3_world.world
[34.011s] -- Installing: /home/student/pepper_ws/src/install/turtlebot3_gazebo/share/turtlebot3_gazebo//worlds/turtlebot3_dqn_stage1.world
[34.012s] -- Installing: /home/student/pepper_ws/src/install/turtlebot3_gazebo/share/turtlebot3_gazebo//worlds/turtlebot3_dqn_stage3.world
[34.012s] -- Installing: /home/student/pepper_ws/src/install/turtlebot3_gazebo/share/turtlebot3_gazebo//worlds/turtlebot3_dqn_stage2.world
[34.012s] -- Installing: /home/student/pepper_ws/src/install/turtlebot3_gazebo/share/turtlebot3_gazebo//worlds/turtlebot3_dqn_stage4.world
[34.016s] -- Installing: /home/student/pepper_ws/src/install/turtlebot3_gazebo/include/
[34.016s] -- Installing: /home/student/pepper_ws/src/install/turtlebot3_gazebo/include//turtlebot3_gazebo
[34.016s] -- Installing: /home/student/pepper_ws/src/install/turtlebot3_gazebo/include//turtlebot3_gazebo/turtlebot3_drive.hpp
[34.017s] -- Installing: /home/student/pepper_ws/src/install/turtlebot3_gazebo/share/ament_index/resource_index/package_run_dependencies/turtlebot3_gazebo
[34.017s] -- Installing: /home/student/pepper_ws/src/install/turtlebot3_gazebo/share/ament_index/resource_index/parent_prefix_path/turtlebot3_gazebo
[34.017s] -- Installing: /home/student/pepper_ws/src/install/turtlebot3_gazebo/share/turtlebot3_gazebo/environment/ament_prefix_path.sh
[34.017s] -- Installing: /home/student/pepper_ws/src/install/turtlebot3_gazebo/share/turtlebot3_gazebo/environment/ament_prefix_path.dsv
[34.017s] -- Installing: /home/student/pepper_ws/src/install/turtlebot3_gazebo/share/turtlebot3_gazebo/environment/path.sh
[34.017s] -- Installing: /home/student/pepper_ws/src/install/turtlebot3_gazebo/share/turtlebot3_gazebo/environment/path.dsv
[34.017s] -- Installing: /home/student/pepper_ws/src/install/turtlebot3_gazebo/share/turtlebot3_gazebo/local_setup.bash
[34.017s] -- Installing: /home/student/pepper_ws/src/install/turtlebot3_gazebo/share/turtlebot3_gazebo/local_setup.sh
[34.017s] -- Installing: /home/student/pepper_ws/src/install/turtlebot3_gazebo/share/turtlebot3_gazebo/local_setup.zsh
[34.018s] -- Installing: /home/student/pepper_ws/src/install/turtlebot3_gazebo/share/turtlebot3_gazebo/local_setup.dsv
[34.018s] -- Installing: /home/student/pepper_ws/src/install/turtlebot3_gazebo/share/turtlebot3_gazebo/package.dsv
[34.018s] -- Installing: /home/student/pepper_ws/src/install/turtlebot3_gazebo/share/ament_index/resource_index/packages/turtlebot3_gazebo
[34.018s] -- Installing: /home/student/pepper_ws/src/install/turtlebot3_gazebo/share/turtlebot3_gazebo/cmake/ament_cmake_export_include_directories-extras.cmake
[34.018s] -- Installing: /home/student/pepper_ws/src/install/turtlebot3_gazebo/share/turtlebot3_gazebo/cmake/ament_cmake_export_dependencies-extras.cmake
[34.018s] -- Installing: /home/student/pepper_ws/src/install/turtlebot3_gazebo/share/turtlebot3_gazebo/cmake/turtlebot3_gazeboConfig.cmake
[34.018s] -- Installing: /home/student/pepper_ws/src/install/turtlebot3_gazebo/share/turtlebot3_gazebo/cmake/turtlebot3_gazeboConfig-version.cmake
[34.018s] -- Installing: /home/student/pepper_ws/src/install/turtlebot3_gazebo/share/turtlebot3_gazebo/package.xml
[34.019s] Invoked command in '/home/student/pepper_ws/src/build/turtlebot3_gazebo' returned '0': CMAKE_PREFIX_PATH=${CMAKE_PREFIX_PATH}:/home/student/pepper_ws/install/turtlebot3_teleop:/home/student/pepper_ws/install/turtlebot3_example:/home/student/pepper_ws/install/move_pepper:/home/student/ros2_ws/install/turtlebot3_teleop:/home/student/ros2_ws/install/turtlebot3_example:/home/student/ros2_ws/install/nav2_simple_commander:/home/student/ros2_ws/install/autonomous_tb3:/opt/ros/humble /usr/bin/cmake --install /home/student/pepper_ws/src/build/turtlebot3_gazebo
