[  2%] Built target dynamixel_sdk_custom_interfaces__cpp
[  2%] Built target ament_cmake_python_symlink_dynamixel_sdk_custom_interfaces
[ 12%] Built target dynamixel_sdk_custom_interfaces__rosidl_typesupport_cpp
running egg_info
writing dynamixel_sdk_custom_interfaces.egg-info/PKG-INFO
writing dependency_links to dynamixel_sdk_custom_interfaces.egg-info/dependency_links.txt
writing top-level names to dynamixel_sdk_custom_interfaces.egg-info/top_level.txt
reading manifest file 'dynamixel_sdk_custom_interfaces.egg-info/SOURCES.txt'
writing manifest file 'dynamixel_sdk_custom_interfaces.egg-info/SOURCES.txt'
[ 12%] Built target ament_cmake_python_build_dynamixel_sdk_custom_interfaces_egg
[ 23%] Built target dynamixel_sdk_custom_interfaces__rosidl_typesupport_introspection_cpp
[ 33%] Built target dynamixel_sdk_custom_interfaces__rosidl_typesupport_fastrtps_cpp
[ 43%] Built target dynamixel_sdk_custom_interfaces__rosidl_generator_c
[ 53%] Built target dynamixel_sdk_custom_interfaces__rosidl_typesupport_introspection_c
[ 64%] Built target dynamixel_sdk_custom_interfaces__rosidl_typesupport_fastrtps_c
[ 74%] Built target dynamixel_sdk_custom_interfaces__rosidl_typesupport_c
[ 74%] Built target dynamixel_sdk_custom_interfaces
[ 76%] Built target dynamixel_sdk_custom_interfaces__py
gmake[1]: *** [CMakeFiles/Makefile2:476: CMakeFiles/dynamixel_sdk_custom_interfaces__rosidl_generator_py.dir/all] Interrupt
gmake: *** [Makefile:146: all] Interrupt
