[0.118s] Invoking command in '/home/student/pepper_ws/build/dynamixel_sdk_custom_interfaces': CMAKE_PREFIX_PATH=${CMAKE_PREFIX_PATH}:/home/student/pepper_ws/install/turtlebot3_teleop:/home/student/pepper_ws/install/turtlebot3_example:/home/student/pepper_ws/install/move_pepper:/home/student/ros2_ws/install/autonomous_tb3:/opt/ros/humble /usr/bin/cmake --build /home/student/pepper_ws/build/dynamixel_sdk_custom_interfaces -- -j8 -l8
[0.299s] [  2%] Built target dynamixel_sdk_custom_interfaces__cpp
[0.430s] [  2%] Built target ament_cmake_python_symlink_dynamixel_sdk_custom_interfaces
[0.535s] [ 12%] Built target dynamixel_sdk_custom_interfaces__rosidl_typesupport_cpp
[1.211s] running egg_info
[1.211s] writing dynamixel_sdk_custom_interfaces.egg-info/PKG-INFO
[1.211s] writing dependency_links to dynamixel_sdk_custom_interfaces.egg-info/dependency_links.txt
[1.211s] writing top-level names to dynamixel_sdk_custom_interfaces.egg-info/top_level.txt
[1.219s] reading manifest file 'dynamixel_sdk_custom_interfaces.egg-info/SOURCES.txt'
[1.219s] writing manifest file 'dynamixel_sdk_custom_interfaces.egg-info/SOURCES.txt'
[1.274s] [ 12%] Built target ament_cmake_python_build_dynamixel_sdk_custom_interfaces_egg
[1.346s] [ 23%] Built target dynamixel_sdk_custom_interfaces__rosidl_typesupport_introspection_cpp
[1.414s] [ 33%] Built target dynamixel_sdk_custom_interfaces__rosidl_typesupport_fastrtps_cpp
[1.497s] [ 43%] Built target dynamixel_sdk_custom_interfaces__rosidl_generator_c
[1.606s] [ 53%] Built target dynamixel_sdk_custom_interfaces__rosidl_typesupport_introspection_c
[1.676s] [ 64%] Built target dynamixel_sdk_custom_interfaces__rosidl_typesupport_fastrtps_c
[1.764s] [ 74%] Built target dynamixel_sdk_custom_interfaces__rosidl_typesupport_c
[1.816s] [ 74%] Built target dynamixel_sdk_custom_interfaces
[1.891s] [ 76%] Built target dynamixel_sdk_custom_interfaces__py
[1.956s] gmake[1]: *** [CMakeFiles/Makefile2:476: CMakeFiles/dynamixel_sdk_custom_interfaces__rosidl_generator_py.dir/all] Interrupt
[1.957s] gmake: *** [Makefile:146: all] Interrupt
