[0.071s] Invoking command in '/home/student/pepper_ws/build/turtlebot3_msgs': CMAKE_PREFIX_PATH=${CMAKE_PREFIX_PATH}:/home/student/ros2_ws/install/autonomous_tb3:/opt/ros/humble /usr/bin/cmake --build /home/student/pepper_ws/build/turtlebot3_msgs -- -j8 -l8
[0.183s] [  1%] Built target turtlebot3_msgs__cpp
[0.183s] [ 12%] Built target turtlebot3_msgs__rosidl_generator_c
[0.242s] [ 12%] Built target ament_cmake_python_symlink_turtlebot3_msgs
[0.254s] [ 23%] Built target turtlebot3_msgs__rosidl_typesupport_introspection_cpp
[0.305s] [ 35%] Built target turtlebot3_msgs__rosidl_typesupport_cpp
[0.353s] [ 46%] Built target turtlebot3_msgs__rosidl_typesupport_introspection_c
[0.354s] [ 57%] Built target turtlebot3_msgs__rosidl_typesupport_fastrtps_cpp
[0.354s] [ 69%] Built target turtlebot3_msgs__rosidl_typesupport_c
[0.371s] [ 80%] Built target turtlebot3_msgs__rosidl_typesupport_fastrtps_c
[0.430s] [ 80%] Built target turtlebot3_msgs
[0.469s] [ 81%] Built target turtlebot3_msgs__py
[0.505s] [ 91%] Built target turtlebot3_msgs__rosidl_generator_py
[0.540s] [ 94%] Built target turtlebot3_msgs__rosidl_typesupport_c__pyext
[0.541s] [ 97%] Built target turtlebot3_msgs__rosidl_typesupport_fastrtps_c__pyext
[0.546s] [100%] Built target turtlebot3_msgs__rosidl_typesupport_introspection_c__pyext
[0.710s] running egg_info
[0.710s] writing turtlebot3_msgs.egg-info/PKG-INFO
[0.720s] writing dependency_links to turtlebot3_msgs.egg-info/dependency_links.txt
[0.721s] writing top-level names to turtlebot3_msgs.egg-info/top_level.txt
[0.790s] reading manifest file 'turtlebot3_msgs.egg-info/SOURCES.txt'
[0.790s] writing manifest file 'turtlebot3_msgs.egg-info/SOURCES.txt'
[0.849s] [100%] Built target ament_cmake_python_build_turtlebot3_msgs_egg
[1.205s] Invoked command in '/home/student/pepper_ws/build/turtlebot3_msgs' returned '0': CMAKE_PREFIX_PATH=${CMAKE_PREFIX_PATH}:/home/student/ros2_ws/install/autonomous_tb3:/opt/ros/humble /usr/bin/cmake --build /home/student/pepper_ws/build/turtlebot3_msgs -- -j8 -l8
[1.906s] Invoking command in '/home/student/pepper_ws/build/turtlebot3_msgs': CMAKE_PREFIX_PATH=${CMAKE_PREFIX_PATH}:/home/student/ros2_ws/install/autonomous_tb3:/opt/ros/humble /usr/bin/cmake --install /home/student/pepper_ws/build/turtlebot3_msgs
[1.940s] -- Install configuration: ""
[1.940s] -- Execute custom install script
[1.940s] -- Up-to-date symlink: /home/student/pepper_ws/install/turtlebot3_msgs/share/ament_index/resource_index/rosidl_interfaces/turtlebot3_msgs
[1.941s] -- Up-to-date symlink: /home/student/pepper_ws/install/turtlebot3_msgs/include/turtlebot3_msgs/turtlebot3_msgs/action/detail/patrol__functions.h
[1.941s] -- Up-to-date symlink: /home/student/pepper_ws/install/turtlebot3_msgs/include/turtlebot3_msgs/turtlebot3_msgs/action/detail/patrol__struct.h
[1.946s] -- Up-to-date symlink: /home/student/pepper_ws/install/turtlebot3_msgs/include/turtlebot3_msgs/turtlebot3_msgs/action/detail/patrol__type_support.h
[1.946s] -- Up-to-date symlink: /home/student/pepper_ws/install/turtlebot3_msgs/include/turtlebot3_msgs/turtlebot3_msgs/action/patrol.h
[1.946s] -- Up-to-date symlink: /home/student/pepper_ws/install/turtlebot3_msgs/include/turtlebot3_msgs/turtlebot3_msgs/msg/detail/sensor_state__functions.h
[1.947s] -- Up-to-date symlink: /home/student/pepper_ws/install/turtlebot3_msgs/include/turtlebot3_msgs/turtlebot3_msgs/msg/detail/sensor_state__struct.h
[1.950s] -- Up-to-date symlink: /home/student/pepper_ws/install/turtlebot3_msgs/include/turtlebot3_msgs/turtlebot3_msgs/msg/detail/sensor_state__type_support.h
[1.952s] -- Up-to-date symlink: /home/student/pepper_ws/install/turtlebot3_msgs/include/turtlebot3_msgs/turtlebot3_msgs/msg/detail/sound__functions.h
[1.953s] -- Up-to-date symlink: /home/student/pepper_ws/install/turtlebot3_msgs/include/turtlebot3_msgs/turtlebot3_msgs/msg/detail/sound__struct.h
[1.953s] -- Up-to-date symlink: /home/student/pepper_ws/install/turtlebot3_msgs/include/turtlebot3_msgs/turtlebot3_msgs/msg/detail/sound__type_support.h
[1.954s] -- Up-to-date symlink: /home/student/pepper_ws/install/turtlebot3_msgs/include/turtlebot3_msgs/turtlebot3_msgs/msg/detail/version_info__functions.h
[1.954s] -- Up-to-date symlink: /home/student/pepper_ws/install/turtlebot3_msgs/include/turtlebot3_msgs/turtlebot3_msgs/msg/detail/version_info__struct.h
[1.954s] -- Up-to-date symlink: /home/student/pepper_ws/install/turtlebot3_msgs/include/turtlebot3_msgs/turtlebot3_msgs/msg/detail/version_info__type_support.h
[1.955s] -- Up-to-date symlink: /home/student/pepper_ws/install/turtlebot3_msgs/include/turtlebot3_msgs/turtlebot3_msgs/msg/rosidl_generator_c__visibility_control.h
[1.955s] -- Up-to-date symlink: /home/student/pepper_ws/install/turtlebot3_msgs/include/turtlebot3_msgs/turtlebot3_msgs/msg/sensor_state.h
[1.955s] -- Up-to-date symlink: /home/student/pepper_ws/install/turtlebot3_msgs/include/turtlebot3_msgs/turtlebot3_msgs/msg/sound.h
[1.955s] -- Up-to-date symlink: /home/student/pepper_ws/install/turtlebot3_msgs/include/turtlebot3_msgs/turtlebot3_msgs/msg/version_info.h
[1.955s] -- Up-to-date symlink: /home/student/pepper_ws/install/turtlebot3_msgs/include/turtlebot3_msgs/turtlebot3_msgs/srv/detail/dqn__functions.h
[1.956s] -- Up-to-date symlink: /home/student/pepper_ws/install/turtlebot3_msgs/include/turtlebot3_msgs/turtlebot3_msgs/srv/detail/dqn__struct.h
[1.956s] -- Up-to-date symlink: /home/student/pepper_ws/install/turtlebot3_msgs/include/turtlebot3_msgs/turtlebot3_msgs/srv/detail/dqn__type_support.h
[1.956s] -- Up-to-date symlink: /home/student/pepper_ws/install/turtlebot3_msgs/include/turtlebot3_msgs/turtlebot3_msgs/srv/detail/sound__functions.h
[1.960s] -- Up-to-date symlink: /home/student/pepper_ws/install/turtlebot3_msgs/include/turtlebot3_msgs/turtlebot3_msgs/srv/detail/sound__struct.h
[1.960s] -- Up-to-date symlink: /home/student/pepper_ws/install/turtlebot3_msgs/include/turtlebot3_msgs/turtlebot3_msgs/srv/detail/sound__type_support.h
[1.960s] -- Up-to-date symlink: /home/student/pepper_ws/install/turtlebot3_msgs/include/turtlebot3_msgs/turtlebot3_msgs/srv/dqn.h
[1.960s] -- Up-to-date symlink: /home/student/pepper_ws/install/turtlebot3_msgs/include/turtlebot3_msgs/turtlebot3_msgs/srv/sound.h
[1.960s] -- Up-to-date symlink: /home/student/pepper_ws/install/turtlebot3_msgs/share/turtlebot3_msgs/environment/library_path.sh
[1.960s] -- Up-to-date symlink: /home/student/pepper_ws/install/turtlebot3_msgs/share/turtlebot3_msgs/environment/library_path.dsv
[1.968s] -- Up-to-date symlink: /home/student/pepper_ws/install/turtlebot3_msgs/include/turtlebot3_msgs/turtlebot3_msgs/action/detail/patrol__rosidl_typesupport_fastrtps_c.h
[1.968s] -- Up-to-date symlink: /home/student/pepper_ws/install/turtlebot3_msgs/include/turtlebot3_msgs/turtlebot3_msgs/msg/detail/sensor_state__rosidl_typesupport_fastrtps_c.h
[1.969s] -- Up-to-date symlink: /home/student/pepper_ws/install/turtlebot3_msgs/include/turtlebot3_msgs/turtlebot3_msgs/msg/detail/sound__rosidl_typesupport_fastrtps_c.h
[1.969s] -- Up-to-date symlink: /home/student/pepper_ws/install/turtlebot3_msgs/include/turtlebot3_msgs/turtlebot3_msgs/msg/detail/version_info__rosidl_typesupport_fastrtps_c.h
[1.969s] -- Up-to-date symlink: /home/student/pepper_ws/install/turtlebot3_msgs/include/turtlebot3_msgs/turtlebot3_msgs/msg/rosidl_typesupport_fastrtps_c__visibility_control.h
[1.969s] -- Up-to-date symlink: /home/student/pepper_ws/install/turtlebot3_msgs/include/turtlebot3_msgs/turtlebot3_msgs/srv/detail/dqn__rosidl_typesupport_fastrtps_c.h
[1.969s] -- Up-to-date symlink: /home/student/pepper_ws/install/turtlebot3_msgs/include/turtlebot3_msgs/turtlebot3_msgs/srv/detail/sound__rosidl_typesupport_fastrtps_c.h
[1.969s] -- Up-to-date symlink: /home/student/pepper_ws/install/turtlebot3_msgs/include/turtlebot3_msgs/turtlebot3_msgs/action/detail/patrol__builder.hpp
[1.969s] -- Up-to-date symlink: /home/student/pepper_ws/install/turtlebot3_msgs/include/turtlebot3_msgs/turtlebot3_msgs/action/detail/patrol__struct.hpp
[1.969s] -- Up-to-date symlink: /home/student/pepper_ws/install/turtlebot3_msgs/include/turtlebot3_msgs/turtlebot3_msgs/action/detail/patrol__traits.hpp
[1.970s] -- Up-to-date symlink: /home/student/pepper_ws/install/turtlebot3_msgs/include/turtlebot3_msgs/turtlebot3_msgs/action/patrol.hpp
[1.970s] -- Up-to-date symlink: /home/student/pepper_ws/install/turtlebot3_msgs/include/turtlebot3_msgs/turtlebot3_msgs/msg/detail/sensor_state__builder.hpp
[1.970s] -- Up-to-date symlink: /home/student/pepper_ws/install/turtlebot3_msgs/include/turtlebot3_msgs/turtlebot3_msgs/msg/detail/sensor_state__struct.hpp
[1.970s] -- Up-to-date symlink: /home/student/pepper_ws/install/turtlebot3_msgs/include/turtlebot3_msgs/turtlebot3_msgs/msg/detail/sensor_state__traits.hpp
[1.970s] -- Up-to-date symlink: /home/student/pepper_ws/install/turtlebot3_msgs/include/turtlebot3_msgs/turtlebot3_msgs/msg/detail/sound__builder.hpp
[1.970s] -- Up-to-date symlink: /home/student/pepper_ws/install/turtlebot3_msgs/include/turtlebot3_msgs/turtlebot3_msgs/msg/detail/sound__struct.hpp
[1.970s] -- Up-to-date symlink: /home/student/pepper_ws/install/turtlebot3_msgs/include/turtlebot3_msgs/turtlebot3_msgs/msg/detail/sound__traits.hpp
[1.970s] -- Up-to-date symlink: /home/student/pepper_ws/install/turtlebot3_msgs/include/turtlebot3_msgs/turtlebot3_msgs/msg/detail/version_info__builder.hpp
[1.971s] -- Up-to-date symlink: /home/student/pepper_ws/install/turtlebot3_msgs/include/turtlebot3_msgs/turtlebot3_msgs/msg/detail/version_info__struct.hpp
[1.971s] -- Up-to-date symlink: /home/student/pepper_ws/install/turtlebot3_msgs/include/turtlebot3_msgs/turtlebot3_msgs/msg/detail/version_info__traits.hpp
[1.971s] -- Up-to-date symlink: /home/student/pepper_ws/install/turtlebot3_msgs/include/turtlebot3_msgs/turtlebot3_msgs/msg/sensor_state.hpp
[1.971s] -- Up-to-date symlink: /home/student/pepper_ws/install/turtlebot3_msgs/include/turtlebot3_msgs/turtlebot3_msgs/msg/sound.hpp
[1.971s] -- Up-to-date symlink: /home/student/pepper_ws/install/turtlebot3_msgs/include/turtlebot3_msgs/turtlebot3_msgs/msg/version_info.hpp
[1.971s] -- Up-to-date symlink: /home/student/pepper_ws/install/turtlebot3_msgs/include/turtlebot3_msgs/turtlebot3_msgs/srv/detail/dqn__builder.hpp
[1.971s] -- Up-to-date symlink: /home/student/pepper_ws/install/turtlebot3_msgs/include/turtlebot3_msgs/turtlebot3_msgs/srv/detail/dqn__struct.hpp
[1.975s] -- Up-to-date symlink: /home/student/pepper_ws/install/turtlebot3_msgs/include/turtlebot3_msgs/turtlebot3_msgs/srv/detail/dqn__traits.hpp
[1.975s] -- Up-to-date symlink: /home/student/pepper_ws/install/turtlebot3_msgs/include/turtlebot3_msgs/turtlebot3_msgs/srv/detail/sound__builder.hpp
[1.975s] -- Up-to-date symlink: /home/student/pepper_ws/install/turtlebot3_msgs/include/turtlebot3_msgs/turtlebot3_msgs/srv/detail/sound__struct.hpp
[1.975s] -- Up-to-date symlink: /home/student/pepper_ws/install/turtlebot3_msgs/include/turtlebot3_msgs/turtlebot3_msgs/srv/detail/sound__traits.hpp
[1.976s] -- Up-to-date symlink: /home/student/pepper_ws/install/turtlebot3_msgs/include/turtlebot3_msgs/turtlebot3_msgs/srv/dqn.hpp
[1.976s] -- Up-to-date symlink: /home/student/pepper_ws/install/turtlebot3_msgs/include/turtlebot3_msgs/turtlebot3_msgs/srv/sound.hpp
[1.976s] -- Up-to-date symlink: /home/student/pepper_ws/install/turtlebot3_msgs/include/turtlebot3_msgs/turtlebot3_msgs/action/detail/patrol__rosidl_typesupport_fastrtps_cpp.hpp
[1.976s] -- Up-to-date symlink: /home/student/pepper_ws/install/turtlebot3_msgs/include/turtlebot3_msgs/turtlebot3_msgs/msg/detail/sensor_state__rosidl_typesupport_fastrtps_cpp.hpp
[1.976s] -- Up-to-date symlink: /home/student/pepper_ws/install/turtlebot3_msgs/include/turtlebot3_msgs/turtlebot3_msgs/msg/detail/sound__rosidl_typesupport_fastrtps_cpp.hpp
[1.976s] -- Up-to-date symlink: /home/student/pepper_ws/install/turtlebot3_msgs/include/turtlebot3_msgs/turtlebot3_msgs/msg/detail/version_info__rosidl_typesupport_fastrtps_cpp.hpp
[1.977s] -- Up-to-date symlink: /home/student/pepper_ws/install/turtlebot3_msgs/include/turtlebot3_msgs/turtlebot3_msgs/msg/rosidl_typesupport_fastrtps_cpp__visibility_control.h
[1.977s] -- Up-to-date symlink: /home/student/pepper_ws/install/turtlebot3_msgs/include/turtlebot3_msgs/turtlebot3_msgs/srv/detail/dqn__rosidl_typesupport_fastrtps_cpp.hpp
[1.977s] -- Up-to-date symlink: /home/student/pepper_ws/install/turtlebot3_msgs/include/turtlebot3_msgs/turtlebot3_msgs/srv/detail/sound__rosidl_typesupport_fastrtps_cpp.hpp
[1.977s] -- Up-to-date symlink: /home/student/pepper_ws/install/turtlebot3_msgs/include/turtlebot3_msgs/turtlebot3_msgs/action/detail/patrol__rosidl_typesupport_introspection_c.h
[1.977s] -- Up-to-date symlink: /home/student/pepper_ws/install/turtlebot3_msgs/include/turtlebot3_msgs/turtlebot3_msgs/msg/detail/sensor_state__rosidl_typesupport_introspection_c.h
[1.977s] -- Up-to-date symlink: /home/student/pepper_ws/install/turtlebot3_msgs/include/turtlebot3_msgs/turtlebot3_msgs/msg/detail/sound__rosidl_typesupport_introspection_c.h
[1.977s] -- Up-to-date symlink: /home/student/pepper_ws/install/turtlebot3_msgs/include/turtlebot3_msgs/turtlebot3_msgs/msg/detail/version_info__rosidl_typesupport_introspection_c.h
[1.978s] -- Up-to-date symlink: /home/student/pepper_ws/install/turtlebot3_msgs/include/turtlebot3_msgs/turtlebot3_msgs/msg/rosidl_typesupport_introspection_c__visibility_control.h
[1.978s] -- Up-to-date symlink: /home/student/pepper_ws/install/turtlebot3_msgs/include/turtlebot3_msgs/turtlebot3_msgs/srv/detail/dqn__rosidl_typesupport_introspection_c.h
[1.978s] -- Up-to-date symlink: /home/student/pepper_ws/install/turtlebot3_msgs/include/turtlebot3_msgs/turtlebot3_msgs/srv/detail/sound__rosidl_typesupport_introspection_c.h
[1.978s] -- Up-to-date symlink: /home/student/pepper_ws/install/turtlebot3_msgs/include/turtlebot3_msgs/turtlebot3_msgs/action/detail/patrol__rosidl_typesupport_introspection_cpp.hpp
[1.978s] -- Up-to-date symlink: /home/student/pepper_ws/install/turtlebot3_msgs/include/turtlebot3_msgs/turtlebot3_msgs/msg/detail/sensor_state__rosidl_typesupport_introspection_cpp.hpp
[1.979s] -- Up-to-date symlink: /home/student/pepper_ws/install/turtlebot3_msgs/include/turtlebot3_msgs/turtlebot3_msgs/msg/detail/sound__rosidl_typesupport_introspection_cpp.hpp
[1.979s] -- Up-to-date symlink: /home/student/pepper_ws/install/turtlebot3_msgs/include/turtlebot3_msgs/turtlebot3_msgs/msg/detail/version_info__rosidl_typesupport_introspection_cpp.hpp
[1.980s] -- Up-to-date symlink: /home/student/pepper_ws/install/turtlebot3_msgs/include/turtlebot3_msgs/turtlebot3_msgs/srv/detail/dqn__rosidl_typesupport_introspection_cpp.hpp
[1.980s] -- Up-to-date symlink: /home/student/pepper_ws/install/turtlebot3_msgs/include/turtlebot3_msgs/turtlebot3_msgs/srv/detail/sound__rosidl_typesupport_introspection_cpp.hpp
[1.980s] -- Up-to-date symlink: /home/student/pepper_ws/install/turtlebot3_msgs/share/turtlebot3_msgs/environment/pythonpath.sh
[1.980s] -- Up-to-date symlink: /home/student/pepper_ws/install/turtlebot3_msgs/share/turtlebot3_msgs/environment/pythonpath.dsv
[1.980s] -- Up-to-date symlink: /home/student/pepper_ws/install/turtlebot3_msgs/local/lib/python3.10/dist-packages/turtlebot3_msgs-2.2.3-py3.10.egg-info/PKG-INFO
[1.980s] -- Up-to-date symlink: /home/student/pepper_ws/install/turtlebot3_msgs/local/lib/python3.10/dist-packages/turtlebot3_msgs-2.2.3-py3.10.egg-info/SOURCES.txt
[1.981s] -- Up-to-date symlink: /home/student/pepper_ws/install/turtlebot3_msgs/local/lib/python3.10/dist-packages/turtlebot3_msgs-2.2.3-py3.10.egg-info/dependency_links.txt
[1.981s] -- Up-to-date symlink: /home/student/pepper_ws/install/turtlebot3_msgs/local/lib/python3.10/dist-packages/turtlebot3_msgs-2.2.3-py3.10.egg-info/top_level.txt
[1.981s] -- Up-to-date symlink: /home/student/pepper_ws/install/turtlebot3_msgs/local/lib/python3.10/dist-packages/turtlebot3_msgs/__init__.py
[1.981s] -- Up-to-date symlink: /home/student/pepper_ws/install/turtlebot3_msgs/local/lib/python3.10/dist-packages/turtlebot3_msgs/_turtlebot3_msgs_s.ep.rosidl_typesupport_c.c
[1.981s] -- Up-to-date symlink: /home/student/pepper_ws/install/turtlebot3_msgs/local/lib/python3.10/dist-packages/turtlebot3_msgs/_turtlebot3_msgs_s.ep.rosidl_typesupport_fastrtps_c.c
[1.981s] -- Up-to-date symlink: /home/student/pepper_ws/install/turtlebot3_msgs/local/lib/python3.10/dist-packages/turtlebot3_msgs/_turtlebot3_msgs_s.ep.rosidl_typesupport_introspection_c.c
[1.981s] -- Up-to-date symlink: /home/student/pepper_ws/install/turtlebot3_msgs/local/lib/python3.10/dist-packages/turtlebot3_msgs/action/__init__.py
[1.982s] -- Up-to-date symlink: /home/student/pepper_ws/install/turtlebot3_msgs/local/lib/python3.10/dist-packages/turtlebot3_msgs/action/_patrol.py
[1.982s] -- Up-to-date symlink: /home/student/pepper_ws/install/turtlebot3_msgs/local/lib/python3.10/dist-packages/turtlebot3_msgs/action/_patrol_s.c
[1.982s] -- Up-to-date symlink: /home/student/pepper_ws/install/turtlebot3_msgs/local/lib/python3.10/dist-packages/turtlebot3_msgs/libturtlebot3_msgs__rosidl_generator_py.so
[1.982s] -- Up-to-date symlink: /home/student/pepper_ws/install/turtlebot3_msgs/local/lib/python3.10/dist-packages/turtlebot3_msgs/msg/__init__.py
[1.982s] -- Up-to-date symlink: /home/student/pepper_ws/install/turtlebot3_msgs/local/lib/python3.10/dist-packages/turtlebot3_msgs/msg/_sensor_state.py
[1.982s] -- Up-to-date symlink: /home/student/pepper_ws/install/turtlebot3_msgs/local/lib/python3.10/dist-packages/turtlebot3_msgs/msg/_sensor_state_s.c
[1.987s] -- Up-to-date symlink: /home/student/pepper_ws/install/turtlebot3_msgs/local/lib/python3.10/dist-packages/turtlebot3_msgs/msg/_sound.py
[1.987s] -- Up-to-date symlink: /home/student/pepper_ws/install/turtlebot3_msgs/local/lib/python3.10/dist-packages/turtlebot3_msgs/msg/_sound_s.c
[1.988s] -- Up-to-date symlink: /home/student/pepper_ws/install/turtlebot3_msgs/local/lib/python3.10/dist-packages/turtlebot3_msgs/msg/_version_info.py
[1.989s] -- Up-to-date symlink: /home/student/pepper_ws/install/turtlebot3_msgs/local/lib/python3.10/dist-packages/turtlebot3_msgs/msg/_version_info_s.c
[1.989s] -- Up-to-date symlink: /home/student/pepper_ws/install/turtlebot3_msgs/local/lib/python3.10/dist-packages/turtlebot3_msgs/srv/__init__.py
[1.990s] -- Up-to-date symlink: /home/student/pepper_ws/install/turtlebot3_msgs/local/lib/python3.10/dist-packages/turtlebot3_msgs/srv/_dqn.py
[1.993s] -- Up-to-date symlink: /home/student/pepper_ws/install/turtlebot3_msgs/local/lib/python3.10/dist-packages/turtlebot3_msgs/srv/_dqn_s.c
[1.993s] -- Up-to-date symlink: /home/student/pepper_ws/install/turtlebot3_msgs/local/lib/python3.10/dist-packages/turtlebot3_msgs/srv/_sound.py
[1.993s] -- Up-to-date symlink: /home/student/pepper_ws/install/turtlebot3_msgs/local/lib/python3.10/dist-packages/turtlebot3_msgs/srv/_sound_s.c
[1.993s] -- Up-to-date symlink: /home/student/pepper_ws/install/turtlebot3_msgs/local/lib/python3.10/dist-packages/turtlebot3_msgs/turtlebot3_msgs_s__rosidl_typesupport_c.cpython-310-x86_64-linux-gnu.so
[1.994s] -- Up-to-date symlink: /home/student/pepper_ws/install/turtlebot3_msgs/local/lib/python3.10/dist-packages/turtlebot3_msgs/turtlebot3_msgs_s__rosidl_typesupport_fastrtps_c.cpython-310-x86_64-linux-gnu.so
[1.994s] -- Up-to-date symlink: /home/student/pepper_ws/install/turtlebot3_msgs/local/lib/python3.10/dist-packages/turtlebot3_msgs/turtlebot3_msgs_s__rosidl_typesupport_introspection_c.cpython-310-x86_64-linux-gnu.so
[1.994s] -- Up-to-date symlink: /home/student/pepper_ws/install/turtlebot3_msgs/local/lib/python3.10/dist-packages/turtlebot3_msgs/turtlebot3_msgs_s__rosidl_typesupport_fastrtps_c.cpython-310-x86_64-linux-gnu.so
[1.994s] -- Up-to-date symlink: /home/student/pepper_ws/install/turtlebot3_msgs/local/lib/python3.10/dist-packages/turtlebot3_msgs/turtlebot3_msgs_s__rosidl_typesupport_introspection_c.cpython-310-x86_64-linux-gnu.so
[1.997s] -- Up-to-date symlink: /home/student/pepper_ws/install/turtlebot3_msgs/local/lib/python3.10/dist-packages/turtlebot3_msgs/turtlebot3_msgs_s__rosidl_typesupport_c.cpython-310-x86_64-linux-gnu.so
[1.997s] -- Up-to-date symlink: /home/student/pepper_ws/install/turtlebot3_msgs/share/turtlebot3_msgs/msg/SensorState.idl
[1.997s] -- Up-to-date symlink: /home/student/pepper_ws/install/turtlebot3_msgs/share/turtlebot3_msgs/msg/Sound.idl
[1.998s] -- Up-to-date symlink: /home/student/pepper_ws/install/turtlebot3_msgs/share/turtlebot3_msgs/msg/VersionInfo.idl
[1.998s] -- Up-to-date symlink: /home/student/pepper_ws/install/turtlebot3_msgs/share/turtlebot3_msgs/srv/Sound.idl
[1.998s] -- Up-to-date symlink: /home/student/pepper_ws/install/turtlebot3_msgs/share/turtlebot3_msgs/srv/Dqn.idl
[1.998s] -- Up-to-date symlink: /home/student/pepper_ws/install/turtlebot3_msgs/share/turtlebot3_msgs/action/Patrol.idl
[1.999s] -- Up-to-date symlink: /home/student/pepper_ws/install/turtlebot3_msgs/share/turtlebot3_msgs/msg/SensorState.msg
[1.999s] -- Up-to-date symlink: /home/student/pepper_ws/install/turtlebot3_msgs/share/turtlebot3_msgs/msg/Sound.msg
[1.999s] -- Up-to-date symlink: /home/student/pepper_ws/install/turtlebot3_msgs/share/turtlebot3_msgs/msg/VersionInfo.msg
[1.999s] -- Up-to-date symlink: /home/student/pepper_ws/install/turtlebot3_msgs/share/turtlebot3_msgs/srv/Sound.srv
[1.999s] -- Up-to-date symlink: /home/student/pepper_ws/install/turtlebot3_msgs/share/turtlebot3_msgs/srv/Sound_Request.msg
[1.999s] -- Up-to-date symlink: /home/student/pepper_ws/install/turtlebot3_msgs/share/turtlebot3_msgs/srv/Sound_Response.msg
[1.999s] -- Up-to-date symlink: /home/student/pepper_ws/install/turtlebot3_msgs/share/turtlebot3_msgs/srv/Dqn.srv
[1.999s] -- Up-to-date symlink: /home/student/pepper_ws/install/turtlebot3_msgs/share/turtlebot3_msgs/srv/Dqn_Request.msg
[2.001s] -- Up-to-date symlink: /home/student/pepper_ws/install/turtlebot3_msgs/share/turtlebot3_msgs/srv/Dqn_Response.msg
[2.001s] -- Up-to-date symlink: /home/student/pepper_ws/install/turtlebot3_msgs/share/turtlebot3_msgs/action/Patrol.action
[2.001s] -- Up-to-date symlink: /home/student/pepper_ws/install/turtlebot3_msgs/share/ament_index/resource_index/package_run_dependencies/turtlebot3_msgs
[2.002s] -- Up-to-date symlink: /home/student/pepper_ws/install/turtlebot3_msgs/share/ament_index/resource_index/parent_prefix_path/turtlebot3_msgs
[2.002s] -- Up-to-date symlink: /home/student/pepper_ws/install/turtlebot3_msgs/share/turtlebot3_msgs/environment/ament_prefix_path.sh
[2.002s] -- Up-to-date symlink: /home/student/pepper_ws/install/turtlebot3_msgs/share/turtlebot3_msgs/environment/ament_prefix_path.dsv
[2.002s] -- Up-to-date symlink: /home/student/pepper_ws/install/turtlebot3_msgs/share/turtlebot3_msgs/environment/path.sh
[2.002s] -- Up-to-date symlink: /home/student/pepper_ws/install/turtlebot3_msgs/share/turtlebot3_msgs/environment/path.dsv
[2.002s] -- Up-to-date symlink: /home/student/pepper_ws/install/turtlebot3_msgs/share/turtlebot3_msgs/local_setup.bash
[2.002s] -- Up-to-date symlink: /home/student/pepper_ws/install/turtlebot3_msgs/share/turtlebot3_msgs/local_setup.sh
[2.002s] -- Up-to-date symlink: /home/student/pepper_ws/install/turtlebot3_msgs/share/turtlebot3_msgs/local_setup.zsh
[2.002s] -- Up-to-date symlink: /home/student/pepper_ws/install/turtlebot3_msgs/share/turtlebot3_msgs/local_setup.dsv
[2.003s] -- Symlinking: /home/student/pepper_ws/install/turtlebot3_msgs/share/turtlebot3_msgs/package.dsv
[2.003s] -- Up-to-date symlink: /home/student/pepper_ws/install/turtlebot3_msgs/share/ament_index/resource_index/packages/turtlebot3_msgs
[2.003s] -- Up-to-date symlink: /home/student/pepper_ws/install/turtlebot3_msgs/share/turtlebot3_msgs/cmake/rosidl_cmake-extras.cmake
[2.003s] -- Up-to-date symlink: /home/student/pepper_ws/install/turtlebot3_msgs/share/turtlebot3_msgs/cmake/ament_cmake_export_dependencies-extras.cmake
[2.003s] -- Up-to-date symlink: /home/student/pepper_ws/install/turtlebot3_msgs/share/turtlebot3_msgs/cmake/ament_cmake_export_include_directories-extras.cmake
[2.003s] -- Up-to-date symlink: /home/student/pepper_ws/install/turtlebot3_msgs/share/turtlebot3_msgs/cmake/ament_cmake_export_libraries-extras.cmake
[2.003s] -- Up-to-date symlink: /home/student/pepper_ws/install/turtlebot3_msgs/share/turtlebot3_msgs/cmake/ament_cmake_export_targets-extras.cmake
[2.004s] -- Up-to-date symlink: /home/student/pepper_ws/install/turtlebot3_msgs/share/turtlebot3_msgs/cmake/rosidl_cmake_export_typesupport_targets-extras.cmake
[2.004s] -- Up-to-date symlink: /home/student/pepper_ws/install/turtlebot3_msgs/share/turtlebot3_msgs/cmake/rosidl_cmake_export_typesupport_libraries-extras.cmake
[2.004s] -- Up-to-date symlink: /home/student/pepper_ws/install/turtlebot3_msgs/share/turtlebot3_msgs/cmake/turtlebot3_msgsConfig.cmake
[2.004s] -- Up-to-date symlink: /home/student/pepper_ws/install/turtlebot3_msgs/share/turtlebot3_msgs/cmake/turtlebot3_msgsConfig-version.cmake
[2.004s] -- Up-to-date symlink: /home/student/pepper_ws/install/turtlebot3_msgs/share/turtlebot3_msgs/package.xml
[2.004s] -- Up-to-date: /home/student/pepper_ws/install/turtlebot3_msgs/lib/libturtlebot3_msgs__rosidl_generator_c.so
[2.004s] -- Up-to-date: /home/student/pepper_ws/install/turtlebot3_msgs/lib/libturtlebot3_msgs__rosidl_typesupport_fastrtps_c.so
[2.004s] -- Up-to-date: /home/student/pepper_ws/install/turtlebot3_msgs/lib/libturtlebot3_msgs__rosidl_typesupport_fastrtps_cpp.so
[2.005s] -- Up-to-date: /home/student/pepper_ws/install/turtlebot3_msgs/lib/libturtlebot3_msgs__rosidl_typesupport_introspection_c.so
[2.005s] -- Up-to-date: /home/student/pepper_ws/install/turtlebot3_msgs/lib/libturtlebot3_msgs__rosidl_typesupport_c.so
[2.005s] -- Up-to-date: /home/student/pepper_ws/install/turtlebot3_msgs/lib/libturtlebot3_msgs__rosidl_typesupport_introspection_cpp.so
[2.006s] -- Up-to-date: /home/student/pepper_ws/install/turtlebot3_msgs/lib/libturtlebot3_msgs__rosidl_typesupport_cpp.so
[2.050s] Listing '/home/student/pepper_ws/install/turtlebot3_msgs/local/lib/python3.10/dist-packages/turtlebot3_msgs'...
[2.050s] Listing '/home/student/pepper_ws/install/turtlebot3_msgs/local/lib/python3.10/dist-packages/turtlebot3_msgs/action'...
[2.051s] Listing '/home/student/pepper_ws/install/turtlebot3_msgs/local/lib/python3.10/dist-packages/turtlebot3_msgs/msg'...
[2.051s] Listing '/home/student/pepper_ws/install/turtlebot3_msgs/local/lib/python3.10/dist-packages/turtlebot3_msgs/srv'...
[2.054s] -- Up-to-date: /home/student/pepper_ws/install/turtlebot3_msgs/lib/libturtlebot3_msgs__rosidl_generator_py.so
[2.054s] -- Up-to-date: /home/student/pepper_ws/install/turtlebot3_msgs/share/turtlebot3_msgs/cmake/export_turtlebot3_msgs__rosidl_generator_cExport.cmake
[2.054s] -- Up-to-date: /home/student/pepper_ws/install/turtlebot3_msgs/share/turtlebot3_msgs/cmake/export_turtlebot3_msgs__rosidl_generator_cExport-noconfig.cmake
[2.063s] -- Up-to-date: /home/student/pepper_ws/install/turtlebot3_msgs/share/turtlebot3_msgs/cmake/export_turtlebot3_msgs__rosidl_typesupport_fastrtps_cExport.cmake
[2.063s] -- Up-to-date: /home/student/pepper_ws/install/turtlebot3_msgs/share/turtlebot3_msgs/cmake/export_turtlebot3_msgs__rosidl_typesupport_fastrtps_cExport-noconfig.cmake
[2.064s] -- Up-to-date: /home/student/pepper_ws/install/turtlebot3_msgs/share/turtlebot3_msgs/cmake/export_turtlebot3_msgs__rosidl_generator_cppExport.cmake
[2.065s] -- Up-to-date: /home/student/pepper_ws/install/turtlebot3_msgs/share/turtlebot3_msgs/cmake/export_turtlebot3_msgs__rosidl_typesupport_fastrtps_cppExport.cmake
[2.066s] -- Up-to-date: /home/student/pepper_ws/install/turtlebot3_msgs/share/turtlebot3_msgs/cmake/export_turtlebot3_msgs__rosidl_typesupport_fastrtps_cppExport-noconfig.cmake
[2.066s] -- Up-to-date: /home/student/pepper_ws/install/turtlebot3_msgs/share/turtlebot3_msgs/cmake/turtlebot3_msgs__rosidl_typesupport_introspection_cExport.cmake
[2.066s] -- Up-to-date: /home/student/pepper_ws/install/turtlebot3_msgs/share/turtlebot3_msgs/cmake/turtlebot3_msgs__rosidl_typesupport_introspection_cExport-noconfig.cmake
[2.066s] -- Up-to-date: /home/student/pepper_ws/install/turtlebot3_msgs/share/turtlebot3_msgs/cmake/turtlebot3_msgs__rosidl_typesupport_cExport.cmake
[2.067s] -- Up-to-date: /home/student/pepper_ws/install/turtlebot3_msgs/share/turtlebot3_msgs/cmake/turtlebot3_msgs__rosidl_typesupport_cExport-noconfig.cmake
[2.067s] -- Up-to-date: /home/student/pepper_ws/install/turtlebot3_msgs/share/turtlebot3_msgs/cmake/turtlebot3_msgs__rosidl_typesupport_introspection_cppExport.cmake
[2.067s] -- Up-to-date: /home/student/pepper_ws/install/turtlebot3_msgs/share/turtlebot3_msgs/cmake/turtlebot3_msgs__rosidl_typesupport_introspection_cppExport-noconfig.cmake
[2.067s] -- Up-to-date: /home/student/pepper_ws/install/turtlebot3_msgs/share/turtlebot3_msgs/cmake/turtlebot3_msgs__rosidl_typesupport_cppExport.cmake
[2.067s] -- Up-to-date: /home/student/pepper_ws/install/turtlebot3_msgs/share/turtlebot3_msgs/cmake/turtlebot3_msgs__rosidl_typesupport_cppExport-noconfig.cmake
[2.068s] -- Up-to-date: /home/student/pepper_ws/install/turtlebot3_msgs/share/turtlebot3_msgs/cmake/export_turtlebot3_msgs__rosidl_generator_pyExport.cmake
[2.068s] -- Up-to-date: /home/student/pepper_ws/install/turtlebot3_msgs/share/turtlebot3_msgs/cmake/export_turtlebot3_msgs__rosidl_generator_pyExport-noconfig.cmake
[2.086s] Invoked command in '/home/student/pepper_ws/build/turtlebot3_msgs' returned '0': CMAKE_PREFIX_PATH=${CMAKE_PREFIX_PATH}:/home/student/ros2_ws/install/autonomous_tb3:/opt/ros/humble /usr/bin/cmake --install /home/student/pepper_ws/build/turtlebot3_msgs
