[0.061s] Invoking command in '/home/student/pepper_ws/src/build/turtlebot3_msgs': CMAKE_PREFIX_PATH=${CMAKE_PREFIX_PATH}:/home/student/pepper_ws/install/turtlebot3_teleop:/home/student/pepper_ws/install/turtlebot3_example:/home/student/pepper_ws/install/move_pepper:/home/student/ros2_ws/install/turtlebot3_teleop:/home/student/ros2_ws/install/turtlebot3_example:/home/student/ros2_ws/install/nav2_simple_commander:/home/student/ros2_ws/install/autonomous_tb3:/opt/ros/humble /usr/bin/cmake /home/student/pepper_ws/src/turtlebot3/turtlebot3_msgs -DCMAKE_INSTALL_PREFIX=/home/student/pepper_ws/src/install/turtlebot3_msgs
[0.191s] -- The C compiler identification is GNU 11.4.0
[0.324s] -- The CXX compiler identification is GNU 11.4.0
[0.344s] -- Detecting C compiler ABI info
[0.501s] -- Detecting C compiler ABI info - done
[0.518s] -- Check for working C compiler: /usr/bin/cc - skipped
[0.518s] -- Detecting C compile features
[0.518s] -- Detecting C compile features - done
[0.523s] -- Detecting CXX compiler ABI info
[0.728s] -- Detecting CXX compiler ABI info - done
[0.760s] -- Check for working CXX compiler: /usr/bin/c++ - skipped
[0.761s] -- Detecting CXX compile features
[0.761s] -- Detecting CXX compile features - done
[0.768s] -- Found action_msgs: 1.2.1 (/opt/ros/humble/share/action_msgs/cmake)
[1.104s] -- Found Python3: /usr/bin/python3 (found version "3.10.12") found components: Interpreter 
[1.443s] -- Found rosidl_generator_c: 3.1.5 (/opt/ros/humble/share/rosidl_generator_c/cmake)
[1.462s] -- Found rosidl_adapter: 3.1.5 (/opt/ros/humble/share/rosidl_adapter/cmake)
[1.481s] -- Found rosidl_generator_cpp: 3.1.5 (/opt/ros/humble/share/rosidl_generator_cpp/cmake)
[1.525s] -- Using all available rosidl_typesupport_c: rosidl_typesupport_fastrtps_c;rosidl_typesupport_introspection_c
[1.561s] -- Using all available rosidl_typesupport_cpp: rosidl_typesupport_fastrtps_cpp;rosidl_typesupport_introspection_cpp
[1.660s] -- Found rosidl_default_generators: 1.2.0 (/opt/ros/humble/share/rosidl_default_generators/cmake)
[1.740s] -- Found std_msgs: 4.2.4 (/opt/ros/humble/share/std_msgs/cmake)
[2.697s] -- Found ament_cmake_cppcheck: 0.12.11 (/opt/ros/humble/share/ament_cmake_cppcheck/cmake)
[2.705s] -- Found ament_cmake_cpplint: 0.12.11 (/opt/ros/humble/share/ament_cmake_cpplint/cmake)
[2.713s] -- Found ament_cmake_uncrustify: 0.12.11 (/opt/ros/humble/share/ament_cmake_uncrustify/cmake)
[2.721s] -- Found ament_cmake_ros: 0.10.0 (/opt/ros/humble/share/ament_cmake_ros/cmake)
[3.426s] -- Using all available rosidl_typesupport_c: rosidl_typesupport_fastrtps_c;rosidl_typesupport_introspection_c
[3.731s] -- Using all available rosidl_typesupport_cpp: rosidl_typesupport_fastrtps_cpp;rosidl_typesupport_introspection_cpp
[3.777s] -- Found PythonInterp: /usr/bin/python3 (found suitable version "3.10.12", minimum required is "3.6") 
[3.785s] -- Found python_cmake_module: 0.10.0 (/opt/ros/humble/share/python_cmake_module/cmake)
[3.853s] -- Found PythonLibs: /usr/lib/x86_64-linux-gnu/libpython3.10.so (found suitable version "3.10.12", minimum required is "3.5") 
[3.853s] -- Using PYTHON_EXECUTABLE: /usr/bin/python3
[3.853s] -- Using PYTHON_INCLUDE_DIRS: /usr/include/python3.10
[3.853s] -- Using PYTHON_LIBRARIES: /usr/lib/x86_64-linux-gnu/libpython3.10.so
[3.897s] -- Found PythonExtra: .so  
[4.251s] -- Found ament_cmake_flake8: 0.12.11 (/opt/ros/humble/share/ament_cmake_flake8/cmake)
[4.272s] -- Found ament_cmake_pep257: 0.12.11 (/opt/ros/humble/share/ament_cmake_pep257/cmake)
[4.317s] -- Configuring done
[4.439s] -- Generating done
[4.450s] -- Build files have been written to: /home/student/pepper_ws/src/build/turtlebot3_msgs
[4.468s] Invoked command in '/home/student/pepper_ws/src/build/turtlebot3_msgs' returned '0': CMAKE_PREFIX_PATH=${CMAKE_PREFIX_PATH}:/home/student/pepper_ws/install/turtlebot3_teleop:/home/student/pepper_ws/install/turtlebot3_example:/home/student/pepper_ws/install/move_pepper:/home/student/ros2_ws/install/turtlebot3_teleop:/home/student/ros2_ws/install/turtlebot3_example:/home/student/ros2_ws/install/nav2_simple_commander:/home/student/ros2_ws/install/autonomous_tb3:/opt/ros/humble /usr/bin/cmake /home/student/pepper_ws/src/turtlebot3/turtlebot3_msgs -DCMAKE_INSTALL_PREFIX=/home/student/pepper_ws/src/install/turtlebot3_msgs
[4.473s] Invoking command in '/home/student/pepper_ws/src/build/turtlebot3_msgs': CMAKE_PREFIX_PATH=${CMAKE_PREFIX_PATH}:/home/student/pepper_ws/install/turtlebot3_teleop:/home/student/pepper_ws/install/turtlebot3_example:/home/student/pepper_ws/install/move_pepper:/home/student/ros2_ws/install/turtlebot3_teleop:/home/student/ros2_ws/install/turtlebot3_example:/home/student/ros2_ws/install/nav2_simple_commander:/home/student/ros2_ws/install/autonomous_tb3:/opt/ros/humble /usr/bin/cmake --build /home/student/pepper_ws/src/build/turtlebot3_msgs -- -j8 -l8
[4.589s] [  1%] [34m[1mGenerating C code for ROS interfaces[0m
[4.644s] [  2%] [34m[1mGenerating C++ code for ROS interfaces[0m
[4.667s] [  2%] Built target ament_cmake_python_copy_turtlebot3_msgs
[5.714s] running egg_info
[5.716s] creating turtlebot3_msgs.egg-info
[5.716s] writing turtlebot3_msgs.egg-info/PKG-INFO
[5.716s] writing dependency_links to turtlebot3_msgs.egg-info/dependency_links.txt
[5.716s] writing top-level names to turtlebot3_msgs.egg-info/top_level.txt
[5.719s] writing manifest file 'turtlebot3_msgs.egg-info/SOURCES.txt'
[5.724s] reading manifest file 'turtlebot3_msgs.egg-info/SOURCES.txt'
[5.725s] writing manifest file 'turtlebot3_msgs.egg-info/SOURCES.txt'
[5.843s] [  2%] Built target ament_cmake_python_build_turtlebot3_msgs_egg
[7.099s] [  4%] [32mBuilding C object CMakeFiles/turtlebot3_msgs__rosidl_generator_c.dir/rosidl_generator_c/turtlebot3_msgs/msg/detail/sensor_state__functions.c.o[0m
[7.112s] [  5%] [32mBuilding C object CMakeFiles/turtlebot3_msgs__rosidl_generator_c.dir/rosidl_generator_c/turtlebot3_msgs/msg/detail/sound__functions.c.o[0m
[7.112s] [  8%] [32mBuilding C object CMakeFiles/turtlebot3_msgs__rosidl_generator_c.dir/rosidl_generator_c/turtlebot3_msgs/srv/detail/sound__functions.c.o[0m
[7.113s] [  7%] [32mBuilding C object CMakeFiles/turtlebot3_msgs__rosidl_generator_c.dir/rosidl_generator_c/turtlebot3_msgs/msg/detail/version_info__functions.c.o[0m
[7.115s] [  9%] [32mBuilding C object CMakeFiles/turtlebot3_msgs__rosidl_generator_c.dir/rosidl_generator_c/turtlebot3_msgs/srv/detail/dqn__functions.c.o[0m
[7.143s] [ 11%] [32mBuilding C object CMakeFiles/turtlebot3_msgs__rosidl_generator_c.dir/rosidl_generator_c/turtlebot3_msgs/action/detail/patrol__functions.c.o[0m
[7.402s] [ 12%] [32m[1mLinking C shared library libturtlebot3_msgs__rosidl_generator_c.so[0m
[7.413s] [ 12%] Built target turtlebot3_msgs__cpp
[7.453s] [ 14%] [34m[1mGenerating C++ type support for eProsima Fast-RTPS[0m
[7.458s] [ 15%] [34m[1mGenerating C++ type support dispatch for ROS interfaces[0m
[7.475s] [ 16%] [34m[1mGenerating C++ introspection for ROS interfaces[0m
[7.526s] [ 16%] Built target turtlebot3_msgs__rosidl_generator_c
[7.579s] [ 18%] [34m[1mGenerating C type support for eProsima Fast-RTPS[0m
[7.584s] [ 19%] [34m[1mGenerating C introspection for ROS interfaces[0m
[7.599s] [ 21%] [34m[1mGenerating C type support dispatch for ROS interfaces[0m
[9.207s] [ 22%] [32mBuilding CXX object CMakeFiles/turtlebot3_msgs__rosidl_typesupport_c.dir/rosidl_typesupport_c/turtlebot3_msgs/msg/sensor_state__type_support.cpp.o[0m
[9.213s] [ 23%] [32mBuilding CXX object CMakeFiles/turtlebot3_msgs__rosidl_typesupport_c.dir/rosidl_typesupport_c/turtlebot3_msgs/msg/sound__type_support.cpp.o[0m
[9.232s] [ 25%] [32mBuilding CXX object CMakeFiles/turtlebot3_msgs__rosidl_typesupport_c.dir/rosidl_typesupport_c/turtlebot3_msgs/msg/version_info__type_support.cpp.o[0m
[9.280s] [ 26%] [32mBuilding CXX object CMakeFiles/turtlebot3_msgs__rosidl_typesupport_c.dir/rosidl_typesupport_c/turtlebot3_msgs/srv/sound__type_support.cpp.o[0m
[9.344s] [ 28%] [32mBuilding CXX object CMakeFiles/turtlebot3_msgs__rosidl_typesupport_c.dir/rosidl_typesupport_c/turtlebot3_msgs/srv/dqn__type_support.cpp.o[0m
[9.370s] [ 29%] [32mBuilding CXX object CMakeFiles/turtlebot3_msgs__rosidl_typesupport_c.dir/rosidl_typesupport_c/turtlebot3_msgs/action/patrol__type_support.cpp.o[0m
[9.517s] [ 30%] [32m[1mLinking CXX shared library libturtlebot3_msgs__rosidl_typesupport_c.so[0m
[9.685s] [ 30%] Built target turtlebot3_msgs__rosidl_typesupport_c
[9.844s] [ 32%] [32mBuilding CXX object CMakeFiles/turtlebot3_msgs__rosidl_typesupport_introspection_cpp.dir/rosidl_typesupport_introspection_cpp/turtlebot3_msgs/msg/detail/sensor_state__type_support.cpp.o[0m
[9.850s] [ 33%] [32mBuilding CXX object CMakeFiles/turtlebot3_msgs__rosidl_typesupport_introspection_cpp.dir/rosidl_typesupport_introspection_cpp/turtlebot3_msgs/msg/detail/sound__type_support.cpp.o[0m
[9.852s] [ 35%] [32mBuilding CXX object CMakeFiles/turtlebot3_msgs__rosidl_typesupport_introspection_cpp.dir/rosidl_typesupport_introspection_cpp/turtlebot3_msgs/msg/detail/version_info__type_support.cpp.o[0m
[9.857s] [ 36%] [32mBuilding CXX object CMakeFiles/turtlebot3_msgs__rosidl_typesupport_introspection_cpp.dir/rosidl_typesupport_introspection_cpp/turtlebot3_msgs/srv/detail/sound__type_support.cpp.o[0m
[10.167s] [ 38%] [32mBuilding CXX object CMakeFiles/turtlebot3_msgs__rosidl_typesupport_cpp.dir/rosidl_typesupport_cpp/turtlebot3_msgs/msg/sensor_state__type_support.cpp.o[0m
[10.549s] [ 39%] [32mBuilding CXX object CMakeFiles/turtlebot3_msgs__rosidl_typesupport_fastrtps_cpp.dir/rosidl_typesupport_fastrtps_cpp/turtlebot3_msgs/msg/detail/dds_fastrtps/sensor_state__type_support.cpp.o[0m
[10.736s] [ 40%] [32mBuilding CXX object CMakeFiles/turtlebot3_msgs__rosidl_typesupport_cpp.dir/rosidl_typesupport_cpp/turtlebot3_msgs/msg/sound__type_support.cpp.o[0m
[10.783s] [ 42%] [32mBuilding C object CMakeFiles/turtlebot3_msgs__rosidl_typesupport_introspection_c.dir/rosidl_typesupport_introspection_c/turtlebot3_msgs/msg/detail/sensor_state__type_support.c.o[0m
[10.940s] [ 43%] [32mBuilding CXX object CMakeFiles/turtlebot3_msgs__rosidl_typesupport_fastrtps_c.dir/rosidl_typesupport_fastrtps_c/turtlebot3_msgs/msg/detail/sensor_state__type_support_c.cpp.o[0m
[10.940s] [ 45%] [32mBuilding C object CMakeFiles/turtlebot3_msgs__rosidl_typesupport_introspection_c.dir/rosidl_typesupport_introspection_c/turtlebot3_msgs/msg/detail/sound__type_support.c.o[0m
[10.969s] [ 46%] [32mBuilding CXX object CMakeFiles/turtlebot3_msgs__rosidl_typesupport_fastrtps_c.dir/rosidl_typesupport_fastrtps_c/turtlebot3_msgs/msg/detail/sound__type_support_c.cpp.o[0m
[10.996s] [ 47%] [32mBuilding CXX object CMakeFiles/turtlebot3_msgs__rosidl_typesupport_fastrtps_cpp.dir/rosidl_typesupport_fastrtps_cpp/turtlebot3_msgs/msg/detail/dds_fastrtps/sound__type_support.cpp.o[0m
[11.023s] [ 49%] [32mBuilding C object CMakeFiles/turtlebot3_msgs__rosidl_typesupport_introspection_c.dir/rosidl_typesupport_introspection_c/turtlebot3_msgs/msg/detail/version_info__type_support.c.o[0m
[11.107s] [ 50%] [32mBuilding C object CMakeFiles/turtlebot3_msgs__rosidl_typesupport_introspection_c.dir/rosidl_typesupport_introspection_c/turtlebot3_msgs/srv/detail/sound__type_support.c.o[0m
[11.179s] [ 52%] [32mBuilding CXX object CMakeFiles/turtlebot3_msgs__rosidl_typesupport_introspection_cpp.dir/rosidl_typesupport_introspection_cpp/turtlebot3_msgs/srv/detail/dqn__type_support.cpp.o[0m
[11.181s] [ 53%] [32mBuilding CXX object CMakeFiles/turtlebot3_msgs__rosidl_typesupport_fastrtps_c.dir/rosidl_typesupport_fastrtps_c/turtlebot3_msgs/msg/detail/version_info__type_support_c.cpp.o[0m
[11.281s] [ 54%] [32mBuilding C object CMakeFiles/turtlebot3_msgs__rosidl_typesupport_introspection_c.dir/rosidl_typesupport_introspection_c/turtlebot3_msgs/srv/detail/dqn__type_support.c.o[0m
[11.399s] [ 56%] [32mBuilding CXX object CMakeFiles/turtlebot3_msgs__rosidl_typesupport_cpp.dir/rosidl_typesupport_cpp/turtlebot3_msgs/msg/version_info__type_support.cpp.o[0m
[11.452s] [ 57%] [32mBuilding C object CMakeFiles/turtlebot3_msgs__rosidl_typesupport_introspection_c.dir/rosidl_typesupport_introspection_c/turtlebot3_msgs/action/detail/patrol__type_support.c.o[0m
[11.631s] [ 59%] [32mBuilding CXX object CMakeFiles/turtlebot3_msgs__rosidl_typesupport_fastrtps_c.dir/rosidl_typesupport_fastrtps_c/turtlebot3_msgs/srv/detail/sound__type_support_c.cpp.o[0m
[11.669s] [ 60%] [32m[1mLinking C shared library libturtlebot3_msgs__rosidl_typesupport_introspection_c.so[0m
[11.709s] [ 61%] [32mBuilding CXX object CMakeFiles/turtlebot3_msgs__rosidl_typesupport_fastrtps_c.dir/rosidl_typesupport_fastrtps_c/turtlebot3_msgs/srv/detail/dqn__type_support_c.cpp.o[0m
[11.826s] [ 63%] [32mBuilding CXX object CMakeFiles/turtlebot3_msgs__rosidl_typesupport_introspection_cpp.dir/rosidl_typesupport_introspection_cpp/turtlebot3_msgs/action/detail/patrol__type_support.cpp.o[0m
[11.831s] [ 63%] Built target turtlebot3_msgs__rosidl_typesupport_introspection_c
[11.876s] [ 64%] [32mBuilding CXX object CMakeFiles/turtlebot3_msgs__rosidl_typesupport_fastrtps_cpp.dir/rosidl_typesupport_fastrtps_cpp/turtlebot3_msgs/msg/detail/dds_fastrtps/version_info__type_support.cpp.o[0m
[11.924s] [ 66%] [32mBuilding CXX object CMakeFiles/turtlebot3_msgs__rosidl_typesupport_fastrtps_c.dir/rosidl_typesupport_fastrtps_c/turtlebot3_msgs/action/detail/patrol__type_support_c.cpp.o[0m
[12.151s] [ 67%] [32mBuilding CXX object CMakeFiles/turtlebot3_msgs__rosidl_typesupport_cpp.dir/rosidl_typesupport_cpp/turtlebot3_msgs/srv/sound__type_support.cpp.o[0m
[12.212s] [ 69%] [32mBuilding CXX object CMakeFiles/turtlebot3_msgs__rosidl_typesupport_fastrtps_cpp.dir/rosidl_typesupport_fastrtps_cpp/turtlebot3_msgs/srv/detail/dds_fastrtps/sound__type_support.cpp.o[0m
[12.578s] [ 70%] [32mBuilding CXX object CMakeFiles/turtlebot3_msgs__rosidl_typesupport_fastrtps_cpp.dir/rosidl_typesupport_fastrtps_cpp/turtlebot3_msgs/srv/detail/dds_fastrtps/dqn__type_support.cpp.o[0m
[12.587s] [ 71%] [32mBuilding CXX object CMakeFiles/turtlebot3_msgs__rosidl_typesupport_cpp.dir/rosidl_typesupport_cpp/turtlebot3_msgs/srv/dqn__type_support.cpp.o[0m
[12.755s] [ 73%] [32mBuilding CXX object CMakeFiles/turtlebot3_msgs__rosidl_typesupport_cpp.dir/rosidl_typesupport_cpp/turtlebot3_msgs/action/patrol__type_support.cpp.o[0m
[12.935s] [ 74%] [32m[1mLinking CXX shared library libturtlebot3_msgs__rosidl_typesupport_fastrtps_c.so[0m
[12.992s] [ 76%] [32mBuilding CXX object CMakeFiles/turtlebot3_msgs__rosidl_typesupport_fastrtps_cpp.dir/rosidl_typesupport_fastrtps_cpp/turtlebot3_msgs/action/detail/dds_fastrtps/patrol__type_support.cpp.o[0m
[13.247s] [ 76%] Built target turtlebot3_msgs__rosidl_typesupport_fastrtps_c
[13.276s] [ 77%] [32m[1mLinking CXX shared library libturtlebot3_msgs__rosidl_typesupport_introspection_cpp.so[0m
[13.527s] [ 77%] Built target turtlebot3_msgs__rosidl_typesupport_introspection_cpp
[13.705s] [ 78%] [32m[1mLinking CXX shared library libturtlebot3_msgs__rosidl_typesupport_cpp.so[0m
[13.811s] [ 78%] Built target turtlebot3_msgs__rosidl_typesupport_cpp
[14.024s] [ 80%] [32m[1mLinking CXX shared library libturtlebot3_msgs__rosidl_typesupport_fastrtps_cpp.so[0m
[14.126s] [ 80%] Built target turtlebot3_msgs__rosidl_typesupport_fastrtps_cpp
[14.169s] [ 80%] Built target turtlebot3_msgs
[14.222s] [ 81%] [34m[1mGenerating Python code for ROS interfaces[0m
[17.472s] [ 81%] Built target turtlebot3_msgs__py
[17.538s] [ 83%] [32mBuilding C object CMakeFiles/turtlebot3_msgs__rosidl_generator_py.dir/rosidl_generator_py/turtlebot3_msgs/msg/_sensor_state_s.c.o[0m
[17.546s] [ 84%] [32mBuilding C object CMakeFiles/turtlebot3_msgs__rosidl_generator_py.dir/rosidl_generator_py/turtlebot3_msgs/msg/_sound_s.c.o[0m
[17.558s] [ 85%] [32mBuilding C object CMakeFiles/turtlebot3_msgs__rosidl_generator_py.dir/rosidl_generator_py/turtlebot3_msgs/srv/_sound_s.c.o[0m
[17.560s] [ 87%] [32mBuilding C object CMakeFiles/turtlebot3_msgs__rosidl_generator_py.dir/rosidl_generator_py/turtlebot3_msgs/srv/_dqn_s.c.o[0m
[17.563s] [ 88%] [32mBuilding C object CMakeFiles/turtlebot3_msgs__rosidl_generator_py.dir/rosidl_generator_py/turtlebot3_msgs/msg/_version_info_s.c.o[0m
[17.570s] [ 90%] [32mBuilding C object CMakeFiles/turtlebot3_msgs__rosidl_generator_py.dir/rosidl_generator_py/turtlebot3_msgs/action/_patrol_s.c.o[0m
[17.914s] [ 91%] [32m[1mLinking C shared library rosidl_generator_py/turtlebot3_msgs/libturtlebot3_msgs__rosidl_generator_py.so[0m
[17.984s] [ 91%] Built target turtlebot3_msgs__rosidl_generator_py
[18.037s] [ 92%] [32mBuilding C object CMakeFiles/turtlebot3_msgs__rosidl_typesupport_introspection_c__pyext.dir/rosidl_generator_py/turtlebot3_msgs/_turtlebot3_msgs_s.ep.rosidl_typesupport_introspection_c.c.o[0m
[18.040s] [ 94%] [32mBuilding C object CMakeFiles/turtlebot3_msgs__rosidl_typesupport_fastrtps_c__pyext.dir/rosidl_generator_py/turtlebot3_msgs/_turtlebot3_msgs_s.ep.rosidl_typesupport_fastrtps_c.c.o[0m
[18.041s] [ 95%] [32mBuilding C object CMakeFiles/turtlebot3_msgs__rosidl_typesupport_c__pyext.dir/rosidl_generator_py/turtlebot3_msgs/_turtlebot3_msgs_s.ep.rosidl_typesupport_c.c.o[0m
[18.313s] [ 97%] [32m[1mLinking C shared library rosidl_generator_py/turtlebot3_msgs/turtlebot3_msgs_s__rosidl_typesupport_introspection_c.cpython-310-x86_64-linux-gnu.so[0m
[18.330s] [ 98%] [32m[1mLinking C shared library rosidl_generator_py/turtlebot3_msgs/turtlebot3_msgs_s__rosidl_typesupport_c.cpython-310-x86_64-linux-gnu.so[0m
[18.338s] [100%] [32m[1mLinking C shared library rosidl_generator_py/turtlebot3_msgs/turtlebot3_msgs_s__rosidl_typesupport_fastrtps_c.cpython-310-x86_64-linux-gnu.so[0m
[18.426s] [100%] Built target turtlebot3_msgs__rosidl_typesupport_introspection_c__pyext
[18.426s] [100%] Built target turtlebot3_msgs__rosidl_typesupport_c__pyext
[18.437s] [100%] Built target turtlebot3_msgs__rosidl_typesupport_fastrtps_c__pyext
[18.458s] Invoked command in '/home/student/pepper_ws/src/build/turtlebot3_msgs' returned '0': CMAKE_PREFIX_PATH=${CMAKE_PREFIX_PATH}:/home/student/pepper_ws/install/turtlebot3_teleop:/home/student/pepper_ws/install/turtlebot3_example:/home/student/pepper_ws/install/move_pepper:/home/student/ros2_ws/install/turtlebot3_teleop:/home/student/ros2_ws/install/turtlebot3_example:/home/student/ros2_ws/install/nav2_simple_commander:/home/student/ros2_ws/install/autonomous_tb3:/opt/ros/humble /usr/bin/cmake --build /home/student/pepper_ws/src/build/turtlebot3_msgs -- -j8 -l8
[19.021s] Invoking command in '/home/student/pepper_ws/src/build/turtlebot3_msgs': CMAKE_PREFIX_PATH=${CMAKE_PREFIX_PATH}:/home/student/pepper_ws/install/turtlebot3_teleop:/home/student/pepper_ws/install/turtlebot3_example:/home/student/pepper_ws/install/move_pepper:/home/student/ros2_ws/install/turtlebot3_teleop:/home/student/ros2_ws/install/turtlebot3_example:/home/student/ros2_ws/install/nav2_simple_commander:/home/student/ros2_ws/install/autonomous_tb3:/opt/ros/humble /usr/bin/cmake --install /home/student/pepper_ws/src/build/turtlebot3_msgs
[19.034s] -- Install configuration: ""
[19.036s] -- Installing: /home/student/pepper_ws/src/install/turtlebot3_msgs/share/ament_index/resource_index/rosidl_interfaces/turtlebot3_msgs
[19.037s] -- Installing: /home/student/pepper_ws/src/install/turtlebot3_msgs/include/turtlebot3_msgs/turtlebot3_msgs
[19.038s] -- Installing: /home/student/pepper_ws/src/install/turtlebot3_msgs/include/turtlebot3_msgs/turtlebot3_msgs/msg
[19.039s] -- Installing: /home/student/pepper_ws/src/install/turtlebot3_msgs/include/turtlebot3_msgs/turtlebot3_msgs/msg/rosidl_generator_c__visibility_control.h
[19.039s] -- Installing: /home/student/pepper_ws/src/install/turtlebot3_msgs/include/turtlebot3_msgs/turtlebot3_msgs/msg/version_info.h
[19.039s] -- Installing: /home/student/pepper_ws/src/install/turtlebot3_msgs/include/turtlebot3_msgs/turtlebot3_msgs/msg/sound.h
[19.039s] -- Installing: /home/student/pepper_ws/src/install/turtlebot3_msgs/include/turtlebot3_msgs/turtlebot3_msgs/msg/sensor_state.h
[19.040s] -- Installing: /home/student/pepper_ws/src/install/turtlebot3_msgs/include/turtlebot3_msgs/turtlebot3_msgs/msg/detail
[19.040s] -- Installing: /home/student/pepper_ws/src/install/turtlebot3_msgs/include/turtlebot3_msgs/turtlebot3_msgs/msg/detail/version_info__functions.c
[19.041s] -- Installing: /home/student/pepper_ws/src/install/turtlebot3_msgs/include/turtlebot3_msgs/turtlebot3_msgs/msg/detail/sound__functions.h
[19.042s] -- Installing: /home/student/pepper_ws/src/install/turtlebot3_msgs/include/turtlebot3_msgs/turtlebot3_msgs/msg/detail/version_info__struct.h
[19.042s] -- Installing: /home/student/pepper_ws/src/install/turtlebot3_msgs/include/turtlebot3_msgs/turtlebot3_msgs/msg/detail/version_info__type_support.h
[19.043s] -- Installing: /home/student/pepper_ws/src/install/turtlebot3_msgs/include/turtlebot3_msgs/turtlebot3_msgs/msg/detail/sound__struct.h
[19.044s] -- Installing: /home/student/pepper_ws/src/install/turtlebot3_msgs/include/turtlebot3_msgs/turtlebot3_msgs/msg/detail/sound__functions.c
[19.044s] -- Installing: /home/student/pepper_ws/src/install/turtlebot3_msgs/include/turtlebot3_msgs/turtlebot3_msgs/msg/detail/sound__type_support.h
[19.045s] -- Installing: /home/student/pepper_ws/src/install/turtlebot3_msgs/include/turtlebot3_msgs/turtlebot3_msgs/msg/detail/sensor_state__type_support.h
[19.046s] -- Installing: /home/student/pepper_ws/src/install/turtlebot3_msgs/include/turtlebot3_msgs/turtlebot3_msgs/msg/detail/sensor_state__functions.h
[19.047s] -- Installing: /home/student/pepper_ws/src/install/turtlebot3_msgs/include/turtlebot3_msgs/turtlebot3_msgs/msg/detail/sensor_state__struct.h
[19.047s] -- Installing: /home/student/pepper_ws/src/install/turtlebot3_msgs/include/turtlebot3_msgs/turtlebot3_msgs/msg/detail/version_info__functions.h
[19.048s] -- Installing: /home/student/pepper_ws/src/install/turtlebot3_msgs/include/turtlebot3_msgs/turtlebot3_msgs/msg/detail/sensor_state__functions.c
[19.048s] -- Installing: /home/student/pepper_ws/src/install/turtlebot3_msgs/include/turtlebot3_msgs/turtlebot3_msgs/action
[19.048s] -- Installing: /home/student/pepper_ws/src/install/turtlebot3_msgs/include/turtlebot3_msgs/turtlebot3_msgs/action/patrol.h
[19.048s] -- Installing: /home/student/pepper_ws/src/install/turtlebot3_msgs/include/turtlebot3_msgs/turtlebot3_msgs/action/detail
[19.048s] -- Installing: /home/student/pepper_ws/src/install/turtlebot3_msgs/include/turtlebot3_msgs/turtlebot3_msgs/action/detail/patrol__functions.c
[19.048s] -- Installing: /home/student/pepper_ws/src/install/turtlebot3_msgs/include/turtlebot3_msgs/turtlebot3_msgs/action/detail/patrol__functions.h
[19.048s] -- Installing: /home/student/pepper_ws/src/install/turtlebot3_msgs/include/turtlebot3_msgs/turtlebot3_msgs/action/detail/patrol__struct.h
[19.049s] -- Installing: /home/student/pepper_ws/src/install/turtlebot3_msgs/include/turtlebot3_msgs/turtlebot3_msgs/action/detail/patrol__type_support.h
[19.049s] -- Installing: /home/student/pepper_ws/src/install/turtlebot3_msgs/include/turtlebot3_msgs/turtlebot3_msgs/srv
[19.049s] -- Installing: /home/student/pepper_ws/src/install/turtlebot3_msgs/include/turtlebot3_msgs/turtlebot3_msgs/srv/dqn.h
[19.049s] -- Installing: /home/student/pepper_ws/src/install/turtlebot3_msgs/include/turtlebot3_msgs/turtlebot3_msgs/srv/sound.h
[19.049s] -- Installing: /home/student/pepper_ws/src/install/turtlebot3_msgs/include/turtlebot3_msgs/turtlebot3_msgs/srv/detail
[19.049s] -- Installing: /home/student/pepper_ws/src/install/turtlebot3_msgs/include/turtlebot3_msgs/turtlebot3_msgs/srv/detail/dqn__struct.h
[19.050s] -- Installing: /home/student/pepper_ws/src/install/turtlebot3_msgs/include/turtlebot3_msgs/turtlebot3_msgs/srv/detail/sound__functions.h
[19.050s] -- Installing: /home/student/pepper_ws/src/install/turtlebot3_msgs/include/turtlebot3_msgs/turtlebot3_msgs/srv/detail/dqn__functions.c
[19.050s] -- Installing: /home/student/pepper_ws/src/install/turtlebot3_msgs/include/turtlebot3_msgs/turtlebot3_msgs/srv/detail/sound__struct.h
[19.050s] -- Installing: /home/student/pepper_ws/src/install/turtlebot3_msgs/include/turtlebot3_msgs/turtlebot3_msgs/srv/detail/sound__functions.c
[19.050s] -- Installing: /home/student/pepper_ws/src/install/turtlebot3_msgs/include/turtlebot3_msgs/turtlebot3_msgs/srv/detail/sound__type_support.h
[19.050s] -- Installing: /home/student/pepper_ws/src/install/turtlebot3_msgs/include/turtlebot3_msgs/turtlebot3_msgs/srv/detail/dqn__functions.h
[19.051s] -- Installing: /home/student/pepper_ws/src/install/turtlebot3_msgs/include/turtlebot3_msgs/turtlebot3_msgs/srv/detail/dqn__type_support.h
[19.051s] -- Installing: /home/student/pepper_ws/src/install/turtlebot3_msgs/share/turtlebot3_msgs/environment/library_path.sh
[19.051s] -- Installing: /home/student/pepper_ws/src/install/turtlebot3_msgs/share/turtlebot3_msgs/environment/library_path.dsv
[19.051s] -- Installing: /home/student/pepper_ws/src/install/turtlebot3_msgs/lib/libturtlebot3_msgs__rosidl_generator_c.so
[19.051s] -- Set runtime path of "/home/student/pepper_ws/src/install/turtlebot3_msgs/lib/libturtlebot3_msgs__rosidl_generator_c.so" to ""
[19.051s] -- Up-to-date: /home/student/pepper_ws/src/install/turtlebot3_msgs/include/turtlebot3_msgs/turtlebot3_msgs
[19.051s] -- Up-to-date: /home/student/pepper_ws/src/install/turtlebot3_msgs/include/turtlebot3_msgs/turtlebot3_msgs/msg
[19.051s] -- Installing: /home/student/pepper_ws/src/install/turtlebot3_msgs/include/turtlebot3_msgs/turtlebot3_msgs/msg/rosidl_typesupport_fastrtps_c__visibility_control.h
[19.051s] -- Up-to-date: /home/student/pepper_ws/src/install/turtlebot3_msgs/include/turtlebot3_msgs/turtlebot3_msgs/msg/detail
[19.052s] -- Installing: /home/student/pepper_ws/src/install/turtlebot3_msgs/include/turtlebot3_msgs/turtlebot3_msgs/msg/detail/sound__rosidl_typesupport_fastrtps_c.h
[19.052s] -- Installing: /home/student/pepper_ws/src/install/turtlebot3_msgs/include/turtlebot3_msgs/turtlebot3_msgs/msg/detail/version_info__rosidl_typesupport_fastrtps_c.h
[19.052s] -- Installing: /home/student/pepper_ws/src/install/turtlebot3_msgs/include/turtlebot3_msgs/turtlebot3_msgs/msg/detail/sensor_state__rosidl_typesupport_fastrtps_c.h
[19.052s] -- Up-to-date: /home/student/pepper_ws/src/install/turtlebot3_msgs/include/turtlebot3_msgs/turtlebot3_msgs/action
[19.052s] -- Up-to-date: /home/student/pepper_ws/src/install/turtlebot3_msgs/include/turtlebot3_msgs/turtlebot3_msgs/action/detail
[19.052s] -- Installing: /home/student/pepper_ws/src/install/turtlebot3_msgs/include/turtlebot3_msgs/turtlebot3_msgs/action/detail/patrol__rosidl_typesupport_fastrtps_c.h
[19.052s] -- Up-to-date: /home/student/pepper_ws/src/install/turtlebot3_msgs/include/turtlebot3_msgs/turtlebot3_msgs/srv
[19.053s] -- Up-to-date: /home/student/pepper_ws/src/install/turtlebot3_msgs/include/turtlebot3_msgs/turtlebot3_msgs/srv/detail
[19.053s] -- Installing: /home/student/pepper_ws/src/install/turtlebot3_msgs/include/turtlebot3_msgs/turtlebot3_msgs/srv/detail/sound__rosidl_typesupport_fastrtps_c.h
[19.053s] -- Installing: /home/student/pepper_ws/src/install/turtlebot3_msgs/include/turtlebot3_msgs/turtlebot3_msgs/srv/detail/dqn__rosidl_typesupport_fastrtps_c.h
[19.053s] -- Installing: /home/student/pepper_ws/src/install/turtlebot3_msgs/lib/libturtlebot3_msgs__rosidl_typesupport_fastrtps_c.so
[19.054s] -- Set runtime path of "/home/student/pepper_ws/src/install/turtlebot3_msgs/lib/libturtlebot3_msgs__rosidl_typesupport_fastrtps_c.so" to ""
[19.054s] -- Up-to-date: /home/student/pepper_ws/src/install/turtlebot3_msgs/include/turtlebot3_msgs/turtlebot3_msgs
[19.054s] -- Up-to-date: /home/student/pepper_ws/src/install/turtlebot3_msgs/include/turtlebot3_msgs/turtlebot3_msgs/msg
[19.054s] -- Installing: /home/student/pepper_ws/src/install/turtlebot3_msgs/include/turtlebot3_msgs/turtlebot3_msgs/msg/version_info.hpp
[19.054s] -- Installing: /home/student/pepper_ws/src/install/turtlebot3_msgs/include/turtlebot3_msgs/turtlebot3_msgs/msg/sound.hpp
[19.054s] -- Installing: /home/student/pepper_ws/src/install/turtlebot3_msgs/include/turtlebot3_msgs/turtlebot3_msgs/msg/sensor_state.hpp
[19.054s] -- Up-to-date: /home/student/pepper_ws/src/install/turtlebot3_msgs/include/turtlebot3_msgs/turtlebot3_msgs/msg/detail
[19.054s] -- Installing: /home/student/pepper_ws/src/install/turtlebot3_msgs/include/turtlebot3_msgs/turtlebot3_msgs/msg/detail/sensor_state__builder.hpp
[19.055s] -- Installing: /home/student/pepper_ws/src/install/turtlebot3_msgs/include/turtlebot3_msgs/turtlebot3_msgs/msg/detail/sound__traits.hpp
[19.055s] -- Installing: /home/student/pepper_ws/src/install/turtlebot3_msgs/include/turtlebot3_msgs/turtlebot3_msgs/msg/detail/version_info__traits.hpp
[19.055s] -- Installing: /home/student/pepper_ws/src/install/turtlebot3_msgs/include/turtlebot3_msgs/turtlebot3_msgs/msg/detail/sound__struct.hpp
[19.055s] -- Installing: /home/student/pepper_ws/src/install/turtlebot3_msgs/include/turtlebot3_msgs/turtlebot3_msgs/msg/detail/sound__builder.hpp
[19.055s] -- Installing: /home/student/pepper_ws/src/install/turtlebot3_msgs/include/turtlebot3_msgs/turtlebot3_msgs/msg/detail/version_info__struct.hpp
[19.055s] -- Installing: /home/student/pepper_ws/src/install/turtlebot3_msgs/include/turtlebot3_msgs/turtlebot3_msgs/msg/detail/version_info__builder.hpp
[19.055s] -- Installing: /home/student/pepper_ws/src/install/turtlebot3_msgs/include/turtlebot3_msgs/turtlebot3_msgs/msg/detail/sensor_state__traits.hpp
[19.055s] -- Installing: /home/student/pepper_ws/src/install/turtlebot3_msgs/include/turtlebot3_msgs/turtlebot3_msgs/msg/detail/sensor_state__struct.hpp
[19.055s] -- Up-to-date: /home/student/pepper_ws/src/install/turtlebot3_msgs/include/turtlebot3_msgs/turtlebot3_msgs/action
[19.056s] -- Up-to-date: /home/student/pepper_ws/src/install/turtlebot3_msgs/include/turtlebot3_msgs/turtlebot3_msgs/action/detail
[19.056s] -- Installing: /home/student/pepper_ws/src/install/turtlebot3_msgs/include/turtlebot3_msgs/turtlebot3_msgs/action/detail/patrol__builder.hpp
[19.056s] -- Installing: /home/student/pepper_ws/src/install/turtlebot3_msgs/include/turtlebot3_msgs/turtlebot3_msgs/action/detail/patrol__traits.hpp
[19.056s] -- Installing: /home/student/pepper_ws/src/install/turtlebot3_msgs/include/turtlebot3_msgs/turtlebot3_msgs/action/detail/patrol__struct.hpp
[19.056s] -- Installing: /home/student/pepper_ws/src/install/turtlebot3_msgs/include/turtlebot3_msgs/turtlebot3_msgs/action/patrol.hpp
[19.056s] -- Up-to-date: /home/student/pepper_ws/src/install/turtlebot3_msgs/include/turtlebot3_msgs/turtlebot3_msgs/srv
[19.056s] -- Installing: /home/student/pepper_ws/src/install/turtlebot3_msgs/include/turtlebot3_msgs/turtlebot3_msgs/srv/sound.hpp
[19.056s] -- Installing: /home/student/pepper_ws/src/install/turtlebot3_msgs/include/turtlebot3_msgs/turtlebot3_msgs/srv/dqn.hpp
[19.057s] -- Up-to-date: /home/student/pepper_ws/src/install/turtlebot3_msgs/include/turtlebot3_msgs/turtlebot3_msgs/srv/detail
[19.057s] -- Installing: /home/student/pepper_ws/src/install/turtlebot3_msgs/include/turtlebot3_msgs/turtlebot3_msgs/srv/detail/sound__traits.hpp
[19.057s] -- Installing: /home/student/pepper_ws/src/install/turtlebot3_msgs/include/turtlebot3_msgs/turtlebot3_msgs/srv/detail/dqn__builder.hpp
[19.057s] -- Installing: /home/student/pepper_ws/src/install/turtlebot3_msgs/include/turtlebot3_msgs/turtlebot3_msgs/srv/detail/dqn__struct.hpp
[19.057s] -- Installing: /home/student/pepper_ws/src/install/turtlebot3_msgs/include/turtlebot3_msgs/turtlebot3_msgs/srv/detail/sound__struct.hpp
[19.057s] -- Installing: /home/student/pepper_ws/src/install/turtlebot3_msgs/include/turtlebot3_msgs/turtlebot3_msgs/srv/detail/sound__builder.hpp
[19.057s] -- Installing: /home/student/pepper_ws/src/install/turtlebot3_msgs/include/turtlebot3_msgs/turtlebot3_msgs/srv/detail/dqn__traits.hpp
[19.057s] -- Up-to-date: /home/student/pepper_ws/src/install/turtlebot3_msgs/include/turtlebot3_msgs/turtlebot3_msgs
[19.057s] -- Up-to-date: /home/student/pepper_ws/src/install/turtlebot3_msgs/include/turtlebot3_msgs/turtlebot3_msgs/msg
[19.058s] -- Installing: /home/student/pepper_ws/src/install/turtlebot3_msgs/include/turtlebot3_msgs/turtlebot3_msgs/msg/rosidl_typesupport_fastrtps_cpp__visibility_control.h
[19.058s] -- Up-to-date: /home/student/pepper_ws/src/install/turtlebot3_msgs/include/turtlebot3_msgs/turtlebot3_msgs/msg/detail
[19.058s] -- Installing: /home/student/pepper_ws/src/install/turtlebot3_msgs/include/turtlebot3_msgs/turtlebot3_msgs/msg/detail/dds_fastrtps
[19.058s] -- Installing: /home/student/pepper_ws/src/install/turtlebot3_msgs/include/turtlebot3_msgs/turtlebot3_msgs/msg/detail/sound__rosidl_typesupport_fastrtps_cpp.hpp
[19.058s] -- Installing: /home/student/pepper_ws/src/install/turtlebot3_msgs/include/turtlebot3_msgs/turtlebot3_msgs/msg/detail/sensor_state__rosidl_typesupport_fastrtps_cpp.hpp
[19.058s] -- Installing: /home/student/pepper_ws/src/install/turtlebot3_msgs/include/turtlebot3_msgs/turtlebot3_msgs/msg/detail/version_info__rosidl_typesupport_fastrtps_cpp.hpp
[19.058s] -- Up-to-date: /home/student/pepper_ws/src/install/turtlebot3_msgs/include/turtlebot3_msgs/turtlebot3_msgs/action
[19.058s] -- Up-to-date: /home/student/pepper_ws/src/install/turtlebot3_msgs/include/turtlebot3_msgs/turtlebot3_msgs/action/detail
[19.058s] -- Installing: /home/student/pepper_ws/src/install/turtlebot3_msgs/include/turtlebot3_msgs/turtlebot3_msgs/action/detail/dds_fastrtps
[19.058s] -- Installing: /home/student/pepper_ws/src/install/turtlebot3_msgs/include/turtlebot3_msgs/turtlebot3_msgs/action/detail/patrol__rosidl_typesupport_fastrtps_cpp.hpp
[19.058s] -- Up-to-date: /home/student/pepper_ws/src/install/turtlebot3_msgs/include/turtlebot3_msgs/turtlebot3_msgs/srv
[19.058s] -- Up-to-date: /home/student/pepper_ws/src/install/turtlebot3_msgs/include/turtlebot3_msgs/turtlebot3_msgs/srv/detail
[19.058s] -- Installing: /home/student/pepper_ws/src/install/turtlebot3_msgs/include/turtlebot3_msgs/turtlebot3_msgs/srv/detail/dds_fastrtps
[19.058s] -- Installing: /home/student/pepper_ws/src/install/turtlebot3_msgs/include/turtlebot3_msgs/turtlebot3_msgs/srv/detail/sound__rosidl_typesupport_fastrtps_cpp.hpp
[19.059s] -- Installing: /home/student/pepper_ws/src/install/turtlebot3_msgs/include/turtlebot3_msgs/turtlebot3_msgs/srv/detail/dqn__rosidl_typesupport_fastrtps_cpp.hpp
[19.059s] -- Installing: /home/student/pepper_ws/src/install/turtlebot3_msgs/lib/libturtlebot3_msgs__rosidl_typesupport_fastrtps_cpp.so
[19.059s] -- Set runtime path of "/home/student/pepper_ws/src/install/turtlebot3_msgs/lib/libturtlebot3_msgs__rosidl_typesupport_fastrtps_cpp.so" to ""
[19.059s] -- Up-to-date: /home/student/pepper_ws/src/install/turtlebot3_msgs/include/turtlebot3_msgs/turtlebot3_msgs
[19.059s] -- Up-to-date: /home/student/pepper_ws/src/install/turtlebot3_msgs/include/turtlebot3_msgs/turtlebot3_msgs/msg
[19.059s] -- Installing: /home/student/pepper_ws/src/install/turtlebot3_msgs/include/turtlebot3_msgs/turtlebot3_msgs/msg/rosidl_typesupport_introspection_c__visibility_control.h
[19.059s] -- Up-to-date: /home/student/pepper_ws/src/install/turtlebot3_msgs/include/turtlebot3_msgs/turtlebot3_msgs/msg/detail
[19.059s] -- Installing: /home/student/pepper_ws/src/install/turtlebot3_msgs/include/turtlebot3_msgs/turtlebot3_msgs/msg/detail/sound__rosidl_typesupport_introspection_c.h
[19.059s] -- Installing: /home/student/pepper_ws/src/install/turtlebot3_msgs/include/turtlebot3_msgs/turtlebot3_msgs/msg/detail/version_info__rosidl_typesupport_introspection_c.h
[19.059s] -- Installing: /home/student/pepper_ws/src/install/turtlebot3_msgs/include/turtlebot3_msgs/turtlebot3_msgs/msg/detail/sound__type_support.c
[19.059s] -- Installing: /home/student/pepper_ws/src/install/turtlebot3_msgs/include/turtlebot3_msgs/turtlebot3_msgs/msg/detail/version_info__type_support.c
[19.059s] -- Installing: /home/student/pepper_ws/src/install/turtlebot3_msgs/include/turtlebot3_msgs/turtlebot3_msgs/msg/detail/sensor_state__rosidl_typesupport_introspection_c.h
[19.059s] -- Installing: /home/student/pepper_ws/src/install/turtlebot3_msgs/include/turtlebot3_msgs/turtlebot3_msgs/msg/detail/sensor_state__type_support.c
[19.059s] -- Up-to-date: /home/student/pepper_ws/src/install/turtlebot3_msgs/include/turtlebot3_msgs/turtlebot3_msgs/action
[19.059s] -- Up-to-date: /home/student/pepper_ws/src/install/turtlebot3_msgs/include/turtlebot3_msgs/turtlebot3_msgs/action/detail
[19.060s] -- Installing: /home/student/pepper_ws/src/install/turtlebot3_msgs/include/turtlebot3_msgs/turtlebot3_msgs/action/detail/patrol__type_support.c
[19.060s] -- Installing: /home/student/pepper_ws/src/install/turtlebot3_msgs/include/turtlebot3_msgs/turtlebot3_msgs/action/detail/patrol__rosidl_typesupport_introspection_c.h
[19.060s] -- Up-to-date: /home/student/pepper_ws/src/install/turtlebot3_msgs/include/turtlebot3_msgs/turtlebot3_msgs/srv
[19.060s] -- Up-to-date: /home/student/pepper_ws/src/install/turtlebot3_msgs/include/turtlebot3_msgs/turtlebot3_msgs/srv/detail
[19.060s] -- Installing: /home/student/pepper_ws/src/install/turtlebot3_msgs/include/turtlebot3_msgs/turtlebot3_msgs/srv/detail/sound__rosidl_typesupport_introspection_c.h
[19.060s] -- Installing: /home/student/pepper_ws/src/install/turtlebot3_msgs/include/turtlebot3_msgs/turtlebot3_msgs/srv/detail/dqn__type_support.c
[19.060s] -- Installing: /home/student/pepper_ws/src/install/turtlebot3_msgs/include/turtlebot3_msgs/turtlebot3_msgs/srv/detail/sound__type_support.c
[19.060s] -- Installing: /home/student/pepper_ws/src/install/turtlebot3_msgs/include/turtlebot3_msgs/turtlebot3_msgs/srv/detail/dqn__rosidl_typesupport_introspection_c.h
[19.060s] -- Installing: /home/student/pepper_ws/src/install/turtlebot3_msgs/lib/libturtlebot3_msgs__rosidl_typesupport_introspection_c.so
[19.060s] -- Set runtime path of "/home/student/pepper_ws/src/install/turtlebot3_msgs/lib/libturtlebot3_msgs__rosidl_typesupport_introspection_c.so" to ""
[19.060s] -- Installing: /home/student/pepper_ws/src/install/turtlebot3_msgs/lib/libturtlebot3_msgs__rosidl_typesupport_c.so
[19.060s] -- Set runtime path of "/home/student/pepper_ws/src/install/turtlebot3_msgs/lib/libturtlebot3_msgs__rosidl_typesupport_c.so" to ""
[19.060s] -- Up-to-date: /home/student/pepper_ws/src/install/turtlebot3_msgs/include/turtlebot3_msgs/turtlebot3_msgs
[19.060s] -- Up-to-date: /home/student/pepper_ws/src/install/turtlebot3_msgs/include/turtlebot3_msgs/turtlebot3_msgs/msg
[19.060s] -- Up-to-date: /home/student/pepper_ws/src/install/turtlebot3_msgs/include/turtlebot3_msgs/turtlebot3_msgs/msg/detail
[19.060s] -- Installing: /home/student/pepper_ws/src/install/turtlebot3_msgs/include/turtlebot3_msgs/turtlebot3_msgs/msg/detail/sound__rosidl_typesupport_introspection_cpp.hpp
[19.061s] -- Installing: /home/student/pepper_ws/src/install/turtlebot3_msgs/include/turtlebot3_msgs/turtlebot3_msgs/msg/detail/version_info__rosidl_typesupport_introspection_cpp.hpp
[19.061s] -- Installing: /home/student/pepper_ws/src/install/turtlebot3_msgs/include/turtlebot3_msgs/turtlebot3_msgs/msg/detail/sensor_state__type_support.cpp
[19.061s] -- Installing: /home/student/pepper_ws/src/install/turtlebot3_msgs/include/turtlebot3_msgs/turtlebot3_msgs/msg/detail/version_info__type_support.cpp
[19.061s] -- Installing: /home/student/pepper_ws/src/install/turtlebot3_msgs/include/turtlebot3_msgs/turtlebot3_msgs/msg/detail/sensor_state__rosidl_typesupport_introspection_cpp.hpp
[19.061s] -- Installing: /home/student/pepper_ws/src/install/turtlebot3_msgs/include/turtlebot3_msgs/turtlebot3_msgs/msg/detail/sound__type_support.cpp
[19.061s] -- Up-to-date: /home/student/pepper_ws/src/install/turtlebot3_msgs/include/turtlebot3_msgs/turtlebot3_msgs/action
[19.061s] -- Up-to-date: /home/student/pepper_ws/src/install/turtlebot3_msgs/include/turtlebot3_msgs/turtlebot3_msgs/action/detail
[19.061s] -- Installing: /home/student/pepper_ws/src/install/turtlebot3_msgs/include/turtlebot3_msgs/turtlebot3_msgs/action/detail/patrol__type_support.cpp
[19.061s] -- Installing: /home/student/pepper_ws/src/install/turtlebot3_msgs/include/turtlebot3_msgs/turtlebot3_msgs/action/detail/patrol__rosidl_typesupport_introspection_cpp.hpp
[19.061s] -- Up-to-date: /home/student/pepper_ws/src/install/turtlebot3_msgs/include/turtlebot3_msgs/turtlebot3_msgs/srv
[19.061s] -- Up-to-date: /home/student/pepper_ws/src/install/turtlebot3_msgs/include/turtlebot3_msgs/turtlebot3_msgs/srv/detail
[19.061s] -- Installing: /home/student/pepper_ws/src/install/turtlebot3_msgs/include/turtlebot3_msgs/turtlebot3_msgs/srv/detail/sound__rosidl_typesupport_introspection_cpp.hpp
[19.062s] -- Installing: /home/student/pepper_ws/src/install/turtlebot3_msgs/include/turtlebot3_msgs/turtlebot3_msgs/srv/detail/dqn__type_support.cpp
[19.062s] -- Installing: /home/student/pepper_ws/src/install/turtlebot3_msgs/include/turtlebot3_msgs/turtlebot3_msgs/srv/detail/dqn__rosidl_typesupport_introspection_cpp.hpp
[19.062s] -- Installing: /home/student/pepper_ws/src/install/turtlebot3_msgs/include/turtlebot3_msgs/turtlebot3_msgs/srv/detail/sound__type_support.cpp
[19.062s] -- Installing: /home/student/pepper_ws/src/install/turtlebot3_msgs/lib/libturtlebot3_msgs__rosidl_typesupport_introspection_cpp.so
[19.062s] -- Set runtime path of "/home/student/pepper_ws/src/install/turtlebot3_msgs/lib/libturtlebot3_msgs__rosidl_typesupport_introspection_cpp.so" to ""
[19.063s] -- Installing: /home/student/pepper_ws/src/install/turtlebot3_msgs/lib/libturtlebot3_msgs__rosidl_typesupport_cpp.so
[19.063s] -- Set runtime path of "/home/student/pepper_ws/src/install/turtlebot3_msgs/lib/libturtlebot3_msgs__rosidl_typesupport_cpp.so" to ""
[19.064s] -- Installing: /home/student/pepper_ws/src/install/turtlebot3_msgs/share/turtlebot3_msgs/environment/pythonpath.sh
[19.064s] -- Installing: /home/student/pepper_ws/src/install/turtlebot3_msgs/share/turtlebot3_msgs/environment/pythonpath.dsv
[19.064s] -- Installing: /home/student/pepper_ws/src/install/turtlebot3_msgs/local/lib/python3.10/dist-packages/turtlebot3_msgs-2.2.3-py3.10.egg-info
[19.065s] -- Installing: /home/student/pepper_ws/src/install/turtlebot3_msgs/local/lib/python3.10/dist-packages/turtlebot3_msgs-2.2.3-py3.10.egg-info/dependency_links.txt
[19.065s] -- Installing: /home/student/pepper_ws/src/install/turtlebot3_msgs/local/lib/python3.10/dist-packages/turtlebot3_msgs-2.2.3-py3.10.egg-info/PKG-INFO
[19.065s] -- Installing: /home/student/pepper_ws/src/install/turtlebot3_msgs/local/lib/python3.10/dist-packages/turtlebot3_msgs-2.2.3-py3.10.egg-info/top_level.txt
[19.065s] -- Installing: /home/student/pepper_ws/src/install/turtlebot3_msgs/local/lib/python3.10/dist-packages/turtlebot3_msgs-2.2.3-py3.10.egg-info/SOURCES.txt
[19.066s] -- Installing: /home/student/pepper_ws/src/install/turtlebot3_msgs/local/lib/python3.10/dist-packages/turtlebot3_msgs
[19.066s] -- Installing: /home/student/pepper_ws/src/install/turtlebot3_msgs/local/lib/python3.10/dist-packages/turtlebot3_msgs/msg
[19.066s] -- Installing: /home/student/pepper_ws/src/install/turtlebot3_msgs/local/lib/python3.10/dist-packages/turtlebot3_msgs/msg/_sensor_state_s.c
[19.066s] -- Installing: /home/student/pepper_ws/src/install/turtlebot3_msgs/local/lib/python3.10/dist-packages/turtlebot3_msgs/msg/__init__.py
[19.067s] -- Installing: /home/student/pepper_ws/src/install/turtlebot3_msgs/local/lib/python3.10/dist-packages/turtlebot3_msgs/msg/_sensor_state.py
[19.067s] -- Installing: /home/student/pepper_ws/src/install/turtlebot3_msgs/local/lib/python3.10/dist-packages/turtlebot3_msgs/msg/_sound.py
[19.067s] -- Installing: /home/student/pepper_ws/src/install/turtlebot3_msgs/local/lib/python3.10/dist-packages/turtlebot3_msgs/msg/_version_info_s.c
[19.067s] -- Installing: /home/student/pepper_ws/src/install/turtlebot3_msgs/local/lib/python3.10/dist-packages/turtlebot3_msgs/msg/_sound_s.c
[19.068s] -- Installing: /home/student/pepper_ws/src/install/turtlebot3_msgs/local/lib/python3.10/dist-packages/turtlebot3_msgs/msg/_version_info.py
[19.068s] -- Installing: /home/student/pepper_ws/src/install/turtlebot3_msgs/local/lib/python3.10/dist-packages/turtlebot3_msgs/__init__.py
[19.068s] -- Installing: /home/student/pepper_ws/src/install/turtlebot3_msgs/local/lib/python3.10/dist-packages/turtlebot3_msgs/turtlebot3_msgs_s__rosidl_typesupport_introspection_c.cpython-310-x86_64-linux-gnu.so
[19.069s] -- Installing: /home/student/pepper_ws/src/install/turtlebot3_msgs/local/lib/python3.10/dist-packages/turtlebot3_msgs/action
[19.069s] -- Installing: /home/student/pepper_ws/src/install/turtlebot3_msgs/local/lib/python3.10/dist-packages/turtlebot3_msgs/action/_patrol.py
[19.069s] -- Installing: /home/student/pepper_ws/src/install/turtlebot3_msgs/local/lib/python3.10/dist-packages/turtlebot3_msgs/action/__init__.py
[19.070s] -- Installing: /home/student/pepper_ws/src/install/turtlebot3_msgs/local/lib/python3.10/dist-packages/turtlebot3_msgs/action/_patrol_s.c
[19.070s] -- Installing: /home/student/pepper_ws/src/install/turtlebot3_msgs/local/lib/python3.10/dist-packages/turtlebot3_msgs/srv
[19.070s] -- Installing: /home/student/pepper_ws/src/install/turtlebot3_msgs/local/lib/python3.10/dist-packages/turtlebot3_msgs/srv/__init__.py
[19.070s] -- Installing: /home/student/pepper_ws/src/install/turtlebot3_msgs/local/lib/python3.10/dist-packages/turtlebot3_msgs/srv/_sound.py
[19.071s] -- Installing: /home/student/pepper_ws/src/install/turtlebot3_msgs/local/lib/python3.10/dist-packages/turtlebot3_msgs/srv/_dqn.py
[19.071s] -- Installing: /home/student/pepper_ws/src/install/turtlebot3_msgs/local/lib/python3.10/dist-packages/turtlebot3_msgs/srv/_sound_s.c
[19.071s] -- Installing: /home/student/pepper_ws/src/install/turtlebot3_msgs/local/lib/python3.10/dist-packages/turtlebot3_msgs/srv/_dqn_s.c
[19.071s] -- Installing: /home/student/pepper_ws/src/install/turtlebot3_msgs/local/lib/python3.10/dist-packages/turtlebot3_msgs/turtlebot3_msgs_s__rosidl_typesupport_fastrtps_c.cpython-310-x86_64-linux-gnu.so
[19.072s] -- Installing: /home/student/pepper_ws/src/install/turtlebot3_msgs/local/lib/python3.10/dist-packages/turtlebot3_msgs/_turtlebot3_msgs_s.ep.rosidl_typesupport_fastrtps_c.c
[19.072s] -- Installing: /home/student/pepper_ws/src/install/turtlebot3_msgs/local/lib/python3.10/dist-packages/turtlebot3_msgs/turtlebot3_msgs_s__rosidl_typesupport_c.cpython-310-x86_64-linux-gnu.so
[19.073s] -- Installing: /home/student/pepper_ws/src/install/turtlebot3_msgs/local/lib/python3.10/dist-packages/turtlebot3_msgs/libturtlebot3_msgs__rosidl_generator_py.so
[19.073s] -- Installing: /home/student/pepper_ws/src/install/turtlebot3_msgs/local/lib/python3.10/dist-packages/turtlebot3_msgs/_turtlebot3_msgs_s.ep.rosidl_typesupport_c.c
[19.074s] -- Installing: /home/student/pepper_ws/src/install/turtlebot3_msgs/local/lib/python3.10/dist-packages/turtlebot3_msgs/_turtlebot3_msgs_s.ep.rosidl_typesupport_introspection_c.c
[19.139s] Listing '/home/student/pepper_ws/src/install/turtlebot3_msgs/local/lib/python3.10/dist-packages/turtlebot3_msgs'...
[19.139s] Compiling '/home/student/pepper_ws/src/install/turtlebot3_msgs/local/lib/python3.10/dist-packages/turtlebot3_msgs/__init__.py'...
[19.139s] Listing '/home/student/pepper_ws/src/install/turtlebot3_msgs/local/lib/python3.10/dist-packages/turtlebot3_msgs/action'...
[19.139s] Compiling '/home/student/pepper_ws/src/install/turtlebot3_msgs/local/lib/python3.10/dist-packages/turtlebot3_msgs/action/__init__.py'...
[19.140s] Compiling '/home/student/pepper_ws/src/install/turtlebot3_msgs/local/lib/python3.10/dist-packages/turtlebot3_msgs/action/_patrol.py'...
[19.140s] Listing '/home/student/pepper_ws/src/install/turtlebot3_msgs/local/lib/python3.10/dist-packages/turtlebot3_msgs/msg'...
[19.140s] Compiling '/home/student/pepper_ws/src/install/turtlebot3_msgs/local/lib/python3.10/dist-packages/turtlebot3_msgs/msg/__init__.py'...
[19.140s] Compiling '/home/student/pepper_ws/src/install/turtlebot3_msgs/local/lib/python3.10/dist-packages/turtlebot3_msgs/msg/_sensor_state.py'...
[19.140s] Compiling '/home/student/pepper_ws/src/install/turtlebot3_msgs/local/lib/python3.10/dist-packages/turtlebot3_msgs/msg/_sound.py'...
[19.140s] Compiling '/home/student/pepper_ws/src/install/turtlebot3_msgs/local/lib/python3.10/dist-packages/turtlebot3_msgs/msg/_version_info.py'...
[19.140s] Listing '/home/student/pepper_ws/src/install/turtlebot3_msgs/local/lib/python3.10/dist-packages/turtlebot3_msgs/srv'...
[19.140s] Compiling '/home/student/pepper_ws/src/install/turtlebot3_msgs/local/lib/python3.10/dist-packages/turtlebot3_msgs/srv/__init__.py'...
[19.141s] Compiling '/home/student/pepper_ws/src/install/turtlebot3_msgs/local/lib/python3.10/dist-packages/turtlebot3_msgs/srv/_dqn.py'...
[19.141s] Compiling '/home/student/pepper_ws/src/install/turtlebot3_msgs/local/lib/python3.10/dist-packages/turtlebot3_msgs/srv/_sound.py'...
[19.145s] -- Installing: /home/student/pepper_ws/src/install/turtlebot3_msgs/local/lib/python3.10/dist-packages/turtlebot3_msgs/turtlebot3_msgs_s__rosidl_typesupport_fastrtps_c.cpython-310-x86_64-linux-gnu.so
[19.146s] -- Set runtime path of "/home/student/pepper_ws/src/install/turtlebot3_msgs/local/lib/python3.10/dist-packages/turtlebot3_msgs/turtlebot3_msgs_s__rosidl_typesupport_fastrtps_c.cpython-310-x86_64-linux-gnu.so" to ""
[19.146s] -- Installing: /home/student/pepper_ws/src/install/turtlebot3_msgs/local/lib/python3.10/dist-packages/turtlebot3_msgs/turtlebot3_msgs_s__rosidl_typesupport_introspection_c.cpython-310-x86_64-linux-gnu.so
[19.147s] -- Set runtime path of "/home/student/pepper_ws/src/install/turtlebot3_msgs/local/lib/python3.10/dist-packages/turtlebot3_msgs/turtlebot3_msgs_s__rosidl_typesupport_introspection_c.cpython-310-x86_64-linux-gnu.so" to ""
[19.148s] -- Installing: /home/student/pepper_ws/src/install/turtlebot3_msgs/local/lib/python3.10/dist-packages/turtlebot3_msgs/turtlebot3_msgs_s__rosidl_typesupport_c.cpython-310-x86_64-linux-gnu.so
[19.148s] -- Set runtime path of "/home/student/pepper_ws/src/install/turtlebot3_msgs/local/lib/python3.10/dist-packages/turtlebot3_msgs/turtlebot3_msgs_s__rosidl_typesupport_c.cpython-310-x86_64-linux-gnu.so" to ""
[19.148s] -- Installing: /home/student/pepper_ws/src/install/turtlebot3_msgs/lib/libturtlebot3_msgs__rosidl_generator_py.so
[19.150s] -- Set runtime path of "/home/student/pepper_ws/src/install/turtlebot3_msgs/lib/libturtlebot3_msgs__rosidl_generator_py.so" to ""
[19.150s] -- Installing: /home/student/pepper_ws/src/install/turtlebot3_msgs/share/turtlebot3_msgs/msg/SensorState.idl
[19.150s] -- Installing: /home/student/pepper_ws/src/install/turtlebot3_msgs/share/turtlebot3_msgs/msg/Sound.idl
[19.150s] -- Installing: /home/student/pepper_ws/src/install/turtlebot3_msgs/share/turtlebot3_msgs/msg/VersionInfo.idl
[19.150s] -- Installing: /home/student/pepper_ws/src/install/turtlebot3_msgs/share/turtlebot3_msgs/srv/Sound.idl
[19.151s] -- Installing: /home/student/pepper_ws/src/install/turtlebot3_msgs/share/turtlebot3_msgs/srv/Dqn.idl
[19.151s] -- Installing: /home/student/pepper_ws/src/install/turtlebot3_msgs/share/turtlebot3_msgs/action/Patrol.idl
[19.151s] -- Installing: /home/student/pepper_ws/src/install/turtlebot3_msgs/share/turtlebot3_msgs/msg/SensorState.msg
[19.151s] -- Installing: /home/student/pepper_ws/src/install/turtlebot3_msgs/share/turtlebot3_msgs/msg/Sound.msg
[19.152s] -- Installing: /home/student/pepper_ws/src/install/turtlebot3_msgs/share/turtlebot3_msgs/msg/VersionInfo.msg
[19.152s] -- Installing: /home/student/pepper_ws/src/install/turtlebot3_msgs/share/turtlebot3_msgs/srv/Sound.srv
[19.152s] -- Installing: /home/student/pepper_ws/src/install/turtlebot3_msgs/share/turtlebot3_msgs/srv/Sound_Request.msg
[19.152s] -- Installing: /home/student/pepper_ws/src/install/turtlebot3_msgs/share/turtlebot3_msgs/srv/Sound_Response.msg
[19.153s] -- Installing: /home/student/pepper_ws/src/install/turtlebot3_msgs/share/turtlebot3_msgs/srv/Dqn.srv
[19.153s] -- Installing: /home/student/pepper_ws/src/install/turtlebot3_msgs/share/turtlebot3_msgs/srv/Dqn_Request.msg
[19.153s] -- Installing: /home/student/pepper_ws/src/install/turtlebot3_msgs/share/turtlebot3_msgs/srv/Dqn_Response.msg
[19.153s] -- Installing: /home/student/pepper_ws/src/install/turtlebot3_msgs/share/turtlebot3_msgs/action/Patrol.action
[19.154s] -- Installing: /home/student/pepper_ws/src/install/turtlebot3_msgs/share/ament_index/resource_index/package_run_dependencies/turtlebot3_msgs
[19.154s] -- Installing: /home/student/pepper_ws/src/install/turtlebot3_msgs/share/ament_index/resource_index/parent_prefix_path/turtlebot3_msgs
[19.154s] -- Installing: /home/student/pepper_ws/src/install/turtlebot3_msgs/share/turtlebot3_msgs/environment/ament_prefix_path.sh
[19.154s] -- Installing: /home/student/pepper_ws/src/install/turtlebot3_msgs/share/turtlebot3_msgs/environment/ament_prefix_path.dsv
[19.155s] -- Installing: /home/student/pepper_ws/src/install/turtlebot3_msgs/share/turtlebot3_msgs/environment/path.sh
[19.155s] -- Installing: /home/student/pepper_ws/src/install/turtlebot3_msgs/share/turtlebot3_msgs/environment/path.dsv
[19.155s] -- Installing: /home/student/pepper_ws/src/install/turtlebot3_msgs/share/turtlebot3_msgs/local_setup.bash
[19.155s] -- Installing: /home/student/pepper_ws/src/install/turtlebot3_msgs/share/turtlebot3_msgs/local_setup.sh
[19.156s] -- Installing: /home/student/pepper_ws/src/install/turtlebot3_msgs/share/turtlebot3_msgs/local_setup.zsh
[19.156s] -- Installing: /home/student/pepper_ws/src/install/turtlebot3_msgs/share/turtlebot3_msgs/local_setup.dsv
[19.156s] -- Installing: /home/student/pepper_ws/src/install/turtlebot3_msgs/share/turtlebot3_msgs/package.dsv
[19.156s] -- Installing: /home/student/pepper_ws/src/install/turtlebot3_msgs/share/ament_index/resource_index/packages/turtlebot3_msgs
[19.157s] -- Installing: /home/student/pepper_ws/src/install/turtlebot3_msgs/share/turtlebot3_msgs/cmake/export_turtlebot3_msgs__rosidl_generator_cExport.cmake
[19.157s] -- Installing: /home/student/pepper_ws/src/install/turtlebot3_msgs/share/turtlebot3_msgs/cmake/export_turtlebot3_msgs__rosidl_generator_cExport-noconfig.cmake
[19.157s] -- Installing: /home/student/pepper_ws/src/install/turtlebot3_msgs/share/turtlebot3_msgs/cmake/export_turtlebot3_msgs__rosidl_typesupport_fastrtps_cExport.cmake
[19.157s] -- Installing: /home/student/pepper_ws/src/install/turtlebot3_msgs/share/turtlebot3_msgs/cmake/export_turtlebot3_msgs__rosidl_typesupport_fastrtps_cExport-noconfig.cmake
[19.158s] -- Installing: /home/student/pepper_ws/src/install/turtlebot3_msgs/share/turtlebot3_msgs/cmake/export_turtlebot3_msgs__rosidl_generator_cppExport.cmake
[19.158s] -- Installing: /home/student/pepper_ws/src/install/turtlebot3_msgs/share/turtlebot3_msgs/cmake/export_turtlebot3_msgs__rosidl_typesupport_fastrtps_cppExport.cmake
[19.158s] -- Installing: /home/student/pepper_ws/src/install/turtlebot3_msgs/share/turtlebot3_msgs/cmake/export_turtlebot3_msgs__rosidl_typesupport_fastrtps_cppExport-noconfig.cmake
[19.158s] -- Installing: /home/student/pepper_ws/src/install/turtlebot3_msgs/share/turtlebot3_msgs/cmake/turtlebot3_msgs__rosidl_typesupport_introspection_cExport.cmake
[19.159s] -- Installing: /home/student/pepper_ws/src/install/turtlebot3_msgs/share/turtlebot3_msgs/cmake/turtlebot3_msgs__rosidl_typesupport_introspection_cExport-noconfig.cmake
[19.159s] -- Installing: /home/student/pepper_ws/src/install/turtlebot3_msgs/share/turtlebot3_msgs/cmake/turtlebot3_msgs__rosidl_typesupport_cExport.cmake
[19.159s] -- Installing: /home/student/pepper_ws/src/install/turtlebot3_msgs/share/turtlebot3_msgs/cmake/turtlebot3_msgs__rosidl_typesupport_cExport-noconfig.cmake
[19.159s] -- Installing: /home/student/pepper_ws/src/install/turtlebot3_msgs/share/turtlebot3_msgs/cmake/turtlebot3_msgs__rosidl_typesupport_introspection_cppExport.cmake
[19.160s] -- Installing: /home/student/pepper_ws/src/install/turtlebot3_msgs/share/turtlebot3_msgs/cmake/turtlebot3_msgs__rosidl_typesupport_introspection_cppExport-noconfig.cmake
[19.160s] -- Installing: /home/student/pepper_ws/src/install/turtlebot3_msgs/share/turtlebot3_msgs/cmake/turtlebot3_msgs__rosidl_typesupport_cppExport.cmake
[19.160s] -- Installing: /home/student/pepper_ws/src/install/turtlebot3_msgs/share/turtlebot3_msgs/cmake/turtlebot3_msgs__rosidl_typesupport_cppExport-noconfig.cmake
[19.160s] -- Installing: /home/student/pepper_ws/src/install/turtlebot3_msgs/share/turtlebot3_msgs/cmake/export_turtlebot3_msgs__rosidl_generator_pyExport.cmake
[19.161s] -- Installing: /home/student/pepper_ws/src/install/turtlebot3_msgs/share/turtlebot3_msgs/cmake/export_turtlebot3_msgs__rosidl_generator_pyExport-noconfig.cmake
[19.161s] -- Installing: /home/student/pepper_ws/src/install/turtlebot3_msgs/share/turtlebot3_msgs/cmake/rosidl_cmake-extras.cmake
[19.161s] -- Installing: /home/student/pepper_ws/src/install/turtlebot3_msgs/share/turtlebot3_msgs/cmake/ament_cmake_export_dependencies-extras.cmake
[19.161s] -- Installing: /home/student/pepper_ws/src/install/turtlebot3_msgs/share/turtlebot3_msgs/cmake/ament_cmake_export_include_directories-extras.cmake
[19.162s] -- Installing: /home/student/pepper_ws/src/install/turtlebot3_msgs/share/turtlebot3_msgs/cmake/ament_cmake_export_libraries-extras.cmake
[19.162s] -- Installing: /home/student/pepper_ws/src/install/turtlebot3_msgs/share/turtlebot3_msgs/cmake/ament_cmake_export_targets-extras.cmake
[19.162s] -- Installing: /home/student/pepper_ws/src/install/turtlebot3_msgs/share/turtlebot3_msgs/cmake/rosidl_cmake_export_typesupport_targets-extras.cmake
[19.162s] -- Installing: /home/student/pepper_ws/src/install/turtlebot3_msgs/share/turtlebot3_msgs/cmake/rosidl_cmake_export_typesupport_libraries-extras.cmake
[19.163s] -- Installing: /home/student/pepper_ws/src/install/turtlebot3_msgs/share/turtlebot3_msgs/cmake/turtlebot3_msgsConfig.cmake
[19.163s] -- Installing: /home/student/pepper_ws/src/install/turtlebot3_msgs/share/turtlebot3_msgs/cmake/turtlebot3_msgsConfig-version.cmake
[19.163s] -- Installing: /home/student/pepper_ws/src/install/turtlebot3_msgs/share/turtlebot3_msgs/package.xml
[19.167s] Invoked command in '/home/student/pepper_ws/src/build/turtlebot3_msgs' returned '0': CMAKE_PREFIX_PATH=${CMAKE_PREFIX_PATH}:/home/student/pepper_ws/install/turtlebot3_teleop:/home/student/pepper_ws/install/turtlebot3_example:/home/student/pepper_ws/install/move_pepper:/home/student/ros2_ws/install/turtlebot3_teleop:/home/student/ros2_ws/install/turtlebot3_example:/home/student/ros2_ws/install/nav2_simple_commander:/home/student/ros2_ws/install/autonomous_tb3:/opt/ros/humble /usr/bin/cmake --install /home/student/pepper_ws/src/build/turtlebot3_msgs
