[0.049s] Invoking command in '/home/student/pepper_ws/src/build/turtlebot3_description': CMAKE_PREFIX_PATH=${CMAKE_PREFIX_PATH}:/home/student/pepper_ws/install/turtlebot3_teleop:/home/student/pepper_ws/install/turtlebot3_example:/home/student/pepper_ws/install/move_pepper:/home/student/ros2_ws/install/turtlebot3_teleop:/home/student/ros2_ws/install/turtlebot3_example:/home/student/ros2_ws/install/nav2_simple_commander:/home/student/ros2_ws/install/autonomous_tb3:/opt/ros/humble /usr/bin/cmake /home/student/pepper_ws/src/turtlebot3/turtlebot3/turtlebot3_description -DCMAKE_INSTALL_PREFIX=/home/student/pepper_ws/src/install/turtlebot3_description
[0.186s] -- The C compiler identification is GNU 11.4.0
[0.301s] -- The CXX compiler identification is GNU 11.4.0
[0.323s] -- Detecting C compiler ABI info
[0.482s] -- Detecting C compiler ABI info - done
[0.502s] -- Check for working C compiler: /usr/bin/cc - skipped
[0.503s] -- Detecting C compile features
[0.504s] -- Detecting C compile features - done
[0.509s] -- Detecting CXX compiler ABI info
[0.700s] -- Detecting CXX compiler ABI info - done
[0.729s] -- Check for working CXX compiler: /usr/bin/c++ - skipped
[0.729s] -- Detecting CXX compile features
[0.729s] -- Detecting CXX compile features - done
[0.729s] -- Found ament_cmake: 1.3.10 (/opt/ros/humble/share/ament_cmake/cmake)
[1.044s] -- Found Python3: /usr/bin/python3 (found version "3.10.12") found components: Interpreter 
[1.255s] -- Found urdf: 2.6.1 (/opt/ros/humble/share/urdf/cmake)
[1.505s] -- Configuring done
[1.511s] -- Generating done
[1.514s] -- Build files have been written to: /home/student/pepper_ws/src/build/turtlebot3_description
[1.534s] Invoked command in '/home/student/pepper_ws/src/build/turtlebot3_description' returned '0': CMAKE_PREFIX_PATH=${CMAKE_PREFIX_PATH}:/home/student/pepper_ws/install/turtlebot3_teleop:/home/student/pepper_ws/install/turtlebot3_example:/home/student/pepper_ws/install/move_pepper:/home/student/ros2_ws/install/turtlebot3_teleop:/home/student/ros2_ws/install/turtlebot3_example:/home/student/ros2_ws/install/nav2_simple_commander:/home/student/ros2_ws/install/autonomous_tb3:/opt/ros/humble /usr/bin/cmake /home/student/pepper_ws/src/turtlebot3/turtlebot3/turtlebot3_description -DCMAKE_INSTALL_PREFIX=/home/student/pepper_ws/src/install/turtlebot3_description
[1.539s] Invoking command in '/home/student/pepper_ws/src/build/turtlebot3_description': CMAKE_PREFIX_PATH=${CMAKE_PREFIX_PATH}:/home/student/pepper_ws/install/turtlebot3_teleop:/home/student/pepper_ws/install/turtlebot3_example:/home/student/pepper_ws/install/move_pepper:/home/student/ros2_ws/install/turtlebot3_teleop:/home/student/ros2_ws/install/turtlebot3_example:/home/student/ros2_ws/install/nav2_simple_commander:/home/student/ros2_ws/install/autonomous_tb3:/opt/ros/humble /usr/bin/cmake --build /home/student/pepper_ws/src/build/turtlebot3_description -- -j8 -l8
[1.633s] Invoked command in '/home/student/pepper_ws/src/build/turtlebot3_description' returned '0': CMAKE_PREFIX_PATH=${CMAKE_PREFIX_PATH}:/home/student/pepper_ws/install/turtlebot3_teleop:/home/student/pepper_ws/install/turtlebot3_example:/home/student/pepper_ws/install/move_pepper:/home/student/ros2_ws/install/turtlebot3_teleop:/home/student/ros2_ws/install/turtlebot3_example:/home/student/ros2_ws/install/nav2_simple_commander:/home/student/ros2_ws/install/autonomous_tb3:/opt/ros/humble /usr/bin/cmake --build /home/student/pepper_ws/src/build/turtlebot3_description -- -j8 -l8
[1.807s] Invoking command in '/home/student/pepper_ws/src/build/turtlebot3_description': CMAKE_PREFIX_PATH=${CMAKE_PREFIX_PATH}:/home/student/pepper_ws/install/turtlebot3_teleop:/home/student/pepper_ws/install/turtlebot3_example:/home/student/pepper_ws/install/move_pepper:/home/student/ros2_ws/install/turtlebot3_teleop:/home/student/ros2_ws/install/turtlebot3_example:/home/student/ros2_ws/install/nav2_simple_commander:/home/student/ros2_ws/install/autonomous_tb3:/opt/ros/humble /usr/bin/cmake --install /home/student/pepper_ws/src/build/turtlebot3_description
[1.859s] -- Install configuration: ""
[1.859s] -- Installing: /home/student/pepper_ws/src/install/turtlebot3_description/share/turtlebot3_description/meshes
[1.859s] -- Installing: /home/student/pepper_ws/src/install/turtlebot3_description/share/turtlebot3_description/meshes/bases
[1.859s] -- Installing: /home/student/pepper_ws/src/install/turtlebot3_description/share/turtlebot3_description/meshes/bases/waffle_pi_base.stl
[1.912s] -- Installing: /home/student/pepper_ws/src/install/turtlebot3_description/share/turtlebot3_description/meshes/bases/burger_base.stl
[1.930s] -- Installing: /home/student/pepper_ws/src/install/turtlebot3_description/share/turtlebot3_description/meshes/bases/waffle_base.stl
[1.996s] -- Installing: /home/student/pepper_ws/src/install/turtlebot3_description/share/turtlebot3_description/meshes/sensors
[1.996s] -- Installing: /home/student/pepper_ws/src/install/turtlebot3_description/share/turtlebot3_description/meshes/sensors/r200.dae
[1.996s] -- Installing: /home/student/pepper_ws/src/install/turtlebot3_description/share/turtlebot3_description/meshes/sensors/lds.stl
[2.003s] -- Installing: /home/student/pepper_ws/src/install/turtlebot3_description/share/turtlebot3_description/meshes/sensors/astra.jpg
[2.003s] -- Installing: /home/student/pepper_ws/src/install/turtlebot3_description/share/turtlebot3_description/meshes/sensors/astra.dae
[2.035s] -- Installing: /home/student/pepper_ws/src/install/turtlebot3_description/share/turtlebot3_description/meshes/sensors/r200.jpg
[2.035s] -- Installing: /home/student/pepper_ws/src/install/turtlebot3_description/share/turtlebot3_description/meshes/wheels
[2.035s] -- Installing: /home/student/pepper_ws/src/install/turtlebot3_description/share/turtlebot3_description/meshes/wheels/left_tire.stl
[2.043s] -- Installing: /home/student/pepper_ws/src/install/turtlebot3_description/share/turtlebot3_description/meshes/wheels/right_tire.stl
[2.046s] -- Installing: /home/student/pepper_ws/src/install/turtlebot3_description/share/turtlebot3_description/rviz
[2.046s] -- Installing: /home/student/pepper_ws/src/install/turtlebot3_description/share/turtlebot3_description/rviz/model.rviz
[2.046s] -- Installing: /home/student/pepper_ws/src/install/turtlebot3_description/share/turtlebot3_description/urdf
[2.047s] -- Installing: /home/student/pepper_ws/src/install/turtlebot3_description/share/turtlebot3_description/urdf/turtlebot3_waffle_pi.urdf
[2.047s] -- Installing: /home/student/pepper_ws/src/install/turtlebot3_description/share/turtlebot3_description/urdf/turtlebot3_waffle.urdf
[2.048s] -- Installing: /home/student/pepper_ws/src/install/turtlebot3_description/share/turtlebot3_description/urdf/turtlebot3_burger.urdf
[2.048s] -- Installing: /home/student/pepper_ws/src/install/turtlebot3_description/share/turtlebot3_description/urdf/common_properties.urdf
[2.049s] -- Installing: /home/student/pepper_ws/src/install/turtlebot3_description/share/ament_index/resource_index/package_run_dependencies/turtlebot3_description
[2.049s] -- Installing: /home/student/pepper_ws/src/install/turtlebot3_description/share/ament_index/resource_index/parent_prefix_path/turtlebot3_description
[2.063s] -- Installing: /home/student/pepper_ws/src/install/turtlebot3_description/share/turtlebot3_description/environment/ament_prefix_path.sh
[2.064s] -- Installing: /home/student/pepper_ws/src/install/turtlebot3_description/share/turtlebot3_description/environment/ament_prefix_path.dsv
[2.065s] -- Installing: /home/student/pepper_ws/src/install/turtlebot3_description/share/turtlebot3_description/environment/path.sh
[2.066s] -- Installing: /home/student/pepper_ws/src/install/turtlebot3_description/share/turtlebot3_description/environment/path.dsv
[2.066s] -- Installing: /home/student/pepper_ws/src/install/turtlebot3_description/share/turtlebot3_description/local_setup.bash
[2.066s] -- Installing: /home/student/pepper_ws/src/install/turtlebot3_description/share/turtlebot3_description/local_setup.sh
[2.067s] -- Installing: /home/student/pepper_ws/src/install/turtlebot3_description/share/turtlebot3_description/local_setup.zsh
[2.067s] -- Installing: /home/student/pepper_ws/src/install/turtlebot3_description/share/turtlebot3_description/local_setup.dsv
[2.067s] -- Installing: /home/student/pepper_ws/src/install/turtlebot3_description/share/turtlebot3_description/package.dsv
[2.067s] -- Installing: /home/student/pepper_ws/src/install/turtlebot3_description/share/ament_index/resource_index/packages/turtlebot3_description
[2.067s] -- Installing: /home/student/pepper_ws/src/install/turtlebot3_description/share/turtlebot3_description/cmake/turtlebot3_descriptionConfig.cmake
[2.069s] -- Installing: /home/student/pepper_ws/src/install/turtlebot3_description/share/turtlebot3_description/cmake/turtlebot3_descriptionConfig-version.cmake
[2.069s] -- Installing: /home/student/pepper_ws/src/install/turtlebot3_description/share/turtlebot3_description/package.xml
[2.702s] Invoked command in '/home/student/pepper_ws/src/build/turtlebot3_description' returned '0': CMAKE_PREFIX_PATH=${CMAKE_PREFIX_PATH}:/home/student/pepper_ws/install/turtlebot3_teleop:/home/student/pepper_ws/install/turtlebot3_example:/home/student/pepper_ws/install/move_pepper:/home/student/ros2_ws/install/turtlebot3_teleop:/home/student/ros2_ws/install/turtlebot3_example:/home/student/ros2_ws/install/nav2_simple_commander:/home/student/ros2_ws/install/autonomous_tb3:/opt/ros/humble /usr/bin/cmake --install /home/student/pepper_ws/src/build/turtlebot3_description
