[1.090s] Invoking command in '/home/student/pepper_ws/src/turtlebot3/turtlebot3/turtlebot3_example': AMENT_PREFIX_PATH=/home/student/pepper_ws/install/turtlebot3_msgs:${AMENT_PREFIX_PATH} CMAKE_PREFIX_PATH=/home/student/pepper_ws/install/turtlebot3_msgs:${CMAKE_PREFIX_PATH} LD_LIBRARY_PATH=/home/student/pepper_ws/install/turtlebot3_msgs/lib:/home/student/ros2_ws/install/gazebo_map_creator/lib:/home/student/ros2_ws/install/gazebo_map_creator_interface/lib:/usr/lib/x86_64-linux-gnu/gazebo-11/plugins:/opt/ros/humble/opt/rviz_ogre_vendor/lib:/opt/ros/humble/lib/x86_64-linux-gnu:/opt/ros/humble/lib:/usr/lib/x86_64-linux-gnu/gazebo-11/plugins:/usr/lib/x86_64-linux-gnu/gazebo-11/plugins:/usr/lib/x86_64-linux-gnu/gazebo-11/plugins PYTHONPATH=/home/student/pepper_ws/build/turtlebot3_example/prefix_override:/usr/lib/python3/dist-packages/colcon_core/task/python/colcon_distutils_commands:/home/student/pepper_ws/install/turtlebot3_example/lib/python3.10/site-packages:/home/student/pepper_ws/install/turtlebot3_msgs/local/lib/python3.10/dist-packages:${PYTHONPATH} /usr/bin/python3 -W ignore:setup.py install is deprecated setup.py egg_info --egg-base ../../../../build/turtlebot3_example build --build-base /home/student/pepper_ws/build/turtlebot3_example/build install --record /home/student/pepper_ws/build/turtlebot3_example/install.log --single-version-externally-managed install_data
[1.379s] running egg_info
[1.380s] writing ../../../../build/turtlebot3_example/turtlebot3_example.egg-info/PKG-INFO
[1.380s] writing dependency_links to ../../../../build/turtlebot3_example/turtlebot3_example.egg-info/dependency_links.txt
[1.380s] writing entry points to ../../../../build/turtlebot3_example/turtlebot3_example.egg-info/entry_points.txt
[1.380s] writing requirements to ../../../../build/turtlebot3_example/turtlebot3_example.egg-info/requires.txt
[1.380s] writing top-level names to ../../../../build/turtlebot3_example/turtlebot3_example.egg-info/top_level.txt
[1.383s] reading manifest file '../../../../build/turtlebot3_example/turtlebot3_example.egg-info/SOURCES.txt'
[1.384s] writing manifest file '../../../../build/turtlebot3_example/turtlebot3_example.egg-info/SOURCES.txt'
[1.384s] running build
[1.384s] running build_py
[1.386s] running install
[1.386s] running install_lib
[1.389s] running install_data
[1.389s] running install_egg_info
[1.391s] removing '/home/student/pepper_ws/install/turtlebot3_example/lib/python3.10/site-packages/turtlebot3_example-2.1.5-py3.10.egg-info' (and everything under it)
[1.392s] Copying ../../../../build/turtlebot3_example/turtlebot3_example.egg-info to /home/student/pepper_ws/install/turtlebot3_example/lib/python3.10/site-packages/turtlebot3_example-2.1.5-py3.10.egg-info
[1.393s] running install_scripts
[1.423s] Installing turtlebot3_obstacle_detection script to /home/student/pepper_ws/install/turtlebot3_example/lib/turtlebot3_example
[1.424s] Installing turtlebot3_patrol_client script to /home/student/pepper_ws/install/turtlebot3_example/lib/turtlebot3_example
[1.424s] Installing turtlebot3_patrol_server script to /home/student/pepper_ws/install/turtlebot3_example/lib/turtlebot3_example
[1.424s] Installing turtlebot3_position_control script to /home/student/pepper_ws/install/turtlebot3_example/lib/turtlebot3_example
[1.424s] writing list of installed files to '/home/student/pepper_ws/build/turtlebot3_example/install.log'
[1.453s] Invoked command in '/home/student/pepper_ws/src/turtlebot3/turtlebot3/turtlebot3_example' returned '0': AMENT_PREFIX_PATH=/home/student/pepper_ws/install/turtlebot3_msgs:${AMENT_PREFIX_PATH} CMAKE_PREFIX_PATH=/home/student/pepper_ws/install/turtlebot3_msgs:${CMAKE_PREFIX_PATH} LD_LIBRARY_PATH=/home/student/pepper_ws/install/turtlebot3_msgs/lib:/home/student/ros2_ws/install/gazebo_map_creator/lib:/home/student/ros2_ws/install/gazebo_map_creator_interface/lib:/usr/lib/x86_64-linux-gnu/gazebo-11/plugins:/opt/ros/humble/opt/rviz_ogre_vendor/lib:/opt/ros/humble/lib/x86_64-linux-gnu:/opt/ros/humble/lib:/usr/lib/x86_64-linux-gnu/gazebo-11/plugins:/usr/lib/x86_64-linux-gnu/gazebo-11/plugins:/usr/lib/x86_64-linux-gnu/gazebo-11/plugins PYTHONPATH=/home/student/pepper_ws/build/turtlebot3_example/prefix_override:/usr/lib/python3/dist-packages/colcon_core/task/python/colcon_distutils_commands:/home/student/pepper_ws/install/turtlebot3_example/lib/python3.10/site-packages:/home/student/pepper_ws/install/turtlebot3_msgs/local/lib/python3.10/dist-packages:${PYTHONPATH} /usr/bin/python3 -W ignore:setup.py install is deprecated setup.py egg_info --egg-base ../../../../build/turtlebot3_example build --build-base /home/student/pepper_ws/build/turtlebot3_example/build install --record /home/student/pepper_ws/build/turtlebot3_example/install.log --single-version-externally-managed install_data
