[0.058s] Invoking command in '/home/student/pepper_ws/src/build/turtlebot3_navigation2': CMAKE_PREFIX_PATH=${CMAKE_PREFIX_PATH}:/home/student/pepper_ws/install/turtlebot3_teleop:/home/student/pepper_ws/install/turtlebot3_example:/home/student/pepper_ws/install/move_pepper:/home/student/ros2_ws/install/turtlebot3_teleop:/home/student/ros2_ws/install/turtlebot3_example:/home/student/ros2_ws/install/nav2_simple_commander:/home/student/ros2_ws/install/autonomous_tb3:/opt/ros/humble /usr/bin/cmake /home/student/pepper_ws/src/turtlebot3/turtlebot3/turtlebot3_navigation2 -DCMAKE_INSTALL_PREFIX=/home/student/pepper_ws/src/install/turtlebot3_navigation2
[1.464s] -- The C compiler identification is GNU 11.4.0
[1.464s] -- The CXX compiler identification is GNU 11.4.0
[1.465s] -- Detecting C compiler ABI info
[1.465s] -- Detecting C compiler ABI info - done
[1.465s] -- Check for working C compiler: /usr/bin/cc - skipped
[1.465s] -- Detecting C compile features
[1.465s] -- Detecting C compile features - done
[1.465s] -- Detecting CXX compiler ABI info
[1.466s] -- Detecting CXX compiler ABI info - done
[1.466s] -- Check for working CXX compiler: /usr/bin/c++ - skipped
[1.466s] -- Detecting CXX compile features
[1.466s] -- Detecting CXX compile features - done
[1.466s] -- Found ament_cmake: 1.3.10 (/opt/ros/humble/share/ament_cmake/cmake)
[1.466s] -- Found Python3: /usr/bin/python3 (found version "3.10.12") found components: Interpreter 
[1.466s] -- Configuring done
[1.467s] -- Generating done
[1.467s] -- Build files have been written to: /home/student/pepper_ws/src/build/turtlebot3_navigation2
[1.477s] Invoked command in '/home/student/pepper_ws/src/build/turtlebot3_navigation2' returned '0': CMAKE_PREFIX_PATH=${CMAKE_PREFIX_PATH}:/home/student/pepper_ws/install/turtlebot3_teleop:/home/student/pepper_ws/install/turtlebot3_example:/home/student/pepper_ws/install/move_pepper:/home/student/ros2_ws/install/turtlebot3_teleop:/home/student/ros2_ws/install/turtlebot3_example:/home/student/ros2_ws/install/nav2_simple_commander:/home/student/ros2_ws/install/autonomous_tb3:/opt/ros/humble /usr/bin/cmake /home/student/pepper_ws/src/turtlebot3/turtlebot3/turtlebot3_navigation2 -DCMAKE_INSTALL_PREFIX=/home/student/pepper_ws/src/install/turtlebot3_navigation2
[1.478s] Invoking command in '/home/student/pepper_ws/src/build/turtlebot3_navigation2': CMAKE_PREFIX_PATH=${CMAKE_PREFIX_PATH}:/home/student/pepper_ws/install/turtlebot3_teleop:/home/student/pepper_ws/install/turtlebot3_example:/home/student/pepper_ws/install/move_pepper:/home/student/ros2_ws/install/turtlebot3_teleop:/home/student/ros2_ws/install/turtlebot3_example:/home/student/ros2_ws/install/nav2_simple_commander:/home/student/ros2_ws/install/autonomous_tb3:/opt/ros/humble /usr/bin/cmake --build /home/student/pepper_ws/src/build/turtlebot3_navigation2 -- -j8 -l8
[1.552s] Invoked command in '/home/student/pepper_ws/src/build/turtlebot3_navigation2' returned '0': CMAKE_PREFIX_PATH=${CMAKE_PREFIX_PATH}:/home/student/pepper_ws/install/turtlebot3_teleop:/home/student/pepper_ws/install/turtlebot3_example:/home/student/pepper_ws/install/move_pepper:/home/student/ros2_ws/install/turtlebot3_teleop:/home/student/ros2_ws/install/turtlebot3_example:/home/student/ros2_ws/install/nav2_simple_commander:/home/student/ros2_ws/install/autonomous_tb3:/opt/ros/humble /usr/bin/cmake --build /home/student/pepper_ws/src/build/turtlebot3_navigation2 -- -j8 -l8
[1.721s] Invoking command in '/home/student/pepper_ws/src/build/turtlebot3_navigation2': CMAKE_PREFIX_PATH=${CMAKE_PREFIX_PATH}:/home/student/pepper_ws/install/turtlebot3_teleop:/home/student/pepper_ws/install/turtlebot3_example:/home/student/pepper_ws/install/move_pepper:/home/student/ros2_ws/install/turtlebot3_teleop:/home/student/ros2_ws/install/turtlebot3_example:/home/student/ros2_ws/install/nav2_simple_commander:/home/student/ros2_ws/install/autonomous_tb3:/opt/ros/humble /usr/bin/cmake --install /home/student/pepper_ws/src/build/turtlebot3_navigation2
[1.747s] -- Install configuration: ""
[1.754s] -- Installing: /home/student/pepper_ws/src/install/turtlebot3_navigation2/share/turtlebot3_navigation2/launch
[1.755s] -- Installing: /home/student/pepper_ws/src/install/turtlebot3_navigation2/share/turtlebot3_navigation2/launch/navigation2.launch.py
[1.755s] -- Installing: /home/student/pepper_ws/src/install/turtlebot3_navigation2/share/turtlebot3_navigation2/map
[1.755s] -- Installing: /home/student/pepper_ws/src/install/turtlebot3_navigation2/share/turtlebot3_navigation2/map/map.yaml
[1.755s] -- Installing: /home/student/pepper_ws/src/install/turtlebot3_navigation2/share/turtlebot3_navigation2/map/map.pgm
[1.755s] -- Installing: /home/student/pepper_ws/src/install/turtlebot3_navigation2/share/turtlebot3_navigation2/param
[1.755s] -- Installing: /home/student/pepper_ws/src/install/turtlebot3_navigation2/share/turtlebot3_navigation2/param/waffle.yaml
[1.755s] -- Installing: /home/student/pepper_ws/src/install/turtlebot3_navigation2/share/turtlebot3_navigation2/param/burger.yaml
[1.755s] -- Installing: /home/student/pepper_ws/src/install/turtlebot3_navigation2/share/turtlebot3_navigation2/param/waffle_pi.yaml
[1.756s] -- Installing: /home/student/pepper_ws/src/install/turtlebot3_navigation2/share/turtlebot3_navigation2/rviz
[1.756s] -- Installing: /home/student/pepper_ws/src/install/turtlebot3_navigation2/share/turtlebot3_navigation2/rviz/tb3_navigation2.rviz
[1.758s] -- Installing: /home/student/pepper_ws/src/install/turtlebot3_navigation2/share/ament_index/resource_index/package_run_dependencies/turtlebot3_navigation2
[1.759s] -- Installing: /home/student/pepper_ws/src/install/turtlebot3_navigation2/share/ament_index/resource_index/parent_prefix_path/turtlebot3_navigation2
[1.759s] -- Installing: /home/student/pepper_ws/src/install/turtlebot3_navigation2/share/turtlebot3_navigation2/environment/ament_prefix_path.sh
[1.759s] -- Installing: /home/student/pepper_ws/src/install/turtlebot3_navigation2/share/turtlebot3_navigation2/environment/ament_prefix_path.dsv
[1.759s] -- Installing: /home/student/pepper_ws/src/install/turtlebot3_navigation2/share/turtlebot3_navigation2/environment/path.sh
[1.760s] -- Installing: /home/student/pepper_ws/src/install/turtlebot3_navigation2/share/turtlebot3_navigation2/environment/path.dsv
[1.760s] -- Installing: /home/student/pepper_ws/src/install/turtlebot3_navigation2/share/turtlebot3_navigation2/local_setup.bash
[1.760s] -- Installing: /home/student/pepper_ws/src/install/turtlebot3_navigation2/share/turtlebot3_navigation2/local_setup.sh
[1.765s] -- Installing: /home/student/pepper_ws/src/install/turtlebot3_navigation2/share/turtlebot3_navigation2/local_setup.zsh
[1.766s] -- Installing: /home/student/pepper_ws/src/install/turtlebot3_navigation2/share/turtlebot3_navigation2/local_setup.dsv
[1.766s] -- Installing: /home/student/pepper_ws/src/install/turtlebot3_navigation2/share/turtlebot3_navigation2/package.dsv
[1.766s] -- Installing: /home/student/pepper_ws/src/install/turtlebot3_navigation2/share/ament_index/resource_index/packages/turtlebot3_navigation2
[1.766s] -- Installing: /home/student/pepper_ws/src/install/turtlebot3_navigation2/share/turtlebot3_navigation2/cmake/turtlebot3_navigation2Config.cmake
[1.766s] -- Installing: /home/student/pepper_ws/src/install/turtlebot3_navigation2/share/turtlebot3_navigation2/cmake/turtlebot3_navigation2Config-version.cmake
[1.768s] -- Installing: /home/student/pepper_ws/src/install/turtlebot3_navigation2/share/turtlebot3_navigation2/package.xml
[1.797s] Invoked command in '/home/student/pepper_ws/src/build/turtlebot3_navigation2' returned '0': CMAKE_PREFIX_PATH=${CMAKE_PREFIX_PATH}:/home/student/pepper_ws/install/turtlebot3_teleop:/home/student/pepper_ws/install/turtlebot3_example:/home/student/pepper_ws/install/move_pepper:/home/student/ros2_ws/install/turtlebot3_teleop:/home/student/ros2_ws/install/turtlebot3_example:/home/student/ros2_ws/install/nav2_simple_commander:/home/student/ros2_ws/install/autonomous_tb3:/opt/ros/humble /usr/bin/cmake --install /home/student/pepper_ws/src/build/turtlebot3_navigation2
