[1.445s] Invoking command in '/home/student/pepper_ws/src/move_pepper': PYTHONPATH=/home/student/pepper_ws/build/move_pepper/prefix_override:/usr/lib/python3/dist-packages/colcon_core/task/python/colcon_distutils_commands:/home/student/pepper_ws/install/move_pepper/lib/python3.10/site-packages:${PYTHONPATH} /usr/bin/python3 -W ignore:setup.py install is deprecated setup.py egg_info --egg-base ../../build/move_pepper build --build-base /home/student/pepper_ws/build/move_pepper/build install --record /home/student/pepper_ws/build/move_pepper/install.log --single-version-externally-managed install_data
[1.802s] running egg_info
[1.802s] creating ../../build/move_pepper/move_pepper.egg-info
[1.803s] writing ../../build/move_pepper/move_pepper.egg-info/PKG-INFO
[1.803s] writing dependency_links to ../../build/move_pepper/move_pepper.egg-info/dependency_links.txt
[1.803s] writing entry points to ../../build/move_pepper/move_pepper.egg-info/entry_points.txt
[1.803s] writing requirements to ../../build/move_pepper/move_pepper.egg-info/requires.txt
[1.803s] writing top-level names to ../../build/move_pepper/move_pepper.egg-info/top_level.txt
[1.804s] writing manifest file '../../build/move_pepper/move_pepper.egg-info/SOURCES.txt'
[1.806s] reading manifest file '../../build/move_pepper/move_pepper.egg-info/SOURCES.txt'
[1.808s] writing manifest file '../../build/move_pepper/move_pepper.egg-info/SOURCES.txt'
[1.808s] running build
[1.808s] running build_py
[1.809s] creating /home/student/pepper_ws/build/move_pepper/build
[1.809s] creating /home/student/pepper_ws/build/move_pepper/build/lib
[1.809s] creating /home/student/pepper_ws/build/move_pepper/build/lib/move_pepper
[1.809s] copying move_pepper/__init__.py -> /home/student/pepper_ws/build/move_pepper/build/lib/move_pepper
[1.809s] copying move_pepper/set_init_amcl_pose.py -> /home/student/pepper_ws/build/move_pepper/build/lib/move_pepper
[1.809s] running install
[1.810s] running install_lib
[1.810s] creating /home/student/pepper_ws/install/move_pepper/lib/python3.10/site-packages/move_pepper
[1.811s] copying /home/student/pepper_ws/build/move_pepper/build/lib/move_pepper/__init__.py -> /home/student/pepper_ws/install/move_pepper/lib/python3.10/site-packages/move_pepper
[1.811s] copying /home/student/pepper_ws/build/move_pepper/build/lib/move_pepper/set_init_amcl_pose.py -> /home/student/pepper_ws/install/move_pepper/lib/python3.10/site-packages/move_pepper
[1.811s] byte-compiling /home/student/pepper_ws/install/move_pepper/lib/python3.10/site-packages/move_pepper/__init__.py to __init__.cpython-310.pyc
[1.812s] byte-compiling /home/student/pepper_ws/install/move_pepper/lib/python3.10/site-packages/move_pepper/set_init_amcl_pose.py to set_init_amcl_pose.cpython-310.pyc
[1.813s] running install_data
[1.813s] creating /home/student/pepper_ws/install/move_pepper/share/ament_index
[1.813s] creating /home/student/pepper_ws/install/move_pepper/share/ament_index/resource_index
[1.814s] creating /home/student/pepper_ws/install/move_pepper/share/ament_index/resource_index/packages
[1.814s] copying resource/move_pepper -> /home/student/pepper_ws/install/move_pepper/share/ament_index/resource_index/packages
[1.814s] copying package.xml -> /home/student/pepper_ws/install/move_pepper/share/move_pepper
[1.814s] copying launch/library4.launch.py -> /home/student/pepper_ws/install/move_pepper/share/move_pepper
[1.814s] copying launch/nav2.launch.py -> /home/student/pepper_ws/install/move_pepper/share/move_pepper
[1.814s] creating /home/student/pepper_ws/install/move_pepper/share/move_pepper/maps
[1.815s] copying maps/map.yaml -> /home/student/pepper_ws/install/move_pepper/share/move_pepper/maps/
[1.815s] copying maps/map.pgm -> /home/student/pepper_ws/install/move_pepper/share/move_pepper/maps/
[1.815s] running install_egg_info
[1.817s] Copying ../../build/move_pepper/move_pepper.egg-info to /home/student/pepper_ws/install/move_pepper/lib/python3.10/site-packages/move_pepper-0.0.0-py3.10.egg-info
[1.818s] running install_scripts
[1.846s] Installing amcl_init_pose_publisher script to /home/student/pepper_ws/install/move_pepper/lib/move_pepper
[1.846s] writing list of installed files to '/home/student/pepper_ws/build/move_pepper/install.log'
[1.987s] Invoked command in '/home/student/pepper_ws/src/move_pepper' returned '0': PYTHONPATH=/home/student/pepper_ws/build/move_pepper/prefix_override:/usr/lib/python3/dist-packages/colcon_core/task/python/colcon_distutils_commands:/home/student/pepper_ws/install/move_pepper/lib/python3.10/site-packages:${PYTHONPATH} /usr/bin/python3 -W ignore:setup.py install is deprecated setup.py egg_info --egg-base ../../build/move_pepper build --build-base /home/student/pepper_ws/build/move_pepper/build install --record /home/student/pepper_ws/build/move_pepper/install.log --single-version-externally-managed install_data
