[0.028s] Invoking command in '/home/student/pepper_ws/build/turtlebot3_node': AMENT_PREFIX_PATH=/home/student/pepper_ws/install/turtlebot3_msgs:/home/student/pepper_ws/install/dynamixel_sdk:${AMENT_PREFIX_PATH} CMAKE_PREFIX_PATH=/home/student/pepper_ws/install/turtlebot3_msgs:/home/student/pepper_ws/install/dynamixel_sdk:/home/student/ros2_ws/install/peppabot:/home/student/ros2_ws/install/laser_scan_processor:/home/student/ros2_ws/install/gazebo_map_creator:/home/student/ros2_ws/install/gazebo_map_creator_interface:/home/student/ros2_ws/install/cylindrical_object_detector:/home/student/ros2_ws/install/autonomous_tb3:/opt/ros/humble LD_LIBRARY_PATH=/home/student/pepper_ws/install/turtlebot3_msgs/lib:/home/student/pepper_ws/install/dynamixel_sdk/lib:/home/student/ros2_ws/install/gazebo_map_creator/lib:/home/student/ros2_ws/install/gazebo_map_creator_interface/lib:/usr/lib/x86_64-linux-gnu/gazebo-11/plugins:/opt/ros/humble/opt/rviz_ogre_vendor/lib:/opt/ros/humble/lib/x86_64-linux-gnu:/opt/ros/humble/lib:/usr/lib/x86_64-linux-gnu/gazebo-11/plugins:/usr/lib/x86_64-linux-gnu/gazebo-11/plugins:/usr/lib/x86_64-linux-gnu/gazebo-11/plugins PYTHONPATH=/home/student/pepper_ws/install/turtlebot3_msgs/local/lib/python3.10/dist-packages:${PYTHONPATH} /usr/bin/cmake --build /home/student/pepper_ws/build/turtlebot3_node -- -j8 -l8
[0.354s] [ 85%] Built target turtlebot3_node_lib
[0.354s] [100%] Built target turtlebot3_ros
[0.376s] Invoked command in '/home/student/pepper_ws/build/turtlebot3_node' returned '0': AMENT_PREFIX_PATH=/home/student/pepper_ws/install/turtlebot3_msgs:/home/student/pepper_ws/install/dynamixel_sdk:${AMENT_PREFIX_PATH} CMAKE_PREFIX_PATH=/home/student/pepper_ws/install/turtlebot3_msgs:/home/student/pepper_ws/install/dynamixel_sdk:/home/student/ros2_ws/install/peppabot:/home/student/ros2_ws/install/laser_scan_processor:/home/student/ros2_ws/install/gazebo_map_creator:/home/student/ros2_ws/install/gazebo_map_creator_interface:/home/student/ros2_ws/install/cylindrical_object_detector:/home/student/ros2_ws/install/autonomous_tb3:/opt/ros/humble LD_LIBRARY_PATH=/home/student/pepper_ws/install/turtlebot3_msgs/lib:/home/student/pepper_ws/install/dynamixel_sdk/lib:/home/student/ros2_ws/install/gazebo_map_creator/lib:/home/student/ros2_ws/install/gazebo_map_creator_interface/lib:/usr/lib/x86_64-linux-gnu/gazebo-11/plugins:/opt/ros/humble/opt/rviz_ogre_vendor/lib:/opt/ros/humble/lib/x86_64-linux-gnu:/opt/ros/humble/lib:/usr/lib/x86_64-linux-gnu/gazebo-11/plugins:/usr/lib/x86_64-linux-gnu/gazebo-11/plugins:/usr/lib/x86_64-linux-gnu/gazebo-11/plugins PYTHONPATH=/home/student/pepper_ws/install/turtlebot3_msgs/local/lib/python3.10/dist-packages:${PYTHONPATH} /usr/bin/cmake --build /home/student/pepper_ws/build/turtlebot3_node -- -j8 -l8
[0.465s] Invoking command in '/home/student/pepper_ws/build/turtlebot3_node': AMENT_PREFIX_PATH=/home/student/pepper_ws/install/turtlebot3_msgs:/home/student/pepper_ws/install/dynamixel_sdk:${AMENT_PREFIX_PATH} CMAKE_PREFIX_PATH=/home/student/pepper_ws/install/turtlebot3_msgs:/home/student/pepper_ws/install/dynamixel_sdk:/home/student/ros2_ws/install/peppabot:/home/student/ros2_ws/install/laser_scan_processor:/home/student/ros2_ws/install/gazebo_map_creator:/home/student/ros2_ws/install/gazebo_map_creator_interface:/home/student/ros2_ws/install/cylindrical_object_detector:/home/student/ros2_ws/install/autonomous_tb3:/opt/ros/humble LD_LIBRARY_PATH=/home/student/pepper_ws/install/turtlebot3_msgs/lib:/home/student/pepper_ws/install/dynamixel_sdk/lib:/home/student/ros2_ws/install/gazebo_map_creator/lib:/home/student/ros2_ws/install/gazebo_map_creator_interface/lib:/usr/lib/x86_64-linux-gnu/gazebo-11/plugins:/opt/ros/humble/opt/rviz_ogre_vendor/lib:/opt/ros/humble/lib/x86_64-linux-gnu:/opt/ros/humble/lib:/usr/lib/x86_64-linux-gnu/gazebo-11/plugins:/usr/lib/x86_64-linux-gnu/gazebo-11/plugins:/usr/lib/x86_64-linux-gnu/gazebo-11/plugins PYTHONPATH=/home/student/pepper_ws/install/turtlebot3_msgs/local/lib/python3.10/dist-packages:${PYTHONPATH} /usr/bin/cmake --install /home/student/pepper_ws/build/turtlebot3_node
[0.477s] -- Install configuration: ""
[0.477s] -- Execute custom install script
[0.478s] -- Up-to-date symlink: /home/student/pepper_ws/install/turtlebot3_node/share/turtlebot3_node/param/burger.yaml
[0.478s] -- Up-to-date symlink: /home/student/pepper_ws/install/turtlebot3_node/share/turtlebot3_node/param/waffle.yaml
[0.478s] -- Up-to-date symlink: /home/student/pepper_ws/install/turtlebot3_node/share/turtlebot3_node/param/waffle_pi.yaml
[0.478s] -- Up-to-date symlink: /home/student/pepper_ws/install/turtlebot3_node/lib/turtlebot3_node/turtlebot3_ros
[0.479s] -- Up-to-date symlink: /home/student/pepper_ws/install/turtlebot3_node/share/ament_index/resource_index/package_run_dependencies/turtlebot3_node
[0.479s] -- Up-to-date symlink: /home/student/pepper_ws/install/turtlebot3_node/share/ament_index/resource_index/parent_prefix_path/turtlebot3_node
[0.479s] -- Up-to-date symlink: /home/student/pepper_ws/install/turtlebot3_node/share/turtlebot3_node/environment/ament_prefix_path.sh
[0.480s] -- Up-to-date symlink: /home/student/pepper_ws/install/turtlebot3_node/share/turtlebot3_node/environment/ament_prefix_path.dsv
[0.480s] -- Up-to-date symlink: /home/student/pepper_ws/install/turtlebot3_node/share/turtlebot3_node/environment/path.sh
[0.480s] -- Up-to-date symlink: /home/student/pepper_ws/install/turtlebot3_node/share/turtlebot3_node/environment/path.dsv
[0.481s] -- Up-to-date symlink: /home/student/pepper_ws/install/turtlebot3_node/share/turtlebot3_node/local_setup.bash
[0.481s] -- Up-to-date symlink: /home/student/pepper_ws/install/turtlebot3_node/share/turtlebot3_node/local_setup.sh
[0.481s] -- Up-to-date symlink: /home/student/pepper_ws/install/turtlebot3_node/share/turtlebot3_node/local_setup.zsh
[0.481s] -- Up-to-date symlink: /home/student/pepper_ws/install/turtlebot3_node/share/turtlebot3_node/local_setup.dsv
[0.481s] -- Symlinking: /home/student/pepper_ws/install/turtlebot3_node/share/turtlebot3_node/package.dsv
[0.497s] -- Up-to-date symlink: /home/student/pepper_ws/install/turtlebot3_node/share/ament_index/resource_index/packages/turtlebot3_node
[0.497s] -- Up-to-date symlink: /home/student/pepper_ws/install/turtlebot3_node/share/turtlebot3_node/cmake/ament_cmake_export_include_directories-extras.cmake
[0.497s] -- Up-to-date symlink: /home/student/pepper_ws/install/turtlebot3_node/share/turtlebot3_node/cmake/turtlebot3_nodeConfig.cmake
[0.498s] -- Up-to-date symlink: /home/student/pepper_ws/install/turtlebot3_node/share/turtlebot3_node/cmake/turtlebot3_nodeConfig-version.cmake
[0.498s] -- Up-to-date symlink: /home/student/pepper_ws/install/turtlebot3_node/share/turtlebot3_node/package.xml
[0.500s] Invoked command in '/home/student/pepper_ws/build/turtlebot3_node' returned '0': AMENT_PREFIX_PATH=/home/student/pepper_ws/install/turtlebot3_msgs:/home/student/pepper_ws/install/dynamixel_sdk:${AMENT_PREFIX_PATH} CMAKE_PREFIX_PATH=/home/student/pepper_ws/install/turtlebot3_msgs:/home/student/pepper_ws/install/dynamixel_sdk:/home/student/ros2_ws/install/peppabot:/home/student/ros2_ws/install/laser_scan_processor:/home/student/ros2_ws/install/gazebo_map_creator:/home/student/ros2_ws/install/gazebo_map_creator_interface:/home/student/ros2_ws/install/cylindrical_object_detector:/home/student/ros2_ws/install/autonomous_tb3:/opt/ros/humble LD_LIBRARY_PATH=/home/student/pepper_ws/install/turtlebot3_msgs/lib:/home/student/pepper_ws/install/dynamixel_sdk/lib:/home/student/ros2_ws/install/gazebo_map_creator/lib:/home/student/ros2_ws/install/gazebo_map_creator_interface/lib:/usr/lib/x86_64-linux-gnu/gazebo-11/plugins:/opt/ros/humble/opt/rviz_ogre_vendor/lib:/opt/ros/humble/lib/x86_64-linux-gnu:/opt/ros/humble/lib:/usr/lib/x86_64-linux-gnu/gazebo-11/plugins:/usr/lib/x86_64-linux-gnu/gazebo-11/plugins:/usr/lib/x86_64-linux-gnu/gazebo-11/plugins PYTHONPATH=/home/student/pepper_ws/install/turtlebot3_msgs/local/lib/python3.10/dist-packages:${PYTHONPATH} /usr/bin/cmake --install /home/student/pepper_ws/build/turtlebot3_node
