[0.056s] Invoking command in '/home/student/pepper_ws/src/build/dynamixel_sdk': CMAKE_PREFIX_PATH=${CMAKE_PREFIX_PATH}:/home/student/pepper_ws/install/turtlebot3_teleop:/home/student/pepper_ws/install/turtlebot3_example:/home/student/pepper_ws/install/move_pepper:/home/student/ros2_ws/install/turtlebot3_teleop:/home/student/ros2_ws/install/turtlebot3_example:/home/student/ros2_ws/install/nav2_simple_commander:/home/student/ros2_ws/install/autonomous_tb3:/opt/ros/humble /usr/bin/cmake /home/student/pepper_ws/src/utils/DynamixelSDK/dynamixel_sdk -DCMAKE_INSTALL_PREFIX=/home/student/pepper_ws/src/install/dynamixel_sdk
[0.193s] -- The C compiler identification is GNU 11.4.0
[0.316s] -- The CXX compiler identification is GNU 11.4.0
[0.343s] -- Detecting C compiler ABI info
[0.510s] -- Detecting C compiler ABI info - done
[0.532s] -- Check for working C compiler: /usr/bin/cc - skipped
[0.532s] -- Detecting C compile features
[0.532s] -- Detecting C compile features - done
[0.534s] -- Detecting CXX compiler ABI info
[0.726s] -- Detecting CXX compiler ABI info - done
[0.757s] -- Check for working CXX compiler: /usr/bin/c++ - skipped
[0.757s] -- Detecting CXX compile features
[0.757s] -- Detecting CXX compile features - done
[0.770s] -- Found ament_cmake: 1.3.10 (/opt/ros/humble/share/ament_cmake/cmake)
[1.104s] -- Found Python3: /usr/bin/python3 (found version "3.10.12") found components: Interpreter 
[1.471s] -- Configuring done
[1.494s] -- Generating done
[1.495s] -- Build files have been written to: /home/student/pepper_ws/src/build/dynamixel_sdk
[1.506s] Invoked command in '/home/student/pepper_ws/src/build/dynamixel_sdk' returned '0': CMAKE_PREFIX_PATH=${CMAKE_PREFIX_PATH}:/home/student/pepper_ws/install/turtlebot3_teleop:/home/student/pepper_ws/install/turtlebot3_example:/home/student/pepper_ws/install/move_pepper:/home/student/ros2_ws/install/turtlebot3_teleop:/home/student/ros2_ws/install/turtlebot3_example:/home/student/ros2_ws/install/nav2_simple_commander:/home/student/ros2_ws/install/autonomous_tb3:/opt/ros/humble /usr/bin/cmake /home/student/pepper_ws/src/utils/DynamixelSDK/dynamixel_sdk -DCMAKE_INSTALL_PREFIX=/home/student/pepper_ws/src/install/dynamixel_sdk
[1.511s] Invoking command in '/home/student/pepper_ws/src/build/dynamixel_sdk': CMAKE_PREFIX_PATH=${CMAKE_PREFIX_PATH}:/home/student/pepper_ws/install/turtlebot3_teleop:/home/student/pepper_ws/install/turtlebot3_example:/home/student/pepper_ws/install/move_pepper:/home/student/ros2_ws/install/turtlebot3_teleop:/home/student/ros2_ws/install/turtlebot3_example:/home/student/ros2_ws/install/nav2_simple_commander:/home/student/ros2_ws/install/autonomous_tb3:/opt/ros/humble /usr/bin/cmake --build /home/student/pepper_ws/src/build/dynamixel_sdk -- -j8 -l8
[1.635s] [ 10%] [32mBuilding CXX object CMakeFiles/dynamixel_sdk.dir/src/dynamixel_sdk/protocol1_packet_handler.cpp.o[0m
[1.647s] [ 20%] [32mBuilding CXX object CMakeFiles/dynamixel_sdk.dir/src/dynamixel_sdk/packet_handler.cpp.o[0m
[1.657s] [ 30%] [32mBuilding CXX object CMakeFiles/dynamixel_sdk.dir/src/dynamixel_sdk/protocol2_packet_handler.cpp.o[0m
[1.662s] [ 40%] [32mBuilding CXX object CMakeFiles/dynamixel_sdk.dir/src/dynamixel_sdk/port_handler.cpp.o[0m
[1.665s] [ 50%] [32mBuilding CXX object CMakeFiles/dynamixel_sdk.dir/src/dynamixel_sdk/group_sync_read.cpp.o[0m
[1.667s] [ 60%] [32mBuilding CXX object CMakeFiles/dynamixel_sdk.dir/src/dynamixel_sdk/group_bulk_read.cpp.o[0m
[1.678s] [ 70%] [32mBuilding CXX object CMakeFiles/dynamixel_sdk.dir/src/dynamixel_sdk/group_bulk_write.cpp.o[0m
[1.679s] [ 80%] [32mBuilding CXX object CMakeFiles/dynamixel_sdk.dir/src/dynamixel_sdk/group_sync_write.cpp.o[0m
[1.799s] [ 90%] [32mBuilding CXX object CMakeFiles/dynamixel_sdk.dir/src/dynamixel_sdk/port_handler_linux.cpp.o[0m
[2.650s] [100%] [32m[1mLinking CXX shared library libdynamixel_sdk.so[0m
[2.793s] [100%] Built target dynamixel_sdk
[3.112s] Invoked command in '/home/student/pepper_ws/src/build/dynamixel_sdk' returned '0': CMAKE_PREFIX_PATH=${CMAKE_PREFIX_PATH}:/home/student/pepper_ws/install/turtlebot3_teleop:/home/student/pepper_ws/install/turtlebot3_example:/home/student/pepper_ws/install/move_pepper:/home/student/ros2_ws/install/turtlebot3_teleop:/home/student/ros2_ws/install/turtlebot3_example:/home/student/ros2_ws/install/nav2_simple_commander:/home/student/ros2_ws/install/autonomous_tb3:/opt/ros/humble /usr/bin/cmake --build /home/student/pepper_ws/src/build/dynamixel_sdk -- -j8 -l8
[3.364s] Invoking command in '/home/student/pepper_ws/src/build/dynamixel_sdk': CMAKE_PREFIX_PATH=${CMAKE_PREFIX_PATH}:/home/student/pepper_ws/install/turtlebot3_teleop:/home/student/pepper_ws/install/turtlebot3_example:/home/student/pepper_ws/install/move_pepper:/home/student/ros2_ws/install/turtlebot3_teleop:/home/student/ros2_ws/install/turtlebot3_example:/home/student/ros2_ws/install/nav2_simple_commander:/home/student/ros2_ws/install/autonomous_tb3:/opt/ros/humble /usr/bin/cmake --install /home/student/pepper_ws/src/build/dynamixel_sdk
[3.380s] -- Install configuration: ""
[3.381s] -- Installing: /home/student/pepper_ws/src/install/dynamixel_sdk/include/
[3.381s] -- Installing: /home/student/pepper_ws/src/install/dynamixel_sdk/include//dynamixel_sdk
[3.382s] -- Installing: /home/student/pepper_ws/src/install/dynamixel_sdk/include//dynamixel_sdk/protocol2_packet_handler.h
[3.383s] -- Installing: /home/student/pepper_ws/src/install/dynamixel_sdk/include//dynamixel_sdk/port_handler.h
[3.383s] -- Installing: /home/student/pepper_ws/src/install/dynamixel_sdk/include//dynamixel_sdk/port_handler_windows.h
[3.384s] -- Installing: /home/student/pepper_ws/src/install/dynamixel_sdk/include//dynamixel_sdk/port_handler_linux.h
[3.384s] -- Installing: /home/student/pepper_ws/src/install/dynamixel_sdk/include//dynamixel_sdk/group_bulk_read.h
[3.388s] -- Installing: /home/student/pepper_ws/src/install/dynamixel_sdk/include//dynamixel_sdk/port_handler_arduino.h
[3.388s] -- Installing: /home/student/pepper_ws/src/install/dynamixel_sdk/include//dynamixel_sdk/dynamixel_sdk.h
[3.388s] -- Installing: /home/student/pepper_ws/src/install/dynamixel_sdk/include//dynamixel_sdk/port_handler_mac.h
[3.388s] -- Installing: /home/student/pepper_ws/src/install/dynamixel_sdk/include//dynamixel_sdk/packet_handler.h
[3.388s] -- Installing: /home/student/pepper_ws/src/install/dynamixel_sdk/include//dynamixel_sdk/group_sync_read.h
[3.389s] -- Installing: /home/student/pepper_ws/src/install/dynamixel_sdk/include//dynamixel_sdk/group_bulk_write.h
[3.389s] -- Installing: /home/student/pepper_ws/src/install/dynamixel_sdk/include//dynamixel_sdk/protocol1_packet_handler.h
[3.389s] -- Installing: /home/student/pepper_ws/src/install/dynamixel_sdk/include//dynamixel_sdk/group_sync_write.h
[3.389s] -- Installing: /home/student/pepper_ws/src/install/dynamixel_sdk/lib/libdynamixel_sdk.so
[3.389s] -- Installing: /home/student/pepper_ws/src/install/dynamixel_sdk/share/dynamixel_sdk/environment/library_path.sh
[3.389s] -- Installing: /home/student/pepper_ws/src/install/dynamixel_sdk/share/dynamixel_sdk/environment/library_path.dsv
[3.390s] -- Installing: /home/student/pepper_ws/src/install/dynamixel_sdk/share/ament_index/resource_index/package_run_dependencies/dynamixel_sdk
[3.390s] -- Installing: /home/student/pepper_ws/src/install/dynamixel_sdk/share/ament_index/resource_index/parent_prefix_path/dynamixel_sdk
[3.390s] -- Installing: /home/student/pepper_ws/src/install/dynamixel_sdk/share/dynamixel_sdk/environment/ament_prefix_path.sh
[3.391s] -- Installing: /home/student/pepper_ws/src/install/dynamixel_sdk/share/dynamixel_sdk/environment/ament_prefix_path.dsv
[3.391s] -- Installing: /home/student/pepper_ws/src/install/dynamixel_sdk/share/dynamixel_sdk/environment/path.sh
[3.391s] -- Installing: /home/student/pepper_ws/src/install/dynamixel_sdk/share/dynamixel_sdk/environment/path.dsv
[3.391s] -- Installing: /home/student/pepper_ws/src/install/dynamixel_sdk/share/dynamixel_sdk/local_setup.bash
[3.391s] -- Installing: /home/student/pepper_ws/src/install/dynamixel_sdk/share/dynamixel_sdk/local_setup.sh
[3.392s] -- Installing: /home/student/pepper_ws/src/install/dynamixel_sdk/share/dynamixel_sdk/local_setup.zsh
[3.393s] -- Installing: /home/student/pepper_ws/src/install/dynamixel_sdk/share/dynamixel_sdk/local_setup.dsv
[3.395s] -- Installing: /home/student/pepper_ws/src/install/dynamixel_sdk/share/dynamixel_sdk/package.dsv
[3.395s] -- Installing: /home/student/pepper_ws/src/install/dynamixel_sdk/share/ament_index/resource_index/packages/dynamixel_sdk
[3.396s] -- Installing: /home/student/pepper_ws/src/install/dynamixel_sdk/share/dynamixel_sdk/cmake/ament_cmake_export_include_directories-extras.cmake
[3.396s] -- Installing: /home/student/pepper_ws/src/install/dynamixel_sdk/share/dynamixel_sdk/cmake/ament_cmake_export_libraries-extras.cmake
[3.399s] -- Installing: /home/student/pepper_ws/src/install/dynamixel_sdk/share/dynamixel_sdk/cmake/dynamixel_sdkConfig.cmake
[3.399s] -- Installing: /home/student/pepper_ws/src/install/dynamixel_sdk/share/dynamixel_sdk/cmake/dynamixel_sdkConfig-version.cmake
[3.399s] -- Installing: /home/student/pepper_ws/src/install/dynamixel_sdk/share/dynamixel_sdk/package.xml
[3.399s] Invoked command in '/home/student/pepper_ws/src/build/dynamixel_sdk' returned '0': CMAKE_PREFIX_PATH=${CMAKE_PREFIX_PATH}:/home/student/pepper_ws/install/turtlebot3_teleop:/home/student/pepper_ws/install/turtlebot3_example:/home/student/pepper_ws/install/move_pepper:/home/student/ros2_ws/install/turtlebot3_teleop:/home/student/ros2_ws/install/turtlebot3_example:/home/student/ros2_ws/install/nav2_simple_commander:/home/student/ros2_ws/install/autonomous_tb3:/opt/ros/humble /usr/bin/cmake --install /home/student/pepper_ws/src/build/dynamixel_sdk
