[0.399s] Invoking command in '/home/student/pepper_ws/build/book_database': CMAKE_PREFIX_PATH=${CMAKE_PREFIX_PATH}:/home/student/ros2_ws/install/autonomous_tb3:/opt/ros/humble /usr/bin/cmake /home/student/pepper_ws/src/book_database -DCMAKE_INSTALL_PREFIX=/home/student/pepper_ws/install/book_database
[1.168s] -- The C compiler identification is GNU 11.4.0
[1.633s] -- The CXX compiler identification is GNU 11.4.0
[1.675s] -- Detecting C compiler ABI info
[1.832s] -- Detecting C compiler ABI info - done
[1.848s] -- Check for working C compiler: /usr/bin/cc - skipped
[1.849s] -- Detecting C compile features
[1.859s] -- Detecting C compile features - done
[1.868s] -- Detecting CXX compiler ABI info
[2.032s] -- Detecting CXX compiler ABI info - done
[2.046s] -- Check for working CXX compiler: /usr/bin/c++ - skipped
[2.046s] -- Detecting CXX compile features
[2.047s] -- Detecting CXX compile features - done
[2.061s] -- Found ament_cmake: 1.3.10 (/opt/ros/humble/share/ament_cmake/cmake)
[2.325s] -- Found Python3: /usr/bin/python3 (found version "3.10.12") found components: Interpreter 
[2.622s] -- Found rclcpp: 16.0.10 (/opt/ros/humble/share/rclcpp/cmake)
[2.835s] -- Found rosidl_generator_c: 3.1.5 (/opt/ros/humble/share/rosidl_generator_c/cmake)
[2.846s] -- Found rosidl_adapter: 3.1.5 (/opt/ros/humble/share/rosidl_adapter/cmake)
[2.922s] -- Found rosidl_generator_cpp: 3.1.5 (/opt/ros/humble/share/rosidl_generator_cpp/cmake)
[3.652s] -- Using all available rosidl_typesupport_c: rosidl_typesupport_fastrtps_c;rosidl_typesupport_introspection_c
[3.725s] -- Using all available rosidl_typesupport_cpp: rosidl_typesupport_fastrtps_cpp;rosidl_typesupport_introspection_cpp
[3.896s] -- Found rmw_implementation_cmake: 6.1.2 (/opt/ros/humble/share/rmw_implementation_cmake/cmake)
[3.911s] -- Found rmw_fastrtps_cpp: 6.2.7 (/opt/ros/humble/share/rmw_fastrtps_cpp/cmake)
[4.098s] -- Found OpenSSL: /usr/lib/x86_64-linux-gnu/libcrypto.so (found version "3.0.2")  
[4.141s] -- Found FastRTPS: /opt/ros/humble/include  
[4.194s] -- Using RMW implementation 'rmw_fastrtps_cpp' as default
[4.242s] -- Looking for pthread.h
[4.346s] -- Looking for pthread.h - found
[4.346s] -- Performing Test CMAKE_HAVE_LIBC_PTHREAD
[4.441s] -- Performing Test CMAKE_HAVE_LIBC_PTHREAD - Success
[4.442s] -- Found Threads: TRUE  
[4.619s] -- Found geometry_msgs: 4.2.4 (/opt/ros/humble/share/geometry_msgs/cmake)
[4.733s] -- Configuring done
[4.758s] -- Generating done
[4.759s] -- Build files have been written to: /home/student/pepper_ws/build/book_database
[4.774s] Invoked command in '/home/student/pepper_ws/build/book_database' returned '0': CMAKE_PREFIX_PATH=${CMAKE_PREFIX_PATH}:/home/student/ros2_ws/install/autonomous_tb3:/opt/ros/humble /usr/bin/cmake /home/student/pepper_ws/src/book_database -DCMAKE_INSTALL_PREFIX=/home/student/pepper_ws/install/book_database
[4.776s] Invoking command in '/home/student/pepper_ws/build/book_database': CMAKE_PREFIX_PATH=${CMAKE_PREFIX_PATH}:/home/student/ros2_ws/install/autonomous_tb3:/opt/ros/humble /usr/bin/cmake --build /home/student/pepper_ws/build/book_database -- -j8 -l8
[4.849s] [ 50%] [32mBuilding CXX object CMakeFiles/book_database.dir/src/book_database.cpp.o[0m
[14.489s] [100%] [32m[1mLinking CXX executable book_database[0m
[15.406s] [100%] Built target book_database
[15.421s] Invoked command in '/home/student/pepper_ws/build/book_database' returned '0': CMAKE_PREFIX_PATH=${CMAKE_PREFIX_PATH}:/home/student/ros2_ws/install/autonomous_tb3:/opt/ros/humble /usr/bin/cmake --build /home/student/pepper_ws/build/book_database -- -j8 -l8
[15.454s] Invoking command in '/home/student/pepper_ws/build/book_database': CMAKE_PREFIX_PATH=${CMAKE_PREFIX_PATH}:/home/student/ros2_ws/install/autonomous_tb3:/opt/ros/humble /usr/bin/cmake --install /home/student/pepper_ws/build/book_database
[15.464s] -- Install configuration: ""
[15.464s] -- Installing: /home/student/pepper_ws/install/book_database/lib/book_database/book_database
[15.470s] -- Set runtime path of "/home/student/pepper_ws/install/book_database/lib/book_database/book_database" to ""
[15.470s] -- Installing: /home/student/pepper_ws/install/book_database/share/ament_index/resource_index/package_run_dependencies/book_database
[15.470s] -- Installing: /home/student/pepper_ws/install/book_database/share/ament_index/resource_index/parent_prefix_path/book_database
[15.471s] -- Installing: /home/student/pepper_ws/install/book_database/share/book_database/environment/ament_prefix_path.sh
[15.471s] -- Installing: /home/student/pepper_ws/install/book_database/share/book_database/environment/ament_prefix_path.dsv
[15.471s] -- Installing: /home/student/pepper_ws/install/book_database/share/book_database/environment/path.sh
[15.471s] -- Installing: /home/student/pepper_ws/install/book_database/share/book_database/environment/path.dsv
[15.471s] -- Installing: /home/student/pepper_ws/install/book_database/share/book_database/local_setup.bash
[15.471s] -- Installing: /home/student/pepper_ws/install/book_database/share/book_database/local_setup.sh
[15.471s] -- Installing: /home/student/pepper_ws/install/book_database/share/book_database/local_setup.zsh
[15.472s] -- Installing: /home/student/pepper_ws/install/book_database/share/book_database/local_setup.dsv
[15.472s] -- Installing: /home/student/pepper_ws/install/book_database/share/book_database/package.dsv
[15.472s] -- Installing: /home/student/pepper_ws/install/book_database/share/ament_index/resource_index/packages/book_database
[15.472s] -- Installing: /home/student/pepper_ws/install/book_database/share/book_database/cmake/book_databaseConfig.cmake
[15.472s] -- Installing: /home/student/pepper_ws/install/book_database/share/book_database/cmake/book_databaseConfig-version.cmake
[15.472s] -- Installing: /home/student/pepper_ws/install/book_database/share/book_database/package.xml
[15.475s] Invoked command in '/home/student/pepper_ws/build/book_database' returned '0': CMAKE_PREFIX_PATH=${CMAKE_PREFIX_PATH}:/home/student/ros2_ws/install/autonomous_tb3:/opt/ros/humble /usr/bin/cmake --install /home/student/pepper_ws/build/book_database
