[0.087s] Invoking command in '/home/student/pepper_ws/build/turtlebot3_navigation2': CMAKE_PREFIX_PATH=${CMAKE_PREFIX_PATH}:/home/student/ros2_ws/install/autonomous_tb3:/opt/ros/humble /usr/bin/cmake --build /home/student/pepper_ws/build/turtlebot3_navigation2 -- -j8 -l8
[0.332s] Invoked command in '/home/student/pepper_ws/build/turtlebot3_navigation2' returned '0': CMAKE_PREFIX_PATH=${CMAKE_PREFIX_PATH}:/home/student/ros2_ws/install/autonomous_tb3:/opt/ros/humble /usr/bin/cmake --build /home/student/pepper_ws/build/turtlebot3_navigation2 -- -j8 -l8
[0.749s] Invoking command in '/home/student/pepper_ws/build/turtlebot3_navigation2': CMAKE_PREFIX_PATH=${CMAKE_PREFIX_PATH}:/home/student/ros2_ws/install/autonomous_tb3:/opt/ros/humble /usr/bin/cmake --install /home/student/pepper_ws/build/turtlebot3_navigation2
[0.776s] -- Install configuration: ""
[0.776s] -- Execute custom install script
[0.776s] -- Up-to-date symlink: /home/student/pepper_ws/install/turtlebot3_navigation2/share/turtlebot3_navigation2/launch/navigation2.launch.py
[0.776s] -- Up-to-date symlink: /home/student/pepper_ws/install/turtlebot3_navigation2/share/turtlebot3_navigation2/map/map.pgm
[0.778s] -- Up-to-date symlink: /home/student/pepper_ws/install/turtlebot3_navigation2/share/turtlebot3_navigation2/map/map.yaml
[0.779s] -- Up-to-date symlink: /home/student/pepper_ws/install/turtlebot3_navigation2/share/turtlebot3_navigation2/param/burger.yaml
[0.779s] -- Up-to-date symlink: /home/student/pepper_ws/install/turtlebot3_navigation2/share/turtlebot3_navigation2/param/waffle.yaml
[0.779s] -- Up-to-date symlink: /home/student/pepper_ws/install/turtlebot3_navigation2/share/turtlebot3_navigation2/param/waffle_pi.yaml
[0.779s] -- Up-to-date symlink: /home/student/pepper_ws/install/turtlebot3_navigation2/share/turtlebot3_navigation2/rviz/tb3_navigation2.rviz
[0.779s] -- Up-to-date symlink: /home/student/pepper_ws/install/turtlebot3_navigation2/share/ament_index/resource_index/package_run_dependencies/turtlebot3_navigation2
[0.779s] -- Up-to-date symlink: /home/student/pepper_ws/install/turtlebot3_navigation2/share/ament_index/resource_index/parent_prefix_path/turtlebot3_navigation2
[0.780s] -- Up-to-date symlink: /home/student/pepper_ws/install/turtlebot3_navigation2/share/turtlebot3_navigation2/environment/ament_prefix_path.sh
[0.780s] -- Up-to-date symlink: /home/student/pepper_ws/install/turtlebot3_navigation2/share/turtlebot3_navigation2/environment/ament_prefix_path.dsv
[0.780s] -- Up-to-date symlink: /home/student/pepper_ws/install/turtlebot3_navigation2/share/turtlebot3_navigation2/environment/path.sh
[0.780s] -- Up-to-date symlink: /home/student/pepper_ws/install/turtlebot3_navigation2/share/turtlebot3_navigation2/environment/path.dsv
[0.780s] -- Up-to-date symlink: /home/student/pepper_ws/install/turtlebot3_navigation2/share/turtlebot3_navigation2/local_setup.bash
[0.780s] -- Up-to-date symlink: /home/student/pepper_ws/install/turtlebot3_navigation2/share/turtlebot3_navigation2/local_setup.sh
[0.780s] -- Up-to-date symlink: /home/student/pepper_ws/install/turtlebot3_navigation2/share/turtlebot3_navigation2/local_setup.zsh
[0.781s] -- Up-to-date symlink: /home/student/pepper_ws/install/turtlebot3_navigation2/share/turtlebot3_navigation2/local_setup.dsv
[0.781s] -- Symlinking: /home/student/pepper_ws/install/turtlebot3_navigation2/share/turtlebot3_navigation2/package.dsv
[0.785s] -- Up-to-date symlink: /home/student/pepper_ws/install/turtlebot3_navigation2/share/ament_index/resource_index/packages/turtlebot3_navigation2
[0.785s] -- Up-to-date symlink: /home/student/pepper_ws/install/turtlebot3_navigation2/share/turtlebot3_navigation2/cmake/turtlebot3_navigation2Config.cmake
[0.786s] -- Up-to-date symlink: /home/student/pepper_ws/install/turtlebot3_navigation2/share/turtlebot3_navigation2/cmake/turtlebot3_navigation2Config-version.cmake
[0.787s] -- Up-to-date symlink: /home/student/pepper_ws/install/turtlebot3_navigation2/share/turtlebot3_navigation2/package.xml
[1.137s] Invoked command in '/home/student/pepper_ws/build/turtlebot3_navigation2' returned '0': CMAKE_PREFIX_PATH=${CMAKE_PREFIX_PATH}:/home/student/ros2_ws/install/autonomous_tb3:/opt/ros/humble /usr/bin/cmake --install /home/student/pepper_ws/build/turtlebot3_navigation2
