[0.771s] Invoking command in '/home/student/pepper_ws/build/pepper_autonomy': CMAKE_PREFIX_PATH=${CMAKE_PREFIX_PATH}:/home/student/pepper_ws/install/turtlebot3_teleop:/home/student/pepper_ws/install/turtlebot3_example:/home/student/pepper_ws/install/move_pepper:/home/student/ros2_ws/install/autonomous_tb3:/opt/ros/humble /usr/bin/cmake --build /home/student/pepper_ws/build/pepper_autonomy -- -j8 -l8
[0.893s] [100%] Built target autonomy_node
[0.923s] Invoked command in '/home/student/pepper_ws/build/pepper_autonomy' returned '0': CMAKE_PREFIX_PATH=${CMAKE_PREFIX_PATH}:/home/student/pepper_ws/install/turtlebot3_teleop:/home/student/pepper_ws/install/turtlebot3_example:/home/student/pepper_ws/install/move_pepper:/home/student/ros2_ws/install/autonomous_tb3:/opt/ros/humble /usr/bin/cmake --build /home/student/pepper_ws/build/pepper_autonomy -- -j8 -l8
[0.984s] Invoking command in '/home/student/pepper_ws/build/pepper_autonomy': CMAKE_PREFIX_PATH=${CMAKE_PREFIX_PATH}:/home/student/pepper_ws/install/turtlebot3_teleop:/home/student/pepper_ws/install/turtlebot3_example:/home/student/pepper_ws/install/move_pepper:/home/student/ros2_ws/install/autonomous_tb3:/opt/ros/humble /usr/bin/cmake --install /home/student/pepper_ws/build/pepper_autonomy
[1.003s] -- Install configuration: ""
[1.003s] -- Up-to-date: /home/student/pepper_ws/install/pepper_autonomy/share/pepper_autonomy/bt_xml
[1.003s] -- Up-to-date: /home/student/pepper_ws/install/pepper_autonomy/share/pepper_autonomy/bt_xml/tree.xml
[1.003s] -- Up-to-date: /home/student/pepper_ws/install/pepper_autonomy/share/pepper_autonomy/launch
[1.004s] -- Installing: /home/student/pepper_ws/install/pepper_autonomy/share/pepper_autonomy/launch/autonomy.launch.py
[1.004s] -- Up-to-date: /home/student/pepper_ws/install/pepper_autonomy/lib/pepper_autonomy/autonomy_node
[1.004s] -- Up-to-date: /home/student/pepper_ws/install/pepper_autonomy/share/ament_index/resource_index/package_run_dependencies/pepper_autonomy
[1.004s] -- Up-to-date: /home/student/pepper_ws/install/pepper_autonomy/share/ament_index/resource_index/parent_prefix_path/pepper_autonomy
[1.004s] -- Up-to-date: /home/student/pepper_ws/install/pepper_autonomy/share/pepper_autonomy/environment/ament_prefix_path.sh
[1.004s] -- Up-to-date: /home/student/pepper_ws/install/pepper_autonomy/share/pepper_autonomy/environment/ament_prefix_path.dsv
[1.005s] -- Up-to-date: /home/student/pepper_ws/install/pepper_autonomy/share/pepper_autonomy/environment/path.sh
[1.005s] -- Up-to-date: /home/student/pepper_ws/install/pepper_autonomy/share/pepper_autonomy/environment/path.dsv
[1.005s] -- Up-to-date: /home/student/pepper_ws/install/pepper_autonomy/share/pepper_autonomy/local_setup.bash
[1.005s] -- Up-to-date: /home/student/pepper_ws/install/pepper_autonomy/share/pepper_autonomy/local_setup.sh
[1.006s] -- Up-to-date: /home/student/pepper_ws/install/pepper_autonomy/share/pepper_autonomy/local_setup.zsh
[1.006s] -- Up-to-date: /home/student/pepper_ws/install/pepper_autonomy/share/pepper_autonomy/local_setup.dsv
[1.008s] -- Installing: /home/student/pepper_ws/install/pepper_autonomy/share/pepper_autonomy/package.dsv
[1.009s] -- Up-to-date: /home/student/pepper_ws/install/pepper_autonomy/share/ament_index/resource_index/packages/pepper_autonomy
[1.009s] -- Up-to-date: /home/student/pepper_ws/install/pepper_autonomy/share/pepper_autonomy/cmake/pepper_autonomyConfig.cmake
[1.010s] -- Up-to-date: /home/student/pepper_ws/install/pepper_autonomy/share/pepper_autonomy/cmake/pepper_autonomyConfig-version.cmake
[1.010s] -- Up-to-date: /home/student/pepper_ws/install/pepper_autonomy/share/pepper_autonomy/package.xml
[1.010s] Invoked command in '/home/student/pepper_ws/build/pepper_autonomy' returned '0': CMAKE_PREFIX_PATH=${CMAKE_PREFIX_PATH}:/home/student/pepper_ws/install/turtlebot3_teleop:/home/student/pepper_ws/install/turtlebot3_example:/home/student/pepper_ws/install/move_pepper:/home/student/ros2_ws/install/autonomous_tb3:/opt/ros/humble /usr/bin/cmake --install /home/student/pepper_ws/build/pepper_autonomy
