[3.706s] Invoking command in '/home/student/pepper_ws/src/turtlebot3/turtlebot3/turtlebot3_teleop': PYTHONPATH=/home/student/pepper_ws/build/turtlebot3_teleop/prefix_override:/usr/lib/python3/dist-packages/colcon_core/task/python/colcon_distutils_commands:/home/student/pepper_ws/install/turtlebot3_teleop/lib/python3.10/site-packages:${PYTHONPATH} /usr/bin/python3 -W ignore:setup.py install is deprecated setup.py egg_info --egg-base ../../../../build/turtlebot3_teleop build --build-base /home/student/pepper_ws/build/turtlebot3_teleop/build install --record /home/student/pepper_ws/build/turtlebot3_teleop/install.log --single-version-externally-managed install_data
[4.565s] running egg_info
[4.584s] writing ../../../../build/turtlebot3_teleop/turtlebot3_teleop.egg-info/PKG-INFO
[4.585s] writing dependency_links to ../../../../build/turtlebot3_teleop/turtlebot3_teleop.egg-info/dependency_links.txt
[4.585s] writing entry points to ../../../../build/turtlebot3_teleop/turtlebot3_teleop.egg-info/entry_points.txt
[4.585s] writing requirements to ../../../../build/turtlebot3_teleop/turtlebot3_teleop.egg-info/requires.txt
[4.586s] writing top-level names to ../../../../build/turtlebot3_teleop/turtlebot3_teleop.egg-info/top_level.txt
[4.588s] reading manifest file '../../../../build/turtlebot3_teleop/turtlebot3_teleop.egg-info/SOURCES.txt'
[4.589s] writing manifest file '../../../../build/turtlebot3_teleop/turtlebot3_teleop.egg-info/SOURCES.txt'
[4.590s] running build
[4.590s] running build_py
[4.591s] running install
[4.591s] running install_lib
[4.593s] running install_data
[4.594s] running install_egg_info
[4.597s] removing '/home/student/pepper_ws/install/turtlebot3_teleop/lib/python3.10/site-packages/turtlebot3_teleop-2.1.5-py3.10.egg-info' (and everything under it)
[4.597s] Copying ../../../../build/turtlebot3_teleop/turtlebot3_teleop.egg-info to /home/student/pepper_ws/install/turtlebot3_teleop/lib/python3.10/site-packages/turtlebot3_teleop-2.1.5-py3.10.egg-info
[4.607s] running install_scripts
[4.651s] Installing teleop_keyboard script to /home/student/pepper_ws/install/turtlebot3_teleop/lib/turtlebot3_teleop
[4.652s] writing list of installed files to '/home/student/pepper_ws/build/turtlebot3_teleop/install.log'
[5.450s] Invoked command in '/home/student/pepper_ws/src/turtlebot3/turtlebot3/turtlebot3_teleop' returned '0': PYTHONPATH=/home/student/pepper_ws/build/turtlebot3_teleop/prefix_override:/usr/lib/python3/dist-packages/colcon_core/task/python/colcon_distutils_commands:/home/student/pepper_ws/install/turtlebot3_teleop/lib/python3.10/site-packages:${PYTHONPATH} /usr/bin/python3 -W ignore:setup.py install is deprecated setup.py egg_info --egg-base ../../../../build/turtlebot3_teleop build --build-base /home/student/pepper_ws/build/turtlebot3_teleop/build install --record /home/student/pepper_ws/build/turtlebot3_teleop/install.log --single-version-externally-managed install_data
