[0.046s] Invoking command in '/home/student/pepper_ws/build/hls_lfcd_lds_driver': CMAKE_PREFIX_PATH=${CMAKE_PREFIX_PATH}:/home/student/ros2_ws/install/autonomous_tb3:/opt/ros/humble /usr/bin/cmake --build /home/student/pepper_ws/build/hls_lfcd_lds_driver -- -j8 -l8
[0.251s] [100%] Built target hlds_laser_publisher
[0.360s] Invoked command in '/home/student/pepper_ws/build/hls_lfcd_lds_driver' returned '0': CMAKE_PREFIX_PATH=${CMAKE_PREFIX_PATH}:/home/student/ros2_ws/install/autonomous_tb3:/opt/ros/humble /usr/bin/cmake --build /home/student/pepper_ws/build/hls_lfcd_lds_driver -- -j8 -l8
[0.480s] Invoking command in '/home/student/pepper_ws/build/hls_lfcd_lds_driver': CMAKE_PREFIX_PATH=${CMAKE_PREFIX_PATH}:/home/student/ros2_ws/install/autonomous_tb3:/opt/ros/humble /usr/bin/cmake --install /home/student/pepper_ws/build/hls_lfcd_lds_driver
[0.502s] -- Install configuration: ""
[0.505s] -- Execute custom install script
[0.507s] -- Up-to-date symlink: /home/student/pepper_ws/install/hls_lfcd_lds_driver/share/hls_lfcd_lds_driver/launch/hlds_laser.launch.py
[0.507s] -- Up-to-date symlink: /home/student/pepper_ws/install/hls_lfcd_lds_driver/share/hls_lfcd_lds_driver/launch/view_hlds_laser.launch.py
[0.511s] -- Up-to-date symlink: /home/student/pepper_ws/install/hls_lfcd_lds_driver/share/hls_lfcd_lds_driver/rviz/hlds_laser.rviz
[0.512s] -- Up-to-date symlink: /home/student/pepper_ws/install/hls_lfcd_lds_driver/lib/hls_lfcd_lds_driver/hlds_laser_publisher
[0.512s] -- Up-to-date symlink: /home/student/pepper_ws/install/hls_lfcd_lds_driver/share/ament_index/resource_index/package_run_dependencies/hls_lfcd_lds_driver
[0.516s] -- Up-to-date symlink: /home/student/pepper_ws/install/hls_lfcd_lds_driver/share/ament_index/resource_index/parent_prefix_path/hls_lfcd_lds_driver
[0.517s] -- Up-to-date symlink: /home/student/pepper_ws/install/hls_lfcd_lds_driver/share/hls_lfcd_lds_driver/environment/ament_prefix_path.sh
[0.520s] -- Up-to-date symlink: /home/student/pepper_ws/install/hls_lfcd_lds_driver/share/hls_lfcd_lds_driver/environment/ament_prefix_path.dsv
[0.521s] -- Up-to-date symlink: /home/student/pepper_ws/install/hls_lfcd_lds_driver/share/hls_lfcd_lds_driver/environment/path.sh
[0.524s] -- Up-to-date symlink: /home/student/pepper_ws/install/hls_lfcd_lds_driver/share/hls_lfcd_lds_driver/environment/path.dsv
[0.524s] -- Up-to-date symlink: /home/student/pepper_ws/install/hls_lfcd_lds_driver/share/hls_lfcd_lds_driver/local_setup.bash
[0.525s] -- Up-to-date symlink: /home/student/pepper_ws/install/hls_lfcd_lds_driver/share/hls_lfcd_lds_driver/local_setup.sh
[0.526s] -- Up-to-date symlink: /home/student/pepper_ws/install/hls_lfcd_lds_driver/share/hls_lfcd_lds_driver/local_setup.zsh
[0.527s] -- Up-to-date symlink: /home/student/pepper_ws/install/hls_lfcd_lds_driver/share/hls_lfcd_lds_driver/local_setup.dsv
[0.530s] -- Symlinking: /home/student/pepper_ws/install/hls_lfcd_lds_driver/share/hls_lfcd_lds_driver/package.dsv
[0.560s] -- Up-to-date symlink: /home/student/pepper_ws/install/hls_lfcd_lds_driver/share/ament_index/resource_index/packages/hls_lfcd_lds_driver
[0.564s] -- Up-to-date symlink: /home/student/pepper_ws/install/hls_lfcd_lds_driver/share/hls_lfcd_lds_driver/cmake/ament_cmake_export_dependencies-extras.cmake
[0.564s] -- Up-to-date symlink: /home/student/pepper_ws/install/hls_lfcd_lds_driver/share/hls_lfcd_lds_driver/cmake/ament_cmake_export_include_directories-extras.cmake
[0.565s] -- Up-to-date symlink: /home/student/pepper_ws/install/hls_lfcd_lds_driver/share/hls_lfcd_lds_driver/cmake/hls_lfcd_lds_driverConfig.cmake
[0.573s] -- Up-to-date symlink: /home/student/pepper_ws/install/hls_lfcd_lds_driver/share/hls_lfcd_lds_driver/cmake/hls_lfcd_lds_driverConfig-version.cmake
[0.574s] -- Up-to-date symlink: /home/student/pepper_ws/install/hls_lfcd_lds_driver/share/hls_lfcd_lds_driver/package.xml
[0.967s] Invoked command in '/home/student/pepper_ws/build/hls_lfcd_lds_driver' returned '0': CMAKE_PREFIX_PATH=${CMAKE_PREFIX_PATH}:/home/student/ros2_ws/install/autonomous_tb3:/opt/ros/humble /usr/bin/cmake --install /home/student/pepper_ws/build/hls_lfcd_lds_driver
