[0.408s] Invoking command in '/home/student/pepper_ws/build/tb3_autonomy': CMAKE_PREFIX_PATH=${CMAKE_PREFIX_PATH}:/home/student/pepper_ws/install/turtlebot3_teleop:/home/student/pepper_ws/install/turtlebot3_example:/home/student/pepper_ws/install/move_pepper:/home/student/ros2_ws/install/turtlebot3_teleop:/home/student/ros2_ws/install/turtlebot3_example:/home/student/ros2_ws/install/nav2_simple_commander:/home/student/ros2_ws/install/autonomous_tb3:/opt/ros/humble /usr/bin/cmake /home/student/pepper_ws/src/pepper_autonomy -DCMAKE_INSTALL_PREFIX=/home/student/pepper_ws/install/tb3_autonomy
[0.509s] -- The C compiler identification is GNU 11.4.0
[0.597s] -- The CXX compiler identification is GNU 11.4.0
[0.611s] -- Detecting C compiler ABI info
[0.761s] -- Detecting C compiler ABI info - done
[0.776s] -- Check for working C compiler: /usr/bin/cc - skipped
[0.777s] -- Detecting C compile features
[0.777s] -- Detecting C compile features - done
[0.782s] -- Detecting CXX compiler ABI info
[0.919s] -- Detecting CXX compiler ABI info - done
[0.940s] -- Check for working CXX compiler: /usr/bin/c++ - skipped
[0.940s] -- Detecting CXX compile features
[0.941s] -- Detecting CXX compile features - done
[0.942s] -- Found ament_cmake: 1.3.10 (/opt/ros/humble/share/ament_cmake/cmake)
[1.183s] -- Found Python3: /usr/bin/python3 (found version "3.10.12") found components: Interpreter 
[1.354s] -- Found rclcpp: 16.0.10 (/opt/ros/humble/share/rclcpp/cmake)
[1.427s] -- Found rosidl_generator_c: 3.1.5 (/opt/ros/humble/share/rosidl_generator_c/cmake)
[1.442s] -- Found rosidl_adapter: 3.1.5 (/opt/ros/humble/share/rosidl_adapter/cmake)
[1.454s] -- Found rosidl_generator_cpp: 3.1.5 (/opt/ros/humble/share/rosidl_generator_cpp/cmake)
[1.481s] -- Using all available rosidl_typesupport_c: rosidl_typesupport_fastrtps_c;rosidl_typesupport_introspection_c
[1.511s] -- Using all available rosidl_typesupport_cpp: rosidl_typesupport_fastrtps_cpp;rosidl_typesupport_introspection_cpp
[1.590s] -- Found rmw_implementation_cmake: 6.1.2 (/opt/ros/humble/share/rmw_implementation_cmake/cmake)
[1.598s] -- Found rmw_fastrtps_cpp: 6.2.7 (/opt/ros/humble/share/rmw_fastrtps_cpp/cmake)
[1.753s] -- Found OpenSSL: /usr/lib/x86_64-linux-gnu/libcrypto.so (found version "3.0.2")  
[1.795s] -- Found FastRTPS: /opt/ros/humble/include  
[1.860s] -- Using RMW implementation 'rmw_fastrtps_cpp' as default
[1.877s] -- Looking for pthread.h
[1.995s] -- Looking for pthread.h - found
[1.997s] -- Performing Test CMAKE_HAVE_LIBC_PTHREAD
[2.112s] -- Performing Test CMAKE_HAVE_LIBC_PTHREAD - Success
[2.112s] -- Found Threads: TRUE  
[2.200s] -- Found rclcpp_action: 16.0.10 (/opt/ros/humble/share/rclcpp_action/cmake)
[2.258s] -- Found nav2_msgs: 1.1.16 (/opt/ros/humble/share/nav2_msgs/cmake)
[2.346s] -- Found tf2: 0.25.8 (/opt/ros/humble/share/tf2/cmake)
[2.367s] -- Found tf2_geometry_msgs: 0.25.8 (/opt/ros/humble/share/tf2_geometry_msgs/cmake)
[2.393s] -- Found eigen3_cmake_module: 0.1.1 (/opt/ros/humble/share/eigen3_cmake_module/cmake)
[2.395s] -- Found Eigen3: TRUE (found version "3.4.0") 
[2.395s] -- Ensuring Eigen3 include directory is part of orocos-kdl CMake target
[2.494s] -- Found ament_lint_auto: 0.12.11 (/opt/ros/humble/share/ament_lint_auto/cmake)
[2.573s] [31mCMake Error at /opt/ros/humble/share/ament_cmake_core/cmake/core/ament_package_xml.cmake:53 (message):
[2.573s]   ament_package_xml() package name 'tb3_autonomy' in '/package.xml' does not
[2.573s]   match current PROJECT_NAME 'pepper_autonomy'.  You must call project() with
[2.574s]   the same package name before.
[2.574s] Call Stack (most recent call first):
[2.574s]   /opt/ros/humble/share/ament_lint_auto/cmake/ament_lint_auto_find_test_dependencies.cmake:31 (ament_package_xml)
[2.574s]   CMakeLists.txt:58 (ament_lint_auto_find_test_dependencies)
[2.574s] 
[2.574s] [0m
[2.574s] -- Configuring incomplete, errors occurred!
[2.574s] See also "/home/student/pepper_ws/build/tb3_autonomy/CMakeFiles/CMakeOutput.log".
[2.592s] Invoked command in '/home/student/pepper_ws/build/tb3_autonomy' returned '1': CMAKE_PREFIX_PATH=${CMAKE_PREFIX_PATH}:/home/student/pepper_ws/install/turtlebot3_teleop:/home/student/pepper_ws/install/turtlebot3_example:/home/student/pepper_ws/install/move_pepper:/home/student/ros2_ws/install/turtlebot3_teleop:/home/student/ros2_ws/install/turtlebot3_example:/home/student/ros2_ws/install/nav2_simple_commander:/home/student/ros2_ws/install/autonomous_tb3:/opt/ros/humble /usr/bin/cmake /home/student/pepper_ws/src/pepper_autonomy -DCMAKE_INSTALL_PREFIX=/home/student/pepper_ws/install/tb3_autonomy
