[0.417s] Invoking command in '/home/student/pepper_ws/build/pepper_autonomy': /usr/bin/cmake /home/student/pepper_ws/src/pepper_autonomy -DCMAKE_INSTALL_PREFIX=/home/student/pepper_ws/install/pepper_autonomy
[0.539s] -- The C compiler identification is GNU 11.4.0
[0.650s] -- The CXX compiler identification is GNU 11.4.0
[0.664s] -- Detecting C compiler ABI info
[0.807s] -- Detecting C compiler ABI info - done
[0.815s] -- Check for working C compiler: /usr/bin/cc - skipped
[0.816s] -- Detecting C compile features
[0.816s] -- Detecting C compile features - done
[0.819s] -- Detecting CXX compiler ABI info
[0.967s] -- Detecting CXX compiler ABI info - done
[0.978s] -- Check for working CXX compiler: /usr/bin/c++ - skipped
[0.979s] -- Detecting CXX compile features
[0.980s] -- Detecting CXX compile features - done
[0.985s] -- Found ament_cmake: 1.3.10 (/opt/ros/humble/share/ament_cmake/cmake)
[1.218s] -- Found Python3: /usr/bin/python3 (found version "3.10.12") found components: Interpreter 
[1.360s] -- Found rclcpp: 16.0.10 (/opt/ros/humble/share/rclcpp/cmake)
[1.434s] -- Found rosidl_generator_c: 3.1.5 (/opt/ros/humble/share/rosidl_generator_c/cmake)
[1.443s] -- Found rosidl_adapter: 3.1.5 (/opt/ros/humble/share/rosidl_adapter/cmake)
[1.458s] -- Found rosidl_generator_cpp: 3.1.5 (/opt/ros/humble/share/rosidl_generator_cpp/cmake)
[1.476s] -- Using all available rosidl_typesupport_c: rosidl_typesupport_fastrtps_c;rosidl_typesupport_introspection_c
[1.511s] -- Using all available rosidl_typesupport_cpp: rosidl_typesupport_fastrtps_cpp;rosidl_typesupport_introspection_cpp
[1.588s] -- Found rmw_implementation_cmake: 6.1.2 (/opt/ros/humble/share/rmw_implementation_cmake/cmake)
[1.598s] -- Found rmw_fastrtps_cpp: 6.2.7 (/opt/ros/humble/share/rmw_fastrtps_cpp/cmake)
[1.754s] -- Found OpenSSL: /usr/lib/x86_64-linux-gnu/libcrypto.so (found version "3.0.2")  
[1.798s] -- Found FastRTPS: /opt/ros/humble/include  
[1.860s] -- Using RMW implementation 'rmw_fastrtps_cpp' as default
[1.876s] -- Looking for pthread.h
[1.992s] -- Looking for pthread.h - found
[1.993s] -- Performing Test CMAKE_HAVE_LIBC_PTHREAD
[2.116s] -- Performing Test CMAKE_HAVE_LIBC_PTHREAD - Success
[2.118s] -- Found Threads: TRUE  
[2.193s] -- Found rclcpp_action: 16.0.10 (/opt/ros/humble/share/rclcpp_action/cmake)
[2.238s] -- Found nav2_msgs: 1.1.16 (/opt/ros/humble/share/nav2_msgs/cmake)
[2.326s] -- Found tf2: 0.25.8 (/opt/ros/humble/share/tf2/cmake)
[2.345s] -- Found tf2_geometry_msgs: 0.25.8 (/opt/ros/humble/share/tf2_geometry_msgs/cmake)
[2.372s] -- Found eigen3_cmake_module: 0.1.1 (/opt/ros/humble/share/eigen3_cmake_module/cmake)
[2.374s] -- Found Eigen3: TRUE (found version "3.4.0") 
[2.374s] -- Ensuring Eigen3 include directory is part of orocos-kdl CMake target
[2.482s] -- Found ament_lint_auto: 0.12.11 (/opt/ros/humble/share/ament_lint_auto/cmake)
[2.558s] Error parsing '/home/student/pepper_ws/src/pepper_autonomy/package.xml':
[2.613s] Traceback (most recent call last):
[2.614s]   File "/opt/ros/humble/share/ament_cmake_core/cmake/core/package_xml_2_cmake.py", line 150, in <module>
[2.614s]     main()
[2.614s]   File "/opt/ros/humble/share/ament_cmake_core/cmake/core/package_xml_2_cmake.py", line 53, in main
[2.614s]     raise e
[2.614s]   File "/opt/ros/humble/share/ament_cmake_core/cmake/core/package_xml_2_cmake.py", line 49, in main
[2.614s]     package = parse_package_string(
[2.614s]   File "/usr/lib/python3/dist-packages/catkin_pkg/package.py", line 788, in parse_package_string
[2.630s]     pkg.validate(warnings=warnings)
[2.630s]   File "/usr/lib/python3/dist-packages/catkin_pkg/package.py", line 330, in validate
[2.630s]     raise InvalidPackage('\n'.join(errors), self.filename)
[2.630s] catkin_pkg.package.InvalidPackage: Error(s) in package '/home/student/pepper_ws/src/pepper_autonomy/package.xml':
[2.630s] Invalid email "" for person "sharad"
[2.630s] Maintainers must have an email address
[2.650s] [31mCMake Error at /opt/ros/humble/share/ament_cmake_core/cmake/core/ament_package_xml.cmake:95 (message):
[2.650s]   execute_process(/usr/bin/python3
[2.650s]   /opt/ros/humble/share/ament_cmake_core/cmake/core/package_xml_2_cmake.py
[2.650s]   /home/student/pepper_ws/src/pepper_autonomy/package.xml
[2.651s]   /home/student/pepper_ws/build/pepper_autonomy/ament_cmake_core/package.cmake)
[2.651s]   returned error code 1
[2.651s] Call Stack (most recent call first):
[2.651s]   /opt/ros/humble/share/ament_cmake_core/cmake/core/ament_package_xml.cmake:49 (_ament_package_xml)
[2.651s]   /opt/ros/humble/share/ament_lint_auto/cmake/ament_lint_auto_find_test_dependencies.cmake:31 (ament_package_xml)
[2.651s]   CMakeLists.txt:58 (ament_lint_auto_find_test_dependencies)
[2.651s] 
[2.651s] [0m
[2.651s] -- Configuring incomplete, errors occurred!
[2.651s] See also "/home/student/pepper_ws/build/pepper_autonomy/CMakeFiles/CMakeOutput.log".
[2.668s] Invoked command in '/home/student/pepper_ws/build/pepper_autonomy' returned '1': /usr/bin/cmake /home/student/pepper_ws/src/pepper_autonomy -DCMAKE_INSTALL_PREFIX=/home/student/pepper_ws/install/pepper_autonomy
