[0.054s] Invoking command in '/home/student/pepper_ws/build/dynamixel_sdk': CMAKE_PREFIX_PATH=${CMAKE_PREFIX_PATH}:/home/student/pepper_ws/install/turtlebot3_teleop:/home/student/pepper_ws/install/turtlebot3_example:/home/student/pepper_ws/install/move_pepper:/home/student/ros2_ws/install/autonomous_tb3:/opt/ros/humble /usr/bin/cmake /home/student/pepper_ws/src/utils/DynamixelSDK/dynamixel_sdk -DCMAKE_INSTALL_PREFIX=/home/student/pepper_ws/install/dynamixel_sdk
[0.179s] -- The C compiler identification is GNU 11.4.0
[0.305s] -- The CXX compiler identification is GNU 11.4.0
[0.328s] -- Detecting C compiler ABI info
[0.464s] -- Detecting C compiler ABI info - done
[0.495s] -- Check for working C compiler: /usr/bin/cc - skipped
[0.495s] -- Detecting C compile features
[0.497s] -- Detecting C compile features - done
[0.504s] -- Detecting CXX compiler ABI info
[0.692s] -- Detecting CXX compiler ABI info - done
[0.718s] -- Check for working CXX compiler: /usr/bin/c++ - skipped
[0.722s] -- Detecting CXX compile features
[0.722s] -- Detecting CXX compile features - done
[0.726s] -- Found ament_cmake: 1.3.10 (/opt/ros/humble/share/ament_cmake/cmake)
[1.065s] -- Found Python3: /usr/bin/python3 (found version "3.10.12") found components: Interpreter 
[1.400s] -- Configuring done
[1.409s] -- Generating done
[1.410s] -- Build files have been written to: /home/student/pepper_ws/build/dynamixel_sdk
[1.425s] Invoked command in '/home/student/pepper_ws/build/dynamixel_sdk' returned '0': CMAKE_PREFIX_PATH=${CMAKE_PREFIX_PATH}:/home/student/pepper_ws/install/turtlebot3_teleop:/home/student/pepper_ws/install/turtlebot3_example:/home/student/pepper_ws/install/move_pepper:/home/student/ros2_ws/install/autonomous_tb3:/opt/ros/humble /usr/bin/cmake /home/student/pepper_ws/src/utils/DynamixelSDK/dynamixel_sdk -DCMAKE_INSTALL_PREFIX=/home/student/pepper_ws/install/dynamixel_sdk
[1.426s] Invoking command in '/home/student/pepper_ws/build/dynamixel_sdk': CMAKE_PREFIX_PATH=${CMAKE_PREFIX_PATH}:/home/student/pepper_ws/install/turtlebot3_teleop:/home/student/pepper_ws/install/turtlebot3_example:/home/student/pepper_ws/install/move_pepper:/home/student/ros2_ws/install/autonomous_tb3:/opt/ros/humble /usr/bin/cmake --build /home/student/pepper_ws/build/dynamixel_sdk -- -j8 -l8
[1.509s] [ 10%] [32mBuilding CXX object CMakeFiles/dynamixel_sdk.dir/src/dynamixel_sdk/packet_handler.cpp.o[0m
[1.527s] [ 20%] [32mBuilding CXX object CMakeFiles/dynamixel_sdk.dir/src/dynamixel_sdk/group_sync_read.cpp.o[0m
[1.531s] [ 30%] [32mBuilding CXX object CMakeFiles/dynamixel_sdk.dir/src/dynamixel_sdk/protocol1_packet_handler.cpp.o[0m
[1.531s] [ 40%] [32mBuilding CXX object CMakeFiles/dynamixel_sdk.dir/src/dynamixel_sdk/protocol2_packet_handler.cpp.o[0m
[1.531s] [ 50%] [32mBuilding CXX object CMakeFiles/dynamixel_sdk.dir/src/dynamixel_sdk/group_sync_write.cpp.o[0m
[1.531s] [ 60%] [32mBuilding CXX object CMakeFiles/dynamixel_sdk.dir/src/dynamixel_sdk/port_handler.cpp.o[0m
[1.531s] [ 70%] [32mBuilding CXX object CMakeFiles/dynamixel_sdk.dir/src/dynamixel_sdk/group_bulk_read.cpp.o[0m
[1.532s] [ 80%] [32mBuilding CXX object CMakeFiles/dynamixel_sdk.dir/src/dynamixel_sdk/group_bulk_write.cpp.o[0m
[1.663s] [ 90%] [32mBuilding CXX object CMakeFiles/dynamixel_sdk.dir/src/dynamixel_sdk/port_handler_linux.cpp.o[0m
[2.593s] [100%] [32m[1mLinking CXX shared library libdynamixel_sdk.so[0m
[2.774s] [100%] Built target dynamixel_sdk
[2.803s] Invoked command in '/home/student/pepper_ws/build/dynamixel_sdk' returned '0': CMAKE_PREFIX_PATH=${CMAKE_PREFIX_PATH}:/home/student/pepper_ws/install/turtlebot3_teleop:/home/student/pepper_ws/install/turtlebot3_example:/home/student/pepper_ws/install/move_pepper:/home/student/ros2_ws/install/autonomous_tb3:/opt/ros/humble /usr/bin/cmake --build /home/student/pepper_ws/build/dynamixel_sdk -- -j8 -l8
[2.948s] Invoking command in '/home/student/pepper_ws/build/dynamixel_sdk': CMAKE_PREFIX_PATH=${CMAKE_PREFIX_PATH}:/home/student/pepper_ws/install/turtlebot3_teleop:/home/student/pepper_ws/install/turtlebot3_example:/home/student/pepper_ws/install/move_pepper:/home/student/ros2_ws/install/autonomous_tb3:/opt/ros/humble /usr/bin/cmake --install /home/student/pepper_ws/build/dynamixel_sdk
[3.603s] -- Install configuration: ""
[3.603s] -- Installing: /home/student/pepper_ws/install/dynamixel_sdk/include/
[3.603s] -- Installing: /home/student/pepper_ws/install/dynamixel_sdk/include//dynamixel_sdk
[3.604s] -- Installing: /home/student/pepper_ws/install/dynamixel_sdk/include//dynamixel_sdk/protocol2_packet_handler.h
[3.604s] -- Installing: /home/student/pepper_ws/install/dynamixel_sdk/include//dynamixel_sdk/port_handler.h
[3.604s] -- Installing: /home/student/pepper_ws/install/dynamixel_sdk/include//dynamixel_sdk/port_handler_windows.h
[3.604s] -- Installing: /home/student/pepper_ws/install/dynamixel_sdk/include//dynamixel_sdk/port_handler_linux.h
[3.604s] -- Installing: /home/student/pepper_ws/install/dynamixel_sdk/include//dynamixel_sdk/group_bulk_read.h
[3.604s] -- Installing: /home/student/pepper_ws/install/dynamixel_sdk/include//dynamixel_sdk/port_handler_arduino.h
[3.604s] -- Installing: /home/student/pepper_ws/install/dynamixel_sdk/include//dynamixel_sdk/dynamixel_sdk.h
[3.604s] -- Installing: /home/student/pepper_ws/install/dynamixel_sdk/include//dynamixel_sdk/port_handler_mac.h
[3.605s] -- Installing: /home/student/pepper_ws/install/dynamixel_sdk/include//dynamixel_sdk/packet_handler.h
[3.605s] -- Installing: /home/student/pepper_ws/install/dynamixel_sdk/include//dynamixel_sdk/group_sync_read.h
[3.605s] -- Installing: /home/student/pepper_ws/install/dynamixel_sdk/include//dynamixel_sdk/group_bulk_write.h
[3.605s] -- Installing: /home/student/pepper_ws/install/dynamixel_sdk/include//dynamixel_sdk/protocol1_packet_handler.h
[3.605s] -- Installing: /home/student/pepper_ws/install/dynamixel_sdk/include//dynamixel_sdk/group_sync_write.h
[3.605s] -- Installing: /home/student/pepper_ws/install/dynamixel_sdk/lib/libdynamixel_sdk.so
[3.605s] -- Installing: /home/student/pepper_ws/install/dynamixel_sdk/share/dynamixel_sdk/environment/library_path.sh
[3.605s] -- Installing: /home/student/pepper_ws/install/dynamixel_sdk/share/dynamixel_sdk/environment/library_path.dsv
[3.605s] -- Installing: /home/student/pepper_ws/install/dynamixel_sdk/share/ament_index/resource_index/package_run_dependencies/dynamixel_sdk
[3.606s] -- Installing: /home/student/pepper_ws/install/dynamixel_sdk/share/ament_index/resource_index/parent_prefix_path/dynamixel_sdk
[3.606s] -- Installing: /home/student/pepper_ws/install/dynamixel_sdk/share/dynamixel_sdk/environment/ament_prefix_path.sh
[3.606s] -- Installing: /home/student/pepper_ws/install/dynamixel_sdk/share/dynamixel_sdk/environment/ament_prefix_path.dsv
[3.606s] -- Installing: /home/student/pepper_ws/install/dynamixel_sdk/share/dynamixel_sdk/environment/path.sh
[3.606s] -- Installing: /home/student/pepper_ws/install/dynamixel_sdk/share/dynamixel_sdk/environment/path.dsv
[3.606s] -- Installing: /home/student/pepper_ws/install/dynamixel_sdk/share/dynamixel_sdk/local_setup.bash
[3.606s] -- Installing: /home/student/pepper_ws/install/dynamixel_sdk/share/dynamixel_sdk/local_setup.sh
[3.610s] -- Installing: /home/student/pepper_ws/install/dynamixel_sdk/share/dynamixel_sdk/local_setup.zsh
[3.610s] -- Installing: /home/student/pepper_ws/install/dynamixel_sdk/share/dynamixel_sdk/local_setup.dsv
[3.610s] -- Installing: /home/student/pepper_ws/install/dynamixel_sdk/share/dynamixel_sdk/package.dsv
[3.610s] -- Installing: /home/student/pepper_ws/install/dynamixel_sdk/share/ament_index/resource_index/packages/dynamixel_sdk
[3.610s] -- Installing: /home/student/pepper_ws/install/dynamixel_sdk/share/dynamixel_sdk/cmake/ament_cmake_export_include_directories-extras.cmake
[3.610s] -- Installing: /home/student/pepper_ws/install/dynamixel_sdk/share/dynamixel_sdk/cmake/ament_cmake_export_libraries-extras.cmake
[3.610s] -- Installing: /home/student/pepper_ws/install/dynamixel_sdk/share/dynamixel_sdk/cmake/dynamixel_sdkConfig.cmake
[3.610s] -- Installing: /home/student/pepper_ws/install/dynamixel_sdk/share/dynamixel_sdk/cmake/dynamixel_sdkConfig-version.cmake
[3.626s] -- Installing: /home/student/pepper_ws/install/dynamixel_sdk/share/dynamixel_sdk/package.xml
[3.628s] Invoked command in '/home/student/pepper_ws/build/dynamixel_sdk' returned '0': CMAKE_PREFIX_PATH=${CMAKE_PREFIX_PATH}:/home/student/pepper_ws/install/turtlebot3_teleop:/home/student/pepper_ws/install/turtlebot3_example:/home/student/pepper_ws/install/move_pepper:/home/student/ros2_ws/install/autonomous_tb3:/opt/ros/humble /usr/bin/cmake --install /home/student/pepper_ws/build/dynamixel_sdk
