[0.036s] Invoking command in '/home/student/pepper_ws/build/pepper_autonomy': CMAKE_PREFIX_PATH=${CMAKE_PREFIX_PATH}:/home/student/pepper_ws/install/turtlebot3_teleop:/home/student/pepper_ws/install/turtlebot3_example:/home/student/pepper_ws/install/move_pepper:/home/student/ros2_ws/install/autonomous_tb3:/opt/ros/humble /usr/bin/cmake --build /home/student/pepper_ws/build/pepper_autonomy -- -j8 -l8
[0.120s] [35m[1mConsolidate compiler generated dependencies of target autonomy_node[0m
[0.176s] [ 33%] [32mBuilding CXX object CMakeFiles/autonomy_node.dir/src/navigation_behaviors.cpp.o[0m
[13.872s] [ 66%] [32m[1mLinking CXX executable autonomy_node[0m
[15.281s] [100%] Built target autonomy_node
[15.310s] Invoked command in '/home/student/pepper_ws/build/pepper_autonomy' returned '0': CMAKE_PREFIX_PATH=${CMAKE_PREFIX_PATH}:/home/student/pepper_ws/install/turtlebot3_teleop:/home/student/pepper_ws/install/turtlebot3_example:/home/student/pepper_ws/install/move_pepper:/home/student/ros2_ws/install/autonomous_tb3:/opt/ros/humble /usr/bin/cmake --build /home/student/pepper_ws/build/pepper_autonomy -- -j8 -l8
[15.420s] Invoking command in '/home/student/pepper_ws/build/pepper_autonomy': CMAKE_PREFIX_PATH=${CMAKE_PREFIX_PATH}:/home/student/pepper_ws/install/turtlebot3_teleop:/home/student/pepper_ws/install/turtlebot3_example:/home/student/pepper_ws/install/move_pepper:/home/student/ros2_ws/install/autonomous_tb3:/opt/ros/humble /usr/bin/cmake --install /home/student/pepper_ws/build/pepper_autonomy
[15.448s] -- Install configuration: ""
[15.449s] -- Up-to-date: /home/student/pepper_ws/install/pepper_autonomy/share/pepper_autonomy/bt_xml
[15.449s] -- Up-to-date: /home/student/pepper_ws/install/pepper_autonomy/share/pepper_autonomy/bt_xml/tree.xml
[15.450s] -- Up-to-date: /home/student/pepper_ws/install/pepper_autonomy/share/pepper_autonomy/launch
[15.451s] -- Up-to-date: /home/student/pepper_ws/install/pepper_autonomy/share/pepper_autonomy/launch/autonomy.launch.py
[15.451s] -- Installing: /home/student/pepper_ws/install/pepper_autonomy/lib/pepper_autonomy/autonomy_node
[15.486s] -- Set runtime path of "/home/student/pepper_ws/install/pepper_autonomy/lib/pepper_autonomy/autonomy_node" to ""
[15.487s] -- Up-to-date: /home/student/pepper_ws/install/pepper_autonomy/share/ament_index/resource_index/package_run_dependencies/pepper_autonomy
[15.488s] -- Up-to-date: /home/student/pepper_ws/install/pepper_autonomy/share/ament_index/resource_index/parent_prefix_path/pepper_autonomy
[15.489s] -- Up-to-date: /home/student/pepper_ws/install/pepper_autonomy/share/pepper_autonomy/environment/ament_prefix_path.sh
[15.489s] -- Up-to-date: /home/student/pepper_ws/install/pepper_autonomy/share/pepper_autonomy/environment/ament_prefix_path.dsv
[15.489s] -- Up-to-date: /home/student/pepper_ws/install/pepper_autonomy/share/pepper_autonomy/environment/path.sh
[15.489s] -- Up-to-date: /home/student/pepper_ws/install/pepper_autonomy/share/pepper_autonomy/environment/path.dsv
[15.489s] -- Up-to-date: /home/student/pepper_ws/install/pepper_autonomy/share/pepper_autonomy/local_setup.bash
[15.490s] -- Up-to-date: /home/student/pepper_ws/install/pepper_autonomy/share/pepper_autonomy/local_setup.sh
[15.490s] -- Up-to-date: /home/student/pepper_ws/install/pepper_autonomy/share/pepper_autonomy/local_setup.zsh
[15.491s] -- Up-to-date: /home/student/pepper_ws/install/pepper_autonomy/share/pepper_autonomy/local_setup.dsv
[15.491s] -- Installing: /home/student/pepper_ws/install/pepper_autonomy/share/pepper_autonomy/package.dsv
[15.491s] -- Up-to-date: /home/student/pepper_ws/install/pepper_autonomy/share/ament_index/resource_index/packages/pepper_autonomy
[15.491s] -- Up-to-date: /home/student/pepper_ws/install/pepper_autonomy/share/pepper_autonomy/cmake/pepper_autonomyConfig.cmake
[15.492s] -- Up-to-date: /home/student/pepper_ws/install/pepper_autonomy/share/pepper_autonomy/cmake/pepper_autonomyConfig-version.cmake
[15.492s] -- Up-to-date: /home/student/pepper_ws/install/pepper_autonomy/share/pepper_autonomy/package.xml
[15.492s] Invoked command in '/home/student/pepper_ws/build/pepper_autonomy' returned '0': CMAKE_PREFIX_PATH=${CMAKE_PREFIX_PATH}:/home/student/pepper_ws/install/turtlebot3_teleop:/home/student/pepper_ws/install/turtlebot3_example:/home/student/pepper_ws/install/move_pepper:/home/student/ros2_ws/install/autonomous_tb3:/opt/ros/humble /usr/bin/cmake --install /home/student/pepper_ws/build/pepper_autonomy
