[01m[K/home/student/pepper_ws/src/pepper_autonomy/src/navigation_behaviors.cpp:[m[K In member function ‘[01m[Kvirtual BT::NodeStatus GoToPose::onStart()[m[K’:
[01m[K/home/student/pepper_ws/src/pepper_autonomy/src/navigation_behaviors.cpp:42:3:[m[K [01;31m[Kerror: [m[K‘[01m[Ktf2[m[K’ has not been declared
   42 |   [01;31m[Ktf2[m[K::Quaternion q;
      |   [01;31m[K^~~[m[K
[01m[K/home/student/pepper_ws/src/pepper_autonomy/src/navigation_behaviors.cpp:43:3:[m[K [01;31m[Kerror: [m[K‘[01m[Kq[m[K’ was not declared in this scope
   43 |   [01;31m[Kq[m[K.setRPY(0, 0, goal_[2]);  // Keep orientation as set in goal if applicable
      |   [01;31m[K^[m[K
[01m[K/home/student/pepper_ws/src/pepper_autonomy/src/navigation_behaviors.cpp:45:36:[m[K [01;31m[Kerror: [m[K‘[01m[Ktf2[m[K’ has not been declared
   45 |   goal_msg.pose.pose.orientation = [01;31m[Ktf2[m[K::toMsg(q);
      |                                    [01;31m[K^~~[m[K
[01m[K/home/student/pepper_ws/src/pepper_autonomy/src/navigation_behaviors.cpp:[m[K At global scope:
[01m[K/home/student/pepper_ws/src/pepper_autonomy/src/navigation_behaviors.cpp:78:6:[m[K [01;31m[Kerror: [m[Kno declaration matches ‘[01m[Kvoid GoToPose::onHalted()[m[K’
   78 | void [01;31m[KGoToPose[m[K::onHalted()
      |      [01;31m[K^~~~~~~~[m[K
[01m[K/home/student/pepper_ws/src/pepper_autonomy/src/navigation_behaviors.cpp:78:6:[m[K [01;36m[Knote: [m[Kno functions named ‘[01m[Kvoid GoToPose::onHalted()[m[K’
In file included from [01m[K/home/student/pepper_ws/src/pepper_autonomy/src/navigation_behaviors.cpp:1[m[K:
[01m[K/home/student/pepper_ws/src/pepper_autonomy/include/navigation_behaviors.h:14:7:[m[K [01;36m[Knote: [m[K‘[01m[Kclass GoToPose[m[K’ defined here
   14 | class [01;36m[KGoToPose[m[K : public BT::StatefulActionNode
      |       [01;36m[K^~~~~~~~[m[K
In file included from [01m[K/usr/include/c++/11/memory:76[m[K,
                 from [01m[K/opt/ros/humble/include/rclcpp/rclcpp/rclcpp.hpp:153[m[K,
                 from [01m[K/home/student/pepper_ws/src/pepper_autonomy/include/autonomy_node.h:4[m[K,
                 from [01m[K/home/student/pepper_ws/src/pepper_autonomy/src/autonomy_node.cpp:1[m[K:
/usr/include/c++/11/bits/unique_ptr.h: In instantiation of ‘[01m[Ktypename std::_MakeUniq<_Tp>::__single_object std::make_unique(_Args&& ...) [with _Tp = GoToPose; _Args = {const std::__cxx11::basic_string<char, std::char_traits<char>, std::allocator<char> >&, const BT::NodeConfiguration&, std::shared_ptr<rclcpp::Node>}; typename std::_MakeUniq<_Tp>::__single_object = std::unique_ptr<GoToPose, std::default_delete<GoToPose> >][m[K’:
[01m[K/home/student/pepper_ws/src/pepper_autonomy/src/autonomy_node.cpp:45:38:[m[K   required from here
[01m[K/usr/include/c++/11/bits/unique_ptr.h:962:30:[m[K [01;31m[Kerror: [m[Kinvalid new-expression of abstract class type ‘[01m[KGoToPose[m[K’
  962 |     { return unique_ptr<_Tp>([01;31m[Knew _Tp(std::forward<_Args>(__args)...)[m[K); }
      |                              [01;31m[K^~~~~~~~~~~~~~~~~~~~~~~~~~~~~~~~~~~~~~~[m[K
In file included from [01m[K/home/student/pepper_ws/src/pepper_autonomy/include/autonomy_node.h:7[m[K,
                 from [01m[K/home/student/pepper_ws/src/pepper_autonomy/src/autonomy_node.cpp:1[m[K:
[01m[K/home/student/pepper_ws/src/pepper_autonomy/include/navigation_behaviors.h:14:7:[m[K [01;36m[Knote: [m[K  because the following virtual functions are pure within ‘[01m[KGoToPose[m[K’:
   14 | class [01;36m[KGoToPose[m[K : public BT::StatefulActionNode
      |       [01;36m[K^~~~~~~~[m[K
In file included from [01m[K/opt/ros/humble/include/behaviortree_cpp_v3/behavior_tree.h:28[m[K,
                 from [01m[K/opt/ros/humble/include/behaviortree_cpp_v3/bt_factory.h:25[m[K,
                 from [01m[K/home/student/pepper_ws/src/pepper_autonomy/include/autonomy_node.h:5[m[K,
                 from [01m[K/home/student/pepper_ws/src/pepper_autonomy/src/autonomy_node.cpp:1[m[K:
[01m[K/opt/ros/humble/include/behaviortree_cpp_v3/action_node.h:174:16:[m[K [01;36m[Knote: [m[K    ‘[01m[Kvirtual void BT::StatefulActionNode::onHalted()[m[K’
  174 |   virtual void [01;36m[KonHalted[m[K() = 0;
      |                [01;36m[K^~~~~~~~[m[K
gmake[2]: *** [CMakeFiles/autonomy_node.dir/build.make:90: CMakeFiles/autonomy_node.dir/src/navigation_behaviors.cpp.o] Error 1
gmake[2]: *** Waiting for unfinished jobs....
gmake[2]: *** [CMakeFiles/autonomy_node.dir/build.make:76: CMakeFiles/autonomy_node.dir/src/autonomy_node.cpp.o] Error 1
gmake[1]: *** [CMakeFiles/Makefile2:137: CMakeFiles/autonomy_node.dir/all] Error 2
gmake: *** [Makefile:146: all] Error 2
