[0.050s] Invoking command in '/home/student/pepper_ws/build/turtlebot3_navigation2': CMAKE_PREFIX_PATH=${CMAKE_PREFIX_PATH}:/home/student/ros2_ws/install/turtlebot3_teleop:/home/student/ros2_ws/install/turtlebot3_example:/home/student/ros2_ws/install/nav2_simple_commander:/home/student/ros2_ws/install/autonomous_tb3:/opt/ros/humble /usr/bin/cmake /home/student/pepper_ws/src/turtlebot3/turtlebot3/turtlebot3_navigation2 -DAMENT_CMAKE_SYMLINK_INSTALL=1 -DCMAKE_INSTALL_PREFIX=/home/student/pepper_ws/install/turtlebot3_navigation2
[1.448s] -- The C compiler identification is GNU 11.4.0
[1.448s] -- The CXX compiler identification is GNU 11.4.0
[1.448s] -- Detecting C compiler ABI info
[1.448s] -- Detecting C compiler ABI info - done
[1.449s] -- Check for working C compiler: /usr/bin/cc - skipped
[1.449s] -- Detecting C compile features
[1.449s] -- Detecting C compile features - done
[1.449s] -- Detecting CXX compiler ABI info
[1.449s] -- Detecting CXX compiler ABI info - done
[1.449s] -- Check for working CXX compiler: /usr/bin/c++ - skipped
[1.449s] -- Detecting CXX compile features
[1.449s] -- Detecting CXX compile features - done
[1.449s] -- Found ament_cmake: 1.3.10 (/opt/ros/humble/share/ament_cmake/cmake)
[1.450s] -- Found Python3: /usr/bin/python3 (found version "3.10.12") found components: Interpreter 
[1.450s] -- Override CMake install command with custom implementation using symlinks instead of copying resources
[1.456s] -- Configuring done
[1.460s] -- Generating done
[1.462s] -- Build files have been written to: /home/student/pepper_ws/build/turtlebot3_navigation2
[1.481s] Invoked command in '/home/student/pepper_ws/build/turtlebot3_navigation2' returned '0': CMAKE_PREFIX_PATH=${CMAKE_PREFIX_PATH}:/home/student/ros2_ws/install/turtlebot3_teleop:/home/student/ros2_ws/install/turtlebot3_example:/home/student/ros2_ws/install/nav2_simple_commander:/home/student/ros2_ws/install/autonomous_tb3:/opt/ros/humble /usr/bin/cmake /home/student/pepper_ws/src/turtlebot3/turtlebot3/turtlebot3_navigation2 -DAMENT_CMAKE_SYMLINK_INSTALL=1 -DCMAKE_INSTALL_PREFIX=/home/student/pepper_ws/install/turtlebot3_navigation2
[1.482s] Invoking command in '/home/student/pepper_ws/build/turtlebot3_navigation2': CMAKE_PREFIX_PATH=${CMAKE_PREFIX_PATH}:/home/student/ros2_ws/install/turtlebot3_teleop:/home/student/ros2_ws/install/turtlebot3_example:/home/student/ros2_ws/install/nav2_simple_commander:/home/student/ros2_ws/install/autonomous_tb3:/opt/ros/humble /usr/bin/cmake --build /home/student/pepper_ws/build/turtlebot3_navigation2 -- -j8 -l8
[1.690s] Invoked command in '/home/student/pepper_ws/build/turtlebot3_navigation2' returned '0': CMAKE_PREFIX_PATH=${CMAKE_PREFIX_PATH}:/home/student/ros2_ws/install/turtlebot3_teleop:/home/student/ros2_ws/install/turtlebot3_example:/home/student/ros2_ws/install/nav2_simple_commander:/home/student/ros2_ws/install/autonomous_tb3:/opt/ros/humble /usr/bin/cmake --build /home/student/pepper_ws/build/turtlebot3_navigation2 -- -j8 -l8
[1.886s] Invoking command in '/home/student/pepper_ws/build/turtlebot3_navigation2': CMAKE_PREFIX_PATH=${CMAKE_PREFIX_PATH}:/home/student/ros2_ws/install/turtlebot3_teleop:/home/student/ros2_ws/install/turtlebot3_example:/home/student/ros2_ws/install/nav2_simple_commander:/home/student/ros2_ws/install/autonomous_tb3:/opt/ros/humble /usr/bin/cmake --install /home/student/pepper_ws/build/turtlebot3_navigation2
[2.464s] -- Install configuration: ""
[2.465s] -- Execute custom install script
[2.465s] -- Symlinking: /home/student/pepper_ws/install/turtlebot3_navigation2/share/turtlebot3_navigation2/launch/navigation2.launch.py
[2.465s] -- Symlinking: /home/student/pepper_ws/install/turtlebot3_navigation2/share/turtlebot3_navigation2/map/map.pgm
[2.465s] -- Symlinking: /home/student/pepper_ws/install/turtlebot3_navigation2/share/turtlebot3_navigation2/map/map.yaml
[2.465s] -- Symlinking: /home/student/pepper_ws/install/turtlebot3_navigation2/share/turtlebot3_navigation2/param/burger.yaml
[2.466s] -- Symlinking: /home/student/pepper_ws/install/turtlebot3_navigation2/share/turtlebot3_navigation2/param/waffle.yaml
[2.466s] -- Symlinking: /home/student/pepper_ws/install/turtlebot3_navigation2/share/turtlebot3_navigation2/param/waffle_pi.yaml
[2.466s] -- Symlinking: /home/student/pepper_ws/install/turtlebot3_navigation2/share/turtlebot3_navigation2/rviz/tb3_navigation2.rviz
[2.466s] -- Symlinking: /home/student/pepper_ws/install/turtlebot3_navigation2/share/ament_index/resource_index/package_run_dependencies/turtlebot3_navigation2
[2.466s] -- Symlinking: /home/student/pepper_ws/install/turtlebot3_navigation2/share/ament_index/resource_index/parent_prefix_path/turtlebot3_navigation2
[2.466s] -- Symlinking: /home/student/pepper_ws/install/turtlebot3_navigation2/share/turtlebot3_navigation2/environment/ament_prefix_path.sh
[2.467s] -- Symlinking: /home/student/pepper_ws/install/turtlebot3_navigation2/share/turtlebot3_navigation2/environment/ament_prefix_path.dsv
[2.467s] -- Symlinking: /home/student/pepper_ws/install/turtlebot3_navigation2/share/turtlebot3_navigation2/environment/path.sh
[2.467s] -- Symlinking: /home/student/pepper_ws/install/turtlebot3_navigation2/share/turtlebot3_navigation2/environment/path.dsv
[2.467s] -- Symlinking: /home/student/pepper_ws/install/turtlebot3_navigation2/share/turtlebot3_navigation2/local_setup.bash
[2.467s] -- Symlinking: /home/student/pepper_ws/install/turtlebot3_navigation2/share/turtlebot3_navigation2/local_setup.sh
[2.467s] -- Symlinking: /home/student/pepper_ws/install/turtlebot3_navigation2/share/turtlebot3_navigation2/local_setup.zsh
[2.467s] -- Symlinking: /home/student/pepper_ws/install/turtlebot3_navigation2/share/turtlebot3_navigation2/local_setup.dsv
[2.468s] -- Symlinking: /home/student/pepper_ws/install/turtlebot3_navigation2/share/turtlebot3_navigation2/package.dsv
[2.470s] -- Symlinking: /home/student/pepper_ws/install/turtlebot3_navigation2/share/ament_index/resource_index/packages/turtlebot3_navigation2
[2.470s] -- Symlinking: /home/student/pepper_ws/install/turtlebot3_navigation2/share/turtlebot3_navigation2/cmake/turtlebot3_navigation2Config.cmake
[2.475s] -- Symlinking: /home/student/pepper_ws/install/turtlebot3_navigation2/share/turtlebot3_navigation2/cmake/turtlebot3_navigation2Config-version.cmake
[2.495s] -- Symlinking: /home/student/pepper_ws/install/turtlebot3_navigation2/share/turtlebot3_navigation2/package.xml
[2.525s] Invoked command in '/home/student/pepper_ws/build/turtlebot3_navigation2' returned '0': CMAKE_PREFIX_PATH=${CMAKE_PREFIX_PATH}:/home/student/ros2_ws/install/turtlebot3_teleop:/home/student/ros2_ws/install/turtlebot3_example:/home/student/ros2_ws/install/nav2_simple_commander:/home/student/ros2_ws/install/autonomous_tb3:/opt/ros/humble /usr/bin/cmake --install /home/student/pepper_ws/build/turtlebot3_navigation2
