[0.054s] Invoking command in '/home/student/pepper_ws/build/turtlebot3_description': CMAKE_PREFIX_PATH=${CMAKE_PREFIX_PATH}:/home/student/pepper_ws/install/turtlebot3_teleop:/home/student/pepper_ws/install/turtlebot3_example:/home/student/pepper_ws/install/move_pepper:/home/student/ros2_ws/install/autonomous_tb3:/opt/ros/humble /usr/bin/cmake /home/student/pepper_ws/src/turtlebot3/turtlebot3/turtlebot3_description -DCMAKE_INSTALL_PREFIX=/home/student/pepper_ws/install/turtlebot3_description
[0.174s] -- The C compiler identification is GNU 11.4.0
[0.300s] -- The CXX compiler identification is GNU 11.4.0
[0.326s] -- Detecting C compiler ABI info
[0.458s] -- Detecting C compiler ABI info - done
[0.475s] -- Check for working C compiler: /usr/bin/cc - skipped
[0.479s] -- Detecting C compile features
[0.479s] -- Detecting C compile features - done
[0.481s] -- Detecting CXX compiler ABI info
[0.657s] -- Detecting CXX compiler ABI info - done
[0.683s] -- Check for working CXX compiler: /usr/bin/c++ - skipped
[0.683s] -- Detecting CXX compile features
[0.683s] -- Detecting CXX compile features - done
[0.690s] -- Found ament_cmake: 1.3.10 (/opt/ros/humble/share/ament_cmake/cmake)
[0.995s] -- Found Python3: /usr/bin/python3 (found version "3.10.12") found components: Interpreter 
[1.205s] -- Found urdf: 2.6.1 (/opt/ros/humble/share/urdf/cmake)
[1.530s] -- Configuring done
[1.544s] -- Generating done
[1.554s] -- Build files have been written to: /home/student/pepper_ws/build/turtlebot3_description
[1.653s] Invoked command in '/home/student/pepper_ws/build/turtlebot3_description' returned '0': CMAKE_PREFIX_PATH=${CMAKE_PREFIX_PATH}:/home/student/pepper_ws/install/turtlebot3_teleop:/home/student/pepper_ws/install/turtlebot3_example:/home/student/pepper_ws/install/move_pepper:/home/student/ros2_ws/install/autonomous_tb3:/opt/ros/humble /usr/bin/cmake /home/student/pepper_ws/src/turtlebot3/turtlebot3/turtlebot3_description -DCMAKE_INSTALL_PREFIX=/home/student/pepper_ws/install/turtlebot3_description
[1.655s] Invoking command in '/home/student/pepper_ws/build/turtlebot3_description': CMAKE_PREFIX_PATH=${CMAKE_PREFIX_PATH}:/home/student/pepper_ws/install/turtlebot3_teleop:/home/student/pepper_ws/install/turtlebot3_example:/home/student/pepper_ws/install/move_pepper:/home/student/ros2_ws/install/autonomous_tb3:/opt/ros/humble /usr/bin/cmake --build /home/student/pepper_ws/build/turtlebot3_description -- -j8 -l8
[1.853s] Invoked command in '/home/student/pepper_ws/build/turtlebot3_description' returned '0': CMAKE_PREFIX_PATH=${CMAKE_PREFIX_PATH}:/home/student/pepper_ws/install/turtlebot3_teleop:/home/student/pepper_ws/install/turtlebot3_example:/home/student/pepper_ws/install/move_pepper:/home/student/ros2_ws/install/autonomous_tb3:/opt/ros/humble /usr/bin/cmake --build /home/student/pepper_ws/build/turtlebot3_description -- -j8 -l8
[2.582s] Invoking command in '/home/student/pepper_ws/build/turtlebot3_description': CMAKE_PREFIX_PATH=${CMAKE_PREFIX_PATH}:/home/student/pepper_ws/install/turtlebot3_teleop:/home/student/pepper_ws/install/turtlebot3_example:/home/student/pepper_ws/install/move_pepper:/home/student/ros2_ws/install/autonomous_tb3:/opt/ros/humble /usr/bin/cmake --install /home/student/pepper_ws/build/turtlebot3_description
[2.595s] -- Install configuration: ""
[2.595s] -- Installing: /home/student/pepper_ws/install/turtlebot3_description/share/turtlebot3_description/meshes
[2.596s] -- Installing: /home/student/pepper_ws/install/turtlebot3_description/share/turtlebot3_description/meshes/bases
[2.597s] -- Installing: /home/student/pepper_ws/install/turtlebot3_description/share/turtlebot3_description/meshes/bases/waffle_pi_base.stl
[2.797s] -- Installing: /home/student/pepper_ws/install/turtlebot3_description/share/turtlebot3_description/meshes/bases/burger_base.stl
[2.909s] -- Installing: /home/student/pepper_ws/install/turtlebot3_description/share/turtlebot3_description/meshes/bases/waffle_base.stl
[3.319s] -- Installing: /home/student/pepper_ws/install/turtlebot3_description/share/turtlebot3_description/meshes/sensors
[3.320s] -- Installing: /home/student/pepper_ws/install/turtlebot3_description/share/turtlebot3_description/meshes/sensors/r200.dae
[3.330s] -- Installing: /home/student/pepper_ws/install/turtlebot3_description/share/turtlebot3_description/meshes/sensors/lds.stl
[3.356s] -- Installing: /home/student/pepper_ws/install/turtlebot3_description/share/turtlebot3_description/meshes/sensors/astra.jpg
[3.359s] -- Installing: /home/student/pepper_ws/install/turtlebot3_description/share/turtlebot3_description/meshes/sensors/astra.dae
[3.511s] -- Installing: /home/student/pepper_ws/install/turtlebot3_description/share/turtlebot3_description/meshes/sensors/r200.jpg
[3.512s] -- Installing: /home/student/pepper_ws/install/turtlebot3_description/share/turtlebot3_description/meshes/wheels
[3.512s] -- Installing: /home/student/pepper_ws/install/turtlebot3_description/share/turtlebot3_description/meshes/wheels/left_tire.stl
[3.546s] -- Installing: /home/student/pepper_ws/install/turtlebot3_description/share/turtlebot3_description/meshes/wheels/right_tire.stl
[3.573s] -- Installing: /home/student/pepper_ws/install/turtlebot3_description/share/turtlebot3_description/rviz
[3.573s] -- Installing: /home/student/pepper_ws/install/turtlebot3_description/share/turtlebot3_description/rviz/model.rviz
[3.573s] -- Installing: /home/student/pepper_ws/install/turtlebot3_description/share/turtlebot3_description/urdf
[3.573s] -- Installing: /home/student/pepper_ws/install/turtlebot3_description/share/turtlebot3_description/urdf/turtlebot3_waffle_pi.urdf
[3.574s] -- Installing: /home/student/pepper_ws/install/turtlebot3_description/share/turtlebot3_description/urdf/turtlebot3_waffle.urdf
[3.576s] -- Installing: /home/student/pepper_ws/install/turtlebot3_description/share/turtlebot3_description/urdf/turtlebot3_burger.urdf
[3.582s] -- Installing: /home/student/pepper_ws/install/turtlebot3_description/share/turtlebot3_description/urdf/common_properties.urdf
[3.582s] -- Installing: /home/student/pepper_ws/install/turtlebot3_description/share/ament_index/resource_index/package_run_dependencies/turtlebot3_description
[3.582s] -- Installing: /home/student/pepper_ws/install/turtlebot3_description/share/ament_index/resource_index/parent_prefix_path/turtlebot3_description
[3.582s] -- Installing: /home/student/pepper_ws/install/turtlebot3_description/share/turtlebot3_description/environment/ament_prefix_path.sh
[3.582s] -- Installing: /home/student/pepper_ws/install/turtlebot3_description/share/turtlebot3_description/environment/ament_prefix_path.dsv
[3.583s] -- Installing: /home/student/pepper_ws/install/turtlebot3_description/share/turtlebot3_description/environment/path.sh
[3.583s] -- Installing: /home/student/pepper_ws/install/turtlebot3_description/share/turtlebot3_description/environment/path.dsv
[3.583s] -- Installing: /home/student/pepper_ws/install/turtlebot3_description/share/turtlebot3_description/local_setup.bash
[3.583s] -- Installing: /home/student/pepper_ws/install/turtlebot3_description/share/turtlebot3_description/local_setup.sh
[3.583s] -- Installing: /home/student/pepper_ws/install/turtlebot3_description/share/turtlebot3_description/local_setup.zsh
[3.583s] -- Installing: /home/student/pepper_ws/install/turtlebot3_description/share/turtlebot3_description/local_setup.dsv
[3.583s] -- Installing: /home/student/pepper_ws/install/turtlebot3_description/share/turtlebot3_description/package.dsv
[3.584s] -- Installing: /home/student/pepper_ws/install/turtlebot3_description/share/ament_index/resource_index/packages/turtlebot3_description
[3.584s] -- Installing: /home/student/pepper_ws/install/turtlebot3_description/share/turtlebot3_description/cmake/turtlebot3_descriptionConfig.cmake
[3.584s] -- Installing: /home/student/pepper_ws/install/turtlebot3_description/share/turtlebot3_description/cmake/turtlebot3_descriptionConfig-version.cmake
[3.584s] -- Installing: /home/student/pepper_ws/install/turtlebot3_description/share/turtlebot3_description/package.xml
[3.587s] Invoked command in '/home/student/pepper_ws/build/turtlebot3_description' returned '0': CMAKE_PREFIX_PATH=${CMAKE_PREFIX_PATH}:/home/student/pepper_ws/install/turtlebot3_teleop:/home/student/pepper_ws/install/turtlebot3_example:/home/student/pepper_ws/install/move_pepper:/home/student/ros2_ws/install/autonomous_tb3:/opt/ros/humble /usr/bin/cmake --install /home/student/pepper_ws/build/turtlebot3_description
