[0.115s] Invoking command in '/home/student/pepper_ws/build/book_database': CMAKE_PREFIX_PATH=${CMAKE_PREFIX_PATH}:/home/student/pepper_ws/install/turtlebot3_teleop:/home/student/pepper_ws/install/turtlebot3_example:/home/student/pepper_ws/install/move_pepper:/home/student/ros2_ws/install/autonomous_tb3:/opt/ros/humble /usr/bin/cmake --build /home/student/pepper_ws/build/book_database -- -j8 -l8
[0.376s] [100%] Built target book_database
[1.171s] Invoked command in '/home/student/pepper_ws/build/book_database' returned '0': CMAKE_PREFIX_PATH=${CMAKE_PREFIX_PATH}:/home/student/pepper_ws/install/turtlebot3_teleop:/home/student/pepper_ws/install/turtlebot3_example:/home/student/pepper_ws/install/move_pepper:/home/student/ros2_ws/install/autonomous_tb3:/opt/ros/humble /usr/bin/cmake --build /home/student/pepper_ws/build/book_database -- -j8 -l8
[1.351s] Invoking command in '/home/student/pepper_ws/build/book_database': CMAKE_PREFIX_PATH=${CMAKE_PREFIX_PATH}:/home/student/pepper_ws/install/turtlebot3_teleop:/home/student/pepper_ws/install/turtlebot3_example:/home/student/pepper_ws/install/move_pepper:/home/student/ros2_ws/install/autonomous_tb3:/opt/ros/humble /usr/bin/cmake --install /home/student/pepper_ws/build/book_database
[1.391s] -- Install configuration: ""
[1.391s] -- Up-to-date: /home/student/pepper_ws/install/book_database/lib/book_database/book_database
[1.392s] -- Up-to-date: /home/student/pepper_ws/install/book_database/share/ament_index/resource_index/package_run_dependencies/book_database
[1.392s] -- Up-to-date: /home/student/pepper_ws/install/book_database/share/ament_index/resource_index/parent_prefix_path/book_database
[1.398s] -- Up-to-date: /home/student/pepper_ws/install/book_database/share/book_database/environment/ament_prefix_path.sh
[1.398s] -- Up-to-date: /home/student/pepper_ws/install/book_database/share/book_database/environment/ament_prefix_path.dsv
[1.398s] -- Up-to-date: /home/student/pepper_ws/install/book_database/share/book_database/environment/path.sh
[1.399s] -- Up-to-date: /home/student/pepper_ws/install/book_database/share/book_database/environment/path.dsv
[1.399s] -- Up-to-date: /home/student/pepper_ws/install/book_database/share/book_database/local_setup.bash
[1.405s] -- Up-to-date: /home/student/pepper_ws/install/book_database/share/book_database/local_setup.sh
[1.406s] -- Up-to-date: /home/student/pepper_ws/install/book_database/share/book_database/local_setup.zsh
[1.406s] -- Up-to-date: /home/student/pepper_ws/install/book_database/share/book_database/local_setup.dsv
[1.406s] -- Installing: /home/student/pepper_ws/install/book_database/share/book_database/package.dsv
[1.406s] -- Up-to-date: /home/student/pepper_ws/install/book_database/share/ament_index/resource_index/packages/book_database
[1.406s] -- Up-to-date: /home/student/pepper_ws/install/book_database/share/book_database/cmake/book_databaseConfig.cmake
[1.407s] -- Up-to-date: /home/student/pepper_ws/install/book_database/share/book_database/cmake/book_databaseConfig-version.cmake
[1.407s] -- Up-to-date: /home/student/pepper_ws/install/book_database/share/book_database/package.xml
[1.461s] Invoked command in '/home/student/pepper_ws/build/book_database' returned '0': CMAKE_PREFIX_PATH=${CMAKE_PREFIX_PATH}:/home/student/pepper_ws/install/turtlebot3_teleop:/home/student/pepper_ws/install/turtlebot3_example:/home/student/pepper_ws/install/move_pepper:/home/student/ros2_ws/install/autonomous_tb3:/opt/ros/humble /usr/bin/cmake --install /home/student/pepper_ws/build/book_database
