[0.048s] Invoking command in '/home/student/pepper_ws/build/turtlebot3_cartographer': CMAKE_PREFIX_PATH=${CMAKE_PREFIX_PATH}:/home/student/pepper_ws/install/turtlebot3_teleop:/home/student/pepper_ws/install/turtlebot3_example:/home/student/pepper_ws/install/move_pepper:/home/student/ros2_ws/install/autonomous_tb3:/opt/ros/humble /usr/bin/cmake --build /home/student/pepper_ws/build/turtlebot3_cartographer -- -j8 -l8
[0.130s] Invoked command in '/home/student/pepper_ws/build/turtlebot3_cartographer' returned '0': CMAKE_PREFIX_PATH=${CMAKE_PREFIX_PATH}:/home/student/pepper_ws/install/turtlebot3_teleop:/home/student/pepper_ws/install/turtlebot3_example:/home/student/pepper_ws/install/move_pepper:/home/student/ros2_ws/install/autonomous_tb3:/opt/ros/humble /usr/bin/cmake --build /home/student/pepper_ws/build/turtlebot3_cartographer -- -j8 -l8
[0.178s] Invoking command in '/home/student/pepper_ws/build/turtlebot3_cartographer': CMAKE_PREFIX_PATH=${CMAKE_PREFIX_PATH}:/home/student/pepper_ws/install/turtlebot3_teleop:/home/student/pepper_ws/install/turtlebot3_example:/home/student/pepper_ws/install/move_pepper:/home/student/ros2_ws/install/autonomous_tb3:/opt/ros/humble /usr/bin/cmake --install /home/student/pepper_ws/build/turtlebot3_cartographer
[0.208s] -- Install configuration: ""
[0.209s] -- Execute custom install script
[0.214s] -- Up-to-date symlink: /home/student/pepper_ws/install/turtlebot3_cartographer/share/turtlebot3_cartographer/config/turtlebot3_lds_2d.lua
[0.214s] -- Up-to-date symlink: /home/student/pepper_ws/install/turtlebot3_cartographer/share/turtlebot3_cartographer/launch/cartographer.launch.py
[0.214s] -- Up-to-date symlink: /home/student/pepper_ws/install/turtlebot3_cartographer/share/turtlebot3_cartographer/launch/occupancy_grid.launch.py
[0.214s] -- Up-to-date symlink: /home/student/pepper_ws/install/turtlebot3_cartographer/share/turtlebot3_cartographer/rviz/tb3_cartographer.rviz
[0.215s] -- Up-to-date symlink: /home/student/pepper_ws/install/turtlebot3_cartographer/share/ament_index/resource_index/package_run_dependencies/turtlebot3_cartographer
[0.215s] -- Up-to-date symlink: /home/student/pepper_ws/install/turtlebot3_cartographer/share/ament_index/resource_index/parent_prefix_path/turtlebot3_cartographer
[0.215s] -- Up-to-date symlink: /home/student/pepper_ws/install/turtlebot3_cartographer/share/turtlebot3_cartographer/environment/ament_prefix_path.sh
[0.217s] -- Up-to-date symlink: /home/student/pepper_ws/install/turtlebot3_cartographer/share/turtlebot3_cartographer/environment/ament_prefix_path.dsv
[0.217s] -- Up-to-date symlink: /home/student/pepper_ws/install/turtlebot3_cartographer/share/turtlebot3_cartographer/environment/path.sh
[0.217s] -- Up-to-date symlink: /home/student/pepper_ws/install/turtlebot3_cartographer/share/turtlebot3_cartographer/environment/path.dsv
[0.217s] -- Up-to-date symlink: /home/student/pepper_ws/install/turtlebot3_cartographer/share/turtlebot3_cartographer/local_setup.bash
[0.217s] -- Up-to-date symlink: /home/student/pepper_ws/install/turtlebot3_cartographer/share/turtlebot3_cartographer/local_setup.sh
[0.218s] -- Up-to-date symlink: /home/student/pepper_ws/install/turtlebot3_cartographer/share/turtlebot3_cartographer/local_setup.zsh
[0.218s] -- Up-to-date symlink: /home/student/pepper_ws/install/turtlebot3_cartographer/share/turtlebot3_cartographer/local_setup.dsv
[0.218s] -- Symlinking: /home/student/pepper_ws/install/turtlebot3_cartographer/share/turtlebot3_cartographer/package.dsv
[0.219s] -- Up-to-date symlink: /home/student/pepper_ws/install/turtlebot3_cartographer/share/ament_index/resource_index/packages/turtlebot3_cartographer
[0.219s] -- Up-to-date symlink: /home/student/pepper_ws/install/turtlebot3_cartographer/share/turtlebot3_cartographer/cmake/turtlebot3_cartographerConfig.cmake
[0.221s] -- Up-to-date symlink: /home/student/pepper_ws/install/turtlebot3_cartographer/share/turtlebot3_cartographer/cmake/turtlebot3_cartographerConfig-version.cmake
[0.222s] -- Up-to-date symlink: /home/student/pepper_ws/install/turtlebot3_cartographer/share/turtlebot3_cartographer/package.xml
[0.224s] Invoked command in '/home/student/pepper_ws/build/turtlebot3_cartographer' returned '0': CMAKE_PREFIX_PATH=${CMAKE_PREFIX_PATH}:/home/student/pepper_ws/install/turtlebot3_teleop:/home/student/pepper_ws/install/turtlebot3_example:/home/student/pepper_ws/install/move_pepper:/home/student/ros2_ws/install/autonomous_tb3:/opt/ros/humble /usr/bin/cmake --install /home/student/pepper_ws/build/turtlebot3_cartographer
