[0.109s] Invoking command in '/home/student/pepper_ws/build/dynamixel_sdk_examples': CMAKE_PREFIX_PATH=/home/student/pepper_ws/install/dynamixel_sdk_custom_interfaces:/home/student/pepper_ws/install/dynamixel_sdk:/home/student/pepper_ws/install/turtlebot3:/home/student/pepper_ws/install/turtlebot3_simulations:/home/student/pepper_ws/install/turtlebot3_bringup:/home/student/pepper_ws/install/turtlebot3_node:/home/student/pepper_ws/install/turtlebot3_navigation2:/home/student/pepper_ws/install/turtlebot3_fake_node:/home/student/pepper_ws/install/turtlebot3_msgs:/home/student/pepper_ws/install/turtlebot3_gazebo:/home/student/pepper_ws/install/turtlebot3_description:/home/student/pepper_ws/install/turtlebot3_cartographer:/home/student/pepper_ws/install/pepper_autonomy:/home/student/pepper_ws/install/hls_lfcd_lds_driver:/home/student/pepper_ws/install/dynamixel_sdk_examples:/home/student/pepper_ws/install/book_database:/home/student/ros2_ws/install/peppabot:/home/student/ros2_ws/install/laser_scan_processor:/home/student/ros2_ws/install/gazebo_map_creator:/home/student/ros2_ws/install/gazebo_map_creator_interface:/home/student/ros2_ws/install/cylindrical_object_detector:/home/student/pepper_ws/install/turtlebot3_teleop:/home/student/pepper_ws/install/turtlebot3_example:/home/student/pepper_ws/install/move_pepper:/home/student/ros2_ws/install/autonomous_tb3:/opt/ros/humble LD_LIBRARY_PATH=/home/student/pepper_ws/install/dynamixel_sdk_custom_interfaces/lib:/home/student/pepper_ws/install/dynamixel_sdk/lib:/home/student/pepper_ws/install/turtlebot3_msgs/lib:/home/student/ros2_ws/install/gazebo_map_creator/lib:/home/student/ros2_ws/install/gazebo_map_creator_interface/lib:/usr/lib/x86_64-linux-gnu/gazebo-11/plugins:/opt/ros/humble/opt/rviz_ogre_vendor/lib:/opt/ros/humble/lib/x86_64-linux-gnu:/opt/ros/humble/lib:/usr/lib/x86_64-linux-gnu/gazebo-11/plugins:/usr/lib/x86_64-linux-gnu/gazebo-11/plugins:/usr/lib/x86_64-linux-gnu/gazebo-11/plugins /usr/bin/cmake /home/student/pepper_ws/src/utils/DynamixelSDK/dynamixel_sdk_examples -DCMAKE_INSTALL_PREFIX=/home/student/pepper_ws/install/dynamixel_sdk_examples
[0.390s] -- The C compiler identification is GNU 11.4.0
[0.616s] -- The CXX compiler identification is GNU 11.4.0
[0.642s] -- Detecting C compiler ABI info
[0.936s] -- Detecting C compiler ABI info - done
[0.973s] -- Check for working C compiler: /usr/bin/cc - skipped
[0.973s] -- Detecting C compile features
[0.974s] -- Detecting C compile features - done
[0.992s] -- Detecting CXX compiler ABI info
[1.329s] -- Detecting CXX compiler ABI info - done
[1.355s] -- Check for working CXX compiler: /usr/bin/c++ - skipped
[1.355s] -- Detecting CXX compile features
[1.355s] -- Detecting CXX compile features - done
[1.373s] -- Found ament_cmake: 1.3.10 (/opt/ros/humble/share/ament_cmake/cmake)
[1.912s] -- Found Python3: /usr/bin/python3 (found version "3.10.12") found components: Interpreter 
[2.114s] -- Found dynamixel_sdk: 3.7.60 (/home/student/pepper_ws/install/dynamixel_sdk/share/dynamixel_sdk/cmake)
[2.119s] -- Found dynamixel_sdk_custom_interfaces: 3.7.60 (/home/student/pepper_ws/install/dynamixel_sdk_custom_interfaces/share/dynamixel_sdk_custom_interfaces/cmake)
[2.220s] -- Found rosidl_generator_c: 3.1.5 (/opt/ros/humble/share/rosidl_generator_c/cmake)
[2.240s] -- Found rosidl_adapter: 3.1.5 (/opt/ros/humble/share/rosidl_adapter/cmake)
[2.258s] -- Found rosidl_generator_cpp: 3.1.5 (/opt/ros/humble/share/rosidl_generator_cpp/cmake)
[2.300s] -- Using all available rosidl_typesupport_c: rosidl_typesupport_fastrtps_c;rosidl_typesupport_introspection_c
[2.380s] -- Using all available rosidl_typesupport_cpp: rosidl_typesupport_fastrtps_cpp;rosidl_typesupport_introspection_cpp
[2.438s] -- Found rclcpp: 16.0.10 (/opt/ros/humble/share/rclcpp/cmake)
[2.534s] -- Found rmw_implementation_cmake: 6.1.2 (/opt/ros/humble/share/rmw_implementation_cmake/cmake)
[2.545s] -- Found rmw_fastrtps_cpp: 6.2.7 (/opt/ros/humble/share/rmw_fastrtps_cpp/cmake)
[2.789s] -- Found OpenSSL: /usr/lib/x86_64-linux-gnu/libcrypto.so (found version "3.0.2")  
[2.905s] -- Found FastRTPS: /opt/ros/humble/include  
[3.070s] -- Using RMW implementation 'rmw_fastrtps_cpp' as default
[3.112s] -- Looking for pthread.h
[3.362s] -- Looking for pthread.h - found
[3.362s] -- Performing Test CMAKE_HAVE_LIBC_PTHREAD
[3.634s] -- Performing Test CMAKE_HAVE_LIBC_PTHREAD - Success
[3.635s] -- Found Threads: TRUE  
[3.832s] -- Found ament_lint_auto: 0.12.11 (/opt/ros/humble/share/ament_lint_auto/cmake)
[4.241s] -- Added test 'copyright' to check source files copyright and LICENSE
[4.253s] -- Added test 'cppcheck' to perform static code analysis on C / C++ code
[4.253s] -- Configured cppcheck include dirs: /home/student/pepper_ws/src/utils/DynamixelSDK/dynamixel_sdk_examples/include
[4.254s] -- Configured cppcheck exclude dirs and/or files: 
[4.258s] -- Added test 'cpplint' to check C / C++ code against the Google style
[4.258s] -- Configured cpplint exclude dirs and/or files: 
[4.263s] -- Added test 'lint_cmake' to check CMake code style
[4.276s] -- Added test 'uncrustify' to check C / C++ code style
[4.277s] -- Configured uncrustify additional arguments: 
[4.279s] -- Added test 'xmllint' to check XML markup files
[4.292s] -- Configuring done
[4.331s] -- Generating done
[4.333s] -- Build files have been written to: /home/student/pepper_ws/build/dynamixel_sdk_examples
[4.379s] Invoked command in '/home/student/pepper_ws/build/dynamixel_sdk_examples' returned '0': CMAKE_PREFIX_PATH=/home/student/pepper_ws/install/dynamixel_sdk_custom_interfaces:/home/student/pepper_ws/install/dynamixel_sdk:/home/student/pepper_ws/install/turtlebot3:/home/student/pepper_ws/install/turtlebot3_simulations:/home/student/pepper_ws/install/turtlebot3_bringup:/home/student/pepper_ws/install/turtlebot3_node:/home/student/pepper_ws/install/turtlebot3_navigation2:/home/student/pepper_ws/install/turtlebot3_fake_node:/home/student/pepper_ws/install/turtlebot3_msgs:/home/student/pepper_ws/install/turtlebot3_gazebo:/home/student/pepper_ws/install/turtlebot3_description:/home/student/pepper_ws/install/turtlebot3_cartographer:/home/student/pepper_ws/install/pepper_autonomy:/home/student/pepper_ws/install/hls_lfcd_lds_driver:/home/student/pepper_ws/install/dynamixel_sdk_examples:/home/student/pepper_ws/install/book_database:/home/student/ros2_ws/install/peppabot:/home/student/ros2_ws/install/laser_scan_processor:/home/student/ros2_ws/install/gazebo_map_creator:/home/student/ros2_ws/install/gazebo_map_creator_interface:/home/student/ros2_ws/install/cylindrical_object_detector:/home/student/pepper_ws/install/turtlebot3_teleop:/home/student/pepper_ws/install/turtlebot3_example:/home/student/pepper_ws/install/move_pepper:/home/student/ros2_ws/install/autonomous_tb3:/opt/ros/humble LD_LIBRARY_PATH=/home/student/pepper_ws/install/dynamixel_sdk_custom_interfaces/lib:/home/student/pepper_ws/install/dynamixel_sdk/lib:/home/student/pepper_ws/install/turtlebot3_msgs/lib:/home/student/ros2_ws/install/gazebo_map_creator/lib:/home/student/ros2_ws/install/gazebo_map_creator_interface/lib:/usr/lib/x86_64-linux-gnu/gazebo-11/plugins:/opt/ros/humble/opt/rviz_ogre_vendor/lib:/opt/ros/humble/lib/x86_64-linux-gnu:/opt/ros/humble/lib:/usr/lib/x86_64-linux-gnu/gazebo-11/plugins:/usr/lib/x86_64-linux-gnu/gazebo-11/plugins:/usr/lib/x86_64-linux-gnu/gazebo-11/plugins /usr/bin/cmake /home/student/pepper_ws/src/utils/DynamixelSDK/dynamixel_sdk_examples -DCMAKE_INSTALL_PREFIX=/home/student/pepper_ws/install/dynamixel_sdk_examples
[4.387s] Invoking command in '/home/student/pepper_ws/build/dynamixel_sdk_examples': CMAKE_PREFIX_PATH=/home/student/pepper_ws/install/dynamixel_sdk_custom_interfaces:/home/student/pepper_ws/install/dynamixel_sdk:/home/student/pepper_ws/install/turtlebot3:/home/student/pepper_ws/install/turtlebot3_simulations:/home/student/pepper_ws/install/turtlebot3_bringup:/home/student/pepper_ws/install/turtlebot3_node:/home/student/pepper_ws/install/turtlebot3_navigation2:/home/student/pepper_ws/install/turtlebot3_fake_node:/home/student/pepper_ws/install/turtlebot3_msgs:/home/student/pepper_ws/install/turtlebot3_gazebo:/home/student/pepper_ws/install/turtlebot3_description:/home/student/pepper_ws/install/turtlebot3_cartographer:/home/student/pepper_ws/install/pepper_autonomy:/home/student/pepper_ws/install/hls_lfcd_lds_driver:/home/student/pepper_ws/install/dynamixel_sdk_examples:/home/student/pepper_ws/install/book_database:/home/student/ros2_ws/install/peppabot:/home/student/ros2_ws/install/laser_scan_processor:/home/student/ros2_ws/install/gazebo_map_creator:/home/student/ros2_ws/install/gazebo_map_creator_interface:/home/student/ros2_ws/install/cylindrical_object_detector:/home/student/pepper_ws/install/turtlebot3_teleop:/home/student/pepper_ws/install/turtlebot3_example:/home/student/pepper_ws/install/move_pepper:/home/student/ros2_ws/install/autonomous_tb3:/opt/ros/humble LD_LIBRARY_PATH=/home/student/pepper_ws/install/dynamixel_sdk_custom_interfaces/lib:/home/student/pepper_ws/install/dynamixel_sdk/lib:/home/student/pepper_ws/install/turtlebot3_msgs/lib:/home/student/ros2_ws/install/gazebo_map_creator/lib:/home/student/ros2_ws/install/gazebo_map_creator_interface/lib:/usr/lib/x86_64-linux-gnu/gazebo-11/plugins:/opt/ros/humble/opt/rviz_ogre_vendor/lib:/opt/ros/humble/lib/x86_64-linux-gnu:/opt/ros/humble/lib:/usr/lib/x86_64-linux-gnu/gazebo-11/plugins:/usr/lib/x86_64-linux-gnu/gazebo-11/plugins:/usr/lib/x86_64-linux-gnu/gazebo-11/plugins /usr/bin/cmake --build /home/student/pepper_ws/build/dynamixel_sdk_examples -- -j8 -l8
[4.570s] [ 50%] [32mBuilding CXX object CMakeFiles/read_write_node.dir/src/read_write_node.cpp.o[0m
[27.063s] [100%] [32m[1mLinking CXX executable read_write_node[0m
[27.873s] [100%] Built target read_write_node
[27.893s] Invoked command in '/home/student/pepper_ws/build/dynamixel_sdk_examples' returned '0': CMAKE_PREFIX_PATH=/home/student/pepper_ws/install/dynamixel_sdk_custom_interfaces:/home/student/pepper_ws/install/dynamixel_sdk:/home/student/pepper_ws/install/turtlebot3:/home/student/pepper_ws/install/turtlebot3_simulations:/home/student/pepper_ws/install/turtlebot3_bringup:/home/student/pepper_ws/install/turtlebot3_node:/home/student/pepper_ws/install/turtlebot3_navigation2:/home/student/pepper_ws/install/turtlebot3_fake_node:/home/student/pepper_ws/install/turtlebot3_msgs:/home/student/pepper_ws/install/turtlebot3_gazebo:/home/student/pepper_ws/install/turtlebot3_description:/home/student/pepper_ws/install/turtlebot3_cartographer:/home/student/pepper_ws/install/pepper_autonomy:/home/student/pepper_ws/install/hls_lfcd_lds_driver:/home/student/pepper_ws/install/dynamixel_sdk_examples:/home/student/pepper_ws/install/book_database:/home/student/ros2_ws/install/peppabot:/home/student/ros2_ws/install/laser_scan_processor:/home/student/ros2_ws/install/gazebo_map_creator:/home/student/ros2_ws/install/gazebo_map_creator_interface:/home/student/ros2_ws/install/cylindrical_object_detector:/home/student/pepper_ws/install/turtlebot3_teleop:/home/student/pepper_ws/install/turtlebot3_example:/home/student/pepper_ws/install/move_pepper:/home/student/ros2_ws/install/autonomous_tb3:/opt/ros/humble LD_LIBRARY_PATH=/home/student/pepper_ws/install/dynamixel_sdk_custom_interfaces/lib:/home/student/pepper_ws/install/dynamixel_sdk/lib:/home/student/pepper_ws/install/turtlebot3_msgs/lib:/home/student/ros2_ws/install/gazebo_map_creator/lib:/home/student/ros2_ws/install/gazebo_map_creator_interface/lib:/usr/lib/x86_64-linux-gnu/gazebo-11/plugins:/opt/ros/humble/opt/rviz_ogre_vendor/lib:/opt/ros/humble/lib/x86_64-linux-gnu:/opt/ros/humble/lib:/usr/lib/x86_64-linux-gnu/gazebo-11/plugins:/usr/lib/x86_64-linux-gnu/gazebo-11/plugins:/usr/lib/x86_64-linux-gnu/gazebo-11/plugins /usr/bin/cmake --build /home/student/pepper_ws/build/dynamixel_sdk_examples -- -j8 -l8
[27.960s] Invoking command in '/home/student/pepper_ws/build/dynamixel_sdk_examples': CMAKE_PREFIX_PATH=/home/student/pepper_ws/install/dynamixel_sdk_custom_interfaces:/home/student/pepper_ws/install/dynamixel_sdk:/home/student/pepper_ws/install/turtlebot3:/home/student/pepper_ws/install/turtlebot3_simulations:/home/student/pepper_ws/install/turtlebot3_bringup:/home/student/pepper_ws/install/turtlebot3_node:/home/student/pepper_ws/install/turtlebot3_navigation2:/home/student/pepper_ws/install/turtlebot3_fake_node:/home/student/pepper_ws/install/turtlebot3_msgs:/home/student/pepper_ws/install/turtlebot3_gazebo:/home/student/pepper_ws/install/turtlebot3_description:/home/student/pepper_ws/install/turtlebot3_cartographer:/home/student/pepper_ws/install/pepper_autonomy:/home/student/pepper_ws/install/hls_lfcd_lds_driver:/home/student/pepper_ws/install/dynamixel_sdk_examples:/home/student/pepper_ws/install/book_database:/home/student/ros2_ws/install/peppabot:/home/student/ros2_ws/install/laser_scan_processor:/home/student/ros2_ws/install/gazebo_map_creator:/home/student/ros2_ws/install/gazebo_map_creator_interface:/home/student/ros2_ws/install/cylindrical_object_detector:/home/student/pepper_ws/install/turtlebot3_teleop:/home/student/pepper_ws/install/turtlebot3_example:/home/student/pepper_ws/install/move_pepper:/home/student/ros2_ws/install/autonomous_tb3:/opt/ros/humble LD_LIBRARY_PATH=/home/student/pepper_ws/install/dynamixel_sdk_custom_interfaces/lib:/home/student/pepper_ws/install/dynamixel_sdk/lib:/home/student/pepper_ws/install/turtlebot3_msgs/lib:/home/student/ros2_ws/install/gazebo_map_creator/lib:/home/student/ros2_ws/install/gazebo_map_creator_interface/lib:/usr/lib/x86_64-linux-gnu/gazebo-11/plugins:/opt/ros/humble/opt/rviz_ogre_vendor/lib:/opt/ros/humble/lib/x86_64-linux-gnu:/opt/ros/humble/lib:/usr/lib/x86_64-linux-gnu/gazebo-11/plugins:/usr/lib/x86_64-linux-gnu/gazebo-11/plugins:/usr/lib/x86_64-linux-gnu/gazebo-11/plugins /usr/bin/cmake --install /home/student/pepper_ws/build/dynamixel_sdk_examples
[27.972s] -- Install configuration: ""
[27.972s] -- Installing: /home/student/pepper_ws/install/dynamixel_sdk_examples/lib/dynamixel_sdk_examples/read_write_node
[27.983s] -- Set runtime path of "/home/student/pepper_ws/install/dynamixel_sdk_examples/lib/dynamixel_sdk_examples/read_write_node" to ""
[27.983s] -- Installing: /home/student/pepper_ws/install/dynamixel_sdk_examples/share/ament_index/resource_index/package_run_dependencies/dynamixel_sdk_examples
[27.984s] -- Installing: /home/student/pepper_ws/install/dynamixel_sdk_examples/share/ament_index/resource_index/parent_prefix_path/dynamixel_sdk_examples
[27.985s] -- Installing: /home/student/pepper_ws/install/dynamixel_sdk_examples/share/dynamixel_sdk_examples/environment/ament_prefix_path.sh
[27.985s] -- Installing: /home/student/pepper_ws/install/dynamixel_sdk_examples/share/dynamixel_sdk_examples/environment/ament_prefix_path.dsv
[27.985s] -- Installing: /home/student/pepper_ws/install/dynamixel_sdk_examples/share/dynamixel_sdk_examples/environment/path.sh
[27.985s] -- Installing: /home/student/pepper_ws/install/dynamixel_sdk_examples/share/dynamixel_sdk_examples/environment/path.dsv
[27.985s] -- Installing: /home/student/pepper_ws/install/dynamixel_sdk_examples/share/dynamixel_sdk_examples/local_setup.bash
[27.991s] -- Installing: /home/student/pepper_ws/install/dynamixel_sdk_examples/share/dynamixel_sdk_examples/local_setup.sh
[27.992s] -- Installing: /home/student/pepper_ws/install/dynamixel_sdk_examples/share/dynamixel_sdk_examples/local_setup.zsh
[27.992s] -- Installing: /home/student/pepper_ws/install/dynamixel_sdk_examples/share/dynamixel_sdk_examples/local_setup.dsv
[27.992s] -- Installing: /home/student/pepper_ws/install/dynamixel_sdk_examples/share/dynamixel_sdk_examples/package.dsv
[27.992s] -- Installing: /home/student/pepper_ws/install/dynamixel_sdk_examples/share/ament_index/resource_index/packages/dynamixel_sdk_examples
[27.992s] -- Installing: /home/student/pepper_ws/install/dynamixel_sdk_examples/share/dynamixel_sdk_examples/cmake/dynamixel_sdk_examplesConfig.cmake
[27.992s] -- Installing: /home/student/pepper_ws/install/dynamixel_sdk_examples/share/dynamixel_sdk_examples/cmake/dynamixel_sdk_examplesConfig-version.cmake
[27.992s] -- Installing: /home/student/pepper_ws/install/dynamixel_sdk_examples/share/dynamixel_sdk_examples/package.xml
[27.993s] Invoked command in '/home/student/pepper_ws/build/dynamixel_sdk_examples' returned '0': CMAKE_PREFIX_PATH=/home/student/pepper_ws/install/dynamixel_sdk_custom_interfaces:/home/student/pepper_ws/install/dynamixel_sdk:/home/student/pepper_ws/install/turtlebot3:/home/student/pepper_ws/install/turtlebot3_simulations:/home/student/pepper_ws/install/turtlebot3_bringup:/home/student/pepper_ws/install/turtlebot3_node:/home/student/pepper_ws/install/turtlebot3_navigation2:/home/student/pepper_ws/install/turtlebot3_fake_node:/home/student/pepper_ws/install/turtlebot3_msgs:/home/student/pepper_ws/install/turtlebot3_gazebo:/home/student/pepper_ws/install/turtlebot3_description:/home/student/pepper_ws/install/turtlebot3_cartographer:/home/student/pepper_ws/install/pepper_autonomy:/home/student/pepper_ws/install/hls_lfcd_lds_driver:/home/student/pepper_ws/install/dynamixel_sdk_examples:/home/student/pepper_ws/install/book_database:/home/student/ros2_ws/install/peppabot:/home/student/ros2_ws/install/laser_scan_processor:/home/student/ros2_ws/install/gazebo_map_creator:/home/student/ros2_ws/install/gazebo_map_creator_interface:/home/student/ros2_ws/install/cylindrical_object_detector:/home/student/pepper_ws/install/turtlebot3_teleop:/home/student/pepper_ws/install/turtlebot3_example:/home/student/pepper_ws/install/move_pepper:/home/student/ros2_ws/install/autonomous_tb3:/opt/ros/humble LD_LIBRARY_PATH=/home/student/pepper_ws/install/dynamixel_sdk_custom_interfaces/lib:/home/student/pepper_ws/install/dynamixel_sdk/lib:/home/student/pepper_ws/install/turtlebot3_msgs/lib:/home/student/ros2_ws/install/gazebo_map_creator/lib:/home/student/ros2_ws/install/gazebo_map_creator_interface/lib:/usr/lib/x86_64-linux-gnu/gazebo-11/plugins:/opt/ros/humble/opt/rviz_ogre_vendor/lib:/opt/ros/humble/lib/x86_64-linux-gnu:/opt/ros/humble/lib:/usr/lib/x86_64-linux-gnu/gazebo-11/plugins:/usr/lib/x86_64-linux-gnu/gazebo-11/plugins:/usr/lib/x86_64-linux-gnu/gazebo-11/plugins /usr/bin/cmake --install /home/student/pepper_ws/build/dynamixel_sdk_examples
