[3.885s] Invoking command in '/home/student/pepper_ws/src/move_pepper': PYTHONPATH=/home/student/pepper_ws/build/move_pepper/prefix_override:/usr/lib/python3/dist-packages/colcon_core/task/python/colcon_distutils_commands:/home/student/pepper_ws/install/move_pepper/lib/python3.10/site-packages:${PYTHONPATH} /usr/bin/python3 -W ignore:setup.py install is deprecated setup.py egg_info --egg-base ../../build/move_pepper build --build-base /home/student/pepper_ws/build/move_pepper/build install --record /home/student/pepper_ws/build/move_pepper/install.log --single-version-externally-managed install_data
[4.881s] running egg_info
[4.882s] writing ../../build/move_pepper/move_pepper.egg-info/PKG-INFO
[4.884s] writing dependency_links to ../../build/move_pepper/move_pepper.egg-info/dependency_links.txt
[4.884s] writing entry points to ../../build/move_pepper/move_pepper.egg-info/entry_points.txt
[4.884s] writing requirements to ../../build/move_pepper/move_pepper.egg-info/requires.txt
[4.884s] writing top-level names to ../../build/move_pepper/move_pepper.egg-info/top_level.txt
[4.889s] reading manifest file '../../build/move_pepper/move_pepper.egg-info/SOURCES.txt'
[4.889s] writing manifest file '../../build/move_pepper/move_pepper.egg-info/SOURCES.txt'
[4.890s] running build
[4.891s] running build_py
[4.891s] running install
[4.912s] running install_lib
[4.912s] running install_data
[4.916s] running install_egg_info
[4.937s] removing '/home/student/pepper_ws/install/move_pepper/lib/python3.10/site-packages/move_pepper-0.0.0-py3.10.egg-info' (and everything under it)
[4.939s] Copying ../../build/move_pepper/move_pepper.egg-info to /home/student/pepper_ws/install/move_pepper/lib/python3.10/site-packages/move_pepper-0.0.0-py3.10.egg-info
[4.941s] running install_scripts
[5.036s] Installing amcl_init_pose_publisher script to /home/student/pepper_ws/install/move_pepper/lib/move_pepper
[5.037s] writing list of installed files to '/home/student/pepper_ws/build/move_pepper/install.log'
[5.272s] Invoked command in '/home/student/pepper_ws/src/move_pepper' returned '0': PYTHONPATH=/home/student/pepper_ws/build/move_pepper/prefix_override:/usr/lib/python3/dist-packages/colcon_core/task/python/colcon_distutils_commands:/home/student/pepper_ws/install/move_pepper/lib/python3.10/site-packages:${PYTHONPATH} /usr/bin/python3 -W ignore:setup.py install is deprecated setup.py egg_info --egg-base ../../build/move_pepper build --build-base /home/student/pepper_ws/build/move_pepper/build install --record /home/student/pepper_ws/build/move_pepper/install.log --single-version-externally-managed install_data
