[0.047s] Invoking command in '/home/student/pepper_ws/build/turtlebot3_description': CMAKE_PREFIX_PATH=${CMAKE_PREFIX_PATH}:/home/student/ros2_ws/install/turtlebot3_teleop:/home/student/ros2_ws/install/turtlebot3_example:/home/student/ros2_ws/install/nav2_simple_commander:/home/student/ros2_ws/install/autonomous_tb3:/opt/ros/humble /usr/bin/cmake /home/student/pepper_ws/src/turtlebot3/turtlebot3/turtlebot3_description -DAMENT_CMAKE_SYMLINK_INSTALL=1 -DCMAKE_INSTALL_PREFIX=/home/student/pepper_ws/install/turtlebot3_description
[0.205s] -- The C compiler identification is GNU 11.4.0
[0.361s] -- The CXX compiler identification is GNU 11.4.0
[0.376s] -- Detecting C compiler ABI info
[0.554s] -- Detecting C compiler ABI info - done
[0.580s] -- Check for working C compiler: /usr/bin/cc - skipped
[0.581s] -- Detecting C compile features
[0.581s] -- Detecting C compile features - done
[0.586s] -- Detecting CXX compiler ABI info
[0.792s] -- Detecting CXX compiler ABI info - done
[0.805s] -- Check for working CXX compiler: /usr/bin/c++ - skipped
[0.805s] -- Detecting CXX compile features
[0.809s] -- Detecting CXX compile features - done
[0.812s] -- Found ament_cmake: 1.3.10 (/opt/ros/humble/share/ament_cmake/cmake)
[1.107s] -- Found Python3: /usr/bin/python3 (found version "3.10.12") found components: Interpreter 
[1.247s] -- Override CMake install command with custom implementation using symlinks instead of copying resources
[1.316s] -- Found urdf: 2.6.1 (/opt/ros/humble/share/urdf/cmake)
[1.622s] -- Configuring done
[1.631s] -- Generating done
[1.637s] -- Build files have been written to: /home/student/pepper_ws/build/turtlebot3_description
[1.684s] Invoked command in '/home/student/pepper_ws/build/turtlebot3_description' returned '0': CMAKE_PREFIX_PATH=${CMAKE_PREFIX_PATH}:/home/student/ros2_ws/install/turtlebot3_teleop:/home/student/ros2_ws/install/turtlebot3_example:/home/student/ros2_ws/install/nav2_simple_commander:/home/student/ros2_ws/install/autonomous_tb3:/opt/ros/humble /usr/bin/cmake /home/student/pepper_ws/src/turtlebot3/turtlebot3/turtlebot3_description -DAMENT_CMAKE_SYMLINK_INSTALL=1 -DCMAKE_INSTALL_PREFIX=/home/student/pepper_ws/install/turtlebot3_description
[1.688s] Invoking command in '/home/student/pepper_ws/build/turtlebot3_description': CMAKE_PREFIX_PATH=${CMAKE_PREFIX_PATH}:/home/student/ros2_ws/install/turtlebot3_teleop:/home/student/ros2_ws/install/turtlebot3_example:/home/student/ros2_ws/install/nav2_simple_commander:/home/student/ros2_ws/install/autonomous_tb3:/opt/ros/humble /usr/bin/cmake --build /home/student/pepper_ws/build/turtlebot3_description -- -j8 -l8
[1.917s] Invoked command in '/home/student/pepper_ws/build/turtlebot3_description' returned '0': CMAKE_PREFIX_PATH=${CMAKE_PREFIX_PATH}:/home/student/ros2_ws/install/turtlebot3_teleop:/home/student/ros2_ws/install/turtlebot3_example:/home/student/ros2_ws/install/nav2_simple_commander:/home/student/ros2_ws/install/autonomous_tb3:/opt/ros/humble /usr/bin/cmake --build /home/student/pepper_ws/build/turtlebot3_description -- -j8 -l8
[2.053s] Invoking command in '/home/student/pepper_ws/build/turtlebot3_description': CMAKE_PREFIX_PATH=${CMAKE_PREFIX_PATH}:/home/student/ros2_ws/install/turtlebot3_teleop:/home/student/ros2_ws/install/turtlebot3_example:/home/student/ros2_ws/install/nav2_simple_commander:/home/student/ros2_ws/install/autonomous_tb3:/opt/ros/humble /usr/bin/cmake --install /home/student/pepper_ws/build/turtlebot3_description
[2.538s] -- Install configuration: ""
[2.539s] -- Execute custom install script
[2.539s] -- Symlinking: /home/student/pepper_ws/install/turtlebot3_description/share/turtlebot3_description/meshes/bases/burger_base.stl
[2.539s] -- Symlinking: /home/student/pepper_ws/install/turtlebot3_description/share/turtlebot3_description/meshes/bases/waffle_base.stl
[2.539s] -- Symlinking: /home/student/pepper_ws/install/turtlebot3_description/share/turtlebot3_description/meshes/bases/waffle_pi_base.stl
[2.539s] -- Symlinking: /home/student/pepper_ws/install/turtlebot3_description/share/turtlebot3_description/meshes/sensors/astra.dae
[2.539s] -- Symlinking: /home/student/pepper_ws/install/turtlebot3_description/share/turtlebot3_description/meshes/sensors/astra.jpg
[2.540s] -- Symlinking: /home/student/pepper_ws/install/turtlebot3_description/share/turtlebot3_description/meshes/sensors/lds.stl
[2.540s] -- Symlinking: /home/student/pepper_ws/install/turtlebot3_description/share/turtlebot3_description/meshes/sensors/r200.dae
[2.540s] -- Symlinking: /home/student/pepper_ws/install/turtlebot3_description/share/turtlebot3_description/meshes/sensors/r200.jpg
[2.540s] -- Symlinking: /home/student/pepper_ws/install/turtlebot3_description/share/turtlebot3_description/meshes/wheels/left_tire.stl
[2.546s] -- Symlinking: /home/student/pepper_ws/install/turtlebot3_description/share/turtlebot3_description/meshes/wheels/right_tire.stl
[2.546s] -- Symlinking: /home/student/pepper_ws/install/turtlebot3_description/share/turtlebot3_description/rviz/model.rviz
[2.546s] -- Symlinking: /home/student/pepper_ws/install/turtlebot3_description/share/turtlebot3_description/urdf/common_properties.urdf
[2.546s] -- Symlinking: /home/student/pepper_ws/install/turtlebot3_description/share/turtlebot3_description/urdf/turtlebot3_burger.urdf
[2.546s] -- Symlinking: /home/student/pepper_ws/install/turtlebot3_description/share/turtlebot3_description/urdf/turtlebot3_waffle.urdf
[2.546s] -- Symlinking: /home/student/pepper_ws/install/turtlebot3_description/share/turtlebot3_description/urdf/turtlebot3_waffle_pi.urdf
[2.547s] -- Symlinking: /home/student/pepper_ws/install/turtlebot3_description/share/ament_index/resource_index/package_run_dependencies/turtlebot3_description
[2.547s] -- Symlinking: /home/student/pepper_ws/install/turtlebot3_description/share/ament_index/resource_index/parent_prefix_path/turtlebot3_description
[2.547s] -- Symlinking: /home/student/pepper_ws/install/turtlebot3_description/share/turtlebot3_description/environment/ament_prefix_path.sh
[2.547s] -- Symlinking: /home/student/pepper_ws/install/turtlebot3_description/share/turtlebot3_description/environment/ament_prefix_path.dsv
[2.547s] -- Symlinking: /home/student/pepper_ws/install/turtlebot3_description/share/turtlebot3_description/environment/path.sh
[2.547s] -- Symlinking: /home/student/pepper_ws/install/turtlebot3_description/share/turtlebot3_description/environment/path.dsv
[2.547s] -- Symlinking: /home/student/pepper_ws/install/turtlebot3_description/share/turtlebot3_description/local_setup.bash
[2.568s] -- Symlinking: /home/student/pepper_ws/install/turtlebot3_description/share/turtlebot3_description/local_setup.sh
[2.569s] -- Symlinking: /home/student/pepper_ws/install/turtlebot3_description/share/turtlebot3_description/local_setup.zsh
[2.595s] -- Symlinking: /home/student/pepper_ws/install/turtlebot3_description/share/turtlebot3_description/local_setup.dsv
[2.607s] -- Symlinking: /home/student/pepper_ws/install/turtlebot3_description/share/turtlebot3_description/package.dsv
[2.630s] -- Symlinking: /home/student/pepper_ws/install/turtlebot3_description/share/ament_index/resource_index/packages/turtlebot3_description
[2.660s] -- Symlinking: /home/student/pepper_ws/install/turtlebot3_description/share/turtlebot3_description/cmake/turtlebot3_descriptionConfig.cmake
[2.679s] -- Symlinking: /home/student/pepper_ws/install/turtlebot3_description/share/turtlebot3_description/cmake/turtlebot3_descriptionConfig-version.cmake
[2.700s] -- Symlinking: /home/student/pepper_ws/install/turtlebot3_description/share/turtlebot3_description/package.xml
[3.066s] Invoked command in '/home/student/pepper_ws/build/turtlebot3_description' returned '0': CMAKE_PREFIX_PATH=${CMAKE_PREFIX_PATH}:/home/student/ros2_ws/install/turtlebot3_teleop:/home/student/ros2_ws/install/turtlebot3_example:/home/student/ros2_ws/install/nav2_simple_commander:/home/student/ros2_ws/install/autonomous_tb3:/opt/ros/humble /usr/bin/cmake --install /home/student/pepper_ws/build/turtlebot3_description
