[0.091s] Invoking command in '/home/student/pepper_ws/build/dynamixel_sdk': CMAKE_PREFIX_PATH=${CMAKE_PREFIX_PATH}:/home/student/pepper_ws/install/turtlebot3_teleop:/home/student/pepper_ws/install/turtlebot3_example:/home/student/pepper_ws/install/move_pepper:/home/student/ros2_ws/install/autonomous_tb3:/opt/ros/humble /usr/bin/cmake --build /home/student/pepper_ws/build/dynamixel_sdk -- -j8 -l8
[0.258s] [100%] Built target dynamixel_sdk
[0.306s] Invoked command in '/home/student/pepper_ws/build/dynamixel_sdk' returned '0': CMAKE_PREFIX_PATH=${CMAKE_PREFIX_PATH}:/home/student/pepper_ws/install/turtlebot3_teleop:/home/student/pepper_ws/install/turtlebot3_example:/home/student/pepper_ws/install/move_pepper:/home/student/ros2_ws/install/autonomous_tb3:/opt/ros/humble /usr/bin/cmake --build /home/student/pepper_ws/build/dynamixel_sdk -- -j8 -l8
[0.640s] Invoking command in '/home/student/pepper_ws/build/dynamixel_sdk': CMAKE_PREFIX_PATH=${CMAKE_PREFIX_PATH}:/home/student/pepper_ws/install/turtlebot3_teleop:/home/student/pepper_ws/install/turtlebot3_example:/home/student/pepper_ws/install/move_pepper:/home/student/ros2_ws/install/autonomous_tb3:/opt/ros/humble /usr/bin/cmake --install /home/student/pepper_ws/build/dynamixel_sdk
[0.672s] -- Install configuration: ""
[0.672s] -- Up-to-date: /home/student/pepper_ws/install/dynamixel_sdk/include/
[0.673s] -- Up-to-date: /home/student/pepper_ws/install/dynamixel_sdk/include//dynamixel_sdk
[0.673s] -- Up-to-date: /home/student/pepper_ws/install/dynamixel_sdk/include//dynamixel_sdk/protocol2_packet_handler.h
[0.673s] -- Up-to-date: /home/student/pepper_ws/install/dynamixel_sdk/include//dynamixel_sdk/port_handler.h
[0.674s] -- Up-to-date: /home/student/pepper_ws/install/dynamixel_sdk/include//dynamixel_sdk/port_handler_windows.h
[0.674s] -- Up-to-date: /home/student/pepper_ws/install/dynamixel_sdk/include//dynamixel_sdk/port_handler_linux.h
[0.675s] -- Up-to-date: /home/student/pepper_ws/install/dynamixel_sdk/include//dynamixel_sdk/group_bulk_read.h
[0.675s] -- Up-to-date: /home/student/pepper_ws/install/dynamixel_sdk/include//dynamixel_sdk/port_handler_arduino.h
[0.675s] -- Up-to-date: /home/student/pepper_ws/install/dynamixel_sdk/include//dynamixel_sdk/dynamixel_sdk.h
[0.676s] -- Up-to-date: /home/student/pepper_ws/install/dynamixel_sdk/include//dynamixel_sdk/port_handler_mac.h
[0.676s] -- Up-to-date: /home/student/pepper_ws/install/dynamixel_sdk/include//dynamixel_sdk/packet_handler.h
[0.677s] -- Up-to-date: /home/student/pepper_ws/install/dynamixel_sdk/include//dynamixel_sdk/group_sync_read.h
[0.677s] -- Up-to-date: /home/student/pepper_ws/install/dynamixel_sdk/include//dynamixel_sdk/group_bulk_write.h
[0.678s] -- Up-to-date: /home/student/pepper_ws/install/dynamixel_sdk/include//dynamixel_sdk/protocol1_packet_handler.h
[0.678s] -- Up-to-date: /home/student/pepper_ws/install/dynamixel_sdk/include//dynamixel_sdk/group_sync_write.h
[0.678s] -- Up-to-date: /home/student/pepper_ws/install/dynamixel_sdk/lib/libdynamixel_sdk.so
[0.679s] -- Up-to-date: /home/student/pepper_ws/install/dynamixel_sdk/share/dynamixel_sdk/environment/library_path.sh
[0.679s] -- Up-to-date: /home/student/pepper_ws/install/dynamixel_sdk/share/dynamixel_sdk/environment/library_path.dsv
[0.679s] -- Up-to-date: /home/student/pepper_ws/install/dynamixel_sdk/share/ament_index/resource_index/package_run_dependencies/dynamixel_sdk
[0.679s] -- Up-to-date: /home/student/pepper_ws/install/dynamixel_sdk/share/ament_index/resource_index/parent_prefix_path/dynamixel_sdk
[0.680s] -- Up-to-date: /home/student/pepper_ws/install/dynamixel_sdk/share/dynamixel_sdk/environment/ament_prefix_path.sh
[0.680s] -- Up-to-date: /home/student/pepper_ws/install/dynamixel_sdk/share/dynamixel_sdk/environment/ament_prefix_path.dsv
[0.681s] -- Up-to-date: /home/student/pepper_ws/install/dynamixel_sdk/share/dynamixel_sdk/environment/path.sh
[0.681s] -- Up-to-date: /home/student/pepper_ws/install/dynamixel_sdk/share/dynamixel_sdk/environment/path.dsv
[0.681s] -- Up-to-date: /home/student/pepper_ws/install/dynamixel_sdk/share/dynamixel_sdk/local_setup.bash
[0.681s] -- Up-to-date: /home/student/pepper_ws/install/dynamixel_sdk/share/dynamixel_sdk/local_setup.sh
[0.682s] -- Up-to-date: /home/student/pepper_ws/install/dynamixel_sdk/share/dynamixel_sdk/local_setup.zsh
[0.683s] -- Up-to-date: /home/student/pepper_ws/install/dynamixel_sdk/share/dynamixel_sdk/local_setup.dsv
[0.684s] -- Installing: /home/student/pepper_ws/install/dynamixel_sdk/share/dynamixel_sdk/package.dsv
[0.684s] -- Up-to-date: /home/student/pepper_ws/install/dynamixel_sdk/share/ament_index/resource_index/packages/dynamixel_sdk
[0.684s] -- Up-to-date: /home/student/pepper_ws/install/dynamixel_sdk/share/dynamixel_sdk/cmake/ament_cmake_export_include_directories-extras.cmake
[0.684s] -- Up-to-date: /home/student/pepper_ws/install/dynamixel_sdk/share/dynamixel_sdk/cmake/ament_cmake_export_libraries-extras.cmake
[0.685s] -- Up-to-date: /home/student/pepper_ws/install/dynamixel_sdk/share/dynamixel_sdk/cmake/dynamixel_sdkConfig.cmake
[0.685s] -- Up-to-date: /home/student/pepper_ws/install/dynamixel_sdk/share/dynamixel_sdk/cmake/dynamixel_sdkConfig-version.cmake
[0.686s] -- Up-to-date: /home/student/pepper_ws/install/dynamixel_sdk/share/dynamixel_sdk/package.xml
[0.828s] Invoked command in '/home/student/pepper_ws/build/dynamixel_sdk' returned '0': CMAKE_PREFIX_PATH=${CMAKE_PREFIX_PATH}:/home/student/pepper_ws/install/turtlebot3_teleop:/home/student/pepper_ws/install/turtlebot3_example:/home/student/pepper_ws/install/move_pepper:/home/student/ros2_ws/install/autonomous_tb3:/opt/ros/humble /usr/bin/cmake --install /home/student/pepper_ws/build/dynamixel_sdk
