[2.276s] Invoking command in '/home/student/pepper_ws/src/move_pepper': PYTHONPATH=/home/student/pepper_ws/build/move_pepper/prefix_override:/usr/lib/python3/dist-packages/colcon_core/task/python/colcon_distutils_commands:/home/student/pepper_ws/install/move_pepper/lib/python3.10/site-packages:${PYTHONPATH} /usr/bin/python3 -W ignore:setup.py install is deprecated setup.py egg_info --egg-base ../../build/move_pepper build --build-base /home/student/pepper_ws/build/move_pepper/build install --record /home/student/pepper_ws/build/move_pepper/install.log --single-version-externally-managed install_data
[2.582s] running egg_info
[2.583s] writing ../../build/move_pepper/move_pepper.egg-info/PKG-INFO
[2.583s] writing dependency_links to ../../build/move_pepper/move_pepper.egg-info/dependency_links.txt
[2.584s] writing entry points to ../../build/move_pepper/move_pepper.egg-info/entry_points.txt
[2.584s] writing requirements to ../../build/move_pepper/move_pepper.egg-info/requires.txt
[2.584s] writing top-level names to ../../build/move_pepper/move_pepper.egg-info/top_level.txt
[2.586s] reading manifest file '../../build/move_pepper/move_pepper.egg-info/SOURCES.txt'
[2.587s] writing manifest file '../../build/move_pepper/move_pepper.egg-info/SOURCES.txt'
[2.588s] running build
[2.588s] running build_py
[2.588s] running install
[2.589s] running install_lib
[2.590s] running install_data
[2.591s] running install_egg_info
[2.594s] removing '/home/student/pepper_ws/install/move_pepper/lib/python3.10/site-packages/move_pepper-0.0.0-py3.10.egg-info' (and everything under it)
[2.594s] Copying ../../build/move_pepper/move_pepper.egg-info to /home/student/pepper_ws/install/move_pepper/lib/python3.10/site-packages/move_pepper-0.0.0-py3.10.egg-info
[2.596s] running install_scripts
[2.620s] Installing amcl_init_pose_publisher script to /home/student/pepper_ws/install/move_pepper/lib/move_pepper
[2.620s] writing list of installed files to '/home/student/pepper_ws/build/move_pepper/install.log'
[2.838s] Invoked command in '/home/student/pepper_ws/src/move_pepper' returned '0': PYTHONPATH=/home/student/pepper_ws/build/move_pepper/prefix_override:/usr/lib/python3/dist-packages/colcon_core/task/python/colcon_distutils_commands:/home/student/pepper_ws/install/move_pepper/lib/python3.10/site-packages:${PYTHONPATH} /usr/bin/python3 -W ignore:setup.py install is deprecated setup.py egg_info --egg-base ../../build/move_pepper build --build-base /home/student/pepper_ws/build/move_pepper/build install --record /home/student/pepper_ws/build/move_pepper/install.log --single-version-externally-managed install_data
