[2.142s] Invoking command in '/home/student/pepper_ws/src/turtlebot3/turtlebot3/turtlebot3_teleop': PYTHONPATH=/home/student/pepper_ws/build/turtlebot3_teleop/prefix_override:/usr/lib/python3/dist-packages/colcon_core/task/python/colcon_distutils_commands:/home/student/pepper_ws/install/turtlebot3_teleop/lib/python3.10/site-packages:${PYTHONPATH} /usr/bin/python3 -W ignore:setup.py install is deprecated setup.py egg_info --egg-base ../../../../build/turtlebot3_teleop build --build-base /home/student/pepper_ws/build/turtlebot3_teleop/build install --record /home/student/pepper_ws/build/turtlebot3_teleop/install.log --single-version-externally-managed install_data
[2.874s] running egg_info
[2.879s] writing ../../../../build/turtlebot3_teleop/turtlebot3_teleop.egg-info/PKG-INFO
[2.881s] writing dependency_links to ../../../../build/turtlebot3_teleop/turtlebot3_teleop.egg-info/dependency_links.txt
[2.882s] writing entry points to ../../../../build/turtlebot3_teleop/turtlebot3_teleop.egg-info/entry_points.txt
[2.882s] writing requirements to ../../../../build/turtlebot3_teleop/turtlebot3_teleop.egg-info/requires.txt
[2.882s] writing top-level names to ../../../../build/turtlebot3_teleop/turtlebot3_teleop.egg-info/top_level.txt
[2.887s] reading manifest file '../../../../build/turtlebot3_teleop/turtlebot3_teleop.egg-info/SOURCES.txt'
[2.887s] writing manifest file '../../../../build/turtlebot3_teleop/turtlebot3_teleop.egg-info/SOURCES.txt'
[2.887s] running build
[2.888s] running build_py
[2.889s] running install
[2.890s] running install_lib
[2.890s] running install_data
[2.891s] running install_egg_info
[2.895s] removing '/home/student/pepper_ws/install/turtlebot3_teleop/lib/python3.10/site-packages/turtlebot3_teleop-2.1.5-py3.10.egg-info' (and everything under it)
[2.896s] Copying ../../../../build/turtlebot3_teleop/turtlebot3_teleop.egg-info to /home/student/pepper_ws/install/turtlebot3_teleop/lib/python3.10/site-packages/turtlebot3_teleop-2.1.5-py3.10.egg-info
[2.898s] running install_scripts
[2.983s] Installing teleop_keyboard script to /home/student/pepper_ws/install/turtlebot3_teleop/lib/turtlebot3_teleop
[2.983s] writing list of installed files to '/home/student/pepper_ws/build/turtlebot3_teleop/install.log'
[3.086s] Invoked command in '/home/student/pepper_ws/src/turtlebot3/turtlebot3/turtlebot3_teleop' returned '0': PYTHONPATH=/home/student/pepper_ws/build/turtlebot3_teleop/prefix_override:/usr/lib/python3/dist-packages/colcon_core/task/python/colcon_distutils_commands:/home/student/pepper_ws/install/turtlebot3_teleop/lib/python3.10/site-packages:${PYTHONPATH} /usr/bin/python3 -W ignore:setup.py install is deprecated setup.py egg_info --egg-base ../../../../build/turtlebot3_teleop build --build-base /home/student/pepper_ws/build/turtlebot3_teleop/build install --record /home/student/pepper_ws/build/turtlebot3_teleop/install.log --single-version-externally-managed install_data
