[0.049s] Invoking command in '/home/student/pepper_ws/build/turtlebot3_cartographer': CMAKE_PREFIX_PATH=${CMAKE_PREFIX_PATH}:/home/student/ros2_ws/install/turtlebot3_teleop:/home/student/ros2_ws/install/turtlebot3_example:/home/student/ros2_ws/install/nav2_simple_commander:/home/student/ros2_ws/install/autonomous_tb3:/opt/ros/humble /usr/bin/cmake /home/student/pepper_ws/src/turtlebot3/turtlebot3/turtlebot3_cartographer -DAMENT_CMAKE_SYMLINK_INSTALL=1 -DCMAKE_INSTALL_PREFIX=/home/student/pepper_ws/install/turtlebot3_cartographer
[0.197s] -- The C compiler identification is GNU 11.4.0
[0.340s] -- The CXX compiler identification is GNU 11.4.0
[0.352s] -- Detecting C compiler ABI info
[0.534s] -- Detecting C compiler ABI info - done
[0.565s] -- Check for working C compiler: /usr/bin/cc - skipped
[0.565s] -- Detecting C compile features
[0.566s] -- Detecting C compile features - done
[0.571s] -- Detecting CXX compiler ABI info
[0.773s] -- Detecting CXX compiler ABI info - done
[0.789s] -- Check for working CXX compiler: /usr/bin/c++ - skipped
[0.790s] -- Detecting CXX compile features
[0.793s] -- Detecting CXX compile features - done
[0.796s] -- Found ament_cmake: 1.3.10 (/opt/ros/humble/share/ament_cmake/cmake)
[1.121s] -- Found Python3: /usr/bin/python3 (found version "3.10.12") found components: Interpreter 
[1.251s] -- Override CMake install command with custom implementation using symlinks instead of copying resources
[1.446s] -- Configuring done
[1.454s] -- Generating done
[1.454s] -- Build files have been written to: /home/student/pepper_ws/build/turtlebot3_cartographer
[1.466s] Invoked command in '/home/student/pepper_ws/build/turtlebot3_cartographer' returned '0': CMAKE_PREFIX_PATH=${CMAKE_PREFIX_PATH}:/home/student/ros2_ws/install/turtlebot3_teleop:/home/student/ros2_ws/install/turtlebot3_example:/home/student/ros2_ws/install/nav2_simple_commander:/home/student/ros2_ws/install/autonomous_tb3:/opt/ros/humble /usr/bin/cmake /home/student/pepper_ws/src/turtlebot3/turtlebot3/turtlebot3_cartographer -DAMENT_CMAKE_SYMLINK_INSTALL=1 -DCMAKE_INSTALL_PREFIX=/home/student/pepper_ws/install/turtlebot3_cartographer
[1.467s] Invoking command in '/home/student/pepper_ws/build/turtlebot3_cartographer': CMAKE_PREFIX_PATH=${CMAKE_PREFIX_PATH}:/home/student/ros2_ws/install/turtlebot3_teleop:/home/student/ros2_ws/install/turtlebot3_example:/home/student/ros2_ws/install/nav2_simple_commander:/home/student/ros2_ws/install/autonomous_tb3:/opt/ros/humble /usr/bin/cmake --build /home/student/pepper_ws/build/turtlebot3_cartographer -- -j8 -l8
[1.690s] Invoked command in '/home/student/pepper_ws/build/turtlebot3_cartographer' returned '0': CMAKE_PREFIX_PATH=${CMAKE_PREFIX_PATH}:/home/student/ros2_ws/install/turtlebot3_teleop:/home/student/ros2_ws/install/turtlebot3_example:/home/student/ros2_ws/install/nav2_simple_commander:/home/student/ros2_ws/install/autonomous_tb3:/opt/ros/humble /usr/bin/cmake --build /home/student/pepper_ws/build/turtlebot3_cartographer -- -j8 -l8
[1.888s] Invoking command in '/home/student/pepper_ws/build/turtlebot3_cartographer': CMAKE_PREFIX_PATH=${CMAKE_PREFIX_PATH}:/home/student/ros2_ws/install/turtlebot3_teleop:/home/student/ros2_ws/install/turtlebot3_example:/home/student/ros2_ws/install/nav2_simple_commander:/home/student/ros2_ws/install/autonomous_tb3:/opt/ros/humble /usr/bin/cmake --install /home/student/pepper_ws/build/turtlebot3_cartographer
[1.912s] -- Install configuration: ""
[1.912s] -- Execute custom install script
[1.912s] -- Symlinking: /home/student/pepper_ws/install/turtlebot3_cartographer/share/turtlebot3_cartographer/config/turtlebot3_lds_2d.lua
[1.936s] -- Symlinking: /home/student/pepper_ws/install/turtlebot3_cartographer/share/turtlebot3_cartographer/launch/cartographer.launch.py
[1.970s] -- Symlinking: /home/student/pepper_ws/install/turtlebot3_cartographer/share/turtlebot3_cartographer/launch/occupancy_grid.launch.py
[2.002s] -- Symlinking: /home/student/pepper_ws/install/turtlebot3_cartographer/share/turtlebot3_cartographer/rviz/tb3_cartographer.rviz
[2.033s] -- Symlinking: /home/student/pepper_ws/install/turtlebot3_cartographer/share/ament_index/resource_index/package_run_dependencies/turtlebot3_cartographer
[2.070s] -- Symlinking: /home/student/pepper_ws/install/turtlebot3_cartographer/share/ament_index/resource_index/parent_prefix_path/turtlebot3_cartographer
[2.109s] -- Symlinking: /home/student/pepper_ws/install/turtlebot3_cartographer/share/turtlebot3_cartographer/environment/ament_prefix_path.sh
[2.144s] -- Symlinking: /home/student/pepper_ws/install/turtlebot3_cartographer/share/turtlebot3_cartographer/environment/ament_prefix_path.dsv
[2.178s] -- Symlinking: /home/student/pepper_ws/install/turtlebot3_cartographer/share/turtlebot3_cartographer/environment/path.sh
[2.212s] -- Symlinking: /home/student/pepper_ws/install/turtlebot3_cartographer/share/turtlebot3_cartographer/environment/path.dsv
[2.246s] -- Symlinking: /home/student/pepper_ws/install/turtlebot3_cartographer/share/turtlebot3_cartographer/local_setup.bash
[2.274s] -- Symlinking: /home/student/pepper_ws/install/turtlebot3_cartographer/share/turtlebot3_cartographer/local_setup.sh
[2.297s] -- Symlinking: /home/student/pepper_ws/install/turtlebot3_cartographer/share/turtlebot3_cartographer/local_setup.zsh
[2.317s] -- Symlinking: /home/student/pepper_ws/install/turtlebot3_cartographer/share/turtlebot3_cartographer/local_setup.dsv
[2.353s] -- Symlinking: /home/student/pepper_ws/install/turtlebot3_cartographer/share/turtlebot3_cartographer/package.dsv
[2.382s] -- Symlinking: /home/student/pepper_ws/install/turtlebot3_cartographer/share/ament_index/resource_index/packages/turtlebot3_cartographer
[2.397s] -- Symlinking: /home/student/pepper_ws/install/turtlebot3_cartographer/share/turtlebot3_cartographer/cmake/turtlebot3_cartographerConfig.cmake
[2.412s] -- Symlinking: /home/student/pepper_ws/install/turtlebot3_cartographer/share/turtlebot3_cartographer/cmake/turtlebot3_cartographerConfig-version.cmake
[2.449s] -- Symlinking: /home/student/pepper_ws/install/turtlebot3_cartographer/share/turtlebot3_cartographer/package.xml
[2.484s] Invoked command in '/home/student/pepper_ws/build/turtlebot3_cartographer' returned '0': CMAKE_PREFIX_PATH=${CMAKE_PREFIX_PATH}:/home/student/ros2_ws/install/turtlebot3_teleop:/home/student/ros2_ws/install/turtlebot3_example:/home/student/ros2_ws/install/nav2_simple_commander:/home/student/ros2_ws/install/autonomous_tb3:/opt/ros/humble /usr/bin/cmake --install /home/student/pepper_ws/build/turtlebot3_cartographer
