[0.061s] Invoking command in '/home/student/pepper_ws/build/turtlebot3_gazebo': CMAKE_PREFIX_PATH=${CMAKE_PREFIX_PATH}:/home/student/pepper_ws/install/turtlebot3_teleop:/home/student/pepper_ws/install/turtlebot3_example:/home/student/pepper_ws/install/move_pepper:/home/student/ros2_ws/install/turtlebot3_teleop:/home/student/ros2_ws/install/turtlebot3_example:/home/student/ros2_ws/install/nav2_simple_commander:/home/student/ros2_ws/install/autonomous_tb3:/opt/ros/humble /usr/bin/cmake /home/student/pepper_ws/src/turtlebot3/turtlebot3_simulations/turtlebot3_gazebo -DCMAKE_INSTALL_PREFIX=/home/student/pepper_ws/install/turtlebot3_gazebo
[0.495s] -- Found ament_cmake: 1.3.10 (/opt/ros/humble/share/ament_cmake/cmake)
[0.495s] -- Override CMake install command with custom implementation using symlinks instead of copying resources
[0.495s] -- Found DART: /usr/include (Required is at least version "6.6") found components: dart 
[0.496s] [33mCMake Warning (dev) at /usr/share/cmake-3.22/Modules/FindPackageHandleStandardArgs.cmake:438 (message):
[0.496s]   The package name passed to `find_package_handle_standard_args` (PkgConfig)
[0.496s]   does not match the name of the calling package (gazebo).  This can lead to
[0.496s]   problems in calling code that expects `find_package` result variables
[0.496s]   (e.g., `_FOUND`) to follow a certain pattern.
[0.496s] Call Stack (most recent call first):
[0.496s]   /usr/share/cmake-3.22/Modules/FindPkgConfig.cmake:99 (find_package_handle_standard_args)
[0.497s]   /usr/lib/x86_64-linux-gnu/cmake/gazebo/gazebo-config.cmake:72 (include)
[0.497s]   CMakeLists.txt:23 (find_package)
[0.497s] This warning is for project developers.  Use -Wno-dev to suppress it.
[0.497s] [0m
[0.526s] -- Found Protobuf: /usr/lib/x86_64-linux-gnu/libprotobuf.so (found version "3.12.4") 
[0.526s] -- Looking for ignition-math6 -- found version 6.15.1
[0.533s] -- Searching for dependencies of ignition-math6
[0.535s] -- Looking for OGRE...
[0.546s] -- Found Ogre Ghadamon (1.9.0)
[0.547s] -- Found OGRE: optimized;/usr/lib/x86_64-linux-gnu/libOgreMain.so;debug;/usr/lib/x86_64-linux-gnu/libOgreMain.so
[0.567s] -- Looking for OGRE_Paging...
[0.567s] -- Found OGRE_Paging: optimized;/usr/lib/x86_64-linux-gnu/libOgrePaging.so;debug;/usr/lib/x86_64-linux-gnu/libOgrePaging.so
[0.568s] -- Looking for OGRE_Terrain...
[0.568s] -- Found OGRE_Terrain: optimized;/usr/lib/x86_64-linux-gnu/libOgreTerrain.so;debug;/usr/lib/x86_64-linux-gnu/libOgreTerrain.so
[0.568s] -- Looking for OGRE_Property...
[0.568s] -- Found OGRE_Property: optimized;/usr/lib/x86_64-linux-gnu/libOgreProperty.so;debug;/usr/lib/x86_64-linux-gnu/libOgreProperty.so
[0.568s] -- Looking for OGRE_RTShaderSystem...
[0.568s] -- Found OGRE_RTShaderSystem: optimized;/usr/lib/x86_64-linux-gnu/libOgreRTShaderSystem.so;debug;/usr/lib/x86_64-linux-gnu/libOgreRTShaderSystem.so
[0.568s] -- Looking for OGRE_Volume...
[0.568s] -- Found OGRE_Volume: optimized;/usr/lib/x86_64-linux-gnu/libOgreVolume.so;debug;/usr/lib/x86_64-linux-gnu/libOgreVolume.so
[0.569s] -- Looking for OGRE_Overlay...
[0.569s] -- Found OGRE_Overlay: optimized;/usr/lib/x86_64-linux-gnu/libOgreOverlay.so;debug;/usr/lib/x86_64-linux-gnu/libOgreOverlay.so
[1.154s] -- Looking for ignition-math6 -- found version 6.15.1
[1.154s] -- Looking for ignition-transport8 -- found version 8.2.1
[1.154s] -- Searching for dependencies of ignition-transport8
[1.177s] -- Found Protobuf: /usr/lib/x86_64-linux-gnu/libprotobuf.so (found suitable version "3.12.4", minimum required is "3") 
[1.191s] -- Config-file not installed for ZeroMQ -- checking for pkg-config
[1.199s] -- Checking for module 'libzmq >= 4'
[1.231s] --   Found libzmq , version 4.3.4
[1.302s] -- Checking for module 'uuid'
[1.330s] --   Found uuid, version 2.37.2
[1.392s] -- Looking for ignition-msgs5 -- found version 5.8.1
[1.392s] -- Searching for dependencies of ignition-msgs5
[1.426s] -- Looking for ignition-math6 -- found version 6.15.1
[1.435s] -- Checking for module 'tinyxml2'
[1.466s] --   Found tinyxml2, version 9.0.0
[1.528s] -- Looking for ignition-msgs5 -- found version 5.8.1
[1.528s] -- Looking for ignition-common3 -- found version 3.14.0
[1.529s] -- Searching for dependencies of ignition-common3
[1.529s] -- Looking for dlfcn.h - found
[1.529s] -- Looking for libdl - found
[1.550s] -- Searching for <ignition-common3> component [graphics]
[1.551s] -- Looking for ignition-common3-graphics -- found version 3.14.0
[1.551s] -- Searching for dependencies of ignition-common3-graphics
[1.552s] -- Looking for ignition-math6 -- found version 6.15.1
[1.553s] -- Looking for ignition-fuel_tools4 -- found version 4.4.0
[1.554s] -- Searching for dependencies of ignition-fuel_tools4
[1.627s] -- Checking for module 'jsoncpp'
[1.655s] --   Found jsoncpp, version 1.9.5
[1.728s] -- Checking for module 'libzip'
[1.754s] --   Found libzip, version 1.7.3
[1.817s] -- Looking for ignition-common3 -- found version 3.14.0
[1.818s] -- Looking for ignition-math6 -- found version 6.15.1
[1.818s] -- Looking for ignition-msgs5 -- found version 5.8.1
[1.820s] -- Found gazebo_ros_pkgs: 3.7.0 (/opt/ros/humble/share/gazebo_ros_pkgs/cmake)
[1.820s] -- Found geometry_msgs: 4.2.4 (/opt/ros/humble/share/geometry_msgs/cmake)
[1.842s] -- Found rosidl_generator_c: 3.1.5 (/opt/ros/humble/share/rosidl_generator_c/cmake)
[1.845s] -- Found rosidl_adapter: 3.1.5 (/opt/ros/humble/share/rosidl_adapter/cmake)
[1.852s] -- Found rosidl_generator_cpp: 3.1.5 (/opt/ros/humble/share/rosidl_generator_cpp/cmake)
[1.873s] -- Using all available rosidl_typesupport_c: rosidl_typesupport_fastrtps_c;rosidl_typesupport_introspection_c
[1.891s] -- Using all available rosidl_typesupport_cpp: rosidl_typesupport_fastrtps_cpp;rosidl_typesupport_introspection_cpp
[1.959s] -- Found nav_msgs: 4.2.4 (/opt/ros/humble/share/nav_msgs/cmake)
[1.987s] -- Found rclcpp: 16.0.10 (/opt/ros/humble/share/rclcpp/cmake)
[2.035s] -- Found rmw_implementation_cmake: 6.1.2 (/opt/ros/humble/share/rmw_implementation_cmake/cmake)
[2.042s] -- Found rmw_fastrtps_cpp: 6.2.7 (/opt/ros/humble/share/rmw_fastrtps_cpp/cmake)
[2.302s] -- Using RMW implementation 'rmw_fastrtps_cpp' as default
[2.386s] -- Found sensor_msgs: 4.2.4 (/opt/ros/humble/share/sensor_msgs/cmake)
[2.420s] -- Found tf2: 0.25.8 (/opt/ros/humble/share/tf2/cmake)
[2.605s] -- Configuring done
[2.704s] -- Generating done
[2.707s] -- Build files have been written to: /home/student/pepper_ws/build/turtlebot3_gazebo
[2.749s] Invoked command in '/home/student/pepper_ws/build/turtlebot3_gazebo' returned '0': CMAKE_PREFIX_PATH=${CMAKE_PREFIX_PATH}:/home/student/pepper_ws/install/turtlebot3_teleop:/home/student/pepper_ws/install/turtlebot3_example:/home/student/pepper_ws/install/move_pepper:/home/student/ros2_ws/install/turtlebot3_teleop:/home/student/ros2_ws/install/turtlebot3_example:/home/student/ros2_ws/install/nav2_simple_commander:/home/student/ros2_ws/install/autonomous_tb3:/opt/ros/humble /usr/bin/cmake /home/student/pepper_ws/src/turtlebot3/turtlebot3_simulations/turtlebot3_gazebo -DCMAKE_INSTALL_PREFIX=/home/student/pepper_ws/install/turtlebot3_gazebo
[2.750s] Invoking command in '/home/student/pepper_ws/build/turtlebot3_gazebo': CMAKE_PREFIX_PATH=${CMAKE_PREFIX_PATH}:/home/student/pepper_ws/install/turtlebot3_teleop:/home/student/pepper_ws/install/turtlebot3_example:/home/student/pepper_ws/install/move_pepper:/home/student/ros2_ws/install/turtlebot3_teleop:/home/student/ros2_ws/install/turtlebot3_example:/home/student/ros2_ws/install/nav2_simple_commander:/home/student/ros2_ws/install/autonomous_tb3:/opt/ros/humble /usr/bin/cmake --build /home/student/pepper_ws/build/turtlebot3_gazebo -- -j8 -l8
[2.862s] [35m[1mConsolidate compiler generated dependencies of target turtlebot3_drive[0m
[2.865s] [35m[1mConsolidate compiler generated dependencies of target obstacle2[0m
[2.865s] [35m[1mConsolidate compiler generated dependencies of target obstacles[0m
[2.883s] [35m[1mConsolidate compiler generated dependencies of target obstacle1[0m
[2.944s] [ 25%] Built target turtlebot3_drive
[2.978s] [ 50%] Built target obstacles
[2.987s] [ 75%] Built target obstacle1
[2.989s] [100%] Built target obstacle2
[3.013s] Invoked command in '/home/student/pepper_ws/build/turtlebot3_gazebo' returned '0': CMAKE_PREFIX_PATH=${CMAKE_PREFIX_PATH}:/home/student/pepper_ws/install/turtlebot3_teleop:/home/student/pepper_ws/install/turtlebot3_example:/home/student/pepper_ws/install/move_pepper:/home/student/ros2_ws/install/turtlebot3_teleop:/home/student/ros2_ws/install/turtlebot3_example:/home/student/ros2_ws/install/nav2_simple_commander:/home/student/ros2_ws/install/autonomous_tb3:/opt/ros/humble /usr/bin/cmake --build /home/student/pepper_ws/build/turtlebot3_gazebo -- -j8 -l8
[3.176s] Invoking command in '/home/student/pepper_ws/build/turtlebot3_gazebo': CMAKE_PREFIX_PATH=${CMAKE_PREFIX_PATH}:/home/student/pepper_ws/install/turtlebot3_teleop:/home/student/pepper_ws/install/turtlebot3_example:/home/student/pepper_ws/install/move_pepper:/home/student/ros2_ws/install/turtlebot3_teleop:/home/student/ros2_ws/install/turtlebot3_example:/home/student/ros2_ws/install/nav2_simple_commander:/home/student/ros2_ws/install/autonomous_tb3:/opt/ros/humble /usr/bin/cmake --install /home/student/pepper_ws/build/turtlebot3_gazebo
[3.193s] -- Install configuration: ""
[3.194s] -- Execute custom install script
[3.194s] -- Up-to-date symlink: /home/student/pepper_ws/install/turtlebot3_gazebo/lib/turtlebot3_gazebo/turtlebot3_drive
[3.195s] -- Up-to-date symlink: /home/student/pepper_ws/install/turtlebot3_gazebo/share/turtlebot3_gazebo//launch/empty_world.launch.py
[3.195s] -- Up-to-date symlink: /home/student/pepper_ws/install/turtlebot3_gazebo/share/turtlebot3_gazebo//launch/robot_state_publisher.launch.py
[3.195s] -- Up-to-date symlink: /home/student/pepper_ws/install/turtlebot3_gazebo/share/turtlebot3_gazebo//launch/spawn_turtlebot3.launch.py
[3.196s] -- Up-to-date symlink: /home/student/pepper_ws/install/turtlebot3_gazebo/share/turtlebot3_gazebo//launch/turtlebot3_dqn_stage1.launch.py
[3.196s] -- Up-to-date symlink: /home/student/pepper_ws/install/turtlebot3_gazebo/share/turtlebot3_gazebo//launch/turtlebot3_dqn_stage2.launch.py
[3.196s] -- Up-to-date symlink: /home/student/pepper_ws/install/turtlebot3_gazebo/share/turtlebot3_gazebo//launch/turtlebot3_dqn_stage3.launch.py
[3.196s] -- Up-to-date symlink: /home/student/pepper_ws/install/turtlebot3_gazebo/share/turtlebot3_gazebo//launch/turtlebot3_dqn_stage4.launch.py
[3.196s] -- Up-to-date symlink: /home/student/pepper_ws/install/turtlebot3_gazebo/share/turtlebot3_gazebo//launch/turtlebot3_house.launch.py
[3.197s] -- Up-to-date symlink: /home/student/pepper_ws/install/turtlebot3_gazebo/share/turtlebot3_gazebo//launch/turtlebot3_world.launch.py
[3.198s] -- Up-to-date symlink: /home/student/pepper_ws/install/turtlebot3_gazebo/share/turtlebot3_gazebo//models/turtlebot3_burger/model-1_4.sdf
[3.198s] -- Up-to-date symlink: /home/student/pepper_ws/install/turtlebot3_gazebo/share/turtlebot3_gazebo//models/turtlebot3_burger/model.config
[3.198s] -- Up-to-date symlink: /home/student/pepper_ws/install/turtlebot3_gazebo/share/turtlebot3_gazebo//models/turtlebot3_burger/model.sdf
[3.198s] -- Up-to-date symlink: /home/student/pepper_ws/install/turtlebot3_gazebo/share/turtlebot3_gazebo//models/turtlebot3_common/meshes/burger_base.dae
[3.199s] -- Up-to-date symlink: /home/student/pepper_ws/install/turtlebot3_gazebo/share/turtlebot3_gazebo//models/turtlebot3_common/meshes/lds.dae
[3.199s] -- Up-to-date symlink: /home/student/pepper_ws/install/turtlebot3_gazebo/share/turtlebot3_gazebo//models/turtlebot3_common/meshes/r200.dae
[3.199s] -- Up-to-date symlink: /home/student/pepper_ws/install/turtlebot3_gazebo/share/turtlebot3_gazebo//models/turtlebot3_common/meshes/tire.dae
[3.199s] -- Up-to-date symlink: /home/student/pepper_ws/install/turtlebot3_gazebo/share/turtlebot3_gazebo//models/turtlebot3_common/meshes/waffle_base.dae
[3.199s] -- Up-to-date symlink: /home/student/pepper_ws/install/turtlebot3_gazebo/share/turtlebot3_gazebo//models/turtlebot3_common/meshes/waffle_pi_base.dae
[3.201s] -- Up-to-date symlink: /home/student/pepper_ws/install/turtlebot3_gazebo/share/turtlebot3_gazebo//models/turtlebot3_common/model.config
[3.202s] -- Up-to-date symlink: /home/student/pepper_ws/install/turtlebot3_gazebo/share/turtlebot3_gazebo//models/turtlebot3_dqn_world/goal_box/model.config
[3.202s] -- Up-to-date symlink: /home/student/pepper_ws/install/turtlebot3_gazebo/share/turtlebot3_gazebo//models/turtlebot3_dqn_world/goal_box/model.sdf
[3.203s] -- Up-to-date symlink: /home/student/pepper_ws/install/turtlebot3_gazebo/share/turtlebot3_gazebo//models/turtlebot3_dqn_world/inner_walls/model.config
[3.203s] -- Up-to-date symlink: /home/student/pepper_ws/install/turtlebot3_gazebo/share/turtlebot3_gazebo//models/turtlebot3_dqn_world/inner_walls/model.sdf
[3.203s] -- Up-to-date symlink: /home/student/pepper_ws/install/turtlebot3_gazebo/share/turtlebot3_gazebo//models/turtlebot3_dqn_world/model.config
[3.203s] -- Up-to-date symlink: /home/student/pepper_ws/install/turtlebot3_gazebo/share/turtlebot3_gazebo//models/turtlebot3_dqn_world/model.sdf
[3.203s] -- Up-to-date symlink: /home/student/pepper_ws/install/turtlebot3_gazebo/share/turtlebot3_gazebo//models/turtlebot3_dqn_world/obstacle1/model.config
[3.203s] -- Up-to-date symlink: /home/student/pepper_ws/install/turtlebot3_gazebo/share/turtlebot3_gazebo//models/turtlebot3_dqn_world/obstacle1/model.sdf
[3.204s] -- Up-to-date symlink: /home/student/pepper_ws/install/turtlebot3_gazebo/share/turtlebot3_gazebo//models/turtlebot3_dqn_world/obstacle2/model.config
[3.204s] -- Up-to-date symlink: /home/student/pepper_ws/install/turtlebot3_gazebo/share/turtlebot3_gazebo//models/turtlebot3_dqn_world/obstacle2/model.sdf
[3.204s] -- Up-to-date symlink: /home/student/pepper_ws/install/turtlebot3_gazebo/share/turtlebot3_gazebo//models/turtlebot3_dqn_world/obstacle_plugin/CMakeLists.txt
[3.204s] -- Up-to-date symlink: /home/student/pepper_ws/install/turtlebot3_gazebo/share/turtlebot3_gazebo//models/turtlebot3_dqn_world/obstacle_plugin/obstacle1.cc
[3.204s] -- Up-to-date symlink: /home/student/pepper_ws/install/turtlebot3_gazebo/share/turtlebot3_gazebo//models/turtlebot3_dqn_world/obstacle_plugin/obstacle2.cc
[3.204s] -- Up-to-date symlink: /home/student/pepper_ws/install/turtlebot3_gazebo/share/turtlebot3_gazebo//models/turtlebot3_dqn_world/obstacle_plugin/obstacles.cc
[3.204s] -- Up-to-date symlink: /home/student/pepper_ws/install/turtlebot3_gazebo/share/turtlebot3_gazebo//models/turtlebot3_dqn_world/obstacles/model.config
[3.205s] -- Up-to-date symlink: /home/student/pepper_ws/install/turtlebot3_gazebo/share/turtlebot3_gazebo//models/turtlebot3_dqn_world/obstacles/model.sdf
[3.205s] -- Up-to-date symlink: /home/student/pepper_ws/install/turtlebot3_gazebo/share/turtlebot3_gazebo//models/turtlebot3_house/model.config
[3.205s] -- Up-to-date symlink: /home/student/pepper_ws/install/turtlebot3_gazebo/share/turtlebot3_gazebo//models/turtlebot3_house/model.sdf
[3.205s] -- Up-to-date symlink: /home/student/pepper_ws/install/turtlebot3_gazebo/share/turtlebot3_gazebo//models/turtlebot3_waffle/model-1_4.sdf
[3.205s] -- Up-to-date symlink: /home/student/pepper_ws/install/turtlebot3_gazebo/share/turtlebot3_gazebo//models/turtlebot3_waffle/model.config
[3.205s] -- Up-to-date symlink: /home/student/pepper_ws/install/turtlebot3_gazebo/share/turtlebot3_gazebo//models/turtlebot3_waffle/model.sdf
[3.205s] -- Up-to-date symlink: /home/student/pepper_ws/install/turtlebot3_gazebo/share/turtlebot3_gazebo//models/turtlebot3_waffle_pi/model-1_4_.sdf
[3.206s] -- Up-to-date symlink: /home/student/pepper_ws/install/turtlebot3_gazebo/share/turtlebot3_gazebo//models/turtlebot3_waffle_pi/model.config
[3.206s] -- Up-to-date symlink: /home/student/pepper_ws/install/turtlebot3_gazebo/share/turtlebot3_gazebo//models/turtlebot3_waffle_pi/model.sdf
[3.206s] -- Up-to-date symlink: /home/student/pepper_ws/install/turtlebot3_gazebo/share/turtlebot3_gazebo//models/turtlebot3_world/meshes/hexagon.dae
[3.206s] -- Up-to-date symlink: /home/student/pepper_ws/install/turtlebot3_gazebo/share/turtlebot3_gazebo//models/turtlebot3_world/meshes/wall.dae
[3.206s] -- Up-to-date symlink: /home/student/pepper_ws/install/turtlebot3_gazebo/share/turtlebot3_gazebo//models/turtlebot3_world/model-1_4.sdf
[3.206s] -- Up-to-date symlink: /home/student/pepper_ws/install/turtlebot3_gazebo/share/turtlebot3_gazebo//models/turtlebot3_world/model.config
[3.207s] -- Up-to-date symlink: /home/student/pepper_ws/install/turtlebot3_gazebo/share/turtlebot3_gazebo//models/turtlebot3_world/model.sdf
[3.207s] -- Up-to-date symlink: /home/student/pepper_ws/install/turtlebot3_gazebo/share/turtlebot3_gazebo//rviz/tb3_gazebo.rviz
[3.207s] -- Up-to-date symlink: /home/student/pepper_ws/install/turtlebot3_gazebo/share/turtlebot3_gazebo//urdf/common_properties.urdf
[3.208s] -- Up-to-date symlink: /home/student/pepper_ws/install/turtlebot3_gazebo/share/turtlebot3_gazebo//urdf/turtlebot3_burger.urdf
[3.208s] -- Up-to-date symlink: /home/student/pepper_ws/install/turtlebot3_gazebo/share/turtlebot3_gazebo//urdf/turtlebot3_waffle.urdf
[3.208s] -- Up-to-date symlink: /home/student/pepper_ws/install/turtlebot3_gazebo/share/turtlebot3_gazebo//urdf/turtlebot3_waffle_pi.urdf
[3.208s] -- Up-to-date symlink: /home/student/pepper_ws/install/turtlebot3_gazebo/share/turtlebot3_gazebo//worlds/empty_world.world
[3.208s] -- Up-to-date symlink: /home/student/pepper_ws/install/turtlebot3_gazebo/share/turtlebot3_gazebo//worlds/turtlebot3_dqn_stage1.world
[3.209s] -- Up-to-date symlink: /home/student/pepper_ws/install/turtlebot3_gazebo/share/turtlebot3_gazebo//worlds/turtlebot3_dqn_stage2.world
[3.209s] -- Up-to-date symlink: /home/student/pepper_ws/install/turtlebot3_gazebo/share/turtlebot3_gazebo//worlds/turtlebot3_dqn_stage3.world
[3.209s] -- Up-to-date symlink: /home/student/pepper_ws/install/turtlebot3_gazebo/share/turtlebot3_gazebo//worlds/turtlebot3_dqn_stage4.world
[3.209s] -- Up-to-date symlink: /home/student/pepper_ws/install/turtlebot3_gazebo/share/turtlebot3_gazebo//worlds/turtlebot3_house.world
[3.209s] -- Up-to-date symlink: /home/student/pepper_ws/install/turtlebot3_gazebo/share/turtlebot3_gazebo//worlds/turtlebot3_world.world
[3.209s] -- Up-to-date symlink: /home/student/pepper_ws/install/turtlebot3_gazebo/include//turtlebot3_gazebo/turtlebot3_drive.hpp
[3.209s] -- Up-to-date symlink: /home/student/pepper_ws/install/turtlebot3_gazebo/share/ament_index/resource_index/package_run_dependencies/turtlebot3_gazebo
[3.210s] -- Up-to-date symlink: /home/student/pepper_ws/install/turtlebot3_gazebo/share/ament_index/resource_index/parent_prefix_path/turtlebot3_gazebo
[3.210s] -- Up-to-date symlink: /home/student/pepper_ws/install/turtlebot3_gazebo/share/turtlebot3_gazebo/environment/ament_prefix_path.sh
[3.210s] -- Up-to-date symlink: /home/student/pepper_ws/install/turtlebot3_gazebo/share/turtlebot3_gazebo/environment/ament_prefix_path.dsv
[3.210s] -- Up-to-date symlink: /home/student/pepper_ws/install/turtlebot3_gazebo/share/turtlebot3_gazebo/environment/path.sh
[3.210s] -- Up-to-date symlink: /home/student/pepper_ws/install/turtlebot3_gazebo/share/turtlebot3_gazebo/environment/path.dsv
[3.211s] -- Up-to-date symlink: /home/student/pepper_ws/install/turtlebot3_gazebo/share/turtlebot3_gazebo/local_setup.bash
[3.211s] -- Up-to-date symlink: /home/student/pepper_ws/install/turtlebot3_gazebo/share/turtlebot3_gazebo/local_setup.sh
[3.211s] -- Up-to-date symlink: /home/student/pepper_ws/install/turtlebot3_gazebo/share/turtlebot3_gazebo/local_setup.zsh
[3.212s] -- Up-to-date symlink: /home/student/pepper_ws/install/turtlebot3_gazebo/share/turtlebot3_gazebo/local_setup.dsv
[3.212s] -- Symlinking: /home/student/pepper_ws/install/turtlebot3_gazebo/share/turtlebot3_gazebo/package.dsv
[3.233s] -- Up-to-date symlink: /home/student/pepper_ws/install/turtlebot3_gazebo/share/ament_index/resource_index/packages/turtlebot3_gazebo
[3.234s] -- Up-to-date symlink: /home/student/pepper_ws/install/turtlebot3_gazebo/share/turtlebot3_gazebo/cmake/ament_cmake_export_include_directories-extras.cmake
[3.235s] -- Up-to-date symlink: /home/student/pepper_ws/install/turtlebot3_gazebo/share/turtlebot3_gazebo/cmake/ament_cmake_export_dependencies-extras.cmake
[3.235s] -- Up-to-date symlink: /home/student/pepper_ws/install/turtlebot3_gazebo/share/turtlebot3_gazebo/cmake/turtlebot3_gazeboConfig.cmake
[3.235s] -- Up-to-date symlink: /home/student/pepper_ws/install/turtlebot3_gazebo/share/turtlebot3_gazebo/cmake/turtlebot3_gazeboConfig-version.cmake
[3.235s] -- Up-to-date symlink: /home/student/pepper_ws/install/turtlebot3_gazebo/share/turtlebot3_gazebo/package.xml
[3.239s] Invoked command in '/home/student/pepper_ws/build/turtlebot3_gazebo' returned '0': CMAKE_PREFIX_PATH=${CMAKE_PREFIX_PATH}:/home/student/pepper_ws/install/turtlebot3_teleop:/home/student/pepper_ws/install/turtlebot3_example:/home/student/pepper_ws/install/move_pepper:/home/student/ros2_ws/install/turtlebot3_teleop:/home/student/ros2_ws/install/turtlebot3_example:/home/student/ros2_ws/install/nav2_simple_commander:/home/student/ros2_ws/install/autonomous_tb3:/opt/ros/humble /usr/bin/cmake --install /home/student/pepper_ws/build/turtlebot3_gazebo
