[1.197s] Invoking command in '/home/student/pepper_ws/build/turtlebot3_example': AMENT_PREFIX_PATH=/home/student/pepper_ws/install/turtlebot3_msgs:${AMENT_PREFIX_PATH} CMAKE_PREFIX_PATH=/home/student/pepper_ws/install/turtlebot3_msgs:${CMAKE_PREFIX_PATH} LD_LIBRARY_PATH=/home/student/pepper_ws/install/turtlebot3_msgs/lib:/home/student/ros2_ws/install/turtlesim/lib:/home/student/ros2_ws/install/turtlebot3_msgs/lib:/home/student/ros2_ws/install/nav2_smoother/lib:/home/student/ros2_ws/install/nav2_graceful_controller/lib:/home/student/ros2_ws/install/nav2_controller/lib:/home/student/ros2_ws/install/dwb_plugins/lib:/home/student/ros2_ws/install/dwb_critics/lib:/home/student/ros2_ws/install/dwb_core/lib:/home/student/ros2_ws/install/nav_2d_utils/lib:/home/student/ros2_ws/install/dwb_msgs/lib:/home/student/ros2_ws/install/nav_2d_msgs/lib:/home/student/ros2_ws/install/nav2_waypoint_follower/lib:/home/student/ros2_ws/install/nav2_theta_star_planner/lib:/home/student/ros2_ws/install/nav2_smac_planner/lib:/home/student/ros2_ws/install/nav2_rotation_shim_controller/lib:/home/student/ros2_ws/install/nav2_regulated_pure_pursuit_controller/lib:/home/student/ros2_ws/install/nav2_planner/lib:/home/student/ros2_ws/install/nav2_navfn_planner/lib:/home/student/ros2_ws/install/nav2_mppi_controller/lib:/home/student/ros2_ws/install/nav2_constrained_smoother/lib:/home/student/ros2_ws/install/nav2_bt_navigator/lib:/home/student/ros2_ws/install/nav2_behaviors/lib:/home/student/ros2_ws/install/nav2_collision_monitor/lib:/home/student/ros2_ws/install/costmap_queue/lib:/home/student/ros2_ws/install/nav2_costmap_2d/lib:/home/student/ros2_ws/install/nav2_voxel_grid/lib:/home/student/ros2_ws/install/nav2_velocity_smoother/lib:/home/student/ros2_ws/install/nav2_rviz_plugins/lib:/home/student/ros2_ws/install/nav2_map_server/lib:/home/student/ros2_ws/install/nav2_lifecycle_manager/lib:/home/student/ros2_ws/install/nav2_behavior_tree/lib:/home/student/ros2_ws/install/nav2_amcl/lib:/home/student/ros2_ws/install/nav2_util/lib:/home/student/ros2_ws/install/nav2_msgs/lib:/home/student/ros2_ws/install/gazebo_map_creator/lib:/home/student/ros2_ws/install/gazebo_map_creator_interface/lib:/home/student/ros2_ws/install/dynamixel_sdk_custom_interfaces/lib:/home/student/ros2_ws/install/dynamixel_sdk/lib:/usr/lib/x86_64-linux-gnu/gazebo-11/plugins:/opt/ros/humble/opt/rviz_ogre_vendor/lib:/opt/ros/humble/lib/x86_64-linux-gnu:/opt/ros/humble/lib:/usr/lib/x86_64-linux-gnu/gazebo-11/plugins:/usr/lib/x86_64-linux-gnu/gazebo-11/plugins:/usr/lib/x86_64-linux-gnu/gazebo-11/plugins PYTHONPATH=/home/student/pepper_ws/build/turtlebot3_example/prefix_override:/usr/lib/python3/dist-packages/colcon_core/task/python/colcon_distutils_commands:/home/student/pepper_ws/install/turtlebot3_example/lib/python3.10/site-packages:/home/student/pepper_ws/install/turtlebot3_msgs/local/lib/python3.10/dist-packages:${PYTHONPATH} /usr/bin/python3 -W ignore:setup.py install is deprecated setup.py develop --editable --build-directory /home/student/pepper_ws/build/turtlebot3_example/build --no-deps symlink_data
[1.706s] running develop
[1.706s] /usr/lib/python3/dist-packages/setuptools/command/easy_install.py:158: EasyInstallDeprecationWarning: easy_install command is deprecated. Use build and pip and other standards-based tools.
[1.706s]   warnings.warn(
[2.067s] running egg_info
[2.067s] creating turtlebot3_example.egg-info
[2.068s] writing turtlebot3_example.egg-info/PKG-INFO
[2.068s] writing dependency_links to turtlebot3_example.egg-info/dependency_links.txt
[2.070s] writing entry points to turtlebot3_example.egg-info/entry_points.txt
[2.070s] writing requirements to turtlebot3_example.egg-info/requires.txt
[2.070s] writing top-level names to turtlebot3_example.egg-info/top_level.txt
[2.071s] writing manifest file 'turtlebot3_example.egg-info/SOURCES.txt'
[2.074s] reading manifest file 'turtlebot3_example.egg-info/SOURCES.txt'
[2.075s] writing manifest file 'turtlebot3_example.egg-info/SOURCES.txt'
[2.078s] running build_ext
[2.078s] Creating /home/student/pepper_ws/install/turtlebot3_example/lib/python3.10/site-packages/turtlebot3-example.egg-link (link to .)
[2.082s] Installing turtlebot3_obstacle_detection script to /home/student/pepper_ws/install/turtlebot3_example/lib/turtlebot3_example
[2.082s] Installing turtlebot3_patrol_client script to /home/student/pepper_ws/install/turtlebot3_example/lib/turtlebot3_example
[2.082s] Installing turtlebot3_patrol_server script to /home/student/pepper_ws/install/turtlebot3_example/lib/turtlebot3_example
[2.083s] Installing turtlebot3_position_control script to /home/student/pepper_ws/install/turtlebot3_example/lib/turtlebot3_example
[2.083s] 
[2.083s] Installed /home/student/pepper_ws/build/turtlebot3_example
[2.083s] running symlink_data
[2.083s] creating /home/student/pepper_ws/install/turtlebot3_example/share/ament_index
[2.083s] creating /home/student/pepper_ws/install/turtlebot3_example/share/ament_index/resource_index
[2.083s] creating /home/student/pepper_ws/install/turtlebot3_example/share/ament_index/resource_index/packages
[2.083s] symbolically linking /home/student/pepper_ws/build/turtlebot3_example/resource/turtlebot3_example -> /home/student/pepper_ws/install/turtlebot3_example/share/ament_index/resource_index/packages
[2.084s] symbolically linking /home/student/pepper_ws/build/turtlebot3_example/package.xml -> /home/student/pepper_ws/install/turtlebot3_example/share/turtlebot3_example
[2.130s] Invoked command in '/home/student/pepper_ws/build/turtlebot3_example' returned '0': AMENT_PREFIX_PATH=/home/student/pepper_ws/install/turtlebot3_msgs:${AMENT_PREFIX_PATH} CMAKE_PREFIX_PATH=/home/student/pepper_ws/install/turtlebot3_msgs:${CMAKE_PREFIX_PATH} LD_LIBRARY_PATH=/home/student/pepper_ws/install/turtlebot3_msgs/lib:/home/student/ros2_ws/install/turtlesim/lib:/home/student/ros2_ws/install/turtlebot3_msgs/lib:/home/student/ros2_ws/install/nav2_smoother/lib:/home/student/ros2_ws/install/nav2_graceful_controller/lib:/home/student/ros2_ws/install/nav2_controller/lib:/home/student/ros2_ws/install/dwb_plugins/lib:/home/student/ros2_ws/install/dwb_critics/lib:/home/student/ros2_ws/install/dwb_core/lib:/home/student/ros2_ws/install/nav_2d_utils/lib:/home/student/ros2_ws/install/dwb_msgs/lib:/home/student/ros2_ws/install/nav_2d_msgs/lib:/home/student/ros2_ws/install/nav2_waypoint_follower/lib:/home/student/ros2_ws/install/nav2_theta_star_planner/lib:/home/student/ros2_ws/install/nav2_smac_planner/lib:/home/student/ros2_ws/install/nav2_rotation_shim_controller/lib:/home/student/ros2_ws/install/nav2_regulated_pure_pursuit_controller/lib:/home/student/ros2_ws/install/nav2_planner/lib:/home/student/ros2_ws/install/nav2_navfn_planner/lib:/home/student/ros2_ws/install/nav2_mppi_controller/lib:/home/student/ros2_ws/install/nav2_constrained_smoother/lib:/home/student/ros2_ws/install/nav2_bt_navigator/lib:/home/student/ros2_ws/install/nav2_behaviors/lib:/home/student/ros2_ws/install/nav2_collision_monitor/lib:/home/student/ros2_ws/install/costmap_queue/lib:/home/student/ros2_ws/install/nav2_costmap_2d/lib:/home/student/ros2_ws/install/nav2_voxel_grid/lib:/home/student/ros2_ws/install/nav2_velocity_smoother/lib:/home/student/ros2_ws/install/nav2_rviz_plugins/lib:/home/student/ros2_ws/install/nav2_map_server/lib:/home/student/ros2_ws/install/nav2_lifecycle_manager/lib:/home/student/ros2_ws/install/nav2_behavior_tree/lib:/home/student/ros2_ws/install/nav2_amcl/lib:/home/student/ros2_ws/install/nav2_util/lib:/home/student/ros2_ws/install/nav2_msgs/lib:/home/student/ros2_ws/install/gazebo_map_creator/lib:/home/student/ros2_ws/install/gazebo_map_creator_interface/lib:/home/student/ros2_ws/install/dynamixel_sdk_custom_interfaces/lib:/home/student/ros2_ws/install/dynamixel_sdk/lib:/usr/lib/x86_64-linux-gnu/gazebo-11/plugins:/opt/ros/humble/opt/rviz_ogre_vendor/lib:/opt/ros/humble/lib/x86_64-linux-gnu:/opt/ros/humble/lib:/usr/lib/x86_64-linux-gnu/gazebo-11/plugins:/usr/lib/x86_64-linux-gnu/gazebo-11/plugins:/usr/lib/x86_64-linux-gnu/gazebo-11/plugins PYTHONPATH=/home/student/pepper_ws/build/turtlebot3_example/prefix_override:/usr/lib/python3/dist-packages/colcon_core/task/python/colcon_distutils_commands:/home/student/pepper_ws/install/turtlebot3_example/lib/python3.10/site-packages:/home/student/pepper_ws/install/turtlebot3_msgs/local/lib/python3.10/dist-packages:${PYTHONPATH} /usr/bin/python3 -W ignore:setup.py install is deprecated setup.py develop --editable --build-directory /home/student/pepper_ws/build/turtlebot3_example/build --no-deps symlink_data
