[0.094s] Invoking command in '/home/student/pepper_ws/build/hls_lfcd_lds_driver': CMAKE_PREFIX_PATH=${CMAKE_PREFIX_PATH}:/home/student/pepper_ws/install/turtlebot3_teleop:/home/student/pepper_ws/install/turtlebot3_example:/home/student/pepper_ws/install/move_pepper:/home/student/ros2_ws/install/autonomous_tb3:/opt/ros/humble /usr/bin/cmake --build /home/student/pepper_ws/build/hls_lfcd_lds_driver -- -j8 -l8
[0.378s] [100%] Built target hlds_laser_publisher
[0.527s] Invoked command in '/home/student/pepper_ws/build/hls_lfcd_lds_driver' returned '0': CMAKE_PREFIX_PATH=${CMAKE_PREFIX_PATH}:/home/student/pepper_ws/install/turtlebot3_teleop:/home/student/pepper_ws/install/turtlebot3_example:/home/student/pepper_ws/install/move_pepper:/home/student/ros2_ws/install/autonomous_tb3:/opt/ros/humble /usr/bin/cmake --build /home/student/pepper_ws/build/hls_lfcd_lds_driver -- -j8 -l8
[0.703s] Invoking command in '/home/student/pepper_ws/build/hls_lfcd_lds_driver': CMAKE_PREFIX_PATH=${CMAKE_PREFIX_PATH}:/home/student/pepper_ws/install/turtlebot3_teleop:/home/student/pepper_ws/install/turtlebot3_example:/home/student/pepper_ws/install/move_pepper:/home/student/ros2_ws/install/autonomous_tb3:/opt/ros/humble /usr/bin/cmake --install /home/student/pepper_ws/build/hls_lfcd_lds_driver
[1.360s] -- Install configuration: ""
[1.361s] -- Up-to-date: /home/student/pepper_ws/install/hls_lfcd_lds_driver/share/hls_lfcd_lds_driver/launch
[1.361s] -- Up-to-date: /home/student/pepper_ws/install/hls_lfcd_lds_driver/share/hls_lfcd_lds_driver/launch/hlds_laser.launch.py
[1.361s] -- Up-to-date: /home/student/pepper_ws/install/hls_lfcd_lds_driver/share/hls_lfcd_lds_driver/launch/view_hlds_laser.launch.py
[1.361s] -- Up-to-date: /home/student/pepper_ws/install/hls_lfcd_lds_driver/share/hls_lfcd_lds_driver/rviz
[1.361s] -- Up-to-date: /home/student/pepper_ws/install/hls_lfcd_lds_driver/share/hls_lfcd_lds_driver/rviz/hlds_laser.rviz
[1.361s] -- Up-to-date: /home/student/pepper_ws/install/hls_lfcd_lds_driver/lib/hls_lfcd_lds_driver/hlds_laser_publisher
[1.361s] -- Up-to-date: /home/student/pepper_ws/install/hls_lfcd_lds_driver/share/ament_index/resource_index/package_run_dependencies/hls_lfcd_lds_driver
[1.361s] -- Up-to-date: /home/student/pepper_ws/install/hls_lfcd_lds_driver/share/ament_index/resource_index/parent_prefix_path/hls_lfcd_lds_driver
[1.362s] -- Up-to-date: /home/student/pepper_ws/install/hls_lfcd_lds_driver/share/hls_lfcd_lds_driver/environment/ament_prefix_path.sh
[1.363s] -- Up-to-date: /home/student/pepper_ws/install/hls_lfcd_lds_driver/share/hls_lfcd_lds_driver/environment/ament_prefix_path.dsv
[1.363s] -- Up-to-date: /home/student/pepper_ws/install/hls_lfcd_lds_driver/share/hls_lfcd_lds_driver/environment/path.sh
[1.364s] -- Up-to-date: /home/student/pepper_ws/install/hls_lfcd_lds_driver/share/hls_lfcd_lds_driver/environment/path.dsv
[1.364s] -- Up-to-date: /home/student/pepper_ws/install/hls_lfcd_lds_driver/share/hls_lfcd_lds_driver/local_setup.bash
[1.367s] -- Up-to-date: /home/student/pepper_ws/install/hls_lfcd_lds_driver/share/hls_lfcd_lds_driver/local_setup.sh
[1.367s] -- Up-to-date: /home/student/pepper_ws/install/hls_lfcd_lds_driver/share/hls_lfcd_lds_driver/local_setup.zsh
[1.368s] -- Up-to-date: /home/student/pepper_ws/install/hls_lfcd_lds_driver/share/hls_lfcd_lds_driver/local_setup.dsv
[1.368s] -- Installing: /home/student/pepper_ws/install/hls_lfcd_lds_driver/share/hls_lfcd_lds_driver/package.dsv
[1.368s] -- Up-to-date: /home/student/pepper_ws/install/hls_lfcd_lds_driver/share/ament_index/resource_index/packages/hls_lfcd_lds_driver
[1.368s] -- Up-to-date: /home/student/pepper_ws/install/hls_lfcd_lds_driver/share/hls_lfcd_lds_driver/cmake/ament_cmake_export_dependencies-extras.cmake
[1.368s] -- Up-to-date: /home/student/pepper_ws/install/hls_lfcd_lds_driver/share/hls_lfcd_lds_driver/cmake/ament_cmake_export_include_directories-extras.cmake
[1.368s] -- Up-to-date: /home/student/pepper_ws/install/hls_lfcd_lds_driver/share/hls_lfcd_lds_driver/cmake/hls_lfcd_lds_driverConfig.cmake
[1.368s] -- Up-to-date: /home/student/pepper_ws/install/hls_lfcd_lds_driver/share/hls_lfcd_lds_driver/cmake/hls_lfcd_lds_driverConfig-version.cmake
[1.368s] -- Up-to-date: /home/student/pepper_ws/install/hls_lfcd_lds_driver/share/hls_lfcd_lds_driver/package.xml
[1.416s] Invoked command in '/home/student/pepper_ws/build/hls_lfcd_lds_driver' returned '0': CMAKE_PREFIX_PATH=${CMAKE_PREFIX_PATH}:/home/student/pepper_ws/install/turtlebot3_teleop:/home/student/pepper_ws/install/turtlebot3_example:/home/student/pepper_ws/install/move_pepper:/home/student/ros2_ws/install/autonomous_tb3:/opt/ros/humble /usr/bin/cmake --install /home/student/pepper_ws/build/hls_lfcd_lds_driver
