[0.180s] Invoking command in '/home/student/pepper_ws/build/turtlebot3_gazebo': CMAKE_PREFIX_PATH=${CMAKE_PREFIX_PATH}:/home/student/pepper_ws/install/turtlebot3_teleop:/home/student/pepper_ws/install/turtlebot3_example:/home/student/pepper_ws/install/move_pepper:/home/student/ros2_ws/install/autonomous_tb3:/opt/ros/humble /usr/bin/cmake --build /home/student/pepper_ws/build/turtlebot3_gazebo -- -j8 -l8
[0.411s] [ 25%] Built target turtlebot3_drive
[0.615s] [ 50%] Built target obstacles
[0.765s] [ 75%] Built target obstacle2
[0.935s] [100%] Built target obstacle1
[1.716s] Invoked command in '/home/student/pepper_ws/build/turtlebot3_gazebo' returned '0': CMAKE_PREFIX_PATH=${CMAKE_PREFIX_PATH}:/home/student/pepper_ws/install/turtlebot3_teleop:/home/student/pepper_ws/install/turtlebot3_example:/home/student/pepper_ws/install/move_pepper:/home/student/ros2_ws/install/autonomous_tb3:/opt/ros/humble /usr/bin/cmake --build /home/student/pepper_ws/build/turtlebot3_gazebo -- -j8 -l8
[2.789s] Invoking command in '/home/student/pepper_ws/build/turtlebot3_gazebo': CMAKE_PREFIX_PATH=${CMAKE_PREFIX_PATH}:/home/student/pepper_ws/install/turtlebot3_teleop:/home/student/pepper_ws/install/turtlebot3_example:/home/student/pepper_ws/install/move_pepper:/home/student/ros2_ws/install/autonomous_tb3:/opt/ros/humble /usr/bin/cmake --install /home/student/pepper_ws/build/turtlebot3_gazebo
[2.886s] -- Install configuration: ""
[2.892s] -- Execute custom install script
[2.904s] -- Up-to-date symlink: /home/student/pepper_ws/install/turtlebot3_gazebo/lib/turtlebot3_gazebo/turtlebot3_drive
[2.904s] -- Up-to-date symlink: /home/student/pepper_ws/install/turtlebot3_gazebo/share/turtlebot3_gazebo//launch/empty_world.launch.py
[2.904s] -- Up-to-date symlink: /home/student/pepper_ws/install/turtlebot3_gazebo/share/turtlebot3_gazebo//launch/robot_state_publisher.launch.py
[2.905s] -- Up-to-date symlink: /home/student/pepper_ws/install/turtlebot3_gazebo/share/turtlebot3_gazebo//launch/spawn_turtlebot3.launch.py
[2.905s] -- Up-to-date symlink: /home/student/pepper_ws/install/turtlebot3_gazebo/share/turtlebot3_gazebo//launch/turtlebot3_dqn_stage1.launch.py
[2.905s] -- Up-to-date symlink: /home/student/pepper_ws/install/turtlebot3_gazebo/share/turtlebot3_gazebo//launch/turtlebot3_dqn_stage2.launch.py
[2.906s] -- Up-to-date symlink: /home/student/pepper_ws/install/turtlebot3_gazebo/share/turtlebot3_gazebo//launch/turtlebot3_dqn_stage3.launch.py
[2.907s] -- Up-to-date symlink: /home/student/pepper_ws/install/turtlebot3_gazebo/share/turtlebot3_gazebo//launch/turtlebot3_dqn_stage4.launch.py
[2.908s] -- Up-to-date symlink: /home/student/pepper_ws/install/turtlebot3_gazebo/share/turtlebot3_gazebo//launch/turtlebot3_house.launch.py
[2.910s] -- Up-to-date symlink: /home/student/pepper_ws/install/turtlebot3_gazebo/share/turtlebot3_gazebo//launch/turtlebot3_world.launch.py
[2.914s] -- Up-to-date symlink: /home/student/pepper_ws/install/turtlebot3_gazebo/share/turtlebot3_gazebo//models/turtlebot3_burger/model-1_4.sdf
[2.915s] -- Up-to-date symlink: /home/student/pepper_ws/install/turtlebot3_gazebo/share/turtlebot3_gazebo//models/turtlebot3_burger/model.config
[2.915s] -- Up-to-date symlink: /home/student/pepper_ws/install/turtlebot3_gazebo/share/turtlebot3_gazebo//models/turtlebot3_burger/model.sdf
[2.915s] -- Up-to-date symlink: /home/student/pepper_ws/install/turtlebot3_gazebo/share/turtlebot3_gazebo//models/turtlebot3_common/meshes/burger_base.dae
[2.915s] -- Up-to-date symlink: /home/student/pepper_ws/install/turtlebot3_gazebo/share/turtlebot3_gazebo//models/turtlebot3_common/meshes/lds.dae
[2.918s] -- Up-to-date symlink: /home/student/pepper_ws/install/turtlebot3_gazebo/share/turtlebot3_gazebo//models/turtlebot3_common/meshes/r200.dae
[2.919s] -- Up-to-date symlink: /home/student/pepper_ws/install/turtlebot3_gazebo/share/turtlebot3_gazebo//models/turtlebot3_common/meshes/tire.dae
[2.921s] -- Up-to-date symlink: /home/student/pepper_ws/install/turtlebot3_gazebo/share/turtlebot3_gazebo//models/turtlebot3_common/meshes/waffle_base.dae
[2.921s] -- Up-to-date symlink: /home/student/pepper_ws/install/turtlebot3_gazebo/share/turtlebot3_gazebo//models/turtlebot3_common/meshes/waffle_pi_base.dae
[2.922s] -- Up-to-date symlink: /home/student/pepper_ws/install/turtlebot3_gazebo/share/turtlebot3_gazebo//models/turtlebot3_common/model.config
[2.922s] -- Up-to-date symlink: /home/student/pepper_ws/install/turtlebot3_gazebo/share/turtlebot3_gazebo//models/turtlebot3_dqn_world/goal_box/model.config
[2.924s] -- Up-to-date symlink: /home/student/pepper_ws/install/turtlebot3_gazebo/share/turtlebot3_gazebo//models/turtlebot3_dqn_world/goal_box/model.sdf
[2.924s] -- Up-to-date symlink: /home/student/pepper_ws/install/turtlebot3_gazebo/share/turtlebot3_gazebo//models/turtlebot3_dqn_world/inner_walls/model.config
[2.927s] -- Up-to-date symlink: /home/student/pepper_ws/install/turtlebot3_gazebo/share/turtlebot3_gazebo//models/turtlebot3_dqn_world/inner_walls/model.sdf
[2.930s] -- Up-to-date symlink: /home/student/pepper_ws/install/turtlebot3_gazebo/share/turtlebot3_gazebo//models/turtlebot3_dqn_world/model.config
[2.931s] -- Up-to-date symlink: /home/student/pepper_ws/install/turtlebot3_gazebo/share/turtlebot3_gazebo//models/turtlebot3_dqn_world/model.sdf
[2.931s] -- Up-to-date symlink: /home/student/pepper_ws/install/turtlebot3_gazebo/share/turtlebot3_gazebo//models/turtlebot3_dqn_world/obstacle1/model.config
[2.931s] -- Up-to-date symlink: /home/student/pepper_ws/install/turtlebot3_gazebo/share/turtlebot3_gazebo//models/turtlebot3_dqn_world/obstacle1/model.sdf
[2.932s] -- Up-to-date symlink: /home/student/pepper_ws/install/turtlebot3_gazebo/share/turtlebot3_gazebo//models/turtlebot3_dqn_world/obstacle2/model.config
[2.932s] -- Up-to-date symlink: /home/student/pepper_ws/install/turtlebot3_gazebo/share/turtlebot3_gazebo//models/turtlebot3_dqn_world/obstacle2/model.sdf
[2.932s] -- Up-to-date symlink: /home/student/pepper_ws/install/turtlebot3_gazebo/share/turtlebot3_gazebo//models/turtlebot3_dqn_world/obstacle_plugin/CMakeLists.txt
[2.933s] -- Up-to-date symlink: /home/student/pepper_ws/install/turtlebot3_gazebo/share/turtlebot3_gazebo//models/turtlebot3_dqn_world/obstacle_plugin/obstacle1.cc
[2.946s] -- Up-to-date symlink: /home/student/pepper_ws/install/turtlebot3_gazebo/share/turtlebot3_gazebo//models/turtlebot3_dqn_world/obstacle_plugin/obstacle2.cc
[2.947s] -- Up-to-date symlink: /home/student/pepper_ws/install/turtlebot3_gazebo/share/turtlebot3_gazebo//models/turtlebot3_dqn_world/obstacle_plugin/obstacles.cc
[2.947s] -- Up-to-date symlink: /home/student/pepper_ws/install/turtlebot3_gazebo/share/turtlebot3_gazebo//models/turtlebot3_dqn_world/obstacles/model.config
[2.947s] -- Up-to-date symlink: /home/student/pepper_ws/install/turtlebot3_gazebo/share/turtlebot3_gazebo//models/turtlebot3_dqn_world/obstacles/model.sdf
[2.947s] -- Up-to-date symlink: /home/student/pepper_ws/install/turtlebot3_gazebo/share/turtlebot3_gazebo//models/turtlebot3_house/model.config
[2.947s] -- Up-to-date symlink: /home/student/pepper_ws/install/turtlebot3_gazebo/share/turtlebot3_gazebo//models/turtlebot3_house/model.sdf
[2.947s] -- Up-to-date symlink: /home/student/pepper_ws/install/turtlebot3_gazebo/share/turtlebot3_gazebo//models/turtlebot3_waffle/model-1_4.sdf
[2.947s] -- Up-to-date symlink: /home/student/pepper_ws/install/turtlebot3_gazebo/share/turtlebot3_gazebo//models/turtlebot3_waffle/model.config
[2.948s] -- Up-to-date symlink: /home/student/pepper_ws/install/turtlebot3_gazebo/share/turtlebot3_gazebo//models/turtlebot3_waffle/model.sdf
[2.948s] -- Up-to-date symlink: /home/student/pepper_ws/install/turtlebot3_gazebo/share/turtlebot3_gazebo//models/turtlebot3_waffle_pi/model-1_4_.sdf
[2.948s] -- Up-to-date symlink: /home/student/pepper_ws/install/turtlebot3_gazebo/share/turtlebot3_gazebo//models/turtlebot3_waffle_pi/model.config
[2.948s] -- Up-to-date symlink: /home/student/pepper_ws/install/turtlebot3_gazebo/share/turtlebot3_gazebo//models/turtlebot3_waffle_pi/model.sdf
[2.948s] -- Up-to-date symlink: /home/student/pepper_ws/install/turtlebot3_gazebo/share/turtlebot3_gazebo//models/turtlebot3_world/meshes/hexagon.dae
[2.959s] -- Up-to-date symlink: /home/student/pepper_ws/install/turtlebot3_gazebo/share/turtlebot3_gazebo//models/turtlebot3_world/meshes/wall.dae
[2.959s] -- Up-to-date symlink: /home/student/pepper_ws/install/turtlebot3_gazebo/share/turtlebot3_gazebo//models/turtlebot3_world/model-1_4.sdf
[2.960s] -- Up-to-date symlink: /home/student/pepper_ws/install/turtlebot3_gazebo/share/turtlebot3_gazebo//models/turtlebot3_world/model.config
[2.960s] -- Up-to-date symlink: /home/student/pepper_ws/install/turtlebot3_gazebo/share/turtlebot3_gazebo//models/turtlebot3_world/model.sdf
[2.960s] -- Up-to-date symlink: /home/student/pepper_ws/install/turtlebot3_gazebo/share/turtlebot3_gazebo//rviz/tb3_gazebo.rviz
[2.960s] -- Up-to-date symlink: /home/student/pepper_ws/install/turtlebot3_gazebo/share/turtlebot3_gazebo//urdf/common_properties.urdf
[2.967s] -- Up-to-date symlink: /home/student/pepper_ws/install/turtlebot3_gazebo/share/turtlebot3_gazebo//urdf/turtlebot3_burger.urdf
[2.969s] -- Up-to-date symlink: /home/student/pepper_ws/install/turtlebot3_gazebo/share/turtlebot3_gazebo//urdf/turtlebot3_waffle.urdf
[2.970s] -- Up-to-date symlink: /home/student/pepper_ws/install/turtlebot3_gazebo/share/turtlebot3_gazebo//urdf/turtlebot3_waffle_pi.urdf
[2.970s] -- Up-to-date symlink: /home/student/pepper_ws/install/turtlebot3_gazebo/share/turtlebot3_gazebo//worlds/empty_world.world
[2.970s] -- Up-to-date symlink: /home/student/pepper_ws/install/turtlebot3_gazebo/share/turtlebot3_gazebo//worlds/turtlebot3_dqn_stage1.world
[2.970s] -- Up-to-date symlink: /home/student/pepper_ws/install/turtlebot3_gazebo/share/turtlebot3_gazebo//worlds/turtlebot3_dqn_stage2.world
[2.971s] -- Up-to-date symlink: /home/student/pepper_ws/install/turtlebot3_gazebo/share/turtlebot3_gazebo//worlds/turtlebot3_dqn_stage3.world
[2.971s] -- Up-to-date symlink: /home/student/pepper_ws/install/turtlebot3_gazebo/share/turtlebot3_gazebo//worlds/turtlebot3_dqn_stage4.world
[2.973s] -- Up-to-date symlink: /home/student/pepper_ws/install/turtlebot3_gazebo/share/turtlebot3_gazebo//worlds/turtlebot3_house.world
[2.974s] -- Up-to-date symlink: /home/student/pepper_ws/install/turtlebot3_gazebo/share/turtlebot3_gazebo//worlds/turtlebot3_world.world
[2.974s] -- Up-to-date symlink: /home/student/pepper_ws/install/turtlebot3_gazebo/include//turtlebot3_gazebo/turtlebot3_drive.hpp
[2.974s] -- Up-to-date symlink: /home/student/pepper_ws/install/turtlebot3_gazebo/share/ament_index/resource_index/package_run_dependencies/turtlebot3_gazebo
[2.974s] -- Up-to-date symlink: /home/student/pepper_ws/install/turtlebot3_gazebo/share/ament_index/resource_index/parent_prefix_path/turtlebot3_gazebo
[2.974s] -- Up-to-date symlink: /home/student/pepper_ws/install/turtlebot3_gazebo/share/turtlebot3_gazebo/environment/ament_prefix_path.sh
[2.974s] -- Up-to-date symlink: /home/student/pepper_ws/install/turtlebot3_gazebo/share/turtlebot3_gazebo/environment/ament_prefix_path.dsv
[2.974s] -- Up-to-date symlink: /home/student/pepper_ws/install/turtlebot3_gazebo/share/turtlebot3_gazebo/environment/path.sh
[2.975s] -- Up-to-date symlink: /home/student/pepper_ws/install/turtlebot3_gazebo/share/turtlebot3_gazebo/environment/path.dsv
[2.975s] -- Up-to-date symlink: /home/student/pepper_ws/install/turtlebot3_gazebo/share/turtlebot3_gazebo/local_setup.bash
[2.982s] -- Up-to-date symlink: /home/student/pepper_ws/install/turtlebot3_gazebo/share/turtlebot3_gazebo/local_setup.sh
[2.982s] -- Up-to-date symlink: /home/student/pepper_ws/install/turtlebot3_gazebo/share/turtlebot3_gazebo/local_setup.zsh
[2.983s] -- Up-to-date symlink: /home/student/pepper_ws/install/turtlebot3_gazebo/share/turtlebot3_gazebo/local_setup.dsv
[2.983s] -- Symlinking: /home/student/pepper_ws/install/turtlebot3_gazebo/share/turtlebot3_gazebo/package.dsv
[3.007s] -- Up-to-date symlink: /home/student/pepper_ws/install/turtlebot3_gazebo/share/ament_index/resource_index/packages/turtlebot3_gazebo
[3.007s] -- Up-to-date symlink: /home/student/pepper_ws/install/turtlebot3_gazebo/share/turtlebot3_gazebo/cmake/ament_cmake_export_include_directories-extras.cmake
[3.008s] -- Up-to-date symlink: /home/student/pepper_ws/install/turtlebot3_gazebo/share/turtlebot3_gazebo/cmake/ament_cmake_export_dependencies-extras.cmake
[3.008s] -- Up-to-date symlink: /home/student/pepper_ws/install/turtlebot3_gazebo/share/turtlebot3_gazebo/cmake/turtlebot3_gazeboConfig.cmake
[3.010s] -- Up-to-date symlink: /home/student/pepper_ws/install/turtlebot3_gazebo/share/turtlebot3_gazebo/cmake/turtlebot3_gazeboConfig-version.cmake
[3.010s] -- Up-to-date symlink: /home/student/pepper_ws/install/turtlebot3_gazebo/share/turtlebot3_gazebo/package.xml
[3.020s] Invoked command in '/home/student/pepper_ws/build/turtlebot3_gazebo' returned '0': CMAKE_PREFIX_PATH=${CMAKE_PREFIX_PATH}:/home/student/pepper_ws/install/turtlebot3_teleop:/home/student/pepper_ws/install/turtlebot3_example:/home/student/pepper_ws/install/move_pepper:/home/student/ros2_ws/install/autonomous_tb3:/opt/ros/humble /usr/bin/cmake --install /home/student/pepper_ws/build/turtlebot3_gazebo
