[35m[1mConsolidate compiler generated dependencies of target autonomy_node[0m
[ 33%] [32mBuilding CXX object CMakeFiles/autonomy_node.dir/src/navigation_behaviors.cpp.o[0m
[01m[K/home/student/pepper_ws/src/pepper_autonomy/src/navigation_behaviors.cpp:[m[K In member function ‘[01m[Kvirtual BT::NodeStatus GoToPose::onStart()[m[K’:
[01m[K/home/student/pepper_ws/src/pepper_autonomy/src/navigation_behaviors.cpp:30:43:[m[K [01;35m[Kwarning: [m[Ksuggest parentheses around ‘[01m[K&&[m[K’ within ‘[01m[K||[m[K’ [[01;35m[K]8;;https://gcc.gnu.org/onlinedocs/gcc/Warning-Options.html#index-Wparentheses-Wparentheses]8;;[m[K]
   29 |         [01;35m[Kgoal_pose_.pose.position.x == 0.0 &&[m[K
      |         [01;35m[K~~~~~~~~~~~~~~~~~~~~~~~~~~~~~~~~~~~~[m[K
   30 | [01;35m[K        goal_pose_.pose.position.y == 0.0 &&[m[K
      |         [01;35m[K~~~~~~~~~~~~~~~~~~~~~~~~~~~~~~~~~~^~[m[K
   31 | [01;35m[K        goal_pose_.pose.position.z == 0.0[m[K) // Adjust this check as needed
      |         [01;35m[K~~~~~~~~~~~~~~~~~~~~~~~~~~~~~~~~~[m[K  
[ 66%] [32m[1mLinking CXX executable autonomy_node[0m
[100%] Built target autonomy_node
-- Install configuration: ""
-- Up-to-date: /home/student/pepper_ws/install/pepper_autonomy/share/pepper_autonomy/bt_xml
-- Up-to-date: /home/student/pepper_ws/install/pepper_autonomy/share/pepper_autonomy/bt_xml/tree.xml
-- Up-to-date: /home/student/pepper_ws/install/pepper_autonomy/share/pepper_autonomy/launch
-- Up-to-date: /home/student/pepper_ws/install/pepper_autonomy/share/pepper_autonomy/launch/autonomy.launch.py
-- Installing: /home/student/pepper_ws/install/pepper_autonomy/lib/pepper_autonomy/autonomy_node
-- Set runtime path of "/home/student/pepper_ws/install/pepper_autonomy/lib/pepper_autonomy/autonomy_node" to ""
-- Up-to-date: /home/student/pepper_ws/install/pepper_autonomy/share/ament_index/resource_index/package_run_dependencies/pepper_autonomy
-- Up-to-date: /home/student/pepper_ws/install/pepper_autonomy/share/ament_index/resource_index/parent_prefix_path/pepper_autonomy
-- Up-to-date: /home/student/pepper_ws/install/pepper_autonomy/share/pepper_autonomy/environment/ament_prefix_path.sh
-- Up-to-date: /home/student/pepper_ws/install/pepper_autonomy/share/pepper_autonomy/environment/ament_prefix_path.dsv
-- Up-to-date: /home/student/pepper_ws/install/pepper_autonomy/share/pepper_autonomy/environment/path.sh
-- Up-to-date: /home/student/pepper_ws/install/pepper_autonomy/share/pepper_autonomy/environment/path.dsv
-- Up-to-date: /home/student/pepper_ws/install/pepper_autonomy/share/pepper_autonomy/local_setup.bash
-- Up-to-date: /home/student/pepper_ws/install/pepper_autonomy/share/pepper_autonomy/local_setup.sh
-- Up-to-date: /home/student/pepper_ws/install/pepper_autonomy/share/pepper_autonomy/local_setup.zsh
-- Up-to-date: /home/student/pepper_ws/install/pepper_autonomy/share/pepper_autonomy/local_setup.dsv
-- Installing: /home/student/pepper_ws/install/pepper_autonomy/share/pepper_autonomy/package.dsv
-- Up-to-date: /home/student/pepper_ws/install/pepper_autonomy/share/ament_index/resource_index/packages/pepper_autonomy
-- Up-to-date: /home/student/pepper_ws/install/pepper_autonomy/share/pepper_autonomy/cmake/pepper_autonomyConfig.cmake
-- Up-to-date: /home/student/pepper_ws/install/pepper_autonomy/share/pepper_autonomy/cmake/pepper_autonomyConfig-version.cmake
-- Up-to-date: /home/student/pepper_ws/install/pepper_autonomy/share/pepper_autonomy/package.xml
