[2.258s] Invoking command in '/home/student/pepper_ws/src/turtlebot3/turtlebot3/turtlebot3_example': CMAKE_PREFIX_PATH=/home/student/pepper_ws/install/turtlebot3_msgs:/home/student/pepper_ws/install/turtlebot3:/home/student/pepper_ws/install/turtlebot3_simulations:/home/student/pepper_ws/install/turtlebot3_bringup:/home/student/pepper_ws/install/turtlebot3_node:/home/student/pepper_ws/install/turtlebot3_navigation2:/home/student/pepper_ws/install/turtlebot3_fake_node:/home/student/pepper_ws/install/turtlebot3_gazebo:/home/student/pepper_ws/install/turtlebot3_description:/home/student/pepper_ws/install/turtlebot3_cartographer:/home/student/pepper_ws/install/pepper_autonomy:/home/student/pepper_ws/install/hls_lfcd_lds_driver:/home/student/pepper_ws/install/dynamixel_sdk_examples:/home/student/pepper_ws/install/dynamixel_sdk_custom_interfaces:/home/student/pepper_ws/install/dynamixel_sdk:/home/student/pepper_ws/install/book_database:/home/student/ros2_ws/install/peppabot:/home/student/ros2_ws/install/laser_scan_processor:/home/student/ros2_ws/install/gazebo_map_creator:/home/student/ros2_ws/install/gazebo_map_creator_interface:/home/student/ros2_ws/install/cylindrical_object_detector LD_LIBRARY_PATH=/home/student/pepper_ws/install/turtlebot3_msgs/lib:/home/student/pepper_ws/install/dynamixel_sdk_custom_interfaces/lib:/home/student/pepper_ws/install/dynamixel_sdk/lib:/home/student/ros2_ws/install/gazebo_map_creator/lib:/home/student/ros2_ws/install/gazebo_map_creator_interface/lib:/usr/lib/x86_64-linux-gnu/gazebo-11/plugins:/opt/ros/humble/opt/rviz_ogre_vendor/lib:/opt/ros/humble/lib/x86_64-linux-gnu:/opt/ros/humble/lib:/usr/lib/x86_64-linux-gnu/gazebo-11/plugins:/usr/lib/x86_64-linux-gnu/gazebo-11/plugins:/usr/lib/x86_64-linux-gnu/gazebo-11/plugins PYTHONPATH=/home/student/pepper_ws/build/turtlebot3_example/prefix_override:/usr/lib/python3/dist-packages/colcon_core/task/python/colcon_distutils_commands:/home/student/pepper_ws/install/turtlebot3_example/lib/python3.10/site-packages:${PYTHONPATH} /usr/bin/python3 -W ignore:setup.py install is deprecated setup.py egg_info --egg-base ../../../../build/turtlebot3_example build --build-base /home/student/pepper_ws/build/turtlebot3_example/build install --record /home/student/pepper_ws/build/turtlebot3_example/install.log --single-version-externally-managed install_data
[2.979s] running egg_info
[2.985s] writing ../../../../build/turtlebot3_example/turtlebot3_example.egg-info/PKG-INFO
[2.990s] writing dependency_links to ../../../../build/turtlebot3_example/turtlebot3_example.egg-info/dependency_links.txt
[2.990s] writing entry points to ../../../../build/turtlebot3_example/turtlebot3_example.egg-info/entry_points.txt
[2.990s] writing requirements to ../../../../build/turtlebot3_example/turtlebot3_example.egg-info/requires.txt
[2.991s] writing top-level names to ../../../../build/turtlebot3_example/turtlebot3_example.egg-info/top_level.txt
[2.993s] reading manifest file '../../../../build/turtlebot3_example/turtlebot3_example.egg-info/SOURCES.txt'
[2.994s] writing manifest file '../../../../build/turtlebot3_example/turtlebot3_example.egg-info/SOURCES.txt'
[2.995s] running build
[2.995s] running build_py
[3.003s] running install
[3.003s] running install_lib
[3.005s] running install_data
[3.006s] running install_egg_info
[3.014s] removing '/home/student/pepper_ws/install/turtlebot3_example/lib/python3.10/site-packages/turtlebot3_example-2.1.5-py3.10.egg-info' (and everything under it)
[3.015s] Copying ../../../../build/turtlebot3_example/turtlebot3_example.egg-info to /home/student/pepper_ws/install/turtlebot3_example/lib/python3.10/site-packages/turtlebot3_example-2.1.5-py3.10.egg-info
[3.016s] running install_scripts
[3.119s] Installing turtlebot3_obstacle_detection script to /home/student/pepper_ws/install/turtlebot3_example/lib/turtlebot3_example
[3.119s] Installing turtlebot3_patrol_client script to /home/student/pepper_ws/install/turtlebot3_example/lib/turtlebot3_example
[3.120s] Installing turtlebot3_patrol_server script to /home/student/pepper_ws/install/turtlebot3_example/lib/turtlebot3_example
[3.120s] Installing turtlebot3_position_control script to /home/student/pepper_ws/install/turtlebot3_example/lib/turtlebot3_example
[3.120s] writing list of installed files to '/home/student/pepper_ws/build/turtlebot3_example/install.log'
[3.189s] Invoked command in '/home/student/pepper_ws/src/turtlebot3/turtlebot3/turtlebot3_example' returned '0': CMAKE_PREFIX_PATH=/home/student/pepper_ws/install/turtlebot3_msgs:/home/student/pepper_ws/install/turtlebot3:/home/student/pepper_ws/install/turtlebot3_simulations:/home/student/pepper_ws/install/turtlebot3_bringup:/home/student/pepper_ws/install/turtlebot3_node:/home/student/pepper_ws/install/turtlebot3_navigation2:/home/student/pepper_ws/install/turtlebot3_fake_node:/home/student/pepper_ws/install/turtlebot3_gazebo:/home/student/pepper_ws/install/turtlebot3_description:/home/student/pepper_ws/install/turtlebot3_cartographer:/home/student/pepper_ws/install/pepper_autonomy:/home/student/pepper_ws/install/hls_lfcd_lds_driver:/home/student/pepper_ws/install/dynamixel_sdk_examples:/home/student/pepper_ws/install/dynamixel_sdk_custom_interfaces:/home/student/pepper_ws/install/dynamixel_sdk:/home/student/pepper_ws/install/book_database:/home/student/ros2_ws/install/peppabot:/home/student/ros2_ws/install/laser_scan_processor:/home/student/ros2_ws/install/gazebo_map_creator:/home/student/ros2_ws/install/gazebo_map_creator_interface:/home/student/ros2_ws/install/cylindrical_object_detector LD_LIBRARY_PATH=/home/student/pepper_ws/install/turtlebot3_msgs/lib:/home/student/pepper_ws/install/dynamixel_sdk_custom_interfaces/lib:/home/student/pepper_ws/install/dynamixel_sdk/lib:/home/student/ros2_ws/install/gazebo_map_creator/lib:/home/student/ros2_ws/install/gazebo_map_creator_interface/lib:/usr/lib/x86_64-linux-gnu/gazebo-11/plugins:/opt/ros/humble/opt/rviz_ogre_vendor/lib:/opt/ros/humble/lib/x86_64-linux-gnu:/opt/ros/humble/lib:/usr/lib/x86_64-linux-gnu/gazebo-11/plugins:/usr/lib/x86_64-linux-gnu/gazebo-11/plugins:/usr/lib/x86_64-linux-gnu/gazebo-11/plugins PYTHONPATH=/home/student/pepper_ws/build/turtlebot3_example/prefix_override:/usr/lib/python3/dist-packages/colcon_core/task/python/colcon_distutils_commands:/home/student/pepper_ws/install/turtlebot3_example/lib/python3.10/site-packages:${PYTHONPATH} /usr/bin/python3 -W ignore:setup.py install is deprecated setup.py egg_info --egg-base ../../../../build/turtlebot3_example build --build-base /home/student/pepper_ws/build/turtlebot3_example/build install --record /home/student/pepper_ws/build/turtlebot3_example/install.log --single-version-externally-managed install_data
