[0.081s] Invoking command in '/home/student/pepper_ws/build/turtlebot3_navigation2': CMAKE_PREFIX_PATH=${CMAKE_PREFIX_PATH}:/home/student/pepper_ws/install/turtlebot3_teleop:/home/student/pepper_ws/install/turtlebot3_example:/home/student/pepper_ws/install/move_pepper:/home/student/ros2_ws/install/autonomous_tb3:/opt/ros/humble /usr/bin/cmake --build /home/student/pepper_ws/build/turtlebot3_navigation2 -- -j8 -l8
[0.177s] Invoked command in '/home/student/pepper_ws/build/turtlebot3_navigation2' returned '0': CMAKE_PREFIX_PATH=${CMAKE_PREFIX_PATH}:/home/student/pepper_ws/install/turtlebot3_teleop:/home/student/pepper_ws/install/turtlebot3_example:/home/student/pepper_ws/install/move_pepper:/home/student/ros2_ws/install/autonomous_tb3:/opt/ros/humble /usr/bin/cmake --build /home/student/pepper_ws/build/turtlebot3_navigation2 -- -j8 -l8
[0.242s] Invoking command in '/home/student/pepper_ws/build/turtlebot3_navigation2': CMAKE_PREFIX_PATH=${CMAKE_PREFIX_PATH}:/home/student/pepper_ws/install/turtlebot3_teleop:/home/student/pepper_ws/install/turtlebot3_example:/home/student/pepper_ws/install/move_pepper:/home/student/ros2_ws/install/autonomous_tb3:/opt/ros/humble /usr/bin/cmake --install /home/student/pepper_ws/build/turtlebot3_navigation2
[0.271s] -- Install configuration: ""
[0.272s] -- Execute custom install script
[0.272s] -- Up-to-date symlink: /home/student/pepper_ws/install/turtlebot3_navigation2/share/turtlebot3_navigation2/launch/navigation2.launch.py
[0.280s] -- Up-to-date symlink: /home/student/pepper_ws/install/turtlebot3_navigation2/share/turtlebot3_navigation2/map/map.pgm
[0.280s] -- Up-to-date symlink: /home/student/pepper_ws/install/turtlebot3_navigation2/share/turtlebot3_navigation2/map/map.yaml
[0.280s] -- Up-to-date symlink: /home/student/pepper_ws/install/turtlebot3_navigation2/share/turtlebot3_navigation2/param/burger.yaml
[0.280s] -- Up-to-date symlink: /home/student/pepper_ws/install/turtlebot3_navigation2/share/turtlebot3_navigation2/param/waffle.yaml
[0.280s] -- Up-to-date symlink: /home/student/pepper_ws/install/turtlebot3_navigation2/share/turtlebot3_navigation2/param/waffle_pi.yaml
[0.281s] -- Up-to-date symlink: /home/student/pepper_ws/install/turtlebot3_navigation2/share/turtlebot3_navigation2/rviz/tb3_navigation2.rviz
[0.281s] -- Up-to-date symlink: /home/student/pepper_ws/install/turtlebot3_navigation2/share/ament_index/resource_index/package_run_dependencies/turtlebot3_navigation2
[0.281s] -- Up-to-date symlink: /home/student/pepper_ws/install/turtlebot3_navigation2/share/ament_index/resource_index/parent_prefix_path/turtlebot3_navigation2
[0.281s] -- Up-to-date symlink: /home/student/pepper_ws/install/turtlebot3_navigation2/share/turtlebot3_navigation2/environment/ament_prefix_path.sh
[0.281s] -- Up-to-date symlink: /home/student/pepper_ws/install/turtlebot3_navigation2/share/turtlebot3_navigation2/environment/ament_prefix_path.dsv
[0.281s] -- Up-to-date symlink: /home/student/pepper_ws/install/turtlebot3_navigation2/share/turtlebot3_navigation2/environment/path.sh
[0.282s] -- Up-to-date symlink: /home/student/pepper_ws/install/turtlebot3_navigation2/share/turtlebot3_navigation2/environment/path.dsv
[0.282s] -- Up-to-date symlink: /home/student/pepper_ws/install/turtlebot3_navigation2/share/turtlebot3_navigation2/local_setup.bash
[0.282s] -- Up-to-date symlink: /home/student/pepper_ws/install/turtlebot3_navigation2/share/turtlebot3_navigation2/local_setup.sh
[0.282s] -- Up-to-date symlink: /home/student/pepper_ws/install/turtlebot3_navigation2/share/turtlebot3_navigation2/local_setup.zsh
[0.282s] -- Up-to-date symlink: /home/student/pepper_ws/install/turtlebot3_navigation2/share/turtlebot3_navigation2/local_setup.dsv
[0.282s] -- Symlinking: /home/student/pepper_ws/install/turtlebot3_navigation2/share/turtlebot3_navigation2/package.dsv
[0.293s] -- Up-to-date symlink: /home/student/pepper_ws/install/turtlebot3_navigation2/share/ament_index/resource_index/packages/turtlebot3_navigation2
[0.294s] -- Up-to-date symlink: /home/student/pepper_ws/install/turtlebot3_navigation2/share/turtlebot3_navigation2/cmake/turtlebot3_navigation2Config.cmake
[0.295s] -- Up-to-date symlink: /home/student/pepper_ws/install/turtlebot3_navigation2/share/turtlebot3_navigation2/cmake/turtlebot3_navigation2Config-version.cmake
[0.296s] -- Up-to-date symlink: /home/student/pepper_ws/install/turtlebot3_navigation2/share/turtlebot3_navigation2/package.xml
[0.337s] Invoked command in '/home/student/pepper_ws/build/turtlebot3_navigation2' returned '0': CMAKE_PREFIX_PATH=${CMAKE_PREFIX_PATH}:/home/student/pepper_ws/install/turtlebot3_teleop:/home/student/pepper_ws/install/turtlebot3_example:/home/student/pepper_ws/install/move_pepper:/home/student/ros2_ws/install/autonomous_tb3:/opt/ros/humble /usr/bin/cmake --install /home/student/pepper_ws/build/turtlebot3_navigation2
