[0.069s] Invoking command in '/home/student/pepper_ws/build/turtlebot3_node': CMAKE_PREFIX_PATH=/home/student/pepper_ws/install/turtlebot3_msgs:/home/student/pepper_ws/install/dynamixel_sdk:/home/student/pepper_ws/install/turtlebot3:/home/student/pepper_ws/install/turtlebot3_simulations:/home/student/pepper_ws/install/turtlebot3_bringup:/home/student/pepper_ws/install/turtlebot3_node:/home/student/pepper_ws/install/turtlebot3_navigation2:/home/student/pepper_ws/install/turtlebot3_fake_node:/home/student/pepper_ws/install/turtlebot3_gazebo:/home/student/pepper_ws/install/turtlebot3_description:/home/student/pepper_ws/install/turtlebot3_cartographer:/home/student/pepper_ws/install/pepper_autonomy:/home/student/pepper_ws/install/hls_lfcd_lds_driver:/home/student/pepper_ws/install/dynamixel_sdk_examples:/home/student/pepper_ws/install/dynamixel_sdk_custom_interfaces:/home/student/pepper_ws/install/book_database:/home/student/ros2_ws/install/peppabot:/home/student/ros2_ws/install/laser_scan_processor:/home/student/ros2_ws/install/gazebo_map_creator:/home/student/ros2_ws/install/gazebo_map_creator_interface:/home/student/ros2_ws/install/cylindrical_object_detector:/home/student/pepper_ws/install/turtlebot3_teleop:/home/student/pepper_ws/install/turtlebot3_example:/home/student/pepper_ws/install/move_pepper:/home/student/ros2_ws/install/autonomous_tb3:/opt/ros/humble LD_LIBRARY_PATH=/home/student/pepper_ws/install/turtlebot3_msgs/lib:/home/student/pepper_ws/install/dynamixel_sdk/lib:/home/student/pepper_ws/install/dynamixel_sdk_custom_interfaces/lib:/home/student/ros2_ws/install/gazebo_map_creator/lib:/home/student/ros2_ws/install/gazebo_map_creator_interface/lib:/usr/lib/x86_64-linux-gnu/gazebo-11/plugins:/opt/ros/humble/opt/rviz_ogre_vendor/lib:/opt/ros/humble/lib/x86_64-linux-gnu:/opt/ros/humble/lib:/usr/lib/x86_64-linux-gnu/gazebo-11/plugins:/usr/lib/x86_64-linux-gnu/gazebo-11/plugins:/usr/lib/x86_64-linux-gnu/gazebo-11/plugins /usr/bin/cmake /home/student/pepper_ws/src/turtlebot3/turtlebot3/turtlebot3_node -DCMAKE_INSTALL_PREFIX=/home/student/pepper_ws/install/turtlebot3_node
[0.632s] -- The C compiler identification is GNU 11.4.0
[0.632s] -- The CXX compiler identification is GNU 11.4.0
[0.632s] -- Detecting C compiler ABI info
[0.632s] -- Detecting C compiler ABI info - done
[0.633s] -- Check for working C compiler: /usr/bin/cc - skipped
[0.633s] -- Detecting C compile features
[0.633s] -- Detecting C compile features - done
[0.633s] -- Detecting CXX compiler ABI info
[0.634s] -- Detecting CXX compiler ABI info - done
[0.636s] -- Check for working CXX compiler: /usr/bin/c++ - skipped
[0.637s] -- Detecting CXX compile features
[0.637s] -- Detecting CXX compile features - done
[0.637s] -- Found ament_cmake: 1.3.10 (/opt/ros/humble/share/ament_cmake/cmake)
[0.922s] -- Found Python3: /usr/bin/python3 (found version "3.10.12") found components: Interpreter 
[1.120s] -- Found dynamixel_sdk: 3.7.60 (/home/student/pepper_ws/install/dynamixel_sdk/share/dynamixel_sdk/cmake)
[1.128s] -- Found geometry_msgs: 4.2.4 (/opt/ros/humble/share/geometry_msgs/cmake)
[1.224s] -- Found rosidl_generator_c: 3.1.5 (/opt/ros/humble/share/rosidl_generator_c/cmake)
[1.239s] -- Found rosidl_adapter: 3.1.5 (/opt/ros/humble/share/rosidl_adapter/cmake)
[1.264s] -- Found rosidl_generator_cpp: 3.1.5 (/opt/ros/humble/share/rosidl_generator_cpp/cmake)
[1.335s] -- Using all available rosidl_typesupport_c: rosidl_typesupport_fastrtps_c;rosidl_typesupport_introspection_c
[1.387s] -- Using all available rosidl_typesupport_cpp: rosidl_typesupport_fastrtps_cpp;rosidl_typesupport_introspection_cpp
[1.485s] -- Found message_filters: 4.3.5 (/opt/ros/humble/share/message_filters/cmake)
[1.699s] -- Found rmw_implementation_cmake: 6.1.2 (/opt/ros/humble/share/rmw_implementation_cmake/cmake)
[1.708s] -- Found rmw_fastrtps_cpp: 6.2.7 (/opt/ros/humble/share/rmw_fastrtps_cpp/cmake)
[1.924s] -- Found OpenSSL: /usr/lib/x86_64-linux-gnu/libcrypto.so (found version "3.0.2")  
[2.040s] -- Found FastRTPS: /opt/ros/humble/include  
[2.203s] -- Using RMW implementation 'rmw_fastrtps_cpp' as default
[2.225s] -- Looking for pthread.h
[2.447s] -- Looking for pthread.h - found
[2.448s] -- Performing Test CMAKE_HAVE_LIBC_PTHREAD
[2.616s] -- Performing Test CMAKE_HAVE_LIBC_PTHREAD - Success
[2.623s] -- Found Threads: TRUE  
[2.713s] -- Found nav_msgs: 4.2.4 (/opt/ros/humble/share/nav_msgs/cmake)
[2.760s] -- Found sensor_msgs: 4.2.4 (/opt/ros/humble/share/sensor_msgs/cmake)
[2.803s] -- Found std_srvs: 4.2.4 (/opt/ros/humble/share/std_srvs/cmake)
[2.859s] -- Found tf2: 0.25.8 (/opt/ros/humble/share/tf2/cmake)
[2.888s] -- Found tf2_ros: 0.25.8 (/opt/ros/humble/share/tf2_ros/cmake)
[3.187s] -- Found turtlebot3_msgs: 2.2.3 (/home/student/pepper_ws/install/turtlebot3_msgs/share/turtlebot3_msgs/cmake)
[3.373s] -- Configuring done
[3.430s] -- Generating done
[3.437s] -- Build files have been written to: /home/student/pepper_ws/build/turtlebot3_node
[3.462s] Invoked command in '/home/student/pepper_ws/build/turtlebot3_node' returned '0': CMAKE_PREFIX_PATH=/home/student/pepper_ws/install/turtlebot3_msgs:/home/student/pepper_ws/install/dynamixel_sdk:/home/student/pepper_ws/install/turtlebot3:/home/student/pepper_ws/install/turtlebot3_simulations:/home/student/pepper_ws/install/turtlebot3_bringup:/home/student/pepper_ws/install/turtlebot3_node:/home/student/pepper_ws/install/turtlebot3_navigation2:/home/student/pepper_ws/install/turtlebot3_fake_node:/home/student/pepper_ws/install/turtlebot3_gazebo:/home/student/pepper_ws/install/turtlebot3_description:/home/student/pepper_ws/install/turtlebot3_cartographer:/home/student/pepper_ws/install/pepper_autonomy:/home/student/pepper_ws/install/hls_lfcd_lds_driver:/home/student/pepper_ws/install/dynamixel_sdk_examples:/home/student/pepper_ws/install/dynamixel_sdk_custom_interfaces:/home/student/pepper_ws/install/book_database:/home/student/ros2_ws/install/peppabot:/home/student/ros2_ws/install/laser_scan_processor:/home/student/ros2_ws/install/gazebo_map_creator:/home/student/ros2_ws/install/gazebo_map_creator_interface:/home/student/ros2_ws/install/cylindrical_object_detector:/home/student/pepper_ws/install/turtlebot3_teleop:/home/student/pepper_ws/install/turtlebot3_example:/home/student/pepper_ws/install/move_pepper:/home/student/ros2_ws/install/autonomous_tb3:/opt/ros/humble LD_LIBRARY_PATH=/home/student/pepper_ws/install/turtlebot3_msgs/lib:/home/student/pepper_ws/install/dynamixel_sdk/lib:/home/student/pepper_ws/install/dynamixel_sdk_custom_interfaces/lib:/home/student/ros2_ws/install/gazebo_map_creator/lib:/home/student/ros2_ws/install/gazebo_map_creator_interface/lib:/usr/lib/x86_64-linux-gnu/gazebo-11/plugins:/opt/ros/humble/opt/rviz_ogre_vendor/lib:/opt/ros/humble/lib/x86_64-linux-gnu:/opt/ros/humble/lib:/usr/lib/x86_64-linux-gnu/gazebo-11/plugins:/usr/lib/x86_64-linux-gnu/gazebo-11/plugins:/usr/lib/x86_64-linux-gnu/gazebo-11/plugins /usr/bin/cmake /home/student/pepper_ws/src/turtlebot3/turtlebot3/turtlebot3_node -DCMAKE_INSTALL_PREFIX=/home/student/pepper_ws/install/turtlebot3_node
[3.468s] Invoking command in '/home/student/pepper_ws/build/turtlebot3_node': CMAKE_PREFIX_PATH=/home/student/pepper_ws/install/turtlebot3_msgs:/home/student/pepper_ws/install/dynamixel_sdk:/home/student/pepper_ws/install/turtlebot3:/home/student/pepper_ws/install/turtlebot3_simulations:/home/student/pepper_ws/install/turtlebot3_bringup:/home/student/pepper_ws/install/turtlebot3_node:/home/student/pepper_ws/install/turtlebot3_navigation2:/home/student/pepper_ws/install/turtlebot3_fake_node:/home/student/pepper_ws/install/turtlebot3_gazebo:/home/student/pepper_ws/install/turtlebot3_description:/home/student/pepper_ws/install/turtlebot3_cartographer:/home/student/pepper_ws/install/pepper_autonomy:/home/student/pepper_ws/install/hls_lfcd_lds_driver:/home/student/pepper_ws/install/dynamixel_sdk_examples:/home/student/pepper_ws/install/dynamixel_sdk_custom_interfaces:/home/student/pepper_ws/install/book_database:/home/student/ros2_ws/install/peppabot:/home/student/ros2_ws/install/laser_scan_processor:/home/student/ros2_ws/install/gazebo_map_creator:/home/student/ros2_ws/install/gazebo_map_creator_interface:/home/student/ros2_ws/install/cylindrical_object_detector:/home/student/pepper_ws/install/turtlebot3_teleop:/home/student/pepper_ws/install/turtlebot3_example:/home/student/pepper_ws/install/move_pepper:/home/student/ros2_ws/install/autonomous_tb3:/opt/ros/humble LD_LIBRARY_PATH=/home/student/pepper_ws/install/turtlebot3_msgs/lib:/home/student/pepper_ws/install/dynamixel_sdk/lib:/home/student/pepper_ws/install/dynamixel_sdk_custom_interfaces/lib:/home/student/ros2_ws/install/gazebo_map_creator/lib:/home/student/ros2_ws/install/gazebo_map_creator_interface/lib:/usr/lib/x86_64-linux-gnu/gazebo-11/plugins:/opt/ros/humble/opt/rviz_ogre_vendor/lib:/opt/ros/humble/lib/x86_64-linux-gnu:/opt/ros/humble/lib:/usr/lib/x86_64-linux-gnu/gazebo-11/plugins:/usr/lib/x86_64-linux-gnu/gazebo-11/plugins:/usr/lib/x86_64-linux-gnu/gazebo-11/plugins /usr/bin/cmake --build /home/student/pepper_ws/build/turtlebot3_node -- -j8 -l8
[3.557s] [  7%] [32mBuilding CXX object CMakeFiles/turtlebot3_node_lib.dir/src/devices/sound.cpp.o[0m
[3.567s] [ 14%] [32mBuilding CXX object CMakeFiles/turtlebot3_node_lib.dir/src/devices/motor_power.cpp.o[0m
[3.570s] [ 21%] [32mBuilding CXX object CMakeFiles/turtlebot3_node_lib.dir/src/dynamixel_sdk_wrapper.cpp.o[0m
[3.575s] [ 28%] [32mBuilding CXX object CMakeFiles/turtlebot3_node_lib.dir/src/devices/reset.cpp.o[0m
[3.579s] [ 35%] [32mBuilding CXX object CMakeFiles/turtlebot3_node_lib.dir/src/diff_drive_controller.cpp.o[0m
[3.590s] [ 50%] [32mBuilding CXX object CMakeFiles/turtlebot3_node_lib.dir/src/turtlebot3.cpp.o[0m
[3.592s] [ 50%] [32mBuilding CXX object CMakeFiles/turtlebot3_node_lib.dir/src/odometry.cpp.o[0m
[3.598s] [ 57%] [32mBuilding CXX object CMakeFiles/turtlebot3_node_lib.dir/src/sensors/battery_state.cpp.o[0m
[5.154s] [ 64%] [32mBuilding CXX object CMakeFiles/turtlebot3_node_lib.dir/src/sensors/imu.cpp.o[0m
[13.815s] [ 71%] [32mBuilding CXX object CMakeFiles/turtlebot3_node_lib.dir/src/sensors/joint_state.cpp.o[0m
[14.055s] [ 78%] [32mBuilding CXX object CMakeFiles/turtlebot3_node_lib.dir/src/sensors/sensor_state.cpp.o[0m
[30.780s] [ 85%] [32m[1mLinking CXX static library libturtlebot3_node_lib.a[0m
[32.064s] [ 85%] Built target turtlebot3_node_lib
[32.090s] [ 92%] [32mBuilding CXX object CMakeFiles/turtlebot3_ros.dir/src/node_main.cpp.o[0m
[35.607s] [100%] [32m[1mLinking CXX executable turtlebot3_ros[0m
[37.654s] [100%] Built target turtlebot3_ros
[37.666s] Invoked command in '/home/student/pepper_ws/build/turtlebot3_node' returned '0': CMAKE_PREFIX_PATH=/home/student/pepper_ws/install/turtlebot3_msgs:/home/student/pepper_ws/install/dynamixel_sdk:/home/student/pepper_ws/install/turtlebot3:/home/student/pepper_ws/install/turtlebot3_simulations:/home/student/pepper_ws/install/turtlebot3_bringup:/home/student/pepper_ws/install/turtlebot3_node:/home/student/pepper_ws/install/turtlebot3_navigation2:/home/student/pepper_ws/install/turtlebot3_fake_node:/home/student/pepper_ws/install/turtlebot3_gazebo:/home/student/pepper_ws/install/turtlebot3_description:/home/student/pepper_ws/install/turtlebot3_cartographer:/home/student/pepper_ws/install/pepper_autonomy:/home/student/pepper_ws/install/hls_lfcd_lds_driver:/home/student/pepper_ws/install/dynamixel_sdk_examples:/home/student/pepper_ws/install/dynamixel_sdk_custom_interfaces:/home/student/pepper_ws/install/book_database:/home/student/ros2_ws/install/peppabot:/home/student/ros2_ws/install/laser_scan_processor:/home/student/ros2_ws/install/gazebo_map_creator:/home/student/ros2_ws/install/gazebo_map_creator_interface:/home/student/ros2_ws/install/cylindrical_object_detector:/home/student/pepper_ws/install/turtlebot3_teleop:/home/student/pepper_ws/install/turtlebot3_example:/home/student/pepper_ws/install/move_pepper:/home/student/ros2_ws/install/autonomous_tb3:/opt/ros/humble LD_LIBRARY_PATH=/home/student/pepper_ws/install/turtlebot3_msgs/lib:/home/student/pepper_ws/install/dynamixel_sdk/lib:/home/student/pepper_ws/install/dynamixel_sdk_custom_interfaces/lib:/home/student/ros2_ws/install/gazebo_map_creator/lib:/home/student/ros2_ws/install/gazebo_map_creator_interface/lib:/usr/lib/x86_64-linux-gnu/gazebo-11/plugins:/opt/ros/humble/opt/rviz_ogre_vendor/lib:/opt/ros/humble/lib/x86_64-linux-gnu:/opt/ros/humble/lib:/usr/lib/x86_64-linux-gnu/gazebo-11/plugins:/usr/lib/x86_64-linux-gnu/gazebo-11/plugins:/usr/lib/x86_64-linux-gnu/gazebo-11/plugins /usr/bin/cmake --build /home/student/pepper_ws/build/turtlebot3_node -- -j8 -l8
[37.747s] Invoking command in '/home/student/pepper_ws/build/turtlebot3_node': CMAKE_PREFIX_PATH=/home/student/pepper_ws/install/turtlebot3_msgs:/home/student/pepper_ws/install/dynamixel_sdk:/home/student/pepper_ws/install/turtlebot3:/home/student/pepper_ws/install/turtlebot3_simulations:/home/student/pepper_ws/install/turtlebot3_bringup:/home/student/pepper_ws/install/turtlebot3_node:/home/student/pepper_ws/install/turtlebot3_navigation2:/home/student/pepper_ws/install/turtlebot3_fake_node:/home/student/pepper_ws/install/turtlebot3_gazebo:/home/student/pepper_ws/install/turtlebot3_description:/home/student/pepper_ws/install/turtlebot3_cartographer:/home/student/pepper_ws/install/pepper_autonomy:/home/student/pepper_ws/install/hls_lfcd_lds_driver:/home/student/pepper_ws/install/dynamixel_sdk_examples:/home/student/pepper_ws/install/dynamixel_sdk_custom_interfaces:/home/student/pepper_ws/install/book_database:/home/student/ros2_ws/install/peppabot:/home/student/ros2_ws/install/laser_scan_processor:/home/student/ros2_ws/install/gazebo_map_creator:/home/student/ros2_ws/install/gazebo_map_creator_interface:/home/student/ros2_ws/install/cylindrical_object_detector:/home/student/pepper_ws/install/turtlebot3_teleop:/home/student/pepper_ws/install/turtlebot3_example:/home/student/pepper_ws/install/move_pepper:/home/student/ros2_ws/install/autonomous_tb3:/opt/ros/humble LD_LIBRARY_PATH=/home/student/pepper_ws/install/turtlebot3_msgs/lib:/home/student/pepper_ws/install/dynamixel_sdk/lib:/home/student/pepper_ws/install/dynamixel_sdk_custom_interfaces/lib:/home/student/ros2_ws/install/gazebo_map_creator/lib:/home/student/ros2_ws/install/gazebo_map_creator_interface/lib:/usr/lib/x86_64-linux-gnu/gazebo-11/plugins:/opt/ros/humble/opt/rviz_ogre_vendor/lib:/opt/ros/humble/lib/x86_64-linux-gnu:/opt/ros/humble/lib:/usr/lib/x86_64-linux-gnu/gazebo-11/plugins:/usr/lib/x86_64-linux-gnu/gazebo-11/plugins:/usr/lib/x86_64-linux-gnu/gazebo-11/plugins /usr/bin/cmake --install /home/student/pepper_ws/build/turtlebot3_node
[37.756s] -- Install configuration: ""
[37.756s] -- Installing: /home/student/pepper_ws/install/turtlebot3_node/share/turtlebot3_node/param
[37.756s] -- Installing: /home/student/pepper_ws/install/turtlebot3_node/share/turtlebot3_node/param/waffle.yaml
[37.757s] -- Installing: /home/student/pepper_ws/install/turtlebot3_node/share/turtlebot3_node/param/burger.yaml
[37.757s] -- Installing: /home/student/pepper_ws/install/turtlebot3_node/share/turtlebot3_node/param/waffle_pi.yaml
[37.757s] -- Installing: /home/student/pepper_ws/install/turtlebot3_node/lib/turtlebot3_node/turtlebot3_ros
[37.777s] -- Set runtime path of "/home/student/pepper_ws/install/turtlebot3_node/lib/turtlebot3_node/turtlebot3_ros" to ""
[37.777s] -- Installing: /home/student/pepper_ws/install/turtlebot3_node/share/ament_index/resource_index/package_run_dependencies/turtlebot3_node
[37.777s] -- Installing: /home/student/pepper_ws/install/turtlebot3_node/share/ament_index/resource_index/parent_prefix_path/turtlebot3_node
[37.777s] -- Installing: /home/student/pepper_ws/install/turtlebot3_node/share/turtlebot3_node/environment/ament_prefix_path.sh
[37.778s] -- Installing: /home/student/pepper_ws/install/turtlebot3_node/share/turtlebot3_node/environment/ament_prefix_path.dsv
[37.778s] -- Installing: /home/student/pepper_ws/install/turtlebot3_node/share/turtlebot3_node/environment/path.sh
[37.778s] -- Installing: /home/student/pepper_ws/install/turtlebot3_node/share/turtlebot3_node/environment/path.dsv
[37.778s] -- Installing: /home/student/pepper_ws/install/turtlebot3_node/share/turtlebot3_node/local_setup.bash
[37.778s] -- Installing: /home/student/pepper_ws/install/turtlebot3_node/share/turtlebot3_node/local_setup.sh
[37.778s] -- Installing: /home/student/pepper_ws/install/turtlebot3_node/share/turtlebot3_node/local_setup.zsh
[37.779s] -- Installing: /home/student/pepper_ws/install/turtlebot3_node/share/turtlebot3_node/local_setup.dsv
[37.779s] -- Installing: /home/student/pepper_ws/install/turtlebot3_node/share/turtlebot3_node/package.dsv
[37.779s] -- Installing: /home/student/pepper_ws/install/turtlebot3_node/share/ament_index/resource_index/packages/turtlebot3_node
[37.779s] -- Installing: /home/student/pepper_ws/install/turtlebot3_node/share/turtlebot3_node/cmake/ament_cmake_export_include_directories-extras.cmake
[37.779s] -- Installing: /home/student/pepper_ws/install/turtlebot3_node/share/turtlebot3_node/cmake/turtlebot3_nodeConfig.cmake
[37.779s] -- Installing: /home/student/pepper_ws/install/turtlebot3_node/share/turtlebot3_node/cmake/turtlebot3_nodeConfig-version.cmake
[37.780s] -- Installing: /home/student/pepper_ws/install/turtlebot3_node/share/turtlebot3_node/package.xml
[37.782s] Invoked command in '/home/student/pepper_ws/build/turtlebot3_node' returned '0': CMAKE_PREFIX_PATH=/home/student/pepper_ws/install/turtlebot3_msgs:/home/student/pepper_ws/install/dynamixel_sdk:/home/student/pepper_ws/install/turtlebot3:/home/student/pepper_ws/install/turtlebot3_simulations:/home/student/pepper_ws/install/turtlebot3_bringup:/home/student/pepper_ws/install/turtlebot3_node:/home/student/pepper_ws/install/turtlebot3_navigation2:/home/student/pepper_ws/install/turtlebot3_fake_node:/home/student/pepper_ws/install/turtlebot3_gazebo:/home/student/pepper_ws/install/turtlebot3_description:/home/student/pepper_ws/install/turtlebot3_cartographer:/home/student/pepper_ws/install/pepper_autonomy:/home/student/pepper_ws/install/hls_lfcd_lds_driver:/home/student/pepper_ws/install/dynamixel_sdk_examples:/home/student/pepper_ws/install/dynamixel_sdk_custom_interfaces:/home/student/pepper_ws/install/book_database:/home/student/ros2_ws/install/peppabot:/home/student/ros2_ws/install/laser_scan_processor:/home/student/ros2_ws/install/gazebo_map_creator:/home/student/ros2_ws/install/gazebo_map_creator_interface:/home/student/ros2_ws/install/cylindrical_object_detector:/home/student/pepper_ws/install/turtlebot3_teleop:/home/student/pepper_ws/install/turtlebot3_example:/home/student/pepper_ws/install/move_pepper:/home/student/ros2_ws/install/autonomous_tb3:/opt/ros/humble LD_LIBRARY_PATH=/home/student/pepper_ws/install/turtlebot3_msgs/lib:/home/student/pepper_ws/install/dynamixel_sdk/lib:/home/student/pepper_ws/install/dynamixel_sdk_custom_interfaces/lib:/home/student/ros2_ws/install/gazebo_map_creator/lib:/home/student/ros2_ws/install/gazebo_map_creator_interface/lib:/usr/lib/x86_64-linux-gnu/gazebo-11/plugins:/opt/ros/humble/opt/rviz_ogre_vendor/lib:/opt/ros/humble/lib/x86_64-linux-gnu:/opt/ros/humble/lib:/usr/lib/x86_64-linux-gnu/gazebo-11/plugins:/usr/lib/x86_64-linux-gnu/gazebo-11/plugins:/usr/lib/x86_64-linux-gnu/gazebo-11/plugins /usr/bin/cmake --install /home/student/pepper_ws/build/turtlebot3_node
