[0.096s] Invoking command in '/home/student/pepper_ws/build/turtlebot3_msgs': CMAKE_PREFIX_PATH=${CMAKE_PREFIX_PATH}:/home/student/pepper_ws/install/turtlebot3_teleop:/home/student/pepper_ws/install/turtlebot3_example:/home/student/pepper_ws/install/move_pepper:/home/student/ros2_ws/install/autonomous_tb3:/opt/ros/humble /usr/bin/cmake --build /home/student/pepper_ws/build/turtlebot3_msgs -- -j8 -l8
[0.307s] [  1%] Built target turtlebot3_msgs__cpp
[0.313s] [ 12%] Built target turtlebot3_msgs__rosidl_generator_c
[0.350s] [ 12%] Built target ament_cmake_python_copy_turtlebot3_msgs
[0.420s] [ 23%] Built target turtlebot3_msgs__rosidl_typesupport_fastrtps_c
[0.438s] [ 35%] Built target turtlebot3_msgs__rosidl_typesupport_fastrtps_cpp
[0.451s] [ 47%] Built target turtlebot3_msgs__rosidl_typesupport_c
[0.479s] [ 57%] Built target turtlebot3_msgs__rosidl_typesupport_introspection_c
[0.483s] [ 69%] Built target turtlebot3_msgs__rosidl_typesupport_cpp
[0.484s] [ 80%] Built target turtlebot3_msgs__rosidl_typesupport_introspection_cpp
[0.568s] [ 80%] Built target turtlebot3_msgs
[0.628s] [ 81%] Built target turtlebot3_msgs__py
[0.700s] [ 91%] Built target turtlebot3_msgs__rosidl_generator_py
[0.801s] [ 94%] Built target turtlebot3_msgs__rosidl_typesupport_c__pyext
[0.828s] [ 97%] Built target turtlebot3_msgs__rosidl_typesupport_introspection_c__pyext
[0.850s] [100%] Built target turtlebot3_msgs__rosidl_typesupport_fastrtps_c__pyext
[1.164s] running egg_info
[1.170s] writing turtlebot3_msgs.egg-info/PKG-INFO
[1.171s] writing dependency_links to turtlebot3_msgs.egg-info/dependency_links.txt
[1.171s] writing top-level names to turtlebot3_msgs.egg-info/top_level.txt
[1.171s] reading manifest file 'turtlebot3_msgs.egg-info/SOURCES.txt'
[1.174s] writing manifest file 'turtlebot3_msgs.egg-info/SOURCES.txt'
[1.223s] [100%] Built target ament_cmake_python_build_turtlebot3_msgs_egg
[1.400s] Invoked command in '/home/student/pepper_ws/build/turtlebot3_msgs' returned '0': CMAKE_PREFIX_PATH=${CMAKE_PREFIX_PATH}:/home/student/pepper_ws/install/turtlebot3_teleop:/home/student/pepper_ws/install/turtlebot3_example:/home/student/pepper_ws/install/move_pepper:/home/student/ros2_ws/install/autonomous_tb3:/opt/ros/humble /usr/bin/cmake --build /home/student/pepper_ws/build/turtlebot3_msgs -- -j8 -l8
[2.183s] Invoking command in '/home/student/pepper_ws/build/turtlebot3_msgs': CMAKE_PREFIX_PATH=${CMAKE_PREFIX_PATH}:/home/student/pepper_ws/install/turtlebot3_teleop:/home/student/pepper_ws/install/turtlebot3_example:/home/student/pepper_ws/install/move_pepper:/home/student/ros2_ws/install/autonomous_tb3:/opt/ros/humble /usr/bin/cmake --install /home/student/pepper_ws/build/turtlebot3_msgs
[2.196s] -- Install configuration: ""
[2.199s] -- Up-to-date: /home/student/pepper_ws/install/turtlebot3_msgs/share/ament_index/resource_index/rosidl_interfaces/turtlebot3_msgs
[2.199s] -- Up-to-date: /home/student/pepper_ws/install/turtlebot3_msgs/include/turtlebot3_msgs/turtlebot3_msgs
[2.199s] -- Up-to-date: /home/student/pepper_ws/install/turtlebot3_msgs/include/turtlebot3_msgs/turtlebot3_msgs/msg
[2.200s] -- Up-to-date: /home/student/pepper_ws/install/turtlebot3_msgs/include/turtlebot3_msgs/turtlebot3_msgs/msg/rosidl_generator_c__visibility_control.h
[2.200s] -- Up-to-date: /home/student/pepper_ws/install/turtlebot3_msgs/include/turtlebot3_msgs/turtlebot3_msgs/msg/version_info.h
[2.200s] -- Up-to-date: /home/student/pepper_ws/install/turtlebot3_msgs/include/turtlebot3_msgs/turtlebot3_msgs/msg/sound.h
[2.200s] -- Up-to-date: /home/student/pepper_ws/install/turtlebot3_msgs/include/turtlebot3_msgs/turtlebot3_msgs/msg/sensor_state.h
[2.200s] -- Up-to-date: /home/student/pepper_ws/install/turtlebot3_msgs/include/turtlebot3_msgs/turtlebot3_msgs/msg/detail
[2.201s] -- Up-to-date: /home/student/pepper_ws/install/turtlebot3_msgs/include/turtlebot3_msgs/turtlebot3_msgs/msg/detail/version_info__functions.c
[2.201s] -- Up-to-date: /home/student/pepper_ws/install/turtlebot3_msgs/include/turtlebot3_msgs/turtlebot3_msgs/msg/detail/sound__functions.h
[2.201s] -- Up-to-date: /home/student/pepper_ws/install/turtlebot3_msgs/include/turtlebot3_msgs/turtlebot3_msgs/msg/detail/version_info__struct.h
[2.201s] -- Up-to-date: /home/student/pepper_ws/install/turtlebot3_msgs/include/turtlebot3_msgs/turtlebot3_msgs/msg/detail/version_info__type_support.h
[2.201s] -- Up-to-date: /home/student/pepper_ws/install/turtlebot3_msgs/include/turtlebot3_msgs/turtlebot3_msgs/msg/detail/sound__struct.h
[2.201s] -- Up-to-date: /home/student/pepper_ws/install/turtlebot3_msgs/include/turtlebot3_msgs/turtlebot3_msgs/msg/detail/sound__functions.c
[2.202s] -- Up-to-date: /home/student/pepper_ws/install/turtlebot3_msgs/include/turtlebot3_msgs/turtlebot3_msgs/msg/detail/sound__type_support.h
[2.202s] -- Up-to-date: /home/student/pepper_ws/install/turtlebot3_msgs/include/turtlebot3_msgs/turtlebot3_msgs/msg/detail/sensor_state__type_support.h
[2.202s] -- Up-to-date: /home/student/pepper_ws/install/turtlebot3_msgs/include/turtlebot3_msgs/turtlebot3_msgs/msg/detail/sensor_state__functions.h
[2.202s] -- Up-to-date: /home/student/pepper_ws/install/turtlebot3_msgs/include/turtlebot3_msgs/turtlebot3_msgs/msg/detail/sensor_state__struct.h
[2.206s] -- Up-to-date: /home/student/pepper_ws/install/turtlebot3_msgs/include/turtlebot3_msgs/turtlebot3_msgs/msg/detail/version_info__functions.h
[2.207s] -- Up-to-date: /home/student/pepper_ws/install/turtlebot3_msgs/include/turtlebot3_msgs/turtlebot3_msgs/msg/detail/sensor_state__functions.c
[2.207s] -- Up-to-date: /home/student/pepper_ws/install/turtlebot3_msgs/include/turtlebot3_msgs/turtlebot3_msgs/action
[2.207s] -- Up-to-date: /home/student/pepper_ws/install/turtlebot3_msgs/include/turtlebot3_msgs/turtlebot3_msgs/action/patrol.h
[2.207s] -- Up-to-date: /home/student/pepper_ws/install/turtlebot3_msgs/include/turtlebot3_msgs/turtlebot3_msgs/action/detail
[2.207s] -- Up-to-date: /home/student/pepper_ws/install/turtlebot3_msgs/include/turtlebot3_msgs/turtlebot3_msgs/action/detail/patrol__functions.c
[2.207s] -- Up-to-date: /home/student/pepper_ws/install/turtlebot3_msgs/include/turtlebot3_msgs/turtlebot3_msgs/action/detail/patrol__functions.h
[2.207s] -- Up-to-date: /home/student/pepper_ws/install/turtlebot3_msgs/include/turtlebot3_msgs/turtlebot3_msgs/action/detail/patrol__struct.h
[2.208s] -- Up-to-date: /home/student/pepper_ws/install/turtlebot3_msgs/include/turtlebot3_msgs/turtlebot3_msgs/action/detail/patrol__type_support.h
[2.208s] -- Up-to-date: /home/student/pepper_ws/install/turtlebot3_msgs/include/turtlebot3_msgs/turtlebot3_msgs/srv
[2.208s] -- Up-to-date: /home/student/pepper_ws/install/turtlebot3_msgs/include/turtlebot3_msgs/turtlebot3_msgs/srv/dqn.h
[2.208s] -- Up-to-date: /home/student/pepper_ws/install/turtlebot3_msgs/include/turtlebot3_msgs/turtlebot3_msgs/srv/sound.h
[2.208s] -- Up-to-date: /home/student/pepper_ws/install/turtlebot3_msgs/include/turtlebot3_msgs/turtlebot3_msgs/srv/detail
[2.217s] -- Up-to-date: /home/student/pepper_ws/install/turtlebot3_msgs/include/turtlebot3_msgs/turtlebot3_msgs/srv/detail/dqn__struct.h
[2.217s] -- Up-to-date: /home/student/pepper_ws/install/turtlebot3_msgs/include/turtlebot3_msgs/turtlebot3_msgs/srv/detail/sound__functions.h
[2.218s] -- Up-to-date: /home/student/pepper_ws/install/turtlebot3_msgs/include/turtlebot3_msgs/turtlebot3_msgs/srv/detail/dqn__functions.c
[2.218s] -- Up-to-date: /home/student/pepper_ws/install/turtlebot3_msgs/include/turtlebot3_msgs/turtlebot3_msgs/srv/detail/sound__struct.h
[2.218s] -- Up-to-date: /home/student/pepper_ws/install/turtlebot3_msgs/include/turtlebot3_msgs/turtlebot3_msgs/srv/detail/sound__functions.c
[2.218s] -- Up-to-date: /home/student/pepper_ws/install/turtlebot3_msgs/include/turtlebot3_msgs/turtlebot3_msgs/srv/detail/sound__type_support.h
[2.218s] -- Up-to-date: /home/student/pepper_ws/install/turtlebot3_msgs/include/turtlebot3_msgs/turtlebot3_msgs/srv/detail/dqn__functions.h
[2.218s] -- Up-to-date: /home/student/pepper_ws/install/turtlebot3_msgs/include/turtlebot3_msgs/turtlebot3_msgs/srv/detail/dqn__type_support.h
[2.218s] -- Up-to-date: /home/student/pepper_ws/install/turtlebot3_msgs/share/turtlebot3_msgs/environment/library_path.sh
[2.219s] -- Up-to-date: /home/student/pepper_ws/install/turtlebot3_msgs/share/turtlebot3_msgs/environment/library_path.dsv
[2.219s] -- Up-to-date: /home/student/pepper_ws/install/turtlebot3_msgs/lib/libturtlebot3_msgs__rosidl_generator_c.so
[2.219s] -- Up-to-date: /home/student/pepper_ws/install/turtlebot3_msgs/include/turtlebot3_msgs/turtlebot3_msgs
[2.219s] -- Up-to-date: /home/student/pepper_ws/install/turtlebot3_msgs/include/turtlebot3_msgs/turtlebot3_msgs/msg
[2.221s] -- Up-to-date: /home/student/pepper_ws/install/turtlebot3_msgs/include/turtlebot3_msgs/turtlebot3_msgs/msg/rosidl_typesupport_fastrtps_c__visibility_control.h
[2.221s] -- Up-to-date: /home/student/pepper_ws/install/turtlebot3_msgs/include/turtlebot3_msgs/turtlebot3_msgs/msg/detail
[2.222s] -- Up-to-date: /home/student/pepper_ws/install/turtlebot3_msgs/include/turtlebot3_msgs/turtlebot3_msgs/msg/detail/sound__rosidl_typesupport_fastrtps_c.h
[2.222s] -- Up-to-date: /home/student/pepper_ws/install/turtlebot3_msgs/include/turtlebot3_msgs/turtlebot3_msgs/msg/detail/version_info__rosidl_typesupport_fastrtps_c.h
[2.222s] -- Up-to-date: /home/student/pepper_ws/install/turtlebot3_msgs/include/turtlebot3_msgs/turtlebot3_msgs/msg/detail/sensor_state__rosidl_typesupport_fastrtps_c.h
[2.222s] -- Up-to-date: /home/student/pepper_ws/install/turtlebot3_msgs/include/turtlebot3_msgs/turtlebot3_msgs/action
[2.223s] -- Up-to-date: /home/student/pepper_ws/install/turtlebot3_msgs/include/turtlebot3_msgs/turtlebot3_msgs/action/detail
[2.223s] -- Up-to-date: /home/student/pepper_ws/install/turtlebot3_msgs/include/turtlebot3_msgs/turtlebot3_msgs/action/detail/patrol__rosidl_typesupport_fastrtps_c.h
[2.223s] -- Up-to-date: /home/student/pepper_ws/install/turtlebot3_msgs/include/turtlebot3_msgs/turtlebot3_msgs/srv
[2.223s] -- Up-to-date: /home/student/pepper_ws/install/turtlebot3_msgs/include/turtlebot3_msgs/turtlebot3_msgs/srv/detail
[2.223s] -- Up-to-date: /home/student/pepper_ws/install/turtlebot3_msgs/include/turtlebot3_msgs/turtlebot3_msgs/srv/detail/sound__rosidl_typesupport_fastrtps_c.h
[2.223s] -- Up-to-date: /home/student/pepper_ws/install/turtlebot3_msgs/include/turtlebot3_msgs/turtlebot3_msgs/srv/detail/dqn__rosidl_typesupport_fastrtps_c.h
[2.224s] -- Up-to-date: /home/student/pepper_ws/install/turtlebot3_msgs/lib/libturtlebot3_msgs__rosidl_typesupport_fastrtps_c.so
[2.224s] -- Up-to-date: /home/student/pepper_ws/install/turtlebot3_msgs/include/turtlebot3_msgs/turtlebot3_msgs
[2.224s] -- Up-to-date: /home/student/pepper_ws/install/turtlebot3_msgs/include/turtlebot3_msgs/turtlebot3_msgs/msg
[2.224s] -- Up-to-date: /home/student/pepper_ws/install/turtlebot3_msgs/include/turtlebot3_msgs/turtlebot3_msgs/msg/version_info.hpp
[2.224s] -- Up-to-date: /home/student/pepper_ws/install/turtlebot3_msgs/include/turtlebot3_msgs/turtlebot3_msgs/msg/sound.hpp
[2.224s] -- Up-to-date: /home/student/pepper_ws/install/turtlebot3_msgs/include/turtlebot3_msgs/turtlebot3_msgs/msg/sensor_state.hpp
[2.224s] -- Up-to-date: /home/student/pepper_ws/install/turtlebot3_msgs/include/turtlebot3_msgs/turtlebot3_msgs/msg/detail
[2.224s] -- Up-to-date: /home/student/pepper_ws/install/turtlebot3_msgs/include/turtlebot3_msgs/turtlebot3_msgs/msg/detail/sensor_state__builder.hpp
[2.224s] -- Up-to-date: /home/student/pepper_ws/install/turtlebot3_msgs/include/turtlebot3_msgs/turtlebot3_msgs/msg/detail/sound__traits.hpp
[2.225s] -- Up-to-date: /home/student/pepper_ws/install/turtlebot3_msgs/include/turtlebot3_msgs/turtlebot3_msgs/msg/detail/version_info__traits.hpp
[2.225s] -- Up-to-date: /home/student/pepper_ws/install/turtlebot3_msgs/include/turtlebot3_msgs/turtlebot3_msgs/msg/detail/sound__struct.hpp
[2.225s] -- Up-to-date: /home/student/pepper_ws/install/turtlebot3_msgs/include/turtlebot3_msgs/turtlebot3_msgs/msg/detail/sound__builder.hpp
[2.225s] -- Up-to-date: /home/student/pepper_ws/install/turtlebot3_msgs/include/turtlebot3_msgs/turtlebot3_msgs/msg/detail/version_info__struct.hpp
[2.225s] -- Up-to-date: /home/student/pepper_ws/install/turtlebot3_msgs/include/turtlebot3_msgs/turtlebot3_msgs/msg/detail/version_info__builder.hpp
[2.225s] -- Up-to-date: /home/student/pepper_ws/install/turtlebot3_msgs/include/turtlebot3_msgs/turtlebot3_msgs/msg/detail/sensor_state__traits.hpp
[2.225s] -- Up-to-date: /home/student/pepper_ws/install/turtlebot3_msgs/include/turtlebot3_msgs/turtlebot3_msgs/msg/detail/sensor_state__struct.hpp
[2.226s] -- Up-to-date: /home/student/pepper_ws/install/turtlebot3_msgs/include/turtlebot3_msgs/turtlebot3_msgs/action
[2.226s] -- Up-to-date: /home/student/pepper_ws/install/turtlebot3_msgs/include/turtlebot3_msgs/turtlebot3_msgs/action/detail
[2.226s] -- Up-to-date: /home/student/pepper_ws/install/turtlebot3_msgs/include/turtlebot3_msgs/turtlebot3_msgs/action/detail/patrol__builder.hpp
[2.226s] -- Up-to-date: /home/student/pepper_ws/install/turtlebot3_msgs/include/turtlebot3_msgs/turtlebot3_msgs/action/detail/patrol__traits.hpp
[2.226s] -- Up-to-date: /home/student/pepper_ws/install/turtlebot3_msgs/include/turtlebot3_msgs/turtlebot3_msgs/action/detail/patrol__struct.hpp
[2.226s] -- Up-to-date: /home/student/pepper_ws/install/turtlebot3_msgs/include/turtlebot3_msgs/turtlebot3_msgs/action/patrol.hpp
[2.226s] -- Up-to-date: /home/student/pepper_ws/install/turtlebot3_msgs/include/turtlebot3_msgs/turtlebot3_msgs/srv
[2.226s] -- Up-to-date: /home/student/pepper_ws/install/turtlebot3_msgs/include/turtlebot3_msgs/turtlebot3_msgs/srv/sound.hpp
[2.227s] -- Up-to-date: /home/student/pepper_ws/install/turtlebot3_msgs/include/turtlebot3_msgs/turtlebot3_msgs/srv/dqn.hpp
[2.227s] -- Up-to-date: /home/student/pepper_ws/install/turtlebot3_msgs/include/turtlebot3_msgs/turtlebot3_msgs/srv/detail
[2.230s] -- Up-to-date: /home/student/pepper_ws/install/turtlebot3_msgs/include/turtlebot3_msgs/turtlebot3_msgs/srv/detail/sound__traits.hpp
[2.230s] -- Up-to-date: /home/student/pepper_ws/install/turtlebot3_msgs/include/turtlebot3_msgs/turtlebot3_msgs/srv/detail/dqn__builder.hpp
[2.230s] -- Up-to-date: /home/student/pepper_ws/install/turtlebot3_msgs/include/turtlebot3_msgs/turtlebot3_msgs/srv/detail/dqn__struct.hpp
[2.231s] -- Up-to-date: /home/student/pepper_ws/install/turtlebot3_msgs/include/turtlebot3_msgs/turtlebot3_msgs/srv/detail/sound__struct.hpp
[2.231s] -- Up-to-date: /home/student/pepper_ws/install/turtlebot3_msgs/include/turtlebot3_msgs/turtlebot3_msgs/srv/detail/sound__builder.hpp
[2.231s] -- Up-to-date: /home/student/pepper_ws/install/turtlebot3_msgs/include/turtlebot3_msgs/turtlebot3_msgs/srv/detail/dqn__traits.hpp
[2.231s] -- Up-to-date: /home/student/pepper_ws/install/turtlebot3_msgs/include/turtlebot3_msgs/turtlebot3_msgs
[2.231s] -- Up-to-date: /home/student/pepper_ws/install/turtlebot3_msgs/include/turtlebot3_msgs/turtlebot3_msgs/msg
[2.231s] -- Up-to-date: /home/student/pepper_ws/install/turtlebot3_msgs/include/turtlebot3_msgs/turtlebot3_msgs/msg/rosidl_typesupport_fastrtps_cpp__visibility_control.h
[2.231s] -- Up-to-date: /home/student/pepper_ws/install/turtlebot3_msgs/include/turtlebot3_msgs/turtlebot3_msgs/msg/detail
[2.232s] -- Up-to-date: /home/student/pepper_ws/install/turtlebot3_msgs/include/turtlebot3_msgs/turtlebot3_msgs/msg/detail/dds_fastrtps
[2.232s] -- Up-to-date: /home/student/pepper_ws/install/turtlebot3_msgs/include/turtlebot3_msgs/turtlebot3_msgs/msg/detail/sound__rosidl_typesupport_fastrtps_cpp.hpp
[2.232s] -- Up-to-date: /home/student/pepper_ws/install/turtlebot3_msgs/include/turtlebot3_msgs/turtlebot3_msgs/msg/detail/sensor_state__rosidl_typesupport_fastrtps_cpp.hpp
[2.233s] -- Up-to-date: /home/student/pepper_ws/install/turtlebot3_msgs/include/turtlebot3_msgs/turtlebot3_msgs/msg/detail/version_info__rosidl_typesupport_fastrtps_cpp.hpp
[2.233s] -- Up-to-date: /home/student/pepper_ws/install/turtlebot3_msgs/include/turtlebot3_msgs/turtlebot3_msgs/action
[2.234s] -- Up-to-date: /home/student/pepper_ws/install/turtlebot3_msgs/include/turtlebot3_msgs/turtlebot3_msgs/action/detail
[2.234s] -- Up-to-date: /home/student/pepper_ws/install/turtlebot3_msgs/include/turtlebot3_msgs/turtlebot3_msgs/action/detail/dds_fastrtps
[2.234s] -- Up-to-date: /home/student/pepper_ws/install/turtlebot3_msgs/include/turtlebot3_msgs/turtlebot3_msgs/action/detail/patrol__rosidl_typesupport_fastrtps_cpp.hpp
[2.234s] -- Up-to-date: /home/student/pepper_ws/install/turtlebot3_msgs/include/turtlebot3_msgs/turtlebot3_msgs/srv
[2.234s] -- Up-to-date: /home/student/pepper_ws/install/turtlebot3_msgs/include/turtlebot3_msgs/turtlebot3_msgs/srv/detail
[2.234s] -- Up-to-date: /home/student/pepper_ws/install/turtlebot3_msgs/include/turtlebot3_msgs/turtlebot3_msgs/srv/detail/dds_fastrtps
[2.234s] -- Up-to-date: /home/student/pepper_ws/install/turtlebot3_msgs/include/turtlebot3_msgs/turtlebot3_msgs/srv/detail/sound__rosidl_typesupport_fastrtps_cpp.hpp
[2.235s] -- Up-to-date: /home/student/pepper_ws/install/turtlebot3_msgs/include/turtlebot3_msgs/turtlebot3_msgs/srv/detail/dqn__rosidl_typesupport_fastrtps_cpp.hpp
[2.235s] -- Up-to-date: /home/student/pepper_ws/install/turtlebot3_msgs/lib/libturtlebot3_msgs__rosidl_typesupport_fastrtps_cpp.so
[2.235s] -- Up-to-date: /home/student/pepper_ws/install/turtlebot3_msgs/include/turtlebot3_msgs/turtlebot3_msgs
[2.235s] -- Up-to-date: /home/student/pepper_ws/install/turtlebot3_msgs/include/turtlebot3_msgs/turtlebot3_msgs/msg
[2.235s] -- Up-to-date: /home/student/pepper_ws/install/turtlebot3_msgs/include/turtlebot3_msgs/turtlebot3_msgs/msg/rosidl_typesupport_introspection_c__visibility_control.h
[2.235s] -- Up-to-date: /home/student/pepper_ws/install/turtlebot3_msgs/include/turtlebot3_msgs/turtlebot3_msgs/msg/detail
[2.235s] -- Up-to-date: /home/student/pepper_ws/install/turtlebot3_msgs/include/turtlebot3_msgs/turtlebot3_msgs/msg/detail/sound__rosidl_typesupport_introspection_c.h
[2.236s] -- Up-to-date: /home/student/pepper_ws/install/turtlebot3_msgs/include/turtlebot3_msgs/turtlebot3_msgs/msg/detail/version_info__rosidl_typesupport_introspection_c.h
[2.236s] -- Up-to-date: /home/student/pepper_ws/install/turtlebot3_msgs/include/turtlebot3_msgs/turtlebot3_msgs/msg/detail/sound__type_support.c
[2.236s] -- Up-to-date: /home/student/pepper_ws/install/turtlebot3_msgs/include/turtlebot3_msgs/turtlebot3_msgs/msg/detail/version_info__type_support.c
[2.236s] -- Up-to-date: /home/student/pepper_ws/install/turtlebot3_msgs/include/turtlebot3_msgs/turtlebot3_msgs/msg/detail/sensor_state__rosidl_typesupport_introspection_c.h
[2.236s] -- Up-to-date: /home/student/pepper_ws/install/turtlebot3_msgs/include/turtlebot3_msgs/turtlebot3_msgs/msg/detail/sensor_state__type_support.c
[2.236s] -- Up-to-date: /home/student/pepper_ws/install/turtlebot3_msgs/include/turtlebot3_msgs/turtlebot3_msgs/action
[2.236s] -- Up-to-date: /home/student/pepper_ws/install/turtlebot3_msgs/include/turtlebot3_msgs/turtlebot3_msgs/action/detail
[2.236s] -- Up-to-date: /home/student/pepper_ws/install/turtlebot3_msgs/include/turtlebot3_msgs/turtlebot3_msgs/action/detail/patrol__type_support.c
[2.237s] -- Up-to-date: /home/student/pepper_ws/install/turtlebot3_msgs/include/turtlebot3_msgs/turtlebot3_msgs/action/detail/patrol__rosidl_typesupport_introspection_c.h
[2.237s] -- Up-to-date: /home/student/pepper_ws/install/turtlebot3_msgs/include/turtlebot3_msgs/turtlebot3_msgs/srv
[2.237s] -- Up-to-date: /home/student/pepper_ws/install/turtlebot3_msgs/include/turtlebot3_msgs/turtlebot3_msgs/srv/detail
[2.237s] -- Up-to-date: /home/student/pepper_ws/install/turtlebot3_msgs/include/turtlebot3_msgs/turtlebot3_msgs/srv/detail/sound__rosidl_typesupport_introspection_c.h
[2.237s] -- Up-to-date: /home/student/pepper_ws/install/turtlebot3_msgs/include/turtlebot3_msgs/turtlebot3_msgs/srv/detail/dqn__type_support.c
[2.237s] -- Up-to-date: /home/student/pepper_ws/install/turtlebot3_msgs/include/turtlebot3_msgs/turtlebot3_msgs/srv/detail/sound__type_support.c
[2.237s] -- Up-to-date: /home/student/pepper_ws/install/turtlebot3_msgs/include/turtlebot3_msgs/turtlebot3_msgs/srv/detail/dqn__rosidl_typesupport_introspection_c.h
[2.238s] -- Up-to-date: /home/student/pepper_ws/install/turtlebot3_msgs/lib/libturtlebot3_msgs__rosidl_typesupport_introspection_c.so
[2.238s] -- Up-to-date: /home/student/pepper_ws/install/turtlebot3_msgs/lib/libturtlebot3_msgs__rosidl_typesupport_c.so
[2.238s] -- Up-to-date: /home/student/pepper_ws/install/turtlebot3_msgs/include/turtlebot3_msgs/turtlebot3_msgs
[2.239s] -- Up-to-date: /home/student/pepper_ws/install/turtlebot3_msgs/include/turtlebot3_msgs/turtlebot3_msgs/msg
[2.239s] -- Up-to-date: /home/student/pepper_ws/install/turtlebot3_msgs/include/turtlebot3_msgs/turtlebot3_msgs/msg/detail
[2.240s] -- Up-to-date: /home/student/pepper_ws/install/turtlebot3_msgs/include/turtlebot3_msgs/turtlebot3_msgs/msg/detail/sound__rosidl_typesupport_introspection_cpp.hpp
[2.240s] -- Up-to-date: /home/student/pepper_ws/install/turtlebot3_msgs/include/turtlebot3_msgs/turtlebot3_msgs/msg/detail/version_info__rosidl_typesupport_introspection_cpp.hpp
[2.240s] -- Up-to-date: /home/student/pepper_ws/install/turtlebot3_msgs/include/turtlebot3_msgs/turtlebot3_msgs/msg/detail/sensor_state__type_support.cpp
[2.240s] -- Up-to-date: /home/student/pepper_ws/install/turtlebot3_msgs/include/turtlebot3_msgs/turtlebot3_msgs/msg/detail/version_info__type_support.cpp
[2.252s] -- Up-to-date: /home/student/pepper_ws/install/turtlebot3_msgs/include/turtlebot3_msgs/turtlebot3_msgs/msg/detail/sensor_state__rosidl_typesupport_introspection_cpp.hpp
[2.252s] -- Up-to-date: /home/student/pepper_ws/install/turtlebot3_msgs/include/turtlebot3_msgs/turtlebot3_msgs/msg/detail/sound__type_support.cpp
[2.252s] -- Up-to-date: /home/student/pepper_ws/install/turtlebot3_msgs/include/turtlebot3_msgs/turtlebot3_msgs/action
[2.252s] -- Up-to-date: /home/student/pepper_ws/install/turtlebot3_msgs/include/turtlebot3_msgs/turtlebot3_msgs/action/detail
[2.253s] -- Up-to-date: /home/student/pepper_ws/install/turtlebot3_msgs/include/turtlebot3_msgs/turtlebot3_msgs/action/detail/patrol__type_support.cpp
[2.253s] -- Up-to-date: /home/student/pepper_ws/install/turtlebot3_msgs/include/turtlebot3_msgs/turtlebot3_msgs/action/detail/patrol__rosidl_typesupport_introspection_cpp.hpp
[2.253s] -- Up-to-date: /home/student/pepper_ws/install/turtlebot3_msgs/include/turtlebot3_msgs/turtlebot3_msgs/srv
[2.253s] -- Up-to-date: /home/student/pepper_ws/install/turtlebot3_msgs/include/turtlebot3_msgs/turtlebot3_msgs/srv/detail
[2.253s] -- Up-to-date: /home/student/pepper_ws/install/turtlebot3_msgs/include/turtlebot3_msgs/turtlebot3_msgs/srv/detail/sound__rosidl_typesupport_introspection_cpp.hpp
[2.253s] -- Up-to-date: /home/student/pepper_ws/install/turtlebot3_msgs/include/turtlebot3_msgs/turtlebot3_msgs/srv/detail/dqn__type_support.cpp
[2.254s] -- Up-to-date: /home/student/pepper_ws/install/turtlebot3_msgs/include/turtlebot3_msgs/turtlebot3_msgs/srv/detail/dqn__rosidl_typesupport_introspection_cpp.hpp
[2.254s] -- Up-to-date: /home/student/pepper_ws/install/turtlebot3_msgs/include/turtlebot3_msgs/turtlebot3_msgs/srv/detail/sound__type_support.cpp
[2.254s] -- Up-to-date: /home/student/pepper_ws/install/turtlebot3_msgs/lib/libturtlebot3_msgs__rosidl_typesupport_introspection_cpp.so
[2.254s] -- Up-to-date: /home/student/pepper_ws/install/turtlebot3_msgs/lib/libturtlebot3_msgs__rosidl_typesupport_cpp.so
[2.254s] -- Up-to-date: /home/student/pepper_ws/install/turtlebot3_msgs/share/turtlebot3_msgs/environment/pythonpath.sh
[2.254s] -- Up-to-date: /home/student/pepper_ws/install/turtlebot3_msgs/share/turtlebot3_msgs/environment/pythonpath.dsv
[2.255s] -- Up-to-date: /home/student/pepper_ws/install/turtlebot3_msgs/local/lib/python3.10/dist-packages/turtlebot3_msgs-2.2.3-py3.10.egg-info
[2.255s] -- Installing: /home/student/pepper_ws/install/turtlebot3_msgs/local/lib/python3.10/dist-packages/turtlebot3_msgs-2.2.3-py3.10.egg-info/dependency_links.txt
[2.255s] -- Installing: /home/student/pepper_ws/install/turtlebot3_msgs/local/lib/python3.10/dist-packages/turtlebot3_msgs-2.2.3-py3.10.egg-info/PKG-INFO
[2.255s] -- Installing: /home/student/pepper_ws/install/turtlebot3_msgs/local/lib/python3.10/dist-packages/turtlebot3_msgs-2.2.3-py3.10.egg-info/top_level.txt
[2.255s] -- Installing: /home/student/pepper_ws/install/turtlebot3_msgs/local/lib/python3.10/dist-packages/turtlebot3_msgs-2.2.3-py3.10.egg-info/SOURCES.txt
[2.255s] -- Up-to-date: /home/student/pepper_ws/install/turtlebot3_msgs/local/lib/python3.10/dist-packages/turtlebot3_msgs
[2.255s] -- Up-to-date: /home/student/pepper_ws/install/turtlebot3_msgs/local/lib/python3.10/dist-packages/turtlebot3_msgs/msg
[2.256s] -- Up-to-date: /home/student/pepper_ws/install/turtlebot3_msgs/local/lib/python3.10/dist-packages/turtlebot3_msgs/msg/_sensor_state_s.c
[2.256s] -- Up-to-date: /home/student/pepper_ws/install/turtlebot3_msgs/local/lib/python3.10/dist-packages/turtlebot3_msgs/msg/__init__.py
[2.256s] -- Up-to-date: /home/student/pepper_ws/install/turtlebot3_msgs/local/lib/python3.10/dist-packages/turtlebot3_msgs/msg/_sensor_state.py
[2.256s] -- Up-to-date: /home/student/pepper_ws/install/turtlebot3_msgs/local/lib/python3.10/dist-packages/turtlebot3_msgs/msg/_sound.py
[2.256s] -- Up-to-date: /home/student/pepper_ws/install/turtlebot3_msgs/local/lib/python3.10/dist-packages/turtlebot3_msgs/msg/_version_info_s.c
[2.256s] -- Up-to-date: /home/student/pepper_ws/install/turtlebot3_msgs/local/lib/python3.10/dist-packages/turtlebot3_msgs/msg/_sound_s.c
[2.256s] -- Up-to-date: /home/student/pepper_ws/install/turtlebot3_msgs/local/lib/python3.10/dist-packages/turtlebot3_msgs/msg/_version_info.py
[2.256s] -- Up-to-date: /home/student/pepper_ws/install/turtlebot3_msgs/local/lib/python3.10/dist-packages/turtlebot3_msgs/__init__.py
[2.256s] -- Up-to-date: /home/student/pepper_ws/install/turtlebot3_msgs/local/lib/python3.10/dist-packages/turtlebot3_msgs/turtlebot3_msgs_s__rosidl_typesupport_introspection_c.cpython-310-x86_64-linux-gnu.so
[2.257s] -- Up-to-date: /home/student/pepper_ws/install/turtlebot3_msgs/local/lib/python3.10/dist-packages/turtlebot3_msgs/action
[2.257s] -- Up-to-date: /home/student/pepper_ws/install/turtlebot3_msgs/local/lib/python3.10/dist-packages/turtlebot3_msgs/action/_patrol.py
[2.257s] -- Up-to-date: /home/student/pepper_ws/install/turtlebot3_msgs/local/lib/python3.10/dist-packages/turtlebot3_msgs/action/__init__.py
[2.257s] -- Up-to-date: /home/student/pepper_ws/install/turtlebot3_msgs/local/lib/python3.10/dist-packages/turtlebot3_msgs/action/_patrol_s.c
[2.257s] -- Up-to-date: /home/student/pepper_ws/install/turtlebot3_msgs/local/lib/python3.10/dist-packages/turtlebot3_msgs/srv
[2.257s] -- Up-to-date: /home/student/pepper_ws/install/turtlebot3_msgs/local/lib/python3.10/dist-packages/turtlebot3_msgs/srv/__init__.py
[2.257s] -- Up-to-date: /home/student/pepper_ws/install/turtlebot3_msgs/local/lib/python3.10/dist-packages/turtlebot3_msgs/srv/_sound.py
[2.258s] -- Up-to-date: /home/student/pepper_ws/install/turtlebot3_msgs/local/lib/python3.10/dist-packages/turtlebot3_msgs/srv/_dqn.py
[2.258s] -- Up-to-date: /home/student/pepper_ws/install/turtlebot3_msgs/local/lib/python3.10/dist-packages/turtlebot3_msgs/srv/_sound_s.c
[2.258s] -- Up-to-date: /home/student/pepper_ws/install/turtlebot3_msgs/local/lib/python3.10/dist-packages/turtlebot3_msgs/srv/_dqn_s.c
[2.258s] -- Up-to-date: /home/student/pepper_ws/install/turtlebot3_msgs/local/lib/python3.10/dist-packages/turtlebot3_msgs/turtlebot3_msgs_s__rosidl_typesupport_fastrtps_c.cpython-310-x86_64-linux-gnu.so
[2.260s] -- Up-to-date: /home/student/pepper_ws/install/turtlebot3_msgs/local/lib/python3.10/dist-packages/turtlebot3_msgs/_turtlebot3_msgs_s.ep.rosidl_typesupport_fastrtps_c.c
[2.260s] -- Up-to-date: /home/student/pepper_ws/install/turtlebot3_msgs/local/lib/python3.10/dist-packages/turtlebot3_msgs/turtlebot3_msgs_s__rosidl_typesupport_c.cpython-310-x86_64-linux-gnu.so
[2.260s] -- Up-to-date: /home/student/pepper_ws/install/turtlebot3_msgs/local/lib/python3.10/dist-packages/turtlebot3_msgs/libturtlebot3_msgs__rosidl_generator_py.so
[2.260s] -- Up-to-date: /home/student/pepper_ws/install/turtlebot3_msgs/local/lib/python3.10/dist-packages/turtlebot3_msgs/_turtlebot3_msgs_s.ep.rosidl_typesupport_c.c
[2.261s] -- Up-to-date: /home/student/pepper_ws/install/turtlebot3_msgs/local/lib/python3.10/dist-packages/turtlebot3_msgs/_turtlebot3_msgs_s.ep.rosidl_typesupport_introspection_c.c
[2.293s] Listing '/home/student/pepper_ws/install/turtlebot3_msgs/local/lib/python3.10/dist-packages/turtlebot3_msgs'...
[2.296s] Listing '/home/student/pepper_ws/install/turtlebot3_msgs/local/lib/python3.10/dist-packages/turtlebot3_msgs/action'...
[2.296s] Listing '/home/student/pepper_ws/install/turtlebot3_msgs/local/lib/python3.10/dist-packages/turtlebot3_msgs/msg'...
[2.296s] Listing '/home/student/pepper_ws/install/turtlebot3_msgs/local/lib/python3.10/dist-packages/turtlebot3_msgs/srv'...
[2.315s] -- Up-to-date: /home/student/pepper_ws/install/turtlebot3_msgs/local/lib/python3.10/dist-packages/turtlebot3_msgs/turtlebot3_msgs_s__rosidl_typesupport_fastrtps_c.cpython-310-x86_64-linux-gnu.so
[2.315s] -- Up-to-date: /home/student/pepper_ws/install/turtlebot3_msgs/local/lib/python3.10/dist-packages/turtlebot3_msgs/turtlebot3_msgs_s__rosidl_typesupport_introspection_c.cpython-310-x86_64-linux-gnu.so
[2.315s] -- Up-to-date: /home/student/pepper_ws/install/turtlebot3_msgs/local/lib/python3.10/dist-packages/turtlebot3_msgs/turtlebot3_msgs_s__rosidl_typesupport_c.cpython-310-x86_64-linux-gnu.so
[2.315s] -- Up-to-date: /home/student/pepper_ws/install/turtlebot3_msgs/lib/libturtlebot3_msgs__rosidl_generator_py.so
[2.316s] -- Up-to-date: /home/student/pepper_ws/install/turtlebot3_msgs/share/turtlebot3_msgs/msg/SensorState.idl
[2.316s] -- Up-to-date: /home/student/pepper_ws/install/turtlebot3_msgs/share/turtlebot3_msgs/msg/Sound.idl
[2.321s] -- Up-to-date: /home/student/pepper_ws/install/turtlebot3_msgs/share/turtlebot3_msgs/msg/VersionInfo.idl
[2.321s] -- Up-to-date: /home/student/pepper_ws/install/turtlebot3_msgs/share/turtlebot3_msgs/srv/Sound.idl
[2.321s] -- Up-to-date: /home/student/pepper_ws/install/turtlebot3_msgs/share/turtlebot3_msgs/srv/Dqn.idl
[2.322s] -- Up-to-date: /home/student/pepper_ws/install/turtlebot3_msgs/share/turtlebot3_msgs/action/Patrol.idl
[2.322s] -- Up-to-date: /home/student/pepper_ws/install/turtlebot3_msgs/share/turtlebot3_msgs/msg/SensorState.msg
[2.322s] -- Up-to-date: /home/student/pepper_ws/install/turtlebot3_msgs/share/turtlebot3_msgs/msg/Sound.msg
[2.322s] -- Up-to-date: /home/student/pepper_ws/install/turtlebot3_msgs/share/turtlebot3_msgs/msg/VersionInfo.msg
[2.322s] -- Up-to-date: /home/student/pepper_ws/install/turtlebot3_msgs/share/turtlebot3_msgs/srv/Sound.srv
[2.322s] -- Up-to-date: /home/student/pepper_ws/install/turtlebot3_msgs/share/turtlebot3_msgs/srv/Sound_Request.msg
[2.322s] -- Up-to-date: /home/student/pepper_ws/install/turtlebot3_msgs/share/turtlebot3_msgs/srv/Sound_Response.msg
[2.323s] -- Up-to-date: /home/student/pepper_ws/install/turtlebot3_msgs/share/turtlebot3_msgs/srv/Dqn.srv
[2.323s] -- Up-to-date: /home/student/pepper_ws/install/turtlebot3_msgs/share/turtlebot3_msgs/srv/Dqn_Request.msg
[2.323s] -- Up-to-date: /home/student/pepper_ws/install/turtlebot3_msgs/share/turtlebot3_msgs/srv/Dqn_Response.msg
[2.323s] -- Up-to-date: /home/student/pepper_ws/install/turtlebot3_msgs/share/turtlebot3_msgs/action/Patrol.action
[2.323s] -- Up-to-date: /home/student/pepper_ws/install/turtlebot3_msgs/share/ament_index/resource_index/package_run_dependencies/turtlebot3_msgs
[2.323s] -- Up-to-date: /home/student/pepper_ws/install/turtlebot3_msgs/share/ament_index/resource_index/parent_prefix_path/turtlebot3_msgs
[2.324s] -- Up-to-date: /home/student/pepper_ws/install/turtlebot3_msgs/share/turtlebot3_msgs/environment/ament_prefix_path.sh
[2.324s] -- Up-to-date: /home/student/pepper_ws/install/turtlebot3_msgs/share/turtlebot3_msgs/environment/ament_prefix_path.dsv
[2.324s] -- Up-to-date: /home/student/pepper_ws/install/turtlebot3_msgs/share/turtlebot3_msgs/environment/path.sh
[2.325s] -- Up-to-date: /home/student/pepper_ws/install/turtlebot3_msgs/share/turtlebot3_msgs/environment/path.dsv
[2.325s] -- Up-to-date: /home/student/pepper_ws/install/turtlebot3_msgs/share/turtlebot3_msgs/local_setup.bash
[2.327s] -- Up-to-date: /home/student/pepper_ws/install/turtlebot3_msgs/share/turtlebot3_msgs/local_setup.sh
[2.327s] -- Up-to-date: /home/student/pepper_ws/install/turtlebot3_msgs/share/turtlebot3_msgs/local_setup.zsh
[2.328s] -- Up-to-date: /home/student/pepper_ws/install/turtlebot3_msgs/share/turtlebot3_msgs/local_setup.dsv
[2.328s] -- Installing: /home/student/pepper_ws/install/turtlebot3_msgs/share/turtlebot3_msgs/package.dsv
[2.329s] -- Up-to-date: /home/student/pepper_ws/install/turtlebot3_msgs/share/ament_index/resource_index/packages/turtlebot3_msgs
[2.329s] -- Up-to-date: /home/student/pepper_ws/install/turtlebot3_msgs/share/turtlebot3_msgs/cmake/export_turtlebot3_msgs__rosidl_generator_cExport.cmake
[2.330s] -- Up-to-date: /home/student/pepper_ws/install/turtlebot3_msgs/share/turtlebot3_msgs/cmake/export_turtlebot3_msgs__rosidl_generator_cExport-noconfig.cmake
[2.330s] -- Up-to-date: /home/student/pepper_ws/install/turtlebot3_msgs/share/turtlebot3_msgs/cmake/export_turtlebot3_msgs__rosidl_typesupport_fastrtps_cExport.cmake
[2.331s] -- Up-to-date: /home/student/pepper_ws/install/turtlebot3_msgs/share/turtlebot3_msgs/cmake/export_turtlebot3_msgs__rosidl_typesupport_fastrtps_cExport-noconfig.cmake
[2.331s] -- Up-to-date: /home/student/pepper_ws/install/turtlebot3_msgs/share/turtlebot3_msgs/cmake/export_turtlebot3_msgs__rosidl_generator_cppExport.cmake
[2.331s] -- Up-to-date: /home/student/pepper_ws/install/turtlebot3_msgs/share/turtlebot3_msgs/cmake/export_turtlebot3_msgs__rosidl_typesupport_fastrtps_cppExport.cmake
[2.331s] -- Up-to-date: /home/student/pepper_ws/install/turtlebot3_msgs/share/turtlebot3_msgs/cmake/export_turtlebot3_msgs__rosidl_typesupport_fastrtps_cppExport-noconfig.cmake
[2.333s] -- Up-to-date: /home/student/pepper_ws/install/turtlebot3_msgs/share/turtlebot3_msgs/cmake/turtlebot3_msgs__rosidl_typesupport_introspection_cExport.cmake
[2.333s] -- Up-to-date: /home/student/pepper_ws/install/turtlebot3_msgs/share/turtlebot3_msgs/cmake/turtlebot3_msgs__rosidl_typesupport_introspection_cExport-noconfig.cmake
[2.333s] -- Up-to-date: /home/student/pepper_ws/install/turtlebot3_msgs/share/turtlebot3_msgs/cmake/turtlebot3_msgs__rosidl_typesupport_cExport.cmake
[2.334s] -- Up-to-date: /home/student/pepper_ws/install/turtlebot3_msgs/share/turtlebot3_msgs/cmake/turtlebot3_msgs__rosidl_typesupport_cExport-noconfig.cmake
[2.334s] -- Up-to-date: /home/student/pepper_ws/install/turtlebot3_msgs/share/turtlebot3_msgs/cmake/turtlebot3_msgs__rosidl_typesupport_introspection_cppExport.cmake
[2.334s] -- Up-to-date: /home/student/pepper_ws/install/turtlebot3_msgs/share/turtlebot3_msgs/cmake/turtlebot3_msgs__rosidl_typesupport_introspection_cppExport-noconfig.cmake
[2.334s] -- Up-to-date: /home/student/pepper_ws/install/turtlebot3_msgs/share/turtlebot3_msgs/cmake/turtlebot3_msgs__rosidl_typesupport_cppExport.cmake
[2.334s] -- Up-to-date: /home/student/pepper_ws/install/turtlebot3_msgs/share/turtlebot3_msgs/cmake/turtlebot3_msgs__rosidl_typesupport_cppExport-noconfig.cmake
[2.334s] -- Up-to-date: /home/student/pepper_ws/install/turtlebot3_msgs/share/turtlebot3_msgs/cmake/export_turtlebot3_msgs__rosidl_generator_pyExport.cmake
[2.334s] -- Up-to-date: /home/student/pepper_ws/install/turtlebot3_msgs/share/turtlebot3_msgs/cmake/export_turtlebot3_msgs__rosidl_generator_pyExport-noconfig.cmake
[2.335s] -- Up-to-date: /home/student/pepper_ws/install/turtlebot3_msgs/share/turtlebot3_msgs/cmake/rosidl_cmake-extras.cmake
[2.339s] -- Up-to-date: /home/student/pepper_ws/install/turtlebot3_msgs/share/turtlebot3_msgs/cmake/ament_cmake_export_dependencies-extras.cmake
[2.339s] -- Up-to-date: /home/student/pepper_ws/install/turtlebot3_msgs/share/turtlebot3_msgs/cmake/ament_cmake_export_include_directories-extras.cmake
[2.340s] -- Up-to-date: /home/student/pepper_ws/install/turtlebot3_msgs/share/turtlebot3_msgs/cmake/ament_cmake_export_libraries-extras.cmake
[2.340s] -- Up-to-date: /home/student/pepper_ws/install/turtlebot3_msgs/share/turtlebot3_msgs/cmake/ament_cmake_export_targets-extras.cmake
[2.341s] -- Up-to-date: /home/student/pepper_ws/install/turtlebot3_msgs/share/turtlebot3_msgs/cmake/rosidl_cmake_export_typesupport_targets-extras.cmake
[2.341s] -- Up-to-date: /home/student/pepper_ws/install/turtlebot3_msgs/share/turtlebot3_msgs/cmake/rosidl_cmake_export_typesupport_libraries-extras.cmake
[2.341s] -- Up-to-date: /home/student/pepper_ws/install/turtlebot3_msgs/share/turtlebot3_msgs/cmake/turtlebot3_msgsConfig.cmake
[2.342s] -- Up-to-date: /home/student/pepper_ws/install/turtlebot3_msgs/share/turtlebot3_msgs/cmake/turtlebot3_msgsConfig-version.cmake
[2.343s] -- Up-to-date: /home/student/pepper_ws/install/turtlebot3_msgs/share/turtlebot3_msgs/package.xml
[2.384s] Invoked command in '/home/student/pepper_ws/build/turtlebot3_msgs' returned '0': CMAKE_PREFIX_PATH=${CMAKE_PREFIX_PATH}:/home/student/pepper_ws/install/turtlebot3_teleop:/home/student/pepper_ws/install/turtlebot3_example:/home/student/pepper_ws/install/move_pepper:/home/student/ros2_ws/install/autonomous_tb3:/opt/ros/humble /usr/bin/cmake --install /home/student/pepper_ws/build/turtlebot3_msgs
