[0.475s] Invoking command in '/home/student/pepper_ws/build/book_database': CMAKE_PREFIX_PATH=${CMAKE_PREFIX_PATH}:/home/student/pepper_ws/install/turtlebot3_teleop:/home/student/pepper_ws/install/turtlebot3_example:/home/student/pepper_ws/install/move_pepper:/home/student/ros2_ws/install/autonomous_tb3:/opt/ros/humble /usr/bin/cmake --build /home/student/pepper_ws/build/book_database -- -j8 -l8
[0.549s] [35m[1mConsolidate compiler generated dependencies of target book_database[0m
[0.594s] [ 50%] [32mBuilding CXX object CMakeFiles/book_database.dir/src/book_database.cpp.o[0m
[5.994s] [100%] [32m[1mLinking CXX executable book_database[0m
[6.233s] [100%] Built target book_database
[6.247s] Invoked command in '/home/student/pepper_ws/build/book_database' returned '0': CMAKE_PREFIX_PATH=${CMAKE_PREFIX_PATH}:/home/student/pepper_ws/install/turtlebot3_teleop:/home/student/pepper_ws/install/turtlebot3_example:/home/student/pepper_ws/install/move_pepper:/home/student/ros2_ws/install/autonomous_tb3:/opt/ros/humble /usr/bin/cmake --build /home/student/pepper_ws/build/book_database -- -j8 -l8
[6.282s] Invoking command in '/home/student/pepper_ws/build/book_database': CMAKE_PREFIX_PATH=${CMAKE_PREFIX_PATH}:/home/student/pepper_ws/install/turtlebot3_teleop:/home/student/pepper_ws/install/turtlebot3_example:/home/student/pepper_ws/install/move_pepper:/home/student/ros2_ws/install/autonomous_tb3:/opt/ros/humble /usr/bin/cmake --install /home/student/pepper_ws/build/book_database
[6.293s] -- Install configuration: ""
[6.293s] -- Installing: /home/student/pepper_ws/install/book_database/lib/book_database/book_database
[6.297s] -- Set runtime path of "/home/student/pepper_ws/install/book_database/lib/book_database/book_database" to ""
[6.297s] -- Up-to-date: /home/student/pepper_ws/install/book_database/share/ament_index/resource_index/package_run_dependencies/book_database
[6.297s] -- Up-to-date: /home/student/pepper_ws/install/book_database/share/ament_index/resource_index/parent_prefix_path/book_database
[6.298s] -- Up-to-date: /home/student/pepper_ws/install/book_database/share/book_database/environment/ament_prefix_path.sh
[6.298s] -- Up-to-date: /home/student/pepper_ws/install/book_database/share/book_database/environment/ament_prefix_path.dsv
[6.298s] -- Up-to-date: /home/student/pepper_ws/install/book_database/share/book_database/environment/path.sh
[6.298s] -- Up-to-date: /home/student/pepper_ws/install/book_database/share/book_database/environment/path.dsv
[6.298s] -- Up-to-date: /home/student/pepper_ws/install/book_database/share/book_database/local_setup.bash
[6.298s] -- Up-to-date: /home/student/pepper_ws/install/book_database/share/book_database/local_setup.sh
[6.298s] -- Up-to-date: /home/student/pepper_ws/install/book_database/share/book_database/local_setup.zsh
[6.299s] -- Up-to-date: /home/student/pepper_ws/install/book_database/share/book_database/local_setup.dsv
[6.299s] -- Installing: /home/student/pepper_ws/install/book_database/share/book_database/package.dsv
[6.299s] -- Up-to-date: /home/student/pepper_ws/install/book_database/share/ament_index/resource_index/packages/book_database
[6.299s] -- Up-to-date: /home/student/pepper_ws/install/book_database/share/book_database/cmake/book_databaseConfig.cmake
[6.299s] -- Up-to-date: /home/student/pepper_ws/install/book_database/share/book_database/cmake/book_databaseConfig-version.cmake
[6.299s] -- Up-to-date: /home/student/pepper_ws/install/book_database/share/book_database/package.xml
[6.301s] Invoked command in '/home/student/pepper_ws/build/book_database' returned '0': CMAKE_PREFIX_PATH=${CMAKE_PREFIX_PATH}:/home/student/pepper_ws/install/turtlebot3_teleop:/home/student/pepper_ws/install/turtlebot3_example:/home/student/pepper_ws/install/move_pepper:/home/student/ros2_ws/install/autonomous_tb3:/opt/ros/humble /usr/bin/cmake --install /home/student/pepper_ws/build/book_database
