[0.046s] Invoking command in '/home/student/pepper_ws/build/turtlebot3_gazebo': CMAKE_PREFIX_PATH=${CMAKE_PREFIX_PATH}:/home/student/ros2_ws/install/turtlebot3_teleop:/home/student/ros2_ws/install/turtlebot3_example:/home/student/ros2_ws/install/nav2_simple_commander:/home/student/ros2_ws/install/autonomous_tb3:/opt/ros/humble /usr/bin/cmake /home/student/pepper_ws/src/turtlebot3/turtlebot3_simulations/turtlebot3_gazebo -DAMENT_CMAKE_SYMLINK_INSTALL=1 -DCMAKE_INSTALL_PREFIX=/home/student/pepper_ws/install/turtlebot3_gazebo
[1.346s] -- The C compiler identification is GNU 11.4.0
[1.346s] -- The CXX compiler identification is GNU 11.4.0
[1.346s] -- Detecting C compiler ABI info
[1.347s] -- Detecting C compiler ABI info - done
[1.347s] -- Check for working C compiler: /usr/bin/cc - skipped
[1.347s] -- Detecting C compile features
[1.347s] -- Detecting C compile features - done
[1.347s] -- Detecting CXX compiler ABI info
[1.347s] -- Detecting CXX compiler ABI info - done
[1.347s] -- Check for working CXX compiler: /usr/bin/c++ - skipped
[1.347s] -- Detecting CXX compile features
[1.347s] -- Detecting CXX compile features - done
[1.349s] -- Found ament_cmake: 1.3.10 (/opt/ros/humble/share/ament_cmake/cmake)
[1.350s] -- Found Python3: /usr/bin/python3 (found version "3.10.12") found components: Interpreter 
[1.350s] -- Override CMake install command with custom implementation using symlinks instead of copying resources
[1.350s] -- Found PkgConfig: /usr/bin/pkg-config (found version "0.29.2") 
[1.350s] -- Checking for module 'bullet>=2.82'
[1.352s] --   Found bullet, version 3.05
[1.353s] [33mCMake Warning (dev) at /usr/share/cmake-3.22/Modules/FindPackageHandleStandardArgs.cmake:438 (message):
[1.353s]   The package name passed to `find_package_handle_standard_args` (PkgConfig)
[1.353s]   does not match the name of the calling package (gazebo).  This can lead to
[1.353s]   problems in calling code that expects `find_package` result variables
[1.353s]   (e.g., `_FOUND`) to follow a certain pattern.
[1.353s] Call Stack (most recent call first):
[1.353s]   /usr/share/cmake-3.22/Modules/FindPkgConfig.cmake:99 (find_package_handle_standard_args)
[1.354s]   /usr/lib/x86_64-linux-gnu/cmake/gazebo/gazebo-config.cmake:72 (include)
[1.354s]   CMakeLists.txt:23 (find_package)
[1.354s] This warning is for project developers.  Use -Wno-dev to suppress it.
[1.354s] [0m
[1.768s] -- Found fcl: /usr/include (found suitable version "0.7.0", minimum required is "0.5.0") 
[2.030s] -- Found assimp: /usr/include (found version "5.2.0") 
[2.121s] -- Found DART: /usr/include (Required is at least version "6.6") found components: dart 
[2.642s] -- Found Boost: /usr/lib/x86_64-linux-gnu/cmake/Boost-1.74.0/BoostConfig.cmake (found suitable version "1.74.0", minimum required is "1.40.0") found components: thread system filesystem program_options regex iostreams date_time 
[2.684s] -- Found Protobuf: /usr/lib/x86_64-linux-gnu/libprotobuf.so (found version "3.12.4") 
[2.696s] -- Looking for ignition-math6 -- found version 6.15.1
[2.707s] -- Searching for dependencies of ignition-math6
[2.709s] -- Looking for OGRE...
[2.709s] -- OGRE_PREFIX_WATCH changed.
[2.723s] -- Checking for module 'OGRE'
[2.760s] --   Found OGRE, version 1.9.0
[2.843s] -- Found Ogre Ghadamon (1.9.0)
[2.862s] -- Found OGRE: optimized;/usr/lib/x86_64-linux-gnu/libOgreMain.so;debug;/usr/lib/x86_64-linux-gnu/libOgreMain.so
[2.872s] -- Looking for OGRE_Paging...
[2.885s] -- Found OGRE_Paging: optimized;/usr/lib/x86_64-linux-gnu/libOgrePaging.so;debug;/usr/lib/x86_64-linux-gnu/libOgrePaging.so
[2.885s] -- Looking for OGRE_Terrain...
[2.899s] -- Found OGRE_Terrain: optimized;/usr/lib/x86_64-linux-gnu/libOgreTerrain.so;debug;/usr/lib/x86_64-linux-gnu/libOgreTerrain.so
[2.899s] -- Looking for OGRE_Property...
[2.918s] -- Found OGRE_Property: optimized;/usr/lib/x86_64-linux-gnu/libOgreProperty.so;debug;/usr/lib/x86_64-linux-gnu/libOgreProperty.so
[2.918s] -- Looking for OGRE_RTShaderSystem...
[2.937s] -- Found OGRE_RTShaderSystem: optimized;/usr/lib/x86_64-linux-gnu/libOgreRTShaderSystem.so;debug;/usr/lib/x86_64-linux-gnu/libOgreRTShaderSystem.so
[2.938s] -- Looking for OGRE_Volume...
[2.956s] -- Found OGRE_Volume: optimized;/usr/lib/x86_64-linux-gnu/libOgreVolume.so;debug;/usr/lib/x86_64-linux-gnu/libOgreVolume.so
[2.956s] -- Looking for OGRE_Overlay...
[2.973s] -- Found OGRE_Overlay: optimized;/usr/lib/x86_64-linux-gnu/libOgreOverlay.so;debug;/usr/lib/x86_64-linux-gnu/libOgreOverlay.so
[3.398s] -- Looking for ignition-math6 -- found version 6.15.1
[3.402s] -- Looking for ignition-transport8 -- found version 8.2.1
[3.402s] -- Searching for dependencies of ignition-transport8
[3.426s] -- Found Protobuf: /usr/lib/x86_64-linux-gnu/libprotobuf.so (found suitable version "3.12.4", minimum required is "3") 
[3.445s] -- Config-file not installed for ZeroMQ -- checking for pkg-config
[3.457s] -- Checking for module 'libzmq >= 4'
[3.491s] --   Found libzmq , version 4.3.4
[3.602s] -- Found ZeroMQ: TRUE (Required is at least version "4") 
[3.617s] -- Checking for module 'uuid'
[3.656s] --   Found uuid, version 2.37.2
[3.754s] -- Found UUID: TRUE  
[3.756s] -- Looking for ignition-msgs5 -- found version 5.8.1
[3.757s] -- Searching for dependencies of ignition-msgs5
[3.792s] -- Looking for ignition-math6 -- found version 6.15.1
[3.804s] -- Checking for module 'tinyxml2'
[3.842s] --   Found tinyxml2, version 9.0.0
[3.938s] -- Looking for ignition-msgs5 -- found version 5.8.1
[3.942s] -- Looking for ignition-common3 -- found version 3.14.0
[3.944s] -- Searching for dependencies of ignition-common3
[3.945s] -- Looking for dlfcn.h - found
[3.951s] -- Looking for libdl - found
[3.951s] -- Found DL: TRUE  
[3.974s] -- Found tinyobjloader: /usr/lib/x86_64-linux-gnu/cmake/tinyobjloader/tinyobjloader-config.cmake (found version "2.0.0") 
[3.976s] -- Searching for <ignition-common3> component [graphics]
[3.980s] -- Looking for ignition-common3-graphics -- found version 3.14.0
[3.981s] -- Searching for dependencies of ignition-common3-graphics
[3.984s] -- Looking for ignition-math6 -- found version 6.15.1
[3.988s] -- Looking for ignition-fuel_tools4 -- found version 4.4.0
[3.991s] -- Searching for dependencies of ignition-fuel_tools4
[4.285s] -- Found CURL: /usr/lib/x86_64-linux-gnu/libcurl.so (found version "7.81.0")  
[4.306s] -- Checking for module 'jsoncpp'
[4.362s] --   Found jsoncpp, version 1.9.5
[4.537s] -- Found JSONCPP: TRUE  
[4.555s] -- Checking for module 'libzip'
[4.629s] --   Found libzip, version 1.7.3
[4.795s] -- Found ZIP: TRUE  
[4.795s] -- Looking for ignition-common3 -- found version 3.14.0
[4.797s] -- Looking for ignition-math6 -- found version 6.15.1
[4.803s] -- Looking for ignition-msgs5 -- found version 5.8.1
[4.824s] -- Found gazebo_ros_pkgs: 3.7.0 (/opt/ros/humble/share/gazebo_ros_pkgs/cmake)
[4.832s] -- Found geometry_msgs: 4.2.4 (/opt/ros/humble/share/geometry_msgs/cmake)
[4.972s] -- Found rosidl_generator_c: 3.1.5 (/opt/ros/humble/share/rosidl_generator_c/cmake)
[4.984s] -- Found rosidl_adapter: 3.1.5 (/opt/ros/humble/share/rosidl_adapter/cmake)
[5.002s] -- Found rosidl_generator_cpp: 3.1.5 (/opt/ros/humble/share/rosidl_generator_cpp/cmake)
[5.041s] -- Using all available rosidl_typesupport_c: rosidl_typesupport_fastrtps_c;rosidl_typesupport_introspection_c
[5.096s] -- Using all available rosidl_typesupport_cpp: rosidl_typesupport_fastrtps_cpp;rosidl_typesupport_introspection_cpp
[5.221s] -- Found nav_msgs: 4.2.4 (/opt/ros/humble/share/nav_msgs/cmake)
[5.285s] -- Found rclcpp: 16.0.10 (/opt/ros/humble/share/rclcpp/cmake)
[5.403s] -- Found rmw_implementation_cmake: 6.1.2 (/opt/ros/humble/share/rmw_implementation_cmake/cmake)
[5.422s] -- Found rmw_fastrtps_cpp: 6.2.7 (/opt/ros/humble/share/rmw_fastrtps_cpp/cmake)
[5.881s] -- Found OpenSSL: /usr/lib/x86_64-linux-gnu/libcrypto.so (found version "3.0.2")  
[5.962s] -- Found FastRTPS: /opt/ros/humble/include  
[6.099s] -- Using RMW implementation 'rmw_fastrtps_cpp' as default
[6.120s] -- Found Threads: TRUE  
[6.256s] -- Found sensor_msgs: 4.2.4 (/opt/ros/humble/share/sensor_msgs/cmake)
[6.313s] -- Found tf2: 0.25.8 (/opt/ros/humble/share/tf2/cmake)
[6.530s] -- Configuring done
[6.606s] -- Generating done
[6.611s] -- Build files have been written to: /home/student/pepper_ws/build/turtlebot3_gazebo
[6.642s] Invoked command in '/home/student/pepper_ws/build/turtlebot3_gazebo' returned '0': CMAKE_PREFIX_PATH=${CMAKE_PREFIX_PATH}:/home/student/ros2_ws/install/turtlebot3_teleop:/home/student/ros2_ws/install/turtlebot3_example:/home/student/ros2_ws/install/nav2_simple_commander:/home/student/ros2_ws/install/autonomous_tb3:/opt/ros/humble /usr/bin/cmake /home/student/pepper_ws/src/turtlebot3/turtlebot3_simulations/turtlebot3_gazebo -DAMENT_CMAKE_SYMLINK_INSTALL=1 -DCMAKE_INSTALL_PREFIX=/home/student/pepper_ws/install/turtlebot3_gazebo
[6.643s] Invoking command in '/home/student/pepper_ws/build/turtlebot3_gazebo': CMAKE_PREFIX_PATH=${CMAKE_PREFIX_PATH}:/home/student/ros2_ws/install/turtlebot3_teleop:/home/student/ros2_ws/install/turtlebot3_example:/home/student/ros2_ws/install/nav2_simple_commander:/home/student/ros2_ws/install/autonomous_tb3:/opt/ros/humble /usr/bin/cmake --build /home/student/pepper_ws/build/turtlebot3_gazebo -- -j8 -l8
[6.824s] [ 12%] [32mBuilding CXX object CMakeFiles/turtlebot3_drive.dir/src/turtlebot3_drive.cpp.o[0m
[6.828s] [ 25%] [32mBuilding CXX object CMakeFiles/obstacle1.dir/models/turtlebot3_dqn_world/obstacle_plugin/obstacle1.cc.o[0m
[6.838s] [ 37%] [32mBuilding CXX object CMakeFiles/obstacle2.dir/models/turtlebot3_dqn_world/obstacle_plugin/obstacle2.cc.o[0m
[6.850s] [ 50%] [32mBuilding CXX object CMakeFiles/obstacles.dir/models/turtlebot3_dqn_world/obstacle_plugin/obstacles.cc.o[0m
[26.881s] [ 62%] [32m[1mLinking CXX shared library libobstacles.so[0m
[27.425s] [ 62%] Built target obstacles
[28.916s] [ 75%] [32m[1mLinking CXX shared library libobstacle2.so[0m
[29.563s] [ 87%] [32m[1mLinking CXX executable turtlebot3_drive[0m
[29.596s] [ 87%] Built target obstacle2
[29.623s] [100%] [32m[1mLinking CXX shared library libobstacle1.so[0m
[30.320s] [100%] Built target obstacle1
[31.315s] [100%] Built target turtlebot3_drive
[31.360s] Invoked command in '/home/student/pepper_ws/build/turtlebot3_gazebo' returned '0': CMAKE_PREFIX_PATH=${CMAKE_PREFIX_PATH}:/home/student/ros2_ws/install/turtlebot3_teleop:/home/student/ros2_ws/install/turtlebot3_example:/home/student/ros2_ws/install/nav2_simple_commander:/home/student/ros2_ws/install/autonomous_tb3:/opt/ros/humble /usr/bin/cmake --build /home/student/pepper_ws/build/turtlebot3_gazebo -- -j8 -l8
[31.667s] Invoking command in '/home/student/pepper_ws/build/turtlebot3_gazebo': CMAKE_PREFIX_PATH=${CMAKE_PREFIX_PATH}:/home/student/ros2_ws/install/turtlebot3_teleop:/home/student/ros2_ws/install/turtlebot3_example:/home/student/ros2_ws/install/nav2_simple_commander:/home/student/ros2_ws/install/autonomous_tb3:/opt/ros/humble /usr/bin/cmake --install /home/student/pepper_ws/build/turtlebot3_gazebo
[31.711s] -- Install configuration: ""
[31.711s] -- Execute custom install script
[31.712s] -- Symlinking: /home/student/pepper_ws/install/turtlebot3_gazebo/lib/turtlebot3_gazebo/turtlebot3_drive
[31.755s] -- Symlinking: /home/student/pepper_ws/install/turtlebot3_gazebo/share/turtlebot3_gazebo//launch/empty_world.launch.py
[31.794s] -- Symlinking: /home/student/pepper_ws/install/turtlebot3_gazebo/share/turtlebot3_gazebo//launch/robot_state_publisher.launch.py
[31.823s] -- Symlinking: /home/student/pepper_ws/install/turtlebot3_gazebo/share/turtlebot3_gazebo//launch/spawn_turtlebot3.launch.py
[31.855s] -- Symlinking: /home/student/pepper_ws/install/turtlebot3_gazebo/share/turtlebot3_gazebo//launch/turtlebot3_dqn_stage1.launch.py
[31.874s] -- Symlinking: /home/student/pepper_ws/install/turtlebot3_gazebo/share/turtlebot3_gazebo//launch/turtlebot3_dqn_stage2.launch.py
[31.898s] -- Symlinking: /home/student/pepper_ws/install/turtlebot3_gazebo/share/turtlebot3_gazebo//launch/turtlebot3_dqn_stage3.launch.py
[31.918s] -- Symlinking: /home/student/pepper_ws/install/turtlebot3_gazebo/share/turtlebot3_gazebo//launch/turtlebot3_dqn_stage4.launch.py
[31.963s] -- Symlinking: /home/student/pepper_ws/install/turtlebot3_gazebo/share/turtlebot3_gazebo//launch/turtlebot3_house.launch.py
[31.998s] -- Symlinking: /home/student/pepper_ws/install/turtlebot3_gazebo/share/turtlebot3_gazebo//launch/turtlebot3_world.launch.py
[32.038s] -- Symlinking: /home/student/pepper_ws/install/turtlebot3_gazebo/share/turtlebot3_gazebo//models/turtlebot3_burger/model-1_4.sdf
[32.073s] -- Symlinking: /home/student/pepper_ws/install/turtlebot3_gazebo/share/turtlebot3_gazebo//models/turtlebot3_burger/model.config
[32.108s] -- Symlinking: /home/student/pepper_ws/install/turtlebot3_gazebo/share/turtlebot3_gazebo//models/turtlebot3_burger/model.sdf
[32.142s] -- Symlinking: /home/student/pepper_ws/install/turtlebot3_gazebo/share/turtlebot3_gazebo//models/turtlebot3_common/meshes/burger_base.dae
[32.183s] -- Symlinking: /home/student/pepper_ws/install/turtlebot3_gazebo/share/turtlebot3_gazebo//models/turtlebot3_common/meshes/lds.dae
[32.223s] -- Symlinking: /home/student/pepper_ws/install/turtlebot3_gazebo/share/turtlebot3_gazebo//models/turtlebot3_common/meshes/r200.dae
[32.259s] -- Symlinking: /home/student/pepper_ws/install/turtlebot3_gazebo/share/turtlebot3_gazebo//models/turtlebot3_common/meshes/tire.dae
[32.296s] -- Symlinking: /home/student/pepper_ws/install/turtlebot3_gazebo/share/turtlebot3_gazebo//models/turtlebot3_common/meshes/waffle_base.dae
[32.333s] -- Symlinking: /home/student/pepper_ws/install/turtlebot3_gazebo/share/turtlebot3_gazebo//models/turtlebot3_common/meshes/waffle_pi_base.dae
[32.370s] -- Symlinking: /home/student/pepper_ws/install/turtlebot3_gazebo/share/turtlebot3_gazebo//models/turtlebot3_common/model.config
[32.410s] -- Symlinking: /home/student/pepper_ws/install/turtlebot3_gazebo/share/turtlebot3_gazebo//models/turtlebot3_dqn_world/goal_box/model.config
[32.430s] -- Symlinking: /home/student/pepper_ws/install/turtlebot3_gazebo/share/turtlebot3_gazebo//models/turtlebot3_dqn_world/goal_box/model.sdf
[32.448s] -- Symlinking: /home/student/pepper_ws/install/turtlebot3_gazebo/share/turtlebot3_gazebo//models/turtlebot3_dqn_world/inner_walls/model.config
[32.471s] -- Symlinking: /home/student/pepper_ws/install/turtlebot3_gazebo/share/turtlebot3_gazebo//models/turtlebot3_dqn_world/inner_walls/model.sdf
[32.508s] -- Symlinking: /home/student/pepper_ws/install/turtlebot3_gazebo/share/turtlebot3_gazebo//models/turtlebot3_dqn_world/model.config
[32.548s] -- Symlinking: /home/student/pepper_ws/install/turtlebot3_gazebo/share/turtlebot3_gazebo//models/turtlebot3_dqn_world/model.sdf
[32.593s] -- Symlinking: /home/student/pepper_ws/install/turtlebot3_gazebo/share/turtlebot3_gazebo//models/turtlebot3_dqn_world/obstacle1/model.config
[32.629s] -- Symlinking: /home/student/pepper_ws/install/turtlebot3_gazebo/share/turtlebot3_gazebo//models/turtlebot3_dqn_world/obstacle1/model.sdf
[32.650s] -- Symlinking: /home/student/pepper_ws/install/turtlebot3_gazebo/share/turtlebot3_gazebo//models/turtlebot3_dqn_world/obstacle2/model.config
[32.668s] -- Symlinking: /home/student/pepper_ws/install/turtlebot3_gazebo/share/turtlebot3_gazebo//models/turtlebot3_dqn_world/obstacle2/model.sdf
[32.691s] -- Symlinking: /home/student/pepper_ws/install/turtlebot3_gazebo/share/turtlebot3_gazebo//models/turtlebot3_dqn_world/obstacle_plugin/CMakeLists.txt
[32.709s] -- Symlinking: /home/student/pepper_ws/install/turtlebot3_gazebo/share/turtlebot3_gazebo//models/turtlebot3_dqn_world/obstacle_plugin/obstacle1.cc
[32.745s] -- Symlinking: /home/student/pepper_ws/install/turtlebot3_gazebo/share/turtlebot3_gazebo//models/turtlebot3_dqn_world/obstacle_plugin/obstacle2.cc
[32.786s] -- Symlinking: /home/student/pepper_ws/install/turtlebot3_gazebo/share/turtlebot3_gazebo//models/turtlebot3_dqn_world/obstacle_plugin/obstacles.cc
[32.823s] -- Symlinking: /home/student/pepper_ws/install/turtlebot3_gazebo/share/turtlebot3_gazebo//models/turtlebot3_dqn_world/obstacles/model.config
[32.842s] -- Symlinking: /home/student/pepper_ws/install/turtlebot3_gazebo/share/turtlebot3_gazebo//models/turtlebot3_dqn_world/obstacles/model.sdf
[32.881s] -- Symlinking: /home/student/pepper_ws/install/turtlebot3_gazebo/share/turtlebot3_gazebo//models/turtlebot3_house/model.config
[32.919s] -- Symlinking: /home/student/pepper_ws/install/turtlebot3_gazebo/share/turtlebot3_gazebo//models/turtlebot3_house/model.sdf
[32.957s] -- Symlinking: /home/student/pepper_ws/install/turtlebot3_gazebo/share/turtlebot3_gazebo//models/turtlebot3_waffle/model-1_4.sdf
[32.993s] -- Symlinking: /home/student/pepper_ws/install/turtlebot3_gazebo/share/turtlebot3_gazebo//models/turtlebot3_waffle/model.config
[33.012s] -- Symlinking: /home/student/pepper_ws/install/turtlebot3_gazebo/share/turtlebot3_gazebo//models/turtlebot3_waffle/model.sdf
[33.031s] -- Symlinking: /home/student/pepper_ws/install/turtlebot3_gazebo/share/turtlebot3_gazebo//models/turtlebot3_waffle_pi/model-1_4_.sdf
[33.049s] -- Symlinking: /home/student/pepper_ws/install/turtlebot3_gazebo/share/turtlebot3_gazebo//models/turtlebot3_waffle_pi/model.config
[33.069s] -- Symlinking: /home/student/pepper_ws/install/turtlebot3_gazebo/share/turtlebot3_gazebo//models/turtlebot3_waffle_pi/model.sdf
[33.086s] -- Symlinking: /home/student/pepper_ws/install/turtlebot3_gazebo/share/turtlebot3_gazebo//models/turtlebot3_world/meshes/hexagon.dae
[33.123s] -- Symlinking: /home/student/pepper_ws/install/turtlebot3_gazebo/share/turtlebot3_gazebo//models/turtlebot3_world/meshes/wall.dae
[33.164s] -- Symlinking: /home/student/pepper_ws/install/turtlebot3_gazebo/share/turtlebot3_gazebo//models/turtlebot3_world/model-1_4.sdf
[33.207s] -- Symlinking: /home/student/pepper_ws/install/turtlebot3_gazebo/share/turtlebot3_gazebo//models/turtlebot3_world/model.config
[33.238s] -- Symlinking: /home/student/pepper_ws/install/turtlebot3_gazebo/share/turtlebot3_gazebo//models/turtlebot3_world/model.sdf
[33.281s] -- Symlinking: /home/student/pepper_ws/install/turtlebot3_gazebo/share/turtlebot3_gazebo//rviz/tb3_gazebo.rviz
[33.324s] -- Symlinking: /home/student/pepper_ws/install/turtlebot3_gazebo/share/turtlebot3_gazebo//urdf/common_properties.urdf
[33.360s] -- Symlinking: /home/student/pepper_ws/install/turtlebot3_gazebo/share/turtlebot3_gazebo//urdf/turtlebot3_burger.urdf
[33.395s] -- Symlinking: /home/student/pepper_ws/install/turtlebot3_gazebo/share/turtlebot3_gazebo//urdf/turtlebot3_waffle.urdf
[33.434s] -- Symlinking: /home/student/pepper_ws/install/turtlebot3_gazebo/share/turtlebot3_gazebo//urdf/turtlebot3_waffle_pi.urdf
[33.474s] -- Symlinking: /home/student/pepper_ws/install/turtlebot3_gazebo/share/turtlebot3_gazebo//worlds/empty_world.world
[33.512s] -- Symlinking: /home/student/pepper_ws/install/turtlebot3_gazebo/share/turtlebot3_gazebo//worlds/turtlebot3_dqn_stage1.world
[33.547s] -- Symlinking: /home/student/pepper_ws/install/turtlebot3_gazebo/share/turtlebot3_gazebo//worlds/turtlebot3_dqn_stage2.world
[33.590s] -- Symlinking: /home/student/pepper_ws/install/turtlebot3_gazebo/share/turtlebot3_gazebo//worlds/turtlebot3_dqn_stage3.world
[33.624s] -- Symlinking: /home/student/pepper_ws/install/turtlebot3_gazebo/share/turtlebot3_gazebo//worlds/turtlebot3_dqn_stage4.world
[33.661s] -- Symlinking: /home/student/pepper_ws/install/turtlebot3_gazebo/share/turtlebot3_gazebo//worlds/turtlebot3_house.world
[33.697s] -- Symlinking: /home/student/pepper_ws/install/turtlebot3_gazebo/share/turtlebot3_gazebo//worlds/turtlebot3_world.world
[33.733s] -- Symlinking: /home/student/pepper_ws/install/turtlebot3_gazebo/include//turtlebot3_gazebo/turtlebot3_drive.hpp
[33.767s] -- Symlinking: /home/student/pepper_ws/install/turtlebot3_gazebo/share/ament_index/resource_index/package_run_dependencies/turtlebot3_gazebo
[33.811s] -- Symlinking: /home/student/pepper_ws/install/turtlebot3_gazebo/share/ament_index/resource_index/parent_prefix_path/turtlebot3_gazebo
[33.850s] -- Symlinking: /home/student/pepper_ws/install/turtlebot3_gazebo/share/turtlebot3_gazebo/environment/ament_prefix_path.sh
[33.879s] -- Symlinking: /home/student/pepper_ws/install/turtlebot3_gazebo/share/turtlebot3_gazebo/environment/ament_prefix_path.dsv
[33.912s] -- Symlinking: /home/student/pepper_ws/install/turtlebot3_gazebo/share/turtlebot3_gazebo/environment/path.sh
[33.938s] -- Symlinking: /home/student/pepper_ws/install/turtlebot3_gazebo/share/turtlebot3_gazebo/environment/path.dsv
[33.977s] -- Symlinking: /home/student/pepper_ws/install/turtlebot3_gazebo/share/turtlebot3_gazebo/local_setup.bash
[34.020s] -- Symlinking: /home/student/pepper_ws/install/turtlebot3_gazebo/share/turtlebot3_gazebo/local_setup.sh
[34.054s] -- Symlinking: /home/student/pepper_ws/install/turtlebot3_gazebo/share/turtlebot3_gazebo/local_setup.zsh
[34.090s] -- Symlinking: /home/student/pepper_ws/install/turtlebot3_gazebo/share/turtlebot3_gazebo/local_setup.dsv
[34.131s] -- Symlinking: /home/student/pepper_ws/install/turtlebot3_gazebo/share/turtlebot3_gazebo/package.dsv
[34.168s] -- Symlinking: /home/student/pepper_ws/install/turtlebot3_gazebo/share/ament_index/resource_index/packages/turtlebot3_gazebo
[34.204s] -- Symlinking: /home/student/pepper_ws/install/turtlebot3_gazebo/share/turtlebot3_gazebo/cmake/ament_cmake_export_include_directories-extras.cmake
[34.239s] -- Symlinking: /home/student/pepper_ws/install/turtlebot3_gazebo/share/turtlebot3_gazebo/cmake/ament_cmake_export_dependencies-extras.cmake
[34.274s] -- Symlinking: /home/student/pepper_ws/install/turtlebot3_gazebo/share/turtlebot3_gazebo/cmake/turtlebot3_gazeboConfig.cmake
[34.310s] -- Symlinking: /home/student/pepper_ws/install/turtlebot3_gazebo/share/turtlebot3_gazebo/cmake/turtlebot3_gazeboConfig-version.cmake
[34.347s] -- Symlinking: /home/student/pepper_ws/install/turtlebot3_gazebo/share/turtlebot3_gazebo/package.xml
[34.412s] Invoked command in '/home/student/pepper_ws/build/turtlebot3_gazebo' returned '0': CMAKE_PREFIX_PATH=${CMAKE_PREFIX_PATH}:/home/student/ros2_ws/install/turtlebot3_teleop:/home/student/ros2_ws/install/turtlebot3_example:/home/student/ros2_ws/install/nav2_simple_commander:/home/student/ros2_ws/install/autonomous_tb3:/opt/ros/humble /usr/bin/cmake --install /home/student/pepper_ws/build/turtlebot3_gazebo
