[0.068s] Invoking command in '/home/student/pepper_ws/build/turtlebot3_msgs': CMAKE_PREFIX_PATH=${CMAKE_PREFIX_PATH}:/home/student/pepper_ws/install/turtlebot3_teleop:/home/student/pepper_ws/install/turtlebot3_example:/home/student/pepper_ws/install/move_pepper:/home/student/ros2_ws/install/autonomous_tb3:/opt/ros/humble /usr/bin/cmake --build /home/student/pepper_ws/build/turtlebot3_msgs -- -j8 -l8
[0.167s] [  1%] Built target turtlebot3_msgs__cpp
[0.237s] [  1%] Built target ament_cmake_python_copy_turtlebot3_msgs
[0.295s] [ 12%] Built target turtlebot3_msgs__rosidl_typesupport_introspection_cpp
[0.685s] running egg_info
[0.685s] writing turtlebot3_msgs.egg-info/PKG-INFO
[0.686s] writing dependency_links to turtlebot3_msgs.egg-info/dependency_links.txt
[0.686s] writing top-level names to turtlebot3_msgs.egg-info/top_level.txt
[0.690s] reading manifest file 'turtlebot3_msgs.egg-info/SOURCES.txt'
[0.691s] writing manifest file 'turtlebot3_msgs.egg-info/SOURCES.txt'
[0.730s] [ 12%] Built target ament_cmake_python_build_turtlebot3_msgs_egg
[0.764s] [ 23%] Built target turtlebot3_msgs__rosidl_typesupport_fastrtps_cpp
[0.794s] [ 35%] Built target turtlebot3_msgs__rosidl_typesupport_cpp
[0.824s] [ 46%] Built target turtlebot3_msgs__rosidl_generator_c
[0.859s] [ 57%] Built target turtlebot3_msgs__rosidl_typesupport_fastrtps_c
[0.891s] [ 69%] Built target turtlebot3_msgs__rosidl_typesupport_c
[0.931s] [ 80%] Built target turtlebot3_msgs__rosidl_typesupport_introspection_c
[0.972s] [ 80%] Built target turtlebot3_msgs
[1.014s] [ 81%] Built target turtlebot3_msgs__py
[1.048s] [ 91%] Built target turtlebot3_msgs__rosidl_generator_py
[1.077s] [ 94%] Built target turtlebot3_msgs__rosidl_typesupport_fastrtps_c__pyext
[1.105s] [ 97%] Built target turtlebot3_msgs__rosidl_typesupport_c__pyext
[1.135s] [100%] Built target turtlebot3_msgs__rosidl_typesupport_introspection_c__pyext
[1.267s] Invoked command in '/home/student/pepper_ws/build/turtlebot3_msgs' returned '0': CMAKE_PREFIX_PATH=${CMAKE_PREFIX_PATH}:/home/student/pepper_ws/install/turtlebot3_teleop:/home/student/pepper_ws/install/turtlebot3_example:/home/student/pepper_ws/install/move_pepper:/home/student/ros2_ws/install/autonomous_tb3:/opt/ros/humble /usr/bin/cmake --build /home/student/pepper_ws/build/turtlebot3_msgs -- -j8 -l8
[1.683s] Invoking command in '/home/student/pepper_ws/build/turtlebot3_msgs': CMAKE_PREFIX_PATH=${CMAKE_PREFIX_PATH}:/home/student/pepper_ws/install/turtlebot3_teleop:/home/student/pepper_ws/install/turtlebot3_example:/home/student/pepper_ws/install/move_pepper:/home/student/ros2_ws/install/autonomous_tb3:/opt/ros/humble /usr/bin/cmake --install /home/student/pepper_ws/build/turtlebot3_msgs
[1.697s] -- Install configuration: ""
[1.697s] -- Up-to-date: /home/student/pepper_ws/install/turtlebot3_msgs/share/ament_index/resource_index/rosidl_interfaces/turtlebot3_msgs
[1.697s] -- Up-to-date: /home/student/pepper_ws/install/turtlebot3_msgs/include/turtlebot3_msgs/turtlebot3_msgs
[1.697s] -- Up-to-date: /home/student/pepper_ws/install/turtlebot3_msgs/include/turtlebot3_msgs/turtlebot3_msgs/msg
[1.697s] -- Up-to-date: /home/student/pepper_ws/install/turtlebot3_msgs/include/turtlebot3_msgs/turtlebot3_msgs/msg/rosidl_generator_c__visibility_control.h
[1.697s] -- Up-to-date: /home/student/pepper_ws/install/turtlebot3_msgs/include/turtlebot3_msgs/turtlebot3_msgs/msg/version_info.h
[1.698s] -- Up-to-date: /home/student/pepper_ws/install/turtlebot3_msgs/include/turtlebot3_msgs/turtlebot3_msgs/msg/sound.h
[1.698s] -- Up-to-date: /home/student/pepper_ws/install/turtlebot3_msgs/include/turtlebot3_msgs/turtlebot3_msgs/msg/sensor_state.h
[1.698s] -- Up-to-date: /home/student/pepper_ws/install/turtlebot3_msgs/include/turtlebot3_msgs/turtlebot3_msgs/msg/detail
[1.699s] -- Up-to-date: /home/student/pepper_ws/install/turtlebot3_msgs/include/turtlebot3_msgs/turtlebot3_msgs/msg/detail/version_info__functions.c
[1.699s] -- Up-to-date: /home/student/pepper_ws/install/turtlebot3_msgs/include/turtlebot3_msgs/turtlebot3_msgs/msg/detail/sound__functions.h
[1.699s] -- Up-to-date: /home/student/pepper_ws/install/turtlebot3_msgs/include/turtlebot3_msgs/turtlebot3_msgs/msg/detail/version_info__struct.h
[1.700s] -- Up-to-date: /home/student/pepper_ws/install/turtlebot3_msgs/include/turtlebot3_msgs/turtlebot3_msgs/msg/detail/version_info__type_support.h
[1.700s] -- Up-to-date: /home/student/pepper_ws/install/turtlebot3_msgs/include/turtlebot3_msgs/turtlebot3_msgs/msg/detail/sound__struct.h
[1.701s] -- Up-to-date: /home/student/pepper_ws/install/turtlebot3_msgs/include/turtlebot3_msgs/turtlebot3_msgs/msg/detail/sound__functions.c
[1.701s] -- Up-to-date: /home/student/pepper_ws/install/turtlebot3_msgs/include/turtlebot3_msgs/turtlebot3_msgs/msg/detail/sound__type_support.h
[1.701s] -- Up-to-date: /home/student/pepper_ws/install/turtlebot3_msgs/include/turtlebot3_msgs/turtlebot3_msgs/msg/detail/sensor_state__type_support.h
[1.701s] -- Up-to-date: /home/student/pepper_ws/install/turtlebot3_msgs/include/turtlebot3_msgs/turtlebot3_msgs/msg/detail/sensor_state__functions.h
[1.701s] -- Up-to-date: /home/student/pepper_ws/install/turtlebot3_msgs/include/turtlebot3_msgs/turtlebot3_msgs/msg/detail/sensor_state__struct.h
[1.702s] -- Up-to-date: /home/student/pepper_ws/install/turtlebot3_msgs/include/turtlebot3_msgs/turtlebot3_msgs/msg/detail/version_info__functions.h
[1.702s] -- Up-to-date: /home/student/pepper_ws/install/turtlebot3_msgs/include/turtlebot3_msgs/turtlebot3_msgs/msg/detail/sensor_state__functions.c
[1.702s] -- Up-to-date: /home/student/pepper_ws/install/turtlebot3_msgs/include/turtlebot3_msgs/turtlebot3_msgs/action
[1.703s] -- Up-to-date: /home/student/pepper_ws/install/turtlebot3_msgs/include/turtlebot3_msgs/turtlebot3_msgs/action/patrol.h
[1.703s] -- Up-to-date: /home/student/pepper_ws/install/turtlebot3_msgs/include/turtlebot3_msgs/turtlebot3_msgs/action/detail
[1.703s] -- Up-to-date: /home/student/pepper_ws/install/turtlebot3_msgs/include/turtlebot3_msgs/turtlebot3_msgs/action/detail/patrol__functions.c
[1.704s] -- Up-to-date: /home/student/pepper_ws/install/turtlebot3_msgs/include/turtlebot3_msgs/turtlebot3_msgs/action/detail/patrol__functions.h
[1.704s] -- Up-to-date: /home/student/pepper_ws/install/turtlebot3_msgs/include/turtlebot3_msgs/turtlebot3_msgs/action/detail/patrol__struct.h
[1.704s] -- Up-to-date: /home/student/pepper_ws/install/turtlebot3_msgs/include/turtlebot3_msgs/turtlebot3_msgs/action/detail/patrol__type_support.h
[1.704s] -- Up-to-date: /home/student/pepper_ws/install/turtlebot3_msgs/include/turtlebot3_msgs/turtlebot3_msgs/srv
[1.704s] -- Up-to-date: /home/student/pepper_ws/install/turtlebot3_msgs/include/turtlebot3_msgs/turtlebot3_msgs/srv/dqn.h
[1.705s] -- Up-to-date: /home/student/pepper_ws/install/turtlebot3_msgs/include/turtlebot3_msgs/turtlebot3_msgs/srv/sound.h
[1.705s] -- Up-to-date: /home/student/pepper_ws/install/turtlebot3_msgs/include/turtlebot3_msgs/turtlebot3_msgs/srv/detail
[1.705s] -- Up-to-date: /home/student/pepper_ws/install/turtlebot3_msgs/include/turtlebot3_msgs/turtlebot3_msgs/srv/detail/dqn__struct.h
[1.705s] -- Up-to-date: /home/student/pepper_ws/install/turtlebot3_msgs/include/turtlebot3_msgs/turtlebot3_msgs/srv/detail/sound__functions.h
[1.705s] -- Up-to-date: /home/student/pepper_ws/install/turtlebot3_msgs/include/turtlebot3_msgs/turtlebot3_msgs/srv/detail/dqn__functions.c
[1.706s] -- Up-to-date: /home/student/pepper_ws/install/turtlebot3_msgs/include/turtlebot3_msgs/turtlebot3_msgs/srv/detail/sound__struct.h
[1.706s] -- Up-to-date: /home/student/pepper_ws/install/turtlebot3_msgs/include/turtlebot3_msgs/turtlebot3_msgs/srv/detail/sound__functions.c
[1.706s] -- Up-to-date: /home/student/pepper_ws/install/turtlebot3_msgs/include/turtlebot3_msgs/turtlebot3_msgs/srv/detail/sound__type_support.h
[1.706s] -- Up-to-date: /home/student/pepper_ws/install/turtlebot3_msgs/include/turtlebot3_msgs/turtlebot3_msgs/srv/detail/dqn__functions.h
[1.707s] -- Up-to-date: /home/student/pepper_ws/install/turtlebot3_msgs/include/turtlebot3_msgs/turtlebot3_msgs/srv/detail/dqn__type_support.h
[1.707s] -- Up-to-date: /home/student/pepper_ws/install/turtlebot3_msgs/share/turtlebot3_msgs/environment/library_path.sh
[1.707s] -- Up-to-date: /home/student/pepper_ws/install/turtlebot3_msgs/share/turtlebot3_msgs/environment/library_path.dsv
[1.707s] -- Up-to-date: /home/student/pepper_ws/install/turtlebot3_msgs/lib/libturtlebot3_msgs__rosidl_generator_c.so
[1.707s] -- Up-to-date: /home/student/pepper_ws/install/turtlebot3_msgs/include/turtlebot3_msgs/turtlebot3_msgs
[1.708s] -- Up-to-date: /home/student/pepper_ws/install/turtlebot3_msgs/include/turtlebot3_msgs/turtlebot3_msgs/msg
[1.708s] -- Up-to-date: /home/student/pepper_ws/install/turtlebot3_msgs/include/turtlebot3_msgs/turtlebot3_msgs/msg/rosidl_typesupport_fastrtps_c__visibility_control.h
[1.708s] -- Up-to-date: /home/student/pepper_ws/install/turtlebot3_msgs/include/turtlebot3_msgs/turtlebot3_msgs/msg/detail
[1.708s] -- Up-to-date: /home/student/pepper_ws/install/turtlebot3_msgs/include/turtlebot3_msgs/turtlebot3_msgs/msg/detail/sound__rosidl_typesupport_fastrtps_c.h
[1.709s] -- Up-to-date: /home/student/pepper_ws/install/turtlebot3_msgs/include/turtlebot3_msgs/turtlebot3_msgs/msg/detail/version_info__rosidl_typesupport_fastrtps_c.h
[1.709s] -- Up-to-date: /home/student/pepper_ws/install/turtlebot3_msgs/include/turtlebot3_msgs/turtlebot3_msgs/msg/detail/sensor_state__rosidl_typesupport_fastrtps_c.h
[1.709s] -- Up-to-date: /home/student/pepper_ws/install/turtlebot3_msgs/include/turtlebot3_msgs/turtlebot3_msgs/action
[1.709s] -- Up-to-date: /home/student/pepper_ws/install/turtlebot3_msgs/include/turtlebot3_msgs/turtlebot3_msgs/action/detail
[1.709s] -- Up-to-date: /home/student/pepper_ws/install/turtlebot3_msgs/include/turtlebot3_msgs/turtlebot3_msgs/action/detail/patrol__rosidl_typesupport_fastrtps_c.h
[1.709s] -- Up-to-date: /home/student/pepper_ws/install/turtlebot3_msgs/include/turtlebot3_msgs/turtlebot3_msgs/srv
[1.709s] -- Up-to-date: /home/student/pepper_ws/install/turtlebot3_msgs/include/turtlebot3_msgs/turtlebot3_msgs/srv/detail
[1.709s] -- Up-to-date: /home/student/pepper_ws/install/turtlebot3_msgs/include/turtlebot3_msgs/turtlebot3_msgs/srv/detail/sound__rosidl_typesupport_fastrtps_c.h
[1.709s] -- Up-to-date: /home/student/pepper_ws/install/turtlebot3_msgs/include/turtlebot3_msgs/turtlebot3_msgs/srv/detail/dqn__rosidl_typesupport_fastrtps_c.h
[1.710s] -- Up-to-date: /home/student/pepper_ws/install/turtlebot3_msgs/lib/libturtlebot3_msgs__rosidl_typesupport_fastrtps_c.so
[1.710s] -- Up-to-date: /home/student/pepper_ws/install/turtlebot3_msgs/include/turtlebot3_msgs/turtlebot3_msgs
[1.710s] -- Up-to-date: /home/student/pepper_ws/install/turtlebot3_msgs/include/turtlebot3_msgs/turtlebot3_msgs/msg
[1.710s] -- Up-to-date: /home/student/pepper_ws/install/turtlebot3_msgs/include/turtlebot3_msgs/turtlebot3_msgs/msg/version_info.hpp
[1.710s] -- Up-to-date: /home/student/pepper_ws/install/turtlebot3_msgs/include/turtlebot3_msgs/turtlebot3_msgs/msg/sound.hpp
[1.711s] -- Up-to-date: /home/student/pepper_ws/install/turtlebot3_msgs/include/turtlebot3_msgs/turtlebot3_msgs/msg/sensor_state.hpp
[1.711s] -- Up-to-date: /home/student/pepper_ws/install/turtlebot3_msgs/include/turtlebot3_msgs/turtlebot3_msgs/msg/detail
[1.711s] -- Up-to-date: /home/student/pepper_ws/install/turtlebot3_msgs/include/turtlebot3_msgs/turtlebot3_msgs/msg/detail/sensor_state__builder.hpp
[1.712s] -- Up-to-date: /home/student/pepper_ws/install/turtlebot3_msgs/include/turtlebot3_msgs/turtlebot3_msgs/msg/detail/sound__traits.hpp
[1.712s] -- Up-to-date: /home/student/pepper_ws/install/turtlebot3_msgs/include/turtlebot3_msgs/turtlebot3_msgs/msg/detail/version_info__traits.hpp
[1.712s] -- Up-to-date: /home/student/pepper_ws/install/turtlebot3_msgs/include/turtlebot3_msgs/turtlebot3_msgs/msg/detail/sound__struct.hpp
[1.712s] -- Up-to-date: /home/student/pepper_ws/install/turtlebot3_msgs/include/turtlebot3_msgs/turtlebot3_msgs/msg/detail/sound__builder.hpp
[1.712s] -- Up-to-date: /home/student/pepper_ws/install/turtlebot3_msgs/include/turtlebot3_msgs/turtlebot3_msgs/msg/detail/version_info__struct.hpp
[1.713s] -- Up-to-date: /home/student/pepper_ws/install/turtlebot3_msgs/include/turtlebot3_msgs/turtlebot3_msgs/msg/detail/version_info__builder.hpp
[1.713s] -- Up-to-date: /home/student/pepper_ws/install/turtlebot3_msgs/include/turtlebot3_msgs/turtlebot3_msgs/msg/detail/sensor_state__traits.hpp
[1.713s] -- Up-to-date: /home/student/pepper_ws/install/turtlebot3_msgs/include/turtlebot3_msgs/turtlebot3_msgs/msg/detail/sensor_state__struct.hpp
[1.713s] -- Up-to-date: /home/student/pepper_ws/install/turtlebot3_msgs/include/turtlebot3_msgs/turtlebot3_msgs/action
[1.714s] -- Up-to-date: /home/student/pepper_ws/install/turtlebot3_msgs/include/turtlebot3_msgs/turtlebot3_msgs/action/detail
[1.714s] -- Up-to-date: /home/student/pepper_ws/install/turtlebot3_msgs/include/turtlebot3_msgs/turtlebot3_msgs/action/detail/patrol__builder.hpp
[1.714s] -- Up-to-date: /home/student/pepper_ws/install/turtlebot3_msgs/include/turtlebot3_msgs/turtlebot3_msgs/action/detail/patrol__traits.hpp
[1.714s] -- Up-to-date: /home/student/pepper_ws/install/turtlebot3_msgs/include/turtlebot3_msgs/turtlebot3_msgs/action/detail/patrol__struct.hpp
[1.714s] -- Up-to-date: /home/student/pepper_ws/install/turtlebot3_msgs/include/turtlebot3_msgs/turtlebot3_msgs/action/patrol.hpp
[1.715s] -- Up-to-date: /home/student/pepper_ws/install/turtlebot3_msgs/include/turtlebot3_msgs/turtlebot3_msgs/srv
[1.715s] -- Up-to-date: /home/student/pepper_ws/install/turtlebot3_msgs/include/turtlebot3_msgs/turtlebot3_msgs/srv/sound.hpp
[1.715s] -- Up-to-date: /home/student/pepper_ws/install/turtlebot3_msgs/include/turtlebot3_msgs/turtlebot3_msgs/srv/dqn.hpp
[1.715s] -- Up-to-date: /home/student/pepper_ws/install/turtlebot3_msgs/include/turtlebot3_msgs/turtlebot3_msgs/srv/detail
[1.715s] -- Up-to-date: /home/student/pepper_ws/install/turtlebot3_msgs/include/turtlebot3_msgs/turtlebot3_msgs/srv/detail/sound__traits.hpp
[1.715s] -- Up-to-date: /home/student/pepper_ws/install/turtlebot3_msgs/include/turtlebot3_msgs/turtlebot3_msgs/srv/detail/dqn__builder.hpp
[1.715s] -- Up-to-date: /home/student/pepper_ws/install/turtlebot3_msgs/include/turtlebot3_msgs/turtlebot3_msgs/srv/detail/dqn__struct.hpp
[1.715s] -- Up-to-date: /home/student/pepper_ws/install/turtlebot3_msgs/include/turtlebot3_msgs/turtlebot3_msgs/srv/detail/sound__struct.hpp
[1.716s] -- Up-to-date: /home/student/pepper_ws/install/turtlebot3_msgs/include/turtlebot3_msgs/turtlebot3_msgs/srv/detail/sound__builder.hpp
[1.716s] -- Up-to-date: /home/student/pepper_ws/install/turtlebot3_msgs/include/turtlebot3_msgs/turtlebot3_msgs/srv/detail/dqn__traits.hpp
[1.716s] -- Up-to-date: /home/student/pepper_ws/install/turtlebot3_msgs/include/turtlebot3_msgs/turtlebot3_msgs
[1.716s] -- Up-to-date: /home/student/pepper_ws/install/turtlebot3_msgs/include/turtlebot3_msgs/turtlebot3_msgs/msg
[1.716s] -- Up-to-date: /home/student/pepper_ws/install/turtlebot3_msgs/include/turtlebot3_msgs/turtlebot3_msgs/msg/rosidl_typesupport_fastrtps_cpp__visibility_control.h
[1.716s] -- Up-to-date: /home/student/pepper_ws/install/turtlebot3_msgs/include/turtlebot3_msgs/turtlebot3_msgs/msg/detail
[1.716s] -- Up-to-date: /home/student/pepper_ws/install/turtlebot3_msgs/include/turtlebot3_msgs/turtlebot3_msgs/msg/detail/dds_fastrtps
[1.717s] -- Up-to-date: /home/student/pepper_ws/install/turtlebot3_msgs/include/turtlebot3_msgs/turtlebot3_msgs/msg/detail/sound__rosidl_typesupport_fastrtps_cpp.hpp
[1.717s] -- Up-to-date: /home/student/pepper_ws/install/turtlebot3_msgs/include/turtlebot3_msgs/turtlebot3_msgs/msg/detail/sensor_state__rosidl_typesupport_fastrtps_cpp.hpp
[1.717s] -- Up-to-date: /home/student/pepper_ws/install/turtlebot3_msgs/include/turtlebot3_msgs/turtlebot3_msgs/msg/detail/version_info__rosidl_typesupport_fastrtps_cpp.hpp
[1.717s] -- Up-to-date: /home/student/pepper_ws/install/turtlebot3_msgs/include/turtlebot3_msgs/turtlebot3_msgs/action
[1.717s] -- Up-to-date: /home/student/pepper_ws/install/turtlebot3_msgs/include/turtlebot3_msgs/turtlebot3_msgs/action/detail
[1.717s] -- Up-to-date: /home/student/pepper_ws/install/turtlebot3_msgs/include/turtlebot3_msgs/turtlebot3_msgs/action/detail/dds_fastrtps
[1.717s] -- Up-to-date: /home/student/pepper_ws/install/turtlebot3_msgs/include/turtlebot3_msgs/turtlebot3_msgs/action/detail/patrol__rosidl_typesupport_fastrtps_cpp.hpp
[1.718s] -- Up-to-date: /home/student/pepper_ws/install/turtlebot3_msgs/include/turtlebot3_msgs/turtlebot3_msgs/srv
[1.718s] -- Up-to-date: /home/student/pepper_ws/install/turtlebot3_msgs/include/turtlebot3_msgs/turtlebot3_msgs/srv/detail
[1.718s] -- Up-to-date: /home/student/pepper_ws/install/turtlebot3_msgs/include/turtlebot3_msgs/turtlebot3_msgs/srv/detail/dds_fastrtps
[1.718s] -- Up-to-date: /home/student/pepper_ws/install/turtlebot3_msgs/include/turtlebot3_msgs/turtlebot3_msgs/srv/detail/sound__rosidl_typesupport_fastrtps_cpp.hpp
[1.718s] -- Up-to-date: /home/student/pepper_ws/install/turtlebot3_msgs/include/turtlebot3_msgs/turtlebot3_msgs/srv/detail/dqn__rosidl_typesupport_fastrtps_cpp.hpp
[1.718s] -- Up-to-date: /home/student/pepper_ws/install/turtlebot3_msgs/lib/libturtlebot3_msgs__rosidl_typesupport_fastrtps_cpp.so
[1.718s] -- Up-to-date: /home/student/pepper_ws/install/turtlebot3_msgs/include/turtlebot3_msgs/turtlebot3_msgs
[1.719s] -- Up-to-date: /home/student/pepper_ws/install/turtlebot3_msgs/include/turtlebot3_msgs/turtlebot3_msgs/msg
[1.719s] -- Up-to-date: /home/student/pepper_ws/install/turtlebot3_msgs/include/turtlebot3_msgs/turtlebot3_msgs/msg/rosidl_typesupport_introspection_c__visibility_control.h
[1.719s] -- Up-to-date: /home/student/pepper_ws/install/turtlebot3_msgs/include/turtlebot3_msgs/turtlebot3_msgs/msg/detail
[1.719s] -- Up-to-date: /home/student/pepper_ws/install/turtlebot3_msgs/include/turtlebot3_msgs/turtlebot3_msgs/msg/detail/sound__rosidl_typesupport_introspection_c.h
[1.719s] -- Up-to-date: /home/student/pepper_ws/install/turtlebot3_msgs/include/turtlebot3_msgs/turtlebot3_msgs/msg/detail/version_info__rosidl_typesupport_introspection_c.h
[1.719s] -- Up-to-date: /home/student/pepper_ws/install/turtlebot3_msgs/include/turtlebot3_msgs/turtlebot3_msgs/msg/detail/sound__type_support.c
[1.719s] -- Up-to-date: /home/student/pepper_ws/install/turtlebot3_msgs/include/turtlebot3_msgs/turtlebot3_msgs/msg/detail/version_info__type_support.c
[1.720s] -- Up-to-date: /home/student/pepper_ws/install/turtlebot3_msgs/include/turtlebot3_msgs/turtlebot3_msgs/msg/detail/sensor_state__rosidl_typesupport_introspection_c.h
[1.720s] -- Up-to-date: /home/student/pepper_ws/install/turtlebot3_msgs/include/turtlebot3_msgs/turtlebot3_msgs/msg/detail/sensor_state__type_support.c
[1.720s] -- Up-to-date: /home/student/pepper_ws/install/turtlebot3_msgs/include/turtlebot3_msgs/turtlebot3_msgs/action
[1.720s] -- Up-to-date: /home/student/pepper_ws/install/turtlebot3_msgs/include/turtlebot3_msgs/turtlebot3_msgs/action/detail
[1.720s] -- Up-to-date: /home/student/pepper_ws/install/turtlebot3_msgs/include/turtlebot3_msgs/turtlebot3_msgs/action/detail/patrol__type_support.c
[1.720s] -- Up-to-date: /home/student/pepper_ws/install/turtlebot3_msgs/include/turtlebot3_msgs/turtlebot3_msgs/action/detail/patrol__rosidl_typesupport_introspection_c.h
[1.720s] -- Up-to-date: /home/student/pepper_ws/install/turtlebot3_msgs/include/turtlebot3_msgs/turtlebot3_msgs/srv
[1.721s] -- Up-to-date: /home/student/pepper_ws/install/turtlebot3_msgs/include/turtlebot3_msgs/turtlebot3_msgs/srv/detail
[1.721s] -- Up-to-date: /home/student/pepper_ws/install/turtlebot3_msgs/include/turtlebot3_msgs/turtlebot3_msgs/srv/detail/sound__rosidl_typesupport_introspection_c.h
[1.721s] -- Up-to-date: /home/student/pepper_ws/install/turtlebot3_msgs/include/turtlebot3_msgs/turtlebot3_msgs/srv/detail/dqn__type_support.c
[1.721s] -- Up-to-date: /home/student/pepper_ws/install/turtlebot3_msgs/include/turtlebot3_msgs/turtlebot3_msgs/srv/detail/sound__type_support.c
[1.721s] -- Up-to-date: /home/student/pepper_ws/install/turtlebot3_msgs/include/turtlebot3_msgs/turtlebot3_msgs/srv/detail/dqn__rosidl_typesupport_introspection_c.h
[1.721s] -- Up-to-date: /home/student/pepper_ws/install/turtlebot3_msgs/lib/libturtlebot3_msgs__rosidl_typesupport_introspection_c.so
[1.722s] -- Up-to-date: /home/student/pepper_ws/install/turtlebot3_msgs/lib/libturtlebot3_msgs__rosidl_typesupport_c.so
[1.722s] -- Up-to-date: /home/student/pepper_ws/install/turtlebot3_msgs/include/turtlebot3_msgs/turtlebot3_msgs
[1.722s] -- Up-to-date: /home/student/pepper_ws/install/turtlebot3_msgs/include/turtlebot3_msgs/turtlebot3_msgs/msg
[1.722s] -- Up-to-date: /home/student/pepper_ws/install/turtlebot3_msgs/include/turtlebot3_msgs/turtlebot3_msgs/msg/detail
[1.722s] -- Up-to-date: /home/student/pepper_ws/install/turtlebot3_msgs/include/turtlebot3_msgs/turtlebot3_msgs/msg/detail/sound__rosidl_typesupport_introspection_cpp.hpp
[1.722s] -- Up-to-date: /home/student/pepper_ws/install/turtlebot3_msgs/include/turtlebot3_msgs/turtlebot3_msgs/msg/detail/version_info__rosidl_typesupport_introspection_cpp.hpp
[1.722s] -- Up-to-date: /home/student/pepper_ws/install/turtlebot3_msgs/include/turtlebot3_msgs/turtlebot3_msgs/msg/detail/sensor_state__type_support.cpp
[1.723s] -- Up-to-date: /home/student/pepper_ws/install/turtlebot3_msgs/include/turtlebot3_msgs/turtlebot3_msgs/msg/detail/version_info__type_support.cpp
[1.723s] -- Up-to-date: /home/student/pepper_ws/install/turtlebot3_msgs/include/turtlebot3_msgs/turtlebot3_msgs/msg/detail/sensor_state__rosidl_typesupport_introspection_cpp.hpp
[1.723s] -- Up-to-date: /home/student/pepper_ws/install/turtlebot3_msgs/include/turtlebot3_msgs/turtlebot3_msgs/msg/detail/sound__type_support.cpp
[1.723s] -- Up-to-date: /home/student/pepper_ws/install/turtlebot3_msgs/include/turtlebot3_msgs/turtlebot3_msgs/action
[1.723s] -- Up-to-date: /home/student/pepper_ws/install/turtlebot3_msgs/include/turtlebot3_msgs/turtlebot3_msgs/action/detail
[1.724s] -- Up-to-date: /home/student/pepper_ws/install/turtlebot3_msgs/include/turtlebot3_msgs/turtlebot3_msgs/action/detail/patrol__type_support.cpp
[1.724s] -- Up-to-date: /home/student/pepper_ws/install/turtlebot3_msgs/include/turtlebot3_msgs/turtlebot3_msgs/action/detail/patrol__rosidl_typesupport_introspection_cpp.hpp
[1.724s] -- Up-to-date: /home/student/pepper_ws/install/turtlebot3_msgs/include/turtlebot3_msgs/turtlebot3_msgs/srv
[1.724s] -- Up-to-date: /home/student/pepper_ws/install/turtlebot3_msgs/include/turtlebot3_msgs/turtlebot3_msgs/srv/detail
[1.725s] -- Up-to-date: /home/student/pepper_ws/install/turtlebot3_msgs/include/turtlebot3_msgs/turtlebot3_msgs/srv/detail/sound__rosidl_typesupport_introspection_cpp.hpp
[1.725s] -- Up-to-date: /home/student/pepper_ws/install/turtlebot3_msgs/include/turtlebot3_msgs/turtlebot3_msgs/srv/detail/dqn__type_support.cpp
[1.725s] -- Up-to-date: /home/student/pepper_ws/install/turtlebot3_msgs/include/turtlebot3_msgs/turtlebot3_msgs/srv/detail/dqn__rosidl_typesupport_introspection_cpp.hpp
[1.725s] -- Up-to-date: /home/student/pepper_ws/install/turtlebot3_msgs/include/turtlebot3_msgs/turtlebot3_msgs/srv/detail/sound__type_support.cpp
[1.725s] -- Up-to-date: /home/student/pepper_ws/install/turtlebot3_msgs/lib/libturtlebot3_msgs__rosidl_typesupport_introspection_cpp.so
[1.726s] -- Up-to-date: /home/student/pepper_ws/install/turtlebot3_msgs/lib/libturtlebot3_msgs__rosidl_typesupport_cpp.so
[1.726s] -- Up-to-date: /home/student/pepper_ws/install/turtlebot3_msgs/share/turtlebot3_msgs/environment/pythonpath.sh
[1.726s] -- Up-to-date: /home/student/pepper_ws/install/turtlebot3_msgs/share/turtlebot3_msgs/environment/pythonpath.dsv
[1.726s] -- Up-to-date: /home/student/pepper_ws/install/turtlebot3_msgs/local/lib/python3.10/dist-packages/turtlebot3_msgs-2.2.3-py3.10.egg-info
[1.727s] -- Installing: /home/student/pepper_ws/install/turtlebot3_msgs/local/lib/python3.10/dist-packages/turtlebot3_msgs-2.2.3-py3.10.egg-info/dependency_links.txt
[1.727s] -- Installing: /home/student/pepper_ws/install/turtlebot3_msgs/local/lib/python3.10/dist-packages/turtlebot3_msgs-2.2.3-py3.10.egg-info/PKG-INFO
[1.727s] -- Installing: /home/student/pepper_ws/install/turtlebot3_msgs/local/lib/python3.10/dist-packages/turtlebot3_msgs-2.2.3-py3.10.egg-info/top_level.txt
[1.727s] -- Installing: /home/student/pepper_ws/install/turtlebot3_msgs/local/lib/python3.10/dist-packages/turtlebot3_msgs-2.2.3-py3.10.egg-info/SOURCES.txt
[1.727s] -- Up-to-date: /home/student/pepper_ws/install/turtlebot3_msgs/local/lib/python3.10/dist-packages/turtlebot3_msgs
[1.727s] -- Up-to-date: /home/student/pepper_ws/install/turtlebot3_msgs/local/lib/python3.10/dist-packages/turtlebot3_msgs/msg
[1.727s] -- Up-to-date: /home/student/pepper_ws/install/turtlebot3_msgs/local/lib/python3.10/dist-packages/turtlebot3_msgs/msg/_sensor_state_s.c
[1.727s] -- Up-to-date: /home/student/pepper_ws/install/turtlebot3_msgs/local/lib/python3.10/dist-packages/turtlebot3_msgs/msg/__init__.py
[1.728s] -- Up-to-date: /home/student/pepper_ws/install/turtlebot3_msgs/local/lib/python3.10/dist-packages/turtlebot3_msgs/msg/_sensor_state.py
[1.728s] -- Up-to-date: /home/student/pepper_ws/install/turtlebot3_msgs/local/lib/python3.10/dist-packages/turtlebot3_msgs/msg/_sound.py
[1.728s] -- Up-to-date: /home/student/pepper_ws/install/turtlebot3_msgs/local/lib/python3.10/dist-packages/turtlebot3_msgs/msg/_version_info_s.c
[1.728s] -- Up-to-date: /home/student/pepper_ws/install/turtlebot3_msgs/local/lib/python3.10/dist-packages/turtlebot3_msgs/msg/_sound_s.c
[1.729s] -- Up-to-date: /home/student/pepper_ws/install/turtlebot3_msgs/local/lib/python3.10/dist-packages/turtlebot3_msgs/msg/_version_info.py
[1.729s] -- Up-to-date: /home/student/pepper_ws/install/turtlebot3_msgs/local/lib/python3.10/dist-packages/turtlebot3_msgs/__init__.py
[1.729s] -- Up-to-date: /home/student/pepper_ws/install/turtlebot3_msgs/local/lib/python3.10/dist-packages/turtlebot3_msgs/turtlebot3_msgs_s__rosidl_typesupport_introspection_c.cpython-310-x86_64-linux-gnu.so
[1.729s] -- Up-to-date: /home/student/pepper_ws/install/turtlebot3_msgs/local/lib/python3.10/dist-packages/turtlebot3_msgs/action
[1.730s] -- Up-to-date: /home/student/pepper_ws/install/turtlebot3_msgs/local/lib/python3.10/dist-packages/turtlebot3_msgs/action/_patrol.py
[1.730s] -- Up-to-date: /home/student/pepper_ws/install/turtlebot3_msgs/local/lib/python3.10/dist-packages/turtlebot3_msgs/action/__init__.py
[1.730s] -- Up-to-date: /home/student/pepper_ws/install/turtlebot3_msgs/local/lib/python3.10/dist-packages/turtlebot3_msgs/action/_patrol_s.c
[1.730s] -- Up-to-date: /home/student/pepper_ws/install/turtlebot3_msgs/local/lib/python3.10/dist-packages/turtlebot3_msgs/srv
[1.730s] -- Up-to-date: /home/student/pepper_ws/install/turtlebot3_msgs/local/lib/python3.10/dist-packages/turtlebot3_msgs/srv/__init__.py
[1.730s] -- Up-to-date: /home/student/pepper_ws/install/turtlebot3_msgs/local/lib/python3.10/dist-packages/turtlebot3_msgs/srv/_sound.py
[1.731s] -- Up-to-date: /home/student/pepper_ws/install/turtlebot3_msgs/local/lib/python3.10/dist-packages/turtlebot3_msgs/srv/_dqn.py
[1.731s] -- Up-to-date: /home/student/pepper_ws/install/turtlebot3_msgs/local/lib/python3.10/dist-packages/turtlebot3_msgs/srv/_sound_s.c
[1.731s] -- Up-to-date: /home/student/pepper_ws/install/turtlebot3_msgs/local/lib/python3.10/dist-packages/turtlebot3_msgs/srv/_dqn_s.c
[1.731s] -- Up-to-date: /home/student/pepper_ws/install/turtlebot3_msgs/local/lib/python3.10/dist-packages/turtlebot3_msgs/turtlebot3_msgs_s__rosidl_typesupport_fastrtps_c.cpython-310-x86_64-linux-gnu.so
[1.732s] -- Up-to-date: /home/student/pepper_ws/install/turtlebot3_msgs/local/lib/python3.10/dist-packages/turtlebot3_msgs/_turtlebot3_msgs_s.ep.rosidl_typesupport_fastrtps_c.c
[1.732s] -- Up-to-date: /home/student/pepper_ws/install/turtlebot3_msgs/local/lib/python3.10/dist-packages/turtlebot3_msgs/turtlebot3_msgs_s__rosidl_typesupport_c.cpython-310-x86_64-linux-gnu.so
[1.732s] -- Up-to-date: /home/student/pepper_ws/install/turtlebot3_msgs/local/lib/python3.10/dist-packages/turtlebot3_msgs/libturtlebot3_msgs__rosidl_generator_py.so
[1.732s] -- Up-to-date: /home/student/pepper_ws/install/turtlebot3_msgs/local/lib/python3.10/dist-packages/turtlebot3_msgs/_turtlebot3_msgs_s.ep.rosidl_typesupport_c.c
[1.732s] -- Up-to-date: /home/student/pepper_ws/install/turtlebot3_msgs/local/lib/python3.10/dist-packages/turtlebot3_msgs/_turtlebot3_msgs_s.ep.rosidl_typesupport_introspection_c.c
[1.759s] Listing '/home/student/pepper_ws/install/turtlebot3_msgs/local/lib/python3.10/dist-packages/turtlebot3_msgs'...
[1.759s] Listing '/home/student/pepper_ws/install/turtlebot3_msgs/local/lib/python3.10/dist-packages/turtlebot3_msgs/action'...
[1.759s] Listing '/home/student/pepper_ws/install/turtlebot3_msgs/local/lib/python3.10/dist-packages/turtlebot3_msgs/msg'...
[1.759s] Listing '/home/student/pepper_ws/install/turtlebot3_msgs/local/lib/python3.10/dist-packages/turtlebot3_msgs/srv'...
[1.764s] -- Up-to-date: /home/student/pepper_ws/install/turtlebot3_msgs/local/lib/python3.10/dist-packages/turtlebot3_msgs/turtlebot3_msgs_s__rosidl_typesupport_fastrtps_c.cpython-310-x86_64-linux-gnu.so
[1.765s] -- Up-to-date: /home/student/pepper_ws/install/turtlebot3_msgs/local/lib/python3.10/dist-packages/turtlebot3_msgs/turtlebot3_msgs_s__rosidl_typesupport_introspection_c.cpython-310-x86_64-linux-gnu.so
[1.765s] -- Up-to-date: /home/student/pepper_ws/install/turtlebot3_msgs/local/lib/python3.10/dist-packages/turtlebot3_msgs/turtlebot3_msgs_s__rosidl_typesupport_c.cpython-310-x86_64-linux-gnu.so
[1.765s] -- Up-to-date: /home/student/pepper_ws/install/turtlebot3_msgs/lib/libturtlebot3_msgs__rosidl_generator_py.so
[1.766s] -- Up-to-date: /home/student/pepper_ws/install/turtlebot3_msgs/share/turtlebot3_msgs/msg/SensorState.idl
[1.766s] -- Up-to-date: /home/student/pepper_ws/install/turtlebot3_msgs/share/turtlebot3_msgs/msg/Sound.idl
[1.766s] -- Up-to-date: /home/student/pepper_ws/install/turtlebot3_msgs/share/turtlebot3_msgs/msg/VersionInfo.idl
[1.766s] -- Up-to-date: /home/student/pepper_ws/install/turtlebot3_msgs/share/turtlebot3_msgs/srv/Sound.idl
[1.766s] -- Up-to-date: /home/student/pepper_ws/install/turtlebot3_msgs/share/turtlebot3_msgs/srv/Dqn.idl
[1.767s] -- Up-to-date: /home/student/pepper_ws/install/turtlebot3_msgs/share/turtlebot3_msgs/action/Patrol.idl
[1.767s] -- Up-to-date: /home/student/pepper_ws/install/turtlebot3_msgs/share/turtlebot3_msgs/msg/SensorState.msg
[1.768s] -- Up-to-date: /home/student/pepper_ws/install/turtlebot3_msgs/share/turtlebot3_msgs/msg/Sound.msg
[1.768s] -- Up-to-date: /home/student/pepper_ws/install/turtlebot3_msgs/share/turtlebot3_msgs/msg/VersionInfo.msg
[1.768s] -- Up-to-date: /home/student/pepper_ws/install/turtlebot3_msgs/share/turtlebot3_msgs/srv/Sound.srv
[1.768s] -- Up-to-date: /home/student/pepper_ws/install/turtlebot3_msgs/share/turtlebot3_msgs/srv/Sound_Request.msg
[1.768s] -- Up-to-date: /home/student/pepper_ws/install/turtlebot3_msgs/share/turtlebot3_msgs/srv/Sound_Response.msg
[1.768s] -- Up-to-date: /home/student/pepper_ws/install/turtlebot3_msgs/share/turtlebot3_msgs/srv/Dqn.srv
[1.768s] -- Up-to-date: /home/student/pepper_ws/install/turtlebot3_msgs/share/turtlebot3_msgs/srv/Dqn_Request.msg
[1.768s] -- Up-to-date: /home/student/pepper_ws/install/turtlebot3_msgs/share/turtlebot3_msgs/srv/Dqn_Response.msg
[1.769s] -- Up-to-date: /home/student/pepper_ws/install/turtlebot3_msgs/share/turtlebot3_msgs/action/Patrol.action
[1.769s] -- Up-to-date: /home/student/pepper_ws/install/turtlebot3_msgs/share/ament_index/resource_index/package_run_dependencies/turtlebot3_msgs
[1.769s] -- Up-to-date: /home/student/pepper_ws/install/turtlebot3_msgs/share/ament_index/resource_index/parent_prefix_path/turtlebot3_msgs
[1.769s] -- Up-to-date: /home/student/pepper_ws/install/turtlebot3_msgs/share/turtlebot3_msgs/environment/ament_prefix_path.sh
[1.769s] -- Up-to-date: /home/student/pepper_ws/install/turtlebot3_msgs/share/turtlebot3_msgs/environment/ament_prefix_path.dsv
[1.769s] -- Up-to-date: /home/student/pepper_ws/install/turtlebot3_msgs/share/turtlebot3_msgs/environment/path.sh
[1.770s] -- Up-to-date: /home/student/pepper_ws/install/turtlebot3_msgs/share/turtlebot3_msgs/environment/path.dsv
[1.770s] -- Up-to-date: /home/student/pepper_ws/install/turtlebot3_msgs/share/turtlebot3_msgs/local_setup.bash
[1.770s] -- Up-to-date: /home/student/pepper_ws/install/turtlebot3_msgs/share/turtlebot3_msgs/local_setup.sh
[1.770s] -- Up-to-date: /home/student/pepper_ws/install/turtlebot3_msgs/share/turtlebot3_msgs/local_setup.zsh
[1.770s] -- Up-to-date: /home/student/pepper_ws/install/turtlebot3_msgs/share/turtlebot3_msgs/local_setup.dsv
[1.770s] -- Installing: /home/student/pepper_ws/install/turtlebot3_msgs/share/turtlebot3_msgs/package.dsv
[1.771s] -- Up-to-date: /home/student/pepper_ws/install/turtlebot3_msgs/share/ament_index/resource_index/packages/turtlebot3_msgs
[1.771s] -- Up-to-date: /home/student/pepper_ws/install/turtlebot3_msgs/share/turtlebot3_msgs/cmake/export_turtlebot3_msgs__rosidl_generator_cExport.cmake
[1.771s] -- Up-to-date: /home/student/pepper_ws/install/turtlebot3_msgs/share/turtlebot3_msgs/cmake/export_turtlebot3_msgs__rosidl_generator_cExport-noconfig.cmake
[1.771s] -- Up-to-date: /home/student/pepper_ws/install/turtlebot3_msgs/share/turtlebot3_msgs/cmake/export_turtlebot3_msgs__rosidl_typesupport_fastrtps_cExport.cmake
[1.771s] -- Up-to-date: /home/student/pepper_ws/install/turtlebot3_msgs/share/turtlebot3_msgs/cmake/export_turtlebot3_msgs__rosidl_typesupport_fastrtps_cExport-noconfig.cmake
[1.772s] -- Up-to-date: /home/student/pepper_ws/install/turtlebot3_msgs/share/turtlebot3_msgs/cmake/export_turtlebot3_msgs__rosidl_generator_cppExport.cmake
[1.772s] -- Up-to-date: /home/student/pepper_ws/install/turtlebot3_msgs/share/turtlebot3_msgs/cmake/export_turtlebot3_msgs__rosidl_typesupport_fastrtps_cppExport.cmake
[1.772s] -- Up-to-date: /home/student/pepper_ws/install/turtlebot3_msgs/share/turtlebot3_msgs/cmake/export_turtlebot3_msgs__rosidl_typesupport_fastrtps_cppExport-noconfig.cmake
[1.772s] -- Up-to-date: /home/student/pepper_ws/install/turtlebot3_msgs/share/turtlebot3_msgs/cmake/turtlebot3_msgs__rosidl_typesupport_introspection_cExport.cmake
[1.772s] -- Up-to-date: /home/student/pepper_ws/install/turtlebot3_msgs/share/turtlebot3_msgs/cmake/turtlebot3_msgs__rosidl_typesupport_introspection_cExport-noconfig.cmake
[1.773s] -- Up-to-date: /home/student/pepper_ws/install/turtlebot3_msgs/share/turtlebot3_msgs/cmake/turtlebot3_msgs__rosidl_typesupport_cExport.cmake
[1.773s] -- Up-to-date: /home/student/pepper_ws/install/turtlebot3_msgs/share/turtlebot3_msgs/cmake/turtlebot3_msgs__rosidl_typesupport_cExport-noconfig.cmake
[1.773s] -- Up-to-date: /home/student/pepper_ws/install/turtlebot3_msgs/share/turtlebot3_msgs/cmake/turtlebot3_msgs__rosidl_typesupport_introspection_cppExport.cmake
[1.773s] -- Up-to-date: /home/student/pepper_ws/install/turtlebot3_msgs/share/turtlebot3_msgs/cmake/turtlebot3_msgs__rosidl_typesupport_introspection_cppExport-noconfig.cmake
[1.773s] -- Up-to-date: /home/student/pepper_ws/install/turtlebot3_msgs/share/turtlebot3_msgs/cmake/turtlebot3_msgs__rosidl_typesupport_cppExport.cmake
[1.774s] -- Up-to-date: /home/student/pepper_ws/install/turtlebot3_msgs/share/turtlebot3_msgs/cmake/turtlebot3_msgs__rosidl_typesupport_cppExport-noconfig.cmake
[1.774s] -- Up-to-date: /home/student/pepper_ws/install/turtlebot3_msgs/share/turtlebot3_msgs/cmake/export_turtlebot3_msgs__rosidl_generator_pyExport.cmake
[1.774s] -- Up-to-date: /home/student/pepper_ws/install/turtlebot3_msgs/share/turtlebot3_msgs/cmake/export_turtlebot3_msgs__rosidl_generator_pyExport-noconfig.cmake
[1.774s] -- Up-to-date: /home/student/pepper_ws/install/turtlebot3_msgs/share/turtlebot3_msgs/cmake/rosidl_cmake-extras.cmake
[1.774s] -- Up-to-date: /home/student/pepper_ws/install/turtlebot3_msgs/share/turtlebot3_msgs/cmake/ament_cmake_export_dependencies-extras.cmake
[1.774s] -- Up-to-date: /home/student/pepper_ws/install/turtlebot3_msgs/share/turtlebot3_msgs/cmake/ament_cmake_export_include_directories-extras.cmake
[1.774s] -- Up-to-date: /home/student/pepper_ws/install/turtlebot3_msgs/share/turtlebot3_msgs/cmake/ament_cmake_export_libraries-extras.cmake
[1.774s] -- Up-to-date: /home/student/pepper_ws/install/turtlebot3_msgs/share/turtlebot3_msgs/cmake/ament_cmake_export_targets-extras.cmake
[1.774s] -- Up-to-date: /home/student/pepper_ws/install/turtlebot3_msgs/share/turtlebot3_msgs/cmake/rosidl_cmake_export_typesupport_targets-extras.cmake
[1.775s] -- Up-to-date: /home/student/pepper_ws/install/turtlebot3_msgs/share/turtlebot3_msgs/cmake/rosidl_cmake_export_typesupport_libraries-extras.cmake
[1.775s] -- Up-to-date: /home/student/pepper_ws/install/turtlebot3_msgs/share/turtlebot3_msgs/cmake/turtlebot3_msgsConfig.cmake
[1.776s] -- Up-to-date: /home/student/pepper_ws/install/turtlebot3_msgs/share/turtlebot3_msgs/cmake/turtlebot3_msgsConfig-version.cmake
[1.777s] -- Up-to-date: /home/student/pepper_ws/install/turtlebot3_msgs/share/turtlebot3_msgs/package.xml
[1.778s] Invoked command in '/home/student/pepper_ws/build/turtlebot3_msgs' returned '0': CMAKE_PREFIX_PATH=${CMAKE_PREFIX_PATH}:/home/student/pepper_ws/install/turtlebot3_teleop:/home/student/pepper_ws/install/turtlebot3_example:/home/student/pepper_ws/install/move_pepper:/home/student/ros2_ws/install/autonomous_tb3:/opt/ros/humble /usr/bin/cmake --install /home/student/pepper_ws/build/turtlebot3_msgs
