[0.142s] Invoking command in '/home/student/pepper_ws/build/turtlebot3_msgs': CMAKE_PREFIX_PATH=${CMAKE_PREFIX_PATH}:/home/student/pepper_ws/install/turtlebot3_teleop:/home/student/pepper_ws/install/turtlebot3_example:/home/student/pepper_ws/install/move_pepper:/home/student/ros2_ws/install/autonomous_tb3:/opt/ros/humble /usr/bin/cmake --build /home/student/pepper_ws/build/turtlebot3_msgs -- -j8 -l8
[0.342s] [  1%] Built target turtlebot3_msgs__cpp
[0.419s] [  1%] Built target ament_cmake_python_symlink_turtlebot3_msgs
[0.559s] [ 12%] Built target turtlebot3_msgs__rosidl_typesupport_introspection_cpp
[1.277s] running egg_info
[1.284s] writing turtlebot3_msgs.egg-info/PKG-INFO
[1.284s] writing dependency_links to turtlebot3_msgs.egg-info/dependency_links.txt
[1.285s] writing top-level names to turtlebot3_msgs.egg-info/top_level.txt
[1.285s] reading manifest file 'turtlebot3_msgs.egg-info/SOURCES.txt'
[1.285s] writing manifest file 'turtlebot3_msgs.egg-info/SOURCES.txt'
[1.376s] [ 12%] Built target ament_cmake_python_build_turtlebot3_msgs_egg
[1.443s] [ 23%] Built target turtlebot3_msgs__rosidl_typesupport_fastrtps_cpp
[1.538s] [ 35%] Built target turtlebot3_msgs__rosidl_typesupport_cpp
[1.612s] [ 46%] Built target turtlebot3_msgs__rosidl_generator_c
[1.702s] [ 57%] Built target turtlebot3_msgs__rosidl_typesupport_fastrtps_c
[1.762s] [ 69%] Built target turtlebot3_msgs__rosidl_typesupport_c
[1.863s] [ 80%] Built target turtlebot3_msgs__rosidl_typesupport_introspection_c
[1.951s] [ 80%] Built target turtlebot3_msgs
[2.023s] gmake[1]: *** wait: No child processes.  Stop.
[2.023s] gmake[1]: *** Waiting for unfinished jobs....
[2.023s] gmake[1]: *** wait: No child processes.  Stop.
[2.023s] gmake: *** wait: No child processes.  Stop.
[2.023s] gmake: *** Waiting for unfinished jobs....
[2.024s] gmake: *** wait: No child processes.  Stop.
