[0.053s] Invoking command in '/home/student/pepper_ws/src/build/hls_lfcd_lds_driver': CMAKE_PREFIX_PATH=${CMAKE_PREFIX_PATH}:/home/student/pepper_ws/install/turtlebot3_teleop:/home/student/pepper_ws/install/turtlebot3_example:/home/student/pepper_ws/install/move_pepper:/home/student/ros2_ws/install/turtlebot3_teleop:/home/student/ros2_ws/install/turtlebot3_example:/home/student/ros2_ws/install/nav2_simple_commander:/home/student/ros2_ws/install/autonomous_tb3:/opt/ros/humble /usr/bin/cmake /home/student/pepper_ws/src/utils/hls_lfcd_lds_driver -DCMAKE_INSTALL_PREFIX=/home/student/pepper_ws/src/install/hls_lfcd_lds_driver
[0.187s] -- The C compiler identification is GNU 11.4.0
[0.333s] -- The CXX compiler identification is GNU 11.4.0
[0.354s] -- Detecting C compiler ABI info
[0.510s] -- Detecting C compiler ABI info - done
[0.527s] -- Check for working C compiler: /usr/bin/cc - skipped
[0.527s] -- Detecting C compile features
[0.527s] -- Detecting C compile features - done
[0.536s] -- Detecting CXX compiler ABI info
[0.707s] -- Detecting CXX compiler ABI info - done
[0.721s] -- Check for working CXX compiler: /usr/bin/c++ - skipped
[0.722s] -- Detecting CXX compile features
[0.722s] -- Detecting CXX compile features - done
[0.741s] -- Found ament_cmake: 1.3.10 (/opt/ros/humble/share/ament_cmake/cmake)
[1.067s] -- Found Python3: /usr/bin/python3 (found version "3.10.12") found components: Interpreter 
[1.295s] -- Found rclcpp: 16.0.10 (/opt/ros/humble/share/rclcpp/cmake)
[1.416s] -- Found rosidl_generator_c: 3.1.5 (/opt/ros/humble/share/rosidl_generator_c/cmake)
[1.437s] -- Found rosidl_adapter: 3.1.5 (/opt/ros/humble/share/rosidl_adapter/cmake)
[1.455s] -- Found rosidl_generator_cpp: 3.1.5 (/opt/ros/humble/share/rosidl_generator_cpp/cmake)
[1.490s] -- Using all available rosidl_typesupport_c: rosidl_typesupport_fastrtps_c;rosidl_typesupport_introspection_c
[1.536s] -- Using all available rosidl_typesupport_cpp: rosidl_typesupport_fastrtps_cpp;rosidl_typesupport_introspection_cpp
[1.685s] -- Found rmw_implementation_cmake: 6.1.2 (/opt/ros/humble/share/rmw_implementation_cmake/cmake)
[1.725s] -- Found rmw_fastrtps_cpp: 6.2.7 (/opt/ros/humble/share/rmw_fastrtps_cpp/cmake)
[2.152s] -- Found OpenSSL: /usr/lib/x86_64-linux-gnu/libcrypto.so (found version "3.0.2")  
[2.267s] -- Found FastRTPS: /opt/ros/humble/include  
[2.416s] -- Using RMW implementation 'rmw_fastrtps_cpp' as default
[2.441s] -- Looking for pthread.h
[2.631s] -- Looking for pthread.h - found
[2.633s] -- Performing Test CMAKE_HAVE_LIBC_PTHREAD
[2.776s] -- Performing Test CMAKE_HAVE_LIBC_PTHREAD - Success
[2.776s] -- Found Threads: TRUE  
[2.864s] -- Found sensor_msgs: 4.2.4 (/opt/ros/humble/share/sensor_msgs/cmake)
[2.930s] -- Found Boost: /usr/lib/x86_64-linux-gnu/cmake/Boost-1.74.0/BoostConfig.cmake (found version "1.74.0") found components: system 
[3.036s] -- Configuring done
[3.054s] -- Generating done
[3.057s] -- Build files have been written to: /home/student/pepper_ws/src/build/hls_lfcd_lds_driver
[3.108s] Invoked command in '/home/student/pepper_ws/src/build/hls_lfcd_lds_driver' returned '0': CMAKE_PREFIX_PATH=${CMAKE_PREFIX_PATH}:/home/student/pepper_ws/install/turtlebot3_teleop:/home/student/pepper_ws/install/turtlebot3_example:/home/student/pepper_ws/install/move_pepper:/home/student/ros2_ws/install/turtlebot3_teleop:/home/student/ros2_ws/install/turtlebot3_example:/home/student/ros2_ws/install/nav2_simple_commander:/home/student/ros2_ws/install/autonomous_tb3:/opt/ros/humble /usr/bin/cmake /home/student/pepper_ws/src/utils/hls_lfcd_lds_driver -DCMAKE_INSTALL_PREFIX=/home/student/pepper_ws/src/install/hls_lfcd_lds_driver
[3.110s] Invoking command in '/home/student/pepper_ws/src/build/hls_lfcd_lds_driver': CMAKE_PREFIX_PATH=${CMAKE_PREFIX_PATH}:/home/student/pepper_ws/install/turtlebot3_teleop:/home/student/pepper_ws/install/turtlebot3_example:/home/student/pepper_ws/install/move_pepper:/home/student/ros2_ws/install/turtlebot3_teleop:/home/student/ros2_ws/install/turtlebot3_example:/home/student/ros2_ws/install/nav2_simple_commander:/home/student/ros2_ws/install/autonomous_tb3:/opt/ros/humble /usr/bin/cmake --build /home/student/pepper_ws/src/build/hls_lfcd_lds_driver -- -j8 -l8
[3.254s] [ 50%] [32mBuilding CXX object CMakeFiles/hlds_laser_publisher.dir/src/hlds_laser_publisher.cpp.o[0m
[16.382s] [100%] [32m[1mLinking CXX executable hlds_laser_publisher[0m
[16.796s] [100%] Built target hlds_laser_publisher
[16.825s] Invoked command in '/home/student/pepper_ws/src/build/hls_lfcd_lds_driver' returned '0': CMAKE_PREFIX_PATH=${CMAKE_PREFIX_PATH}:/home/student/pepper_ws/install/turtlebot3_teleop:/home/student/pepper_ws/install/turtlebot3_example:/home/student/pepper_ws/install/move_pepper:/home/student/ros2_ws/install/turtlebot3_teleop:/home/student/ros2_ws/install/turtlebot3_example:/home/student/ros2_ws/install/nav2_simple_commander:/home/student/ros2_ws/install/autonomous_tb3:/opt/ros/humble /usr/bin/cmake --build /home/student/pepper_ws/src/build/hls_lfcd_lds_driver -- -j8 -l8
[16.922s] Invoking command in '/home/student/pepper_ws/src/build/hls_lfcd_lds_driver': CMAKE_PREFIX_PATH=${CMAKE_PREFIX_PATH}:/home/student/pepper_ws/install/turtlebot3_teleop:/home/student/pepper_ws/install/turtlebot3_example:/home/student/pepper_ws/install/move_pepper:/home/student/ros2_ws/install/turtlebot3_teleop:/home/student/ros2_ws/install/turtlebot3_example:/home/student/ros2_ws/install/nav2_simple_commander:/home/student/ros2_ws/install/autonomous_tb3:/opt/ros/humble /usr/bin/cmake --install /home/student/pepper_ws/src/build/hls_lfcd_lds_driver
[16.941s] -- Install configuration: ""
[16.941s] -- Installing: /home/student/pepper_ws/src/install/hls_lfcd_lds_driver/share/hls_lfcd_lds_driver/launch
[16.942s] -- Installing: /home/student/pepper_ws/src/install/hls_lfcd_lds_driver/share/hls_lfcd_lds_driver/launch/hlds_laser.launch.py
[16.943s] -- Installing: /home/student/pepper_ws/src/install/hls_lfcd_lds_driver/share/hls_lfcd_lds_driver/launch/view_hlds_laser.launch.py
[16.944s] -- Installing: /home/student/pepper_ws/src/install/hls_lfcd_lds_driver/share/hls_lfcd_lds_driver/rviz
[16.945s] -- Installing: /home/student/pepper_ws/src/install/hls_lfcd_lds_driver/share/hls_lfcd_lds_driver/rviz/hlds_laser.rviz
[16.945s] -- Installing: /home/student/pepper_ws/src/install/hls_lfcd_lds_driver/lib/hls_lfcd_lds_driver/hlds_laser_publisher
[16.947s] -- Set runtime path of "/home/student/pepper_ws/src/install/hls_lfcd_lds_driver/lib/hls_lfcd_lds_driver/hlds_laser_publisher" to ""
[16.947s] -- Installing: /home/student/pepper_ws/src/install/hls_lfcd_lds_driver/share/ament_index/resource_index/package_run_dependencies/hls_lfcd_lds_driver
[16.948s] -- Installing: /home/student/pepper_ws/src/install/hls_lfcd_lds_driver/share/ament_index/resource_index/parent_prefix_path/hls_lfcd_lds_driver
[16.949s] -- Installing: /home/student/pepper_ws/src/install/hls_lfcd_lds_driver/share/hls_lfcd_lds_driver/environment/ament_prefix_path.sh
[16.950s] -- Installing: /home/student/pepper_ws/src/install/hls_lfcd_lds_driver/share/hls_lfcd_lds_driver/environment/ament_prefix_path.dsv
[16.950s] -- Installing: /home/student/pepper_ws/src/install/hls_lfcd_lds_driver/share/hls_lfcd_lds_driver/environment/path.sh
[16.952s] -- Installing: /home/student/pepper_ws/src/install/hls_lfcd_lds_driver/share/hls_lfcd_lds_driver/environment/path.dsv
[16.952s] -- Installing: /home/student/pepper_ws/src/install/hls_lfcd_lds_driver/share/hls_lfcd_lds_driver/local_setup.bash
[16.952s] -- Installing: /home/student/pepper_ws/src/install/hls_lfcd_lds_driver/share/hls_lfcd_lds_driver/local_setup.sh
[16.953s] -- Installing: /home/student/pepper_ws/src/install/hls_lfcd_lds_driver/share/hls_lfcd_lds_driver/local_setup.zsh
[16.953s] -- Installing: /home/student/pepper_ws/src/install/hls_lfcd_lds_driver/share/hls_lfcd_lds_driver/local_setup.dsv
[16.953s] -- Installing: /home/student/pepper_ws/src/install/hls_lfcd_lds_driver/share/hls_lfcd_lds_driver/package.dsv
[16.953s] -- Installing: /home/student/pepper_ws/src/install/hls_lfcd_lds_driver/share/ament_index/resource_index/packages/hls_lfcd_lds_driver
[16.953s] -- Installing: /home/student/pepper_ws/src/install/hls_lfcd_lds_driver/share/hls_lfcd_lds_driver/cmake/ament_cmake_export_dependencies-extras.cmake
[16.954s] -- Installing: /home/student/pepper_ws/src/install/hls_lfcd_lds_driver/share/hls_lfcd_lds_driver/cmake/ament_cmake_export_include_directories-extras.cmake
[16.955s] -- Installing: /home/student/pepper_ws/src/install/hls_lfcd_lds_driver/share/hls_lfcd_lds_driver/cmake/hls_lfcd_lds_driverConfig.cmake
[16.956s] -- Installing: /home/student/pepper_ws/src/install/hls_lfcd_lds_driver/share/hls_lfcd_lds_driver/cmake/hls_lfcd_lds_driverConfig-version.cmake
[16.956s] -- Installing: /home/student/pepper_ws/src/install/hls_lfcd_lds_driver/share/hls_lfcd_lds_driver/package.xml
[16.957s] Invoked command in '/home/student/pepper_ws/src/build/hls_lfcd_lds_driver' returned '0': CMAKE_PREFIX_PATH=${CMAKE_PREFIX_PATH}:/home/student/pepper_ws/install/turtlebot3_teleop:/home/student/pepper_ws/install/turtlebot3_example:/home/student/pepper_ws/install/move_pepper:/home/student/ros2_ws/install/turtlebot3_teleop:/home/student/ros2_ws/install/turtlebot3_example:/home/student/ros2_ws/install/nav2_simple_commander:/home/student/ros2_ws/install/autonomous_tb3:/opt/ros/humble /usr/bin/cmake --install /home/student/pepper_ws/src/build/hls_lfcd_lds_driver
