[0.543s] Invoking command in '/home/student/pepper_ws/build/pepper_autonomy': CMAKE_PREFIX_PATH=${CMAKE_PREFIX_PATH}:/home/student/pepper_ws/install/turtlebot3_teleop:/home/student/pepper_ws/install/turtlebot3_example:/home/student/pepper_ws/install/move_pepper:/home/student/ros2_ws/install/autonomous_tb3:/opt/ros/humble /usr/bin/cmake /home/student/pepper_ws/src/pepper_autonomy -DCMAKE_INSTALL_PREFIX=/home/student/pepper_ws/install/pepper_autonomy
[0.719s] -- The C compiler identification is GNU 11.4.0
[0.851s] -- The CXX compiler identification is GNU 11.4.0
[0.869s] -- Detecting C compiler ABI info
[1.052s] -- Detecting C compiler ABI info - done
[1.070s] -- Check for working C compiler: /usr/bin/cc - skipped
[1.072s] -- Detecting C compile features
[1.073s] -- Detecting C compile features - done
[1.081s] -- Detecting CXX compiler ABI info
[1.297s] -- Detecting CXX compiler ABI info - done
[1.316s] -- Check for working CXX compiler: /usr/bin/c++ - skipped
[1.316s] -- Detecting CXX compile features
[1.317s] -- Detecting CXX compile features - done
[1.328s] -- Found ament_cmake: 1.3.10 (/opt/ros/humble/share/ament_cmake/cmake)
[1.688s] -- Found Python3: /usr/bin/python3 (found version "3.10.12") found components: Interpreter 
[1.939s] -- Found rclcpp: 16.0.10 (/opt/ros/humble/share/rclcpp/cmake)
[2.065s] -- Found rosidl_generator_c: 3.1.5 (/opt/ros/humble/share/rosidl_generator_c/cmake)
[2.088s] -- Found rosidl_adapter: 3.1.5 (/opt/ros/humble/share/rosidl_adapter/cmake)
[2.114s] -- Found rosidl_generator_cpp: 3.1.5 (/opt/ros/humble/share/rosidl_generator_cpp/cmake)
[2.151s] -- Using all available rosidl_typesupport_c: rosidl_typesupport_fastrtps_c;rosidl_typesupport_introspection_c
[2.189s] -- Using all available rosidl_typesupport_cpp: rosidl_typesupport_fastrtps_cpp;rosidl_typesupport_introspection_cpp
[2.319s] -- Found rmw_implementation_cmake: 6.1.2 (/opt/ros/humble/share/rmw_implementation_cmake/cmake)
[2.328s] -- Found rmw_fastrtps_cpp: 6.2.7 (/opt/ros/humble/share/rmw_fastrtps_cpp/cmake)
[2.492s] -- Found OpenSSL: /usr/lib/x86_64-linux-gnu/libcrypto.so (found version "3.0.2")  
[2.544s] -- Found FastRTPS: /opt/ros/humble/include  
[2.637s] -- Using RMW implementation 'rmw_fastrtps_cpp' as default
[2.668s] -- Looking for pthread.h
[2.840s] -- Looking for pthread.h - found
[2.841s] -- Performing Test CMAKE_HAVE_LIBC_PTHREAD
[3.032s] -- Performing Test CMAKE_HAVE_LIBC_PTHREAD - Success
[3.036s] -- Found Threads: TRUE  
[3.182s] -- Found rclcpp_action: 16.0.10 (/opt/ros/humble/share/rclcpp_action/cmake)
[3.272s] -- Found nav2_msgs: 1.1.16 (/opt/ros/humble/share/nav2_msgs/cmake)
[3.441s] -- Found tf2: 0.25.8 (/opt/ros/humble/share/tf2/cmake)
[3.468s] -- Found tf2_geometry_msgs: 0.25.8 (/opt/ros/humble/share/tf2_geometry_msgs/cmake)
[3.524s] -- Found eigen3_cmake_module: 0.1.1 (/opt/ros/humble/share/eigen3_cmake_module/cmake)
[3.531s] -- Found Eigen3: TRUE (found version "3.4.0") 
[3.531s] -- Ensuring Eigen3 include directory is part of orocos-kdl CMake target
[3.643s] -- Found sensor_msgs: 4.2.4 (/opt/ros/humble/share/sensor_msgs/cmake)
[3.688s] -- Found ament_lint_auto: 0.12.11 (/opt/ros/humble/share/ament_lint_auto/cmake)
[3.851s] -- Added test 'copyright' to check source files copyright and LICENSE
[3.854s] -- Added test 'cppcheck' to perform static code analysis on C / C++ code
[3.854s] -- Configured cppcheck include dirs: /home/student/pepper_ws/src/pepper_autonomy/include
[3.854s] -- Configured cppcheck exclude dirs and/or files: 
[3.856s] -- Added test 'cpplint' to check C / C++ code against the Google style
[3.856s] -- Configured cpplint exclude dirs and/or files: 
[3.867s] -- Added test 'lint_cmake' to check CMake code style
[3.867s] -- Added test 'uncrustify' to check C / C++ code style
[3.867s] -- Configured uncrustify additional arguments: 
[3.867s] -- Added test 'xmllint' to check XML markup files
[3.867s] -- Configuring done
[3.876s] [31mCMake Error at CMakeLists.txt:49 (add_executable):
[3.876s]   Cannot find source file:
[3.876s] 
[3.876s]     src/object_detector.cpp
[3.876s] 
[3.876s]   Tried extensions .c .C .c++ .cc .cpp .cxx .cu .mpp .m .M .mm .ixx .cppm .h
[3.876s]   .hh .h++ .hm .hpp .hxx .in .txx .f .F .for .f77 .f90 .f95 .f03 .hip .ispc
[3.876s] 
[3.876s] [0m
[3.876s] [31mCMake Error at CMakeLists.txt:49 (add_executable):
[3.876s]   No SOURCES given to target: object_detector
[3.877s] 
[3.877s] [0m
[3.877s] [0mCMake Generate step failed.  Build files cannot be regenerated correctly.[0m
[3.913s] Invoked command in '/home/student/pepper_ws/build/pepper_autonomy' returned '1': CMAKE_PREFIX_PATH=${CMAKE_PREFIX_PATH}:/home/student/pepper_ws/install/turtlebot3_teleop:/home/student/pepper_ws/install/turtlebot3_example:/home/student/pepper_ws/install/move_pepper:/home/student/ros2_ws/install/autonomous_tb3:/opt/ros/humble /usr/bin/cmake /home/student/pepper_ws/src/pepper_autonomy -DCMAKE_INSTALL_PREFIX=/home/student/pepper_ws/install/pepper_autonomy
