[0.053s] Invoking command in '/home/student/pepper_ws/build/turtlebot3_gazebo': CMAKE_PREFIX_PATH=${CMAKE_PREFIX_PATH}:/home/student/pepper_ws/install/turtlebot3_teleop:/home/student/pepper_ws/install/turtlebot3_example:/home/student/pepper_ws/install/move_pepper:/home/student/ros2_ws/install/autonomous_tb3:/opt/ros/humble /usr/bin/cmake /home/student/pepper_ws/src/turtlebot3/turtlebot3_simulations/turtlebot3_gazebo -DCMAKE_INSTALL_PREFIX=/home/student/pepper_ws/install/turtlebot3_gazebo
[1.335s] [33mCMake Warning (dev) at /usr/share/cmake-3.22/Modules/FindPackageHandleStandardArgs.cmake:438 (message):
[1.335s]   The package name passed to `find_package_handle_standard_args` (PkgConfig)
[1.335s]   does not match the name of the calling package (gazebo).  This can lead to
[1.335s]   problems in calling code that expects `find_package` result variables
[1.335s]   (e.g., `_FOUND`) to follow a certain pattern.
[1.335s] Call Stack (most recent call first):
[1.336s]   /usr/share/cmake-3.22/Modules/FindPkgConfig.cmake:99 (find_package_handle_standard_args)
[1.336s]   /usr/lib/x86_64-linux-gnu/cmake/gazebo/gazebo-config.cmake:72 (include)
[1.336s]   CMakeLists.txt:23 (find_package)
[1.336s] This warning is for project developers.  Use -Wno-dev to suppress it.
[1.336s] [0m
[1.346s] -- The C compiler identification is GNU 11.4.0
[1.347s] -- The CXX compiler identification is GNU 11.4.0
[1.347s] -- Detecting C compiler ABI info
[1.347s] -- Detecting C compiler ABI info - done
[1.348s] -- Check for working C compiler: /usr/bin/cc - skipped
[1.348s] -- Detecting C compile features
[1.348s] -- Detecting C compile features - done
[1.348s] -- Detecting CXX compiler ABI info
[1.349s] -- Detecting CXX compiler ABI info - done
[1.349s] -- Check for working CXX compiler: /usr/bin/c++ - skipped
[1.349s] -- Detecting CXX compile features
[1.349s] -- Detecting CXX compile features - done
[1.349s] -- Found ament_cmake: 1.3.10 (/opt/ros/humble/share/ament_cmake/cmake)
[1.349s] -- Found Python3: /usr/bin/python3 (found version "3.10.12") found components: Interpreter 
[1.349s] -- Found PkgConfig: /usr/bin/pkg-config (found version "0.29.2") 
[1.350s] -- Checking for module 'bullet>=2.82'
[1.350s] --   Found bullet, version 3.05
[1.597s] -- Found fcl: /usr/include (found suitable version "0.7.0", minimum required is "0.5.0") 
[1.783s] -- Found assimp: /usr/include (found version "5.2.0") 
[1.945s] -- Found DART: /usr/include (Required is at least version "6.6") found components: dart 
[2.537s] -- Found Boost: /usr/lib/x86_64-linux-gnu/cmake/Boost-1.74.0/BoostConfig.cmake (found suitable version "1.74.0", minimum required is "1.40.0") found components: thread system filesystem program_options regex iostreams date_time 
[2.672s] -- Found Protobuf: /usr/lib/x86_64-linux-gnu/libprotobuf.so (found version "3.12.4") 
[2.709s] -- Looking for ignition-math6 -- found version 6.15.1
[2.778s] -- Searching for dependencies of ignition-math6
[2.789s] -- Looking for OGRE...
[2.789s] -- OGRE_PREFIX_WATCH changed.
[2.798s] -- Checking for module 'OGRE'
[2.829s] --   Found OGRE, version 1.9.0
[2.900s] -- Found Ogre Ghadamon (1.9.0)
[2.947s] -- Found OGRE: optimized;/usr/lib/x86_64-linux-gnu/libOgreMain.so;debug;/usr/lib/x86_64-linux-gnu/libOgreMain.so
[2.961s] -- Looking for OGRE_Paging...
[2.987s] -- Found OGRE_Paging: optimized;/usr/lib/x86_64-linux-gnu/libOgrePaging.so;debug;/usr/lib/x86_64-linux-gnu/libOgrePaging.so
[2.987s] -- Looking for OGRE_Terrain...
[3.009s] -- Found OGRE_Terrain: optimized;/usr/lib/x86_64-linux-gnu/libOgreTerrain.so;debug;/usr/lib/x86_64-linux-gnu/libOgreTerrain.so
[3.009s] -- Looking for OGRE_Property...
[3.031s] -- Found OGRE_Property: optimized;/usr/lib/x86_64-linux-gnu/libOgreProperty.so;debug;/usr/lib/x86_64-linux-gnu/libOgreProperty.so
[3.032s] -- Looking for OGRE_RTShaderSystem...
[3.050s] -- Found OGRE_RTShaderSystem: optimized;/usr/lib/x86_64-linux-gnu/libOgreRTShaderSystem.so;debug;/usr/lib/x86_64-linux-gnu/libOgreRTShaderSystem.so
[3.051s] -- Looking for OGRE_Volume...
[3.067s] -- Found OGRE_Volume: optimized;/usr/lib/x86_64-linux-gnu/libOgreVolume.so;debug;/usr/lib/x86_64-linux-gnu/libOgreVolume.so
[3.068s] -- Looking for OGRE_Overlay...
[3.084s] -- Found OGRE_Overlay: optimized;/usr/lib/x86_64-linux-gnu/libOgreOverlay.so;debug;/usr/lib/x86_64-linux-gnu/libOgreOverlay.so
[3.510s] -- Looking for ignition-math6 -- found version 6.15.1
[3.531s] -- Looking for ignition-transport8 -- found version 8.2.1
[3.533s] -- Searching for dependencies of ignition-transport8
[3.599s] -- Found Protobuf: /usr/lib/x86_64-linux-gnu/libprotobuf.so (found suitable version "3.12.4", minimum required is "3") 
[3.619s] -- Config-file not installed for ZeroMQ -- checking for pkg-config
[3.632s] -- Checking for module 'libzmq >= 4'
[3.690s] --   Found libzmq , version 4.3.4
[3.786s] -- Found ZeroMQ: TRUE (Required is at least version "4") 
[3.832s] -- Checking for module 'uuid'
[3.878s] --   Found uuid, version 2.37.2
[3.971s] -- Found UUID: TRUE  
[3.985s] -- Looking for ignition-msgs5 -- found version 5.8.1
[3.986s] -- Searching for dependencies of ignition-msgs5
[4.021s] -- Looking for ignition-math6 -- found version 6.15.1
[4.036s] -- Checking for module 'tinyxml2'
[4.080s] --   Found tinyxml2, version 9.0.0
[4.154s] -- Looking for ignition-msgs5 -- found version 5.8.1
[4.173s] -- Looking for ignition-common3 -- found version 3.14.0
[4.173s] -- Searching for dependencies of ignition-common3
[4.180s] -- Looking for dlfcn.h - found
[4.181s] -- Looking for libdl - found
[4.184s] -- Found DL: TRUE  
[4.218s] -- Found tinyobjloader: /usr/lib/x86_64-linux-gnu/cmake/tinyobjloader/tinyobjloader-config.cmake (found version "2.0.0") 
[4.230s] -- Searching for <ignition-common3> component [graphics]
[4.242s] -- Looking for ignition-common3-graphics -- found version 3.14.0
[4.244s] -- Searching for dependencies of ignition-common3-graphics
[4.250s] -- Looking for ignition-math6 -- found version 6.15.1
[4.277s] -- Looking for ignition-fuel_tools4 -- found version 4.4.0
[4.279s] -- Searching for dependencies of ignition-fuel_tools4
[4.491s] -- Found CURL: /usr/lib/x86_64-linux-gnu/libcurl.so (found version "7.81.0")  
[4.528s] -- Checking for module 'jsoncpp'
[4.576s] --   Found jsoncpp, version 1.9.5
[4.690s] -- Found JSONCPP: TRUE  
[4.702s] -- Checking for module 'libzip'
[4.747s] --   Found libzip, version 1.7.3
[4.854s] -- Found ZIP: TRUE  
[4.854s] -- Looking for ignition-common3 -- found version 3.14.0
[4.855s] -- Looking for ignition-math6 -- found version 6.15.1
[4.862s] -- Looking for ignition-msgs5 -- found version 5.8.1
[4.891s] -- Found gazebo_ros_pkgs: 3.7.0 (/opt/ros/humble/share/gazebo_ros_pkgs/cmake)
[4.897s] -- Found geometry_msgs: 4.2.4 (/opt/ros/humble/share/geometry_msgs/cmake)
[5.017s] -- Found rosidl_generator_c: 3.1.5 (/opt/ros/humble/share/rosidl_generator_c/cmake)
[5.050s] -- Found rosidl_adapter: 3.1.5 (/opt/ros/humble/share/rosidl_adapter/cmake)
[5.081s] -- Found rosidl_generator_cpp: 3.1.5 (/opt/ros/humble/share/rosidl_generator_cpp/cmake)
[5.131s] -- Using all available rosidl_typesupport_c: rosidl_typesupport_fastrtps_c;rosidl_typesupport_introspection_c
[5.207s] -- Using all available rosidl_typesupport_cpp: rosidl_typesupport_fastrtps_cpp;rosidl_typesupport_introspection_cpp
[5.337s] -- Found nav_msgs: 4.2.4 (/opt/ros/humble/share/nav_msgs/cmake)
[5.410s] -- Found rclcpp: 16.0.10 (/opt/ros/humble/share/rclcpp/cmake)
[5.498s] -- Found rmw_implementation_cmake: 6.1.2 (/opt/ros/humble/share/rmw_implementation_cmake/cmake)
[5.506s] -- Found rmw_fastrtps_cpp: 6.2.7 (/opt/ros/humble/share/rmw_fastrtps_cpp/cmake)
[5.799s] -- Found OpenSSL: /usr/lib/x86_64-linux-gnu/libcrypto.so (found version "3.0.2")  
[5.926s] -- Found FastRTPS: /opt/ros/humble/include  
[6.031s] -- Using RMW implementation 'rmw_fastrtps_cpp' as default
[6.073s] -- Found Threads: TRUE  
[6.154s] -- Found sensor_msgs: 4.2.4 (/opt/ros/humble/share/sensor_msgs/cmake)
[6.218s] -- Found tf2: 0.25.8 (/opt/ros/humble/share/tf2/cmake)
[6.560s] -- Configuring done
[6.722s] -- Generating done
[6.731s] -- Build files have been written to: /home/student/pepper_ws/build/turtlebot3_gazebo
[6.807s] Invoked command in '/home/student/pepper_ws/build/turtlebot3_gazebo' returned '0': CMAKE_PREFIX_PATH=${CMAKE_PREFIX_PATH}:/home/student/pepper_ws/install/turtlebot3_teleop:/home/student/pepper_ws/install/turtlebot3_example:/home/student/pepper_ws/install/move_pepper:/home/student/ros2_ws/install/autonomous_tb3:/opt/ros/humble /usr/bin/cmake /home/student/pepper_ws/src/turtlebot3/turtlebot3_simulations/turtlebot3_gazebo -DCMAKE_INSTALL_PREFIX=/home/student/pepper_ws/install/turtlebot3_gazebo
[6.808s] Invoking command in '/home/student/pepper_ws/build/turtlebot3_gazebo': CMAKE_PREFIX_PATH=${CMAKE_PREFIX_PATH}:/home/student/pepper_ws/install/turtlebot3_teleop:/home/student/pepper_ws/install/turtlebot3_example:/home/student/pepper_ws/install/move_pepper:/home/student/ros2_ws/install/autonomous_tb3:/opt/ros/humble /usr/bin/cmake --build /home/student/pepper_ws/build/turtlebot3_gazebo -- -j8 -l8
[6.924s] [ 12%] [32mBuilding CXX object CMakeFiles/turtlebot3_drive.dir/src/turtlebot3_drive.cpp.o[0m
[6.937s] [ 25%] [32mBuilding CXX object CMakeFiles/obstacle1.dir/models/turtlebot3_dqn_world/obstacle_plugin/obstacle1.cc.o[0m
[6.965s] [ 37%] [32mBuilding CXX object CMakeFiles/obstacles.dir/models/turtlebot3_dqn_world/obstacle_plugin/obstacles.cc.o[0m
[6.984s] [ 50%] [32mBuilding CXX object CMakeFiles/obstacle2.dir/models/turtlebot3_dqn_world/obstacle_plugin/obstacle2.cc.o[0m
[35.840s] [ 62%] [32m[1mLinking CXX shared library libobstacles.so[0m
[36.927s] [ 62%] Built target obstacles
[37.071s] [ 75%] [32m[1mLinking CXX shared library libobstacle1.so[0m
[37.310s] [ 87%] [32m[1mLinking CXX shared library libobstacle2.so[0m
[37.850s] [ 87%] Built target obstacle1
[38.130s] [ 87%] Built target obstacle2
[38.237s] [100%] [32m[1mLinking CXX executable turtlebot3_drive[0m
[39.580s] [100%] Built target turtlebot3_drive
[39.613s] Invoked command in '/home/student/pepper_ws/build/turtlebot3_gazebo' returned '0': CMAKE_PREFIX_PATH=${CMAKE_PREFIX_PATH}:/home/student/pepper_ws/install/turtlebot3_teleop:/home/student/pepper_ws/install/turtlebot3_example:/home/student/pepper_ws/install/move_pepper:/home/student/ros2_ws/install/autonomous_tb3:/opt/ros/humble /usr/bin/cmake --build /home/student/pepper_ws/build/turtlebot3_gazebo -- -j8 -l8
[39.730s] Invoking command in '/home/student/pepper_ws/build/turtlebot3_gazebo': CMAKE_PREFIX_PATH=${CMAKE_PREFIX_PATH}:/home/student/pepper_ws/install/turtlebot3_teleop:/home/student/pepper_ws/install/turtlebot3_example:/home/student/pepper_ws/install/move_pepper:/home/student/ros2_ws/install/autonomous_tb3:/opt/ros/humble /usr/bin/cmake --install /home/student/pepper_ws/build/turtlebot3_gazebo
[39.743s] -- Install configuration: ""
[39.745s] -- Installing: /home/student/pepper_ws/install/turtlebot3_gazebo/lib/turtlebot3_gazebo/turtlebot3_drive
[39.788s] -- Set runtime path of "/home/student/pepper_ws/install/turtlebot3_gazebo/lib/turtlebot3_gazebo/turtlebot3_drive" to ""
[39.789s] -- Installing: /home/student/pepper_ws/install/turtlebot3_gazebo/share/turtlebot3_gazebo//launch
[39.791s] -- Installing: /home/student/pepper_ws/install/turtlebot3_gazebo/share/turtlebot3_gazebo//launch/turtlebot3_dqn_stage1.launch.py
[39.793s] -- Installing: /home/student/pepper_ws/install/turtlebot3_gazebo/share/turtlebot3_gazebo//launch/turtlebot3_house.launch.py
[39.794s] -- Installing: /home/student/pepper_ws/install/turtlebot3_gazebo/share/turtlebot3_gazebo//launch/turtlebot3_dqn_stage4.launch.py
[39.796s] -- Installing: /home/student/pepper_ws/install/turtlebot3_gazebo/share/turtlebot3_gazebo//launch/turtlebot3_dqn_stage2.launch.py
[39.797s] -- Installing: /home/student/pepper_ws/install/turtlebot3_gazebo/share/turtlebot3_gazebo//launch/robot_state_publisher.launch.py
[39.798s] -- Installing: /home/student/pepper_ws/install/turtlebot3_gazebo/share/turtlebot3_gazebo//launch/turtlebot3_dqn_stage3.launch.py
[39.798s] -- Installing: /home/student/pepper_ws/install/turtlebot3_gazebo/share/turtlebot3_gazebo//launch/spawn_turtlebot3.launch.py
[39.799s] -- Installing: /home/student/pepper_ws/install/turtlebot3_gazebo/share/turtlebot3_gazebo//launch/empty_world.launch.py
[39.800s] -- Installing: /home/student/pepper_ws/install/turtlebot3_gazebo/share/turtlebot3_gazebo//launch/turtlebot3_world.launch.py
[39.805s] -- Installing: /home/student/pepper_ws/install/turtlebot3_gazebo/share/turtlebot3_gazebo//models
[39.805s] -- Installing: /home/student/pepper_ws/install/turtlebot3_gazebo/share/turtlebot3_gazebo//models/turtlebot3_waffle_pi
[39.805s] -- Installing: /home/student/pepper_ws/install/turtlebot3_gazebo/share/turtlebot3_gazebo//models/turtlebot3_waffle_pi/model.sdf
[39.805s] -- Installing: /home/student/pepper_ws/install/turtlebot3_gazebo/share/turtlebot3_gazebo//models/turtlebot3_waffle_pi/model.config
[39.809s] -- Installing: /home/student/pepper_ws/install/turtlebot3_gazebo/share/turtlebot3_gazebo//models/turtlebot3_waffle_pi/model-1_4_.sdf
[39.810s] -- Installing: /home/student/pepper_ws/install/turtlebot3_gazebo/share/turtlebot3_gazebo//models/turtlebot3_waffle
[39.810s] -- Installing: /home/student/pepper_ws/install/turtlebot3_gazebo/share/turtlebot3_gazebo//models/turtlebot3_waffle/model-1_4.sdf
[39.814s] -- Installing: /home/student/pepper_ws/install/turtlebot3_gazebo/share/turtlebot3_gazebo//models/turtlebot3_waffle/model.sdf
[39.818s] -- Installing: /home/student/pepper_ws/install/turtlebot3_gazebo/share/turtlebot3_gazebo//models/turtlebot3_waffle/model.config
[39.818s] -- Installing: /home/student/pepper_ws/install/turtlebot3_gazebo/share/turtlebot3_gazebo//models/turtlebot3_burger
[39.818s] -- Installing: /home/student/pepper_ws/install/turtlebot3_gazebo/share/turtlebot3_gazebo//models/turtlebot3_burger/model-1_4.sdf
[39.828s] -- Installing: /home/student/pepper_ws/install/turtlebot3_gazebo/share/turtlebot3_gazebo//models/turtlebot3_burger/model.sdf
[39.829s] -- Installing: /home/student/pepper_ws/install/turtlebot3_gazebo/share/turtlebot3_gazebo//models/turtlebot3_burger/model.config
[39.829s] -- Installing: /home/student/pepper_ws/install/turtlebot3_gazebo/share/turtlebot3_gazebo//models/turtlebot3_house
[39.830s] -- Installing: /home/student/pepper_ws/install/turtlebot3_gazebo/share/turtlebot3_gazebo//models/turtlebot3_house/model.sdf
[39.839s] -- Installing: /home/student/pepper_ws/install/turtlebot3_gazebo/share/turtlebot3_gazebo//models/turtlebot3_house/model.config
[39.839s] -- Installing: /home/student/pepper_ws/install/turtlebot3_gazebo/share/turtlebot3_gazebo//models/turtlebot3_world
[39.839s] -- Installing: /home/student/pepper_ws/install/turtlebot3_gazebo/share/turtlebot3_gazebo//models/turtlebot3_world/meshes
[39.839s] -- Installing: /home/student/pepper_ws/install/turtlebot3_gazebo/share/turtlebot3_gazebo//models/turtlebot3_world/meshes/wall.dae
[39.845s] -- Installing: /home/student/pepper_ws/install/turtlebot3_gazebo/share/turtlebot3_gazebo//models/turtlebot3_world/meshes/hexagon.dae
[39.851s] -- Installing: /home/student/pepper_ws/install/turtlebot3_gazebo/share/turtlebot3_gazebo//models/turtlebot3_world/model-1_4.sdf
[39.854s] -- Installing: /home/student/pepper_ws/install/turtlebot3_gazebo/share/turtlebot3_gazebo//models/turtlebot3_world/model.sdf
[39.858s] -- Installing: /home/student/pepper_ws/install/turtlebot3_gazebo/share/turtlebot3_gazebo//models/turtlebot3_world/model.config
[39.858s] -- Installing: /home/student/pepper_ws/install/turtlebot3_gazebo/share/turtlebot3_gazebo//models/turtlebot3_common
[39.859s] -- Installing: /home/student/pepper_ws/install/turtlebot3_gazebo/share/turtlebot3_gazebo//models/turtlebot3_common/meshes
[39.862s] -- Installing: /home/student/pepper_ws/install/turtlebot3_gazebo/share/turtlebot3_gazebo//models/turtlebot3_common/meshes/tire.dae
[39.863s] -- Installing: /home/student/pepper_ws/install/turtlebot3_gazebo/share/turtlebot3_gazebo//models/turtlebot3_common/meshes/r200.dae
[39.872s] -- Installing: /home/student/pepper_ws/install/turtlebot3_gazebo/share/turtlebot3_gazebo//models/turtlebot3_common/meshes/waffle_pi_base.dae
[39.872s] -- Installing: /home/student/pepper_ws/install/turtlebot3_gazebo/share/turtlebot3_gazebo//models/turtlebot3_common/meshes/burger_base.dae
[39.877s] -- Installing: /home/student/pepper_ws/install/turtlebot3_gazebo/share/turtlebot3_gazebo//models/turtlebot3_common/meshes/lds.dae
[39.877s] -- Installing: /home/student/pepper_ws/install/turtlebot3_gazebo/share/turtlebot3_gazebo//models/turtlebot3_common/meshes/waffle_base.dae
[39.881s] -- Installing: /home/student/pepper_ws/install/turtlebot3_gazebo/share/turtlebot3_gazebo//models/turtlebot3_common/model.config
[39.881s] -- Installing: /home/student/pepper_ws/install/turtlebot3_gazebo/share/turtlebot3_gazebo//models/turtlebot3_dqn_world
[39.882s] -- Installing: /home/student/pepper_ws/install/turtlebot3_gazebo/share/turtlebot3_gazebo//models/turtlebot3_dqn_world/obstacle_plugin
[39.883s] -- Installing: /home/student/pepper_ws/install/turtlebot3_gazebo/share/turtlebot3_gazebo//models/turtlebot3_dqn_world/obstacle_plugin/obstacle2.cc
[39.886s] -- Installing: /home/student/pepper_ws/install/turtlebot3_gazebo/share/turtlebot3_gazebo//models/turtlebot3_dqn_world/obstacle_plugin/obstacle1.cc
[39.886s] -- Installing: /home/student/pepper_ws/install/turtlebot3_gazebo/share/turtlebot3_gazebo//models/turtlebot3_dqn_world/obstacle_plugin/CMakeLists.txt
[39.886s] -- Installing: /home/student/pepper_ws/install/turtlebot3_gazebo/share/turtlebot3_gazebo//models/turtlebot3_dqn_world/obstacle_plugin/obstacles.cc
[39.887s] -- Installing: /home/student/pepper_ws/install/turtlebot3_gazebo/share/turtlebot3_gazebo//models/turtlebot3_dqn_world/obstacle1
[39.887s] -- Installing: /home/student/pepper_ws/install/turtlebot3_gazebo/share/turtlebot3_gazebo//models/turtlebot3_dqn_world/obstacle1/model.sdf
[39.887s] -- Installing: /home/student/pepper_ws/install/turtlebot3_gazebo/share/turtlebot3_gazebo//models/turtlebot3_dqn_world/obstacle1/model.config
[39.887s] -- Installing: /home/student/pepper_ws/install/turtlebot3_gazebo/share/turtlebot3_gazebo//models/turtlebot3_dqn_world/inner_walls
[39.888s] -- Installing: /home/student/pepper_ws/install/turtlebot3_gazebo/share/turtlebot3_gazebo//models/turtlebot3_dqn_world/inner_walls/model.sdf
[39.888s] -- Installing: /home/student/pepper_ws/install/turtlebot3_gazebo/share/turtlebot3_gazebo//models/turtlebot3_dqn_world/inner_walls/model.config
[39.888s] -- Installing: /home/student/pepper_ws/install/turtlebot3_gazebo/share/turtlebot3_gazebo//models/turtlebot3_dqn_world/model.sdf
[39.891s] -- Installing: /home/student/pepper_ws/install/turtlebot3_gazebo/share/turtlebot3_gazebo//models/turtlebot3_dqn_world/model.config
[39.891s] -- Installing: /home/student/pepper_ws/install/turtlebot3_gazebo/share/turtlebot3_gazebo//models/turtlebot3_dqn_world/goal_box
[39.891s] -- Installing: /home/student/pepper_ws/install/turtlebot3_gazebo/share/turtlebot3_gazebo//models/turtlebot3_dqn_world/goal_box/model.sdf
[39.892s] -- Installing: /home/student/pepper_ws/install/turtlebot3_gazebo/share/turtlebot3_gazebo//models/turtlebot3_dqn_world/goal_box/model.config
[39.892s] -- Installing: /home/student/pepper_ws/install/turtlebot3_gazebo/share/turtlebot3_gazebo//models/turtlebot3_dqn_world/obstacle2
[39.892s] -- Installing: /home/student/pepper_ws/install/turtlebot3_gazebo/share/turtlebot3_gazebo//models/turtlebot3_dqn_world/obstacle2/model.sdf
[39.892s] -- Installing: /home/student/pepper_ws/install/turtlebot3_gazebo/share/turtlebot3_gazebo//models/turtlebot3_dqn_world/obstacle2/model.config
[39.892s] -- Installing: /home/student/pepper_ws/install/turtlebot3_gazebo/share/turtlebot3_gazebo//models/turtlebot3_dqn_world/obstacles
[39.892s] -- Installing: /home/student/pepper_ws/install/turtlebot3_gazebo/share/turtlebot3_gazebo//models/turtlebot3_dqn_world/obstacles/model.sdf
[39.897s] -- Installing: /home/student/pepper_ws/install/turtlebot3_gazebo/share/turtlebot3_gazebo//models/turtlebot3_dqn_world/obstacles/model.config
[39.897s] -- Installing: /home/student/pepper_ws/install/turtlebot3_gazebo/share/turtlebot3_gazebo//rviz
[39.897s] -- Installing: /home/student/pepper_ws/install/turtlebot3_gazebo/share/turtlebot3_gazebo//rviz/tb3_gazebo.rviz
[39.899s] -- Installing: /home/student/pepper_ws/install/turtlebot3_gazebo/share/turtlebot3_gazebo//urdf
[39.899s] -- Installing: /home/student/pepper_ws/install/turtlebot3_gazebo/share/turtlebot3_gazebo//urdf/turtlebot3_waffle_pi.urdf
[39.900s] -- Installing: /home/student/pepper_ws/install/turtlebot3_gazebo/share/turtlebot3_gazebo//urdf/turtlebot3_waffle.urdf
[39.901s] -- Installing: /home/student/pepper_ws/install/turtlebot3_gazebo/share/turtlebot3_gazebo//urdf/turtlebot3_burger.urdf
[39.901s] -- Installing: /home/student/pepper_ws/install/turtlebot3_gazebo/share/turtlebot3_gazebo//urdf/common_properties.urdf
[39.903s] -- Installing: /home/student/pepper_ws/install/turtlebot3_gazebo/share/turtlebot3_gazebo//worlds
[39.904s] -- Installing: /home/student/pepper_ws/install/turtlebot3_gazebo/share/turtlebot3_gazebo//worlds/turtlebot3_house.world
[39.904s] -- Installing: /home/student/pepper_ws/install/turtlebot3_gazebo/share/turtlebot3_gazebo//worlds/empty_world.world
[39.904s] -- Installing: /home/student/pepper_ws/install/turtlebot3_gazebo/share/turtlebot3_gazebo//worlds/turtlebot3_world.world
[39.904s] -- Installing: /home/student/pepper_ws/install/turtlebot3_gazebo/share/turtlebot3_gazebo//worlds/turtlebot3_dqn_stage1.world
[39.906s] -- Installing: /home/student/pepper_ws/install/turtlebot3_gazebo/share/turtlebot3_gazebo//worlds/turtlebot3_dqn_stage3.world
[39.906s] -- Installing: /home/student/pepper_ws/install/turtlebot3_gazebo/share/turtlebot3_gazebo//worlds/turtlebot3_dqn_stage2.world
[39.907s] -- Installing: /home/student/pepper_ws/install/turtlebot3_gazebo/share/turtlebot3_gazebo//worlds/turtlebot3_dqn_stage4.world
[39.907s] -- Installing: /home/student/pepper_ws/install/turtlebot3_gazebo/include/
[39.908s] -- Installing: /home/student/pepper_ws/install/turtlebot3_gazebo/include//turtlebot3_gazebo
[39.909s] -- Installing: /home/student/pepper_ws/install/turtlebot3_gazebo/include//turtlebot3_gazebo/turtlebot3_drive.hpp
[39.909s] -- Installing: /home/student/pepper_ws/install/turtlebot3_gazebo/share/ament_index/resource_index/package_run_dependencies/turtlebot3_gazebo
[39.911s] -- Installing: /home/student/pepper_ws/install/turtlebot3_gazebo/share/ament_index/resource_index/parent_prefix_path/turtlebot3_gazebo
[39.911s] -- Installing: /home/student/pepper_ws/install/turtlebot3_gazebo/share/turtlebot3_gazebo/environment/ament_prefix_path.sh
[39.912s] -- Installing: /home/student/pepper_ws/install/turtlebot3_gazebo/share/turtlebot3_gazebo/environment/ament_prefix_path.dsv
[39.912s] -- Installing: /home/student/pepper_ws/install/turtlebot3_gazebo/share/turtlebot3_gazebo/environment/path.sh
[39.912s] -- Installing: /home/student/pepper_ws/install/turtlebot3_gazebo/share/turtlebot3_gazebo/environment/path.dsv
[39.912s] -- Installing: /home/student/pepper_ws/install/turtlebot3_gazebo/share/turtlebot3_gazebo/local_setup.bash
[39.912s] -- Installing: /home/student/pepper_ws/install/turtlebot3_gazebo/share/turtlebot3_gazebo/local_setup.sh
[39.912s] -- Installing: /home/student/pepper_ws/install/turtlebot3_gazebo/share/turtlebot3_gazebo/local_setup.zsh
[39.913s] -- Installing: /home/student/pepper_ws/install/turtlebot3_gazebo/share/turtlebot3_gazebo/local_setup.dsv
[39.914s] -- Installing: /home/student/pepper_ws/install/turtlebot3_gazebo/share/turtlebot3_gazebo/package.dsv
[39.914s] -- Installing: /home/student/pepper_ws/install/turtlebot3_gazebo/share/ament_index/resource_index/packages/turtlebot3_gazebo
[39.915s] -- Installing: /home/student/pepper_ws/install/turtlebot3_gazebo/share/turtlebot3_gazebo/cmake/ament_cmake_export_include_directories-extras.cmake
[39.915s] -- Installing: /home/student/pepper_ws/install/turtlebot3_gazebo/share/turtlebot3_gazebo/cmake/ament_cmake_export_dependencies-extras.cmake
[39.917s] -- Installing: /home/student/pepper_ws/install/turtlebot3_gazebo/share/turtlebot3_gazebo/cmake/turtlebot3_gazeboConfig.cmake
[39.917s] -- Installing: /home/student/pepper_ws/install/turtlebot3_gazebo/share/turtlebot3_gazebo/cmake/turtlebot3_gazeboConfig-version.cmake
[39.918s] -- Installing: /home/student/pepper_ws/install/turtlebot3_gazebo/share/turtlebot3_gazebo/package.xml
[39.923s] Invoked command in '/home/student/pepper_ws/build/turtlebot3_gazebo' returned '0': CMAKE_PREFIX_PATH=${CMAKE_PREFIX_PATH}:/home/student/pepper_ws/install/turtlebot3_teleop:/home/student/pepper_ws/install/turtlebot3_example:/home/student/pepper_ws/install/move_pepper:/home/student/ros2_ws/install/autonomous_tb3:/opt/ros/humble /usr/bin/cmake --install /home/student/pepper_ws/build/turtlebot3_gazebo
