[1.677s] Invoking command in '/home/student/pepper_ws/src/turtlebot3/turtlebot3/turtlebot3_example': CMAKE_PREFIX_PATH=/home/student/pepper_ws/install/turtlebot3_msgs:/home/student/pepper_ws/install/turtlebot3:/home/student/pepper_ws/install/turtlebot3_simulations:/home/student/pepper_ws/install/turtlebot3_bringup:/home/student/pepper_ws/install/turtlebot3_node:/home/student/pepper_ws/install/turtlebot3_navigation2:/home/student/pepper_ws/install/turtlebot3_fake_node:/home/student/pepper_ws/install/turtlebot3_gazebo:/home/student/pepper_ws/install/turtlebot3_description:/home/student/pepper_ws/install/turtlebot3_cartographer:/home/student/pepper_ws/install/pepper_autonomy:/home/student/pepper_ws/install/hls_lfcd_lds_driver:/home/student/pepper_ws/install/dynamixel_sdk_examples:/home/student/pepper_ws/install/dynamixel_sdk_custom_interfaces:/home/student/pepper_ws/install/dynamixel_sdk:/home/student/pepper_ws/install/book_database:/home/student/ros2_ws/install/peppabot:/home/student/ros2_ws/install/laser_scan_processor:/home/student/ros2_ws/install/gazebo_map_creator:/home/student/ros2_ws/install/gazebo_map_creator_interface:/home/student/ros2_ws/install/cylindrical_object_detector LD_LIBRARY_PATH=/home/student/pepper_ws/install/turtlebot3_msgs/lib:/home/student/pepper_ws/install/dynamixel_sdk_custom_interfaces/lib:/home/student/pepper_ws/install/dynamixel_sdk/lib:/home/student/ros2_ws/install/gazebo_map_creator/lib:/home/student/ros2_ws/install/gazebo_map_creator_interface/lib:/usr/lib/x86_64-linux-gnu/gazebo-11/plugins:/opt/ros/humble/opt/rviz_ogre_vendor/lib:/opt/ros/humble/lib/x86_64-linux-gnu:/opt/ros/humble/lib:/usr/lib/x86_64-linux-gnu/gazebo-11/plugins:/usr/lib/x86_64-linux-gnu/gazebo-11/plugins:/usr/lib/x86_64-linux-gnu/gazebo-11/plugins PYTHONPATH=/home/student/pepper_ws/build/turtlebot3_example/prefix_override:/usr/lib/python3/dist-packages/colcon_core/task/python/colcon_distutils_commands:/home/student/pepper_ws/install/turtlebot3_example/lib/python3.10/site-packages:${PYTHONPATH} /usr/bin/python3 -W ignore:setup.py install is deprecated setup.py egg_info --egg-base ../../../../build/turtlebot3_example build --build-base /home/student/pepper_ws/build/turtlebot3_example/build install --record /home/student/pepper_ws/build/turtlebot3_example/install.log --single-version-externally-managed install_data
[2.292s] running egg_info
[2.294s] creating ../../../../build/turtlebot3_example/turtlebot3_example.egg-info
[2.296s] writing ../../../../build/turtlebot3_example/turtlebot3_example.egg-info/PKG-INFO
[2.296s] writing dependency_links to ../../../../build/turtlebot3_example/turtlebot3_example.egg-info/dependency_links.txt
[2.300s] writing entry points to ../../../../build/turtlebot3_example/turtlebot3_example.egg-info/entry_points.txt
[2.305s] writing requirements to ../../../../build/turtlebot3_example/turtlebot3_example.egg-info/requires.txt
[2.305s] writing top-level names to ../../../../build/turtlebot3_example/turtlebot3_example.egg-info/top_level.txt
[2.305s] writing manifest file '../../../../build/turtlebot3_example/turtlebot3_example.egg-info/SOURCES.txt'
[2.309s] reading manifest file '../../../../build/turtlebot3_example/turtlebot3_example.egg-info/SOURCES.txt'
[2.312s] writing manifest file '../../../../build/turtlebot3_example/turtlebot3_example.egg-info/SOURCES.txt'
[2.313s] running build
[2.315s] running build_py
[2.316s] creating /home/student/pepper_ws/build/turtlebot3_example/build
[2.316s] creating /home/student/pepper_ws/build/turtlebot3_example/build/lib
[2.316s] creating /home/student/pepper_ws/build/turtlebot3_example/build/lib/turtlebot3_example
[2.316s] copying turtlebot3_example/__init__.py -> /home/student/pepper_ws/build/turtlebot3_example/build/lib/turtlebot3_example
[2.316s] creating /home/student/pepper_ws/build/turtlebot3_example/build/lib/turtlebot3_example/turtlebot3_patrol_client
[2.316s] copying turtlebot3_example/turtlebot3_patrol_client/__init__.py -> /home/student/pepper_ws/build/turtlebot3_example/build/lib/turtlebot3_example/turtlebot3_patrol_client
[2.317s] copying turtlebot3_example/turtlebot3_patrol_client/turtlebot3_patrol_client.py -> /home/student/pepper_ws/build/turtlebot3_example/build/lib/turtlebot3_example/turtlebot3_patrol_client
[2.320s] copying turtlebot3_example/turtlebot3_patrol_client/main.py -> /home/student/pepper_ws/build/turtlebot3_example/build/lib/turtlebot3_example/turtlebot3_patrol_client
[2.325s] creating /home/student/pepper_ws/build/turtlebot3_example/build/lib/turtlebot3_example/turtlebot3_obstacle_detection
[2.326s] copying turtlebot3_example/turtlebot3_obstacle_detection/__init__.py -> /home/student/pepper_ws/build/turtlebot3_example/build/lib/turtlebot3_example/turtlebot3_obstacle_detection
[2.327s] copying turtlebot3_example/turtlebot3_obstacle_detection/turtlebot3_obstacle_detection.py -> /home/student/pepper_ws/build/turtlebot3_example/build/lib/turtlebot3_example/turtlebot3_obstacle_detection
[2.328s] copying turtlebot3_example/turtlebot3_obstacle_detection/main.py -> /home/student/pepper_ws/build/turtlebot3_example/build/lib/turtlebot3_example/turtlebot3_obstacle_detection
[2.328s] creating /home/student/pepper_ws/build/turtlebot3_example/build/lib/turtlebot3_example/turtlebot3_patrol_server
[2.329s] copying turtlebot3_example/turtlebot3_patrol_server/__init__.py -> /home/student/pepper_ws/build/turtlebot3_example/build/lib/turtlebot3_example/turtlebot3_patrol_server
[2.330s] copying turtlebot3_example/turtlebot3_patrol_server/main.py -> /home/student/pepper_ws/build/turtlebot3_example/build/lib/turtlebot3_example/turtlebot3_patrol_server
[2.331s] copying turtlebot3_example/turtlebot3_patrol_server/turtlebot3_path.py -> /home/student/pepper_ws/build/turtlebot3_example/build/lib/turtlebot3_example/turtlebot3_patrol_server
[2.331s] copying turtlebot3_example/turtlebot3_patrol_server/turtlebot3_patrol_server.py -> /home/student/pepper_ws/build/turtlebot3_example/build/lib/turtlebot3_example/turtlebot3_patrol_server
[2.332s] creating /home/student/pepper_ws/build/turtlebot3_example/build/lib/turtlebot3_example/turtlebot3_position_control
[2.332s] copying turtlebot3_example/turtlebot3_position_control/__init__.py -> /home/student/pepper_ws/build/turtlebot3_example/build/lib/turtlebot3_example/turtlebot3_position_control
[2.332s] copying turtlebot3_example/turtlebot3_position_control/turtlebot3_position_control.py -> /home/student/pepper_ws/build/turtlebot3_example/build/lib/turtlebot3_example/turtlebot3_position_control
[2.333s] copying turtlebot3_example/turtlebot3_position_control/main.py -> /home/student/pepper_ws/build/turtlebot3_example/build/lib/turtlebot3_example/turtlebot3_position_control
[2.333s] copying turtlebot3_example/turtlebot3_position_control/turtlebot3_path.py -> /home/student/pepper_ws/build/turtlebot3_example/build/lib/turtlebot3_example/turtlebot3_position_control
[2.334s] running install
[2.335s] running install_lib
[2.336s] creating /home/student/pepper_ws/install/turtlebot3_example/lib/python3.10/site-packages/turtlebot3_example
[2.341s] copying /home/student/pepper_ws/build/turtlebot3_example/build/lib/turtlebot3_example/__init__.py -> /home/student/pepper_ws/install/turtlebot3_example/lib/python3.10/site-packages/turtlebot3_example
[2.341s] creating /home/student/pepper_ws/install/turtlebot3_example/lib/python3.10/site-packages/turtlebot3_example/turtlebot3_patrol_client
[2.341s] copying /home/student/pepper_ws/build/turtlebot3_example/build/lib/turtlebot3_example/turtlebot3_patrol_client/__init__.py -> /home/student/pepper_ws/install/turtlebot3_example/lib/python3.10/site-packages/turtlebot3_example/turtlebot3_patrol_client
[2.344s] copying /home/student/pepper_ws/build/turtlebot3_example/build/lib/turtlebot3_example/turtlebot3_patrol_client/turtlebot3_patrol_client.py -> /home/student/pepper_ws/install/turtlebot3_example/lib/python3.10/site-packages/turtlebot3_example/turtlebot3_patrol_client
[2.344s] copying /home/student/pepper_ws/build/turtlebot3_example/build/lib/turtlebot3_example/turtlebot3_patrol_client/main.py -> /home/student/pepper_ws/install/turtlebot3_example/lib/python3.10/site-packages/turtlebot3_example/turtlebot3_patrol_client
[2.344s] creating /home/student/pepper_ws/install/turtlebot3_example/lib/python3.10/site-packages/turtlebot3_example/turtlebot3_obstacle_detection
[2.344s] copying /home/student/pepper_ws/build/turtlebot3_example/build/lib/turtlebot3_example/turtlebot3_obstacle_detection/__init__.py -> /home/student/pepper_ws/install/turtlebot3_example/lib/python3.10/site-packages/turtlebot3_example/turtlebot3_obstacle_detection
[2.344s] copying /home/student/pepper_ws/build/turtlebot3_example/build/lib/turtlebot3_example/turtlebot3_obstacle_detection/turtlebot3_obstacle_detection.py -> /home/student/pepper_ws/install/turtlebot3_example/lib/python3.10/site-packages/turtlebot3_example/turtlebot3_obstacle_detection
[2.345s] copying /home/student/pepper_ws/build/turtlebot3_example/build/lib/turtlebot3_example/turtlebot3_obstacle_detection/main.py -> /home/student/pepper_ws/install/turtlebot3_example/lib/python3.10/site-packages/turtlebot3_example/turtlebot3_obstacle_detection
[2.345s] creating /home/student/pepper_ws/install/turtlebot3_example/lib/python3.10/site-packages/turtlebot3_example/turtlebot3_patrol_server
[2.345s] copying /home/student/pepper_ws/build/turtlebot3_example/build/lib/turtlebot3_example/turtlebot3_patrol_server/__init__.py -> /home/student/pepper_ws/install/turtlebot3_example/lib/python3.10/site-packages/turtlebot3_example/turtlebot3_patrol_server
[2.347s] copying /home/student/pepper_ws/build/turtlebot3_example/build/lib/turtlebot3_example/turtlebot3_patrol_server/main.py -> /home/student/pepper_ws/install/turtlebot3_example/lib/python3.10/site-packages/turtlebot3_example/turtlebot3_patrol_server
[2.348s] copying /home/student/pepper_ws/build/turtlebot3_example/build/lib/turtlebot3_example/turtlebot3_patrol_server/turtlebot3_path.py -> /home/student/pepper_ws/install/turtlebot3_example/lib/python3.10/site-packages/turtlebot3_example/turtlebot3_patrol_server
[2.348s] copying /home/student/pepper_ws/build/turtlebot3_example/build/lib/turtlebot3_example/turtlebot3_patrol_server/turtlebot3_patrol_server.py -> /home/student/pepper_ws/install/turtlebot3_example/lib/python3.10/site-packages/turtlebot3_example/turtlebot3_patrol_server
[2.348s] creating /home/student/pepper_ws/install/turtlebot3_example/lib/python3.10/site-packages/turtlebot3_example/turtlebot3_position_control
[2.348s] copying /home/student/pepper_ws/build/turtlebot3_example/build/lib/turtlebot3_example/turtlebot3_position_control/__init__.py -> /home/student/pepper_ws/install/turtlebot3_example/lib/python3.10/site-packages/turtlebot3_example/turtlebot3_position_control
[2.348s] copying /home/student/pepper_ws/build/turtlebot3_example/build/lib/turtlebot3_example/turtlebot3_position_control/turtlebot3_position_control.py -> /home/student/pepper_ws/install/turtlebot3_example/lib/python3.10/site-packages/turtlebot3_example/turtlebot3_position_control
[2.348s] copying /home/student/pepper_ws/build/turtlebot3_example/build/lib/turtlebot3_example/turtlebot3_position_control/main.py -> /home/student/pepper_ws/install/turtlebot3_example/lib/python3.10/site-packages/turtlebot3_example/turtlebot3_position_control
[2.349s] copying /home/student/pepper_ws/build/turtlebot3_example/build/lib/turtlebot3_example/turtlebot3_position_control/turtlebot3_path.py -> /home/student/pepper_ws/install/turtlebot3_example/lib/python3.10/site-packages/turtlebot3_example/turtlebot3_position_control
[2.349s] byte-compiling /home/student/pepper_ws/install/turtlebot3_example/lib/python3.10/site-packages/turtlebot3_example/__init__.py to __init__.cpython-310.pyc
[2.352s] byte-compiling /home/student/pepper_ws/install/turtlebot3_example/lib/python3.10/site-packages/turtlebot3_example/turtlebot3_patrol_client/__init__.py to __init__.cpython-310.pyc
[2.352s] byte-compiling /home/student/pepper_ws/install/turtlebot3_example/lib/python3.10/site-packages/turtlebot3_example/turtlebot3_patrol_client/turtlebot3_patrol_client.py to turtlebot3_patrol_client.cpython-310.pyc
[2.353s] byte-compiling /home/student/pepper_ws/install/turtlebot3_example/lib/python3.10/site-packages/turtlebot3_example/turtlebot3_patrol_client/main.py to main.cpython-310.pyc
[2.354s] byte-compiling /home/student/pepper_ws/install/turtlebot3_example/lib/python3.10/site-packages/turtlebot3_example/turtlebot3_obstacle_detection/__init__.py to __init__.cpython-310.pyc
[2.354s] byte-compiling /home/student/pepper_ws/install/turtlebot3_example/lib/python3.10/site-packages/turtlebot3_example/turtlebot3_obstacle_detection/turtlebot3_obstacle_detection.py to turtlebot3_obstacle_detection.cpython-310.pyc
[2.355s] byte-compiling /home/student/pepper_ws/install/turtlebot3_example/lib/python3.10/site-packages/turtlebot3_example/turtlebot3_obstacle_detection/main.py to main.cpython-310.pyc
[2.356s] byte-compiling /home/student/pepper_ws/install/turtlebot3_example/lib/python3.10/site-packages/turtlebot3_example/turtlebot3_patrol_server/__init__.py to __init__.cpython-310.pyc
[2.356s] byte-compiling /home/student/pepper_ws/install/turtlebot3_example/lib/python3.10/site-packages/turtlebot3_example/turtlebot3_patrol_server/main.py to main.cpython-310.pyc
[2.357s] byte-compiling /home/student/pepper_ws/install/turtlebot3_example/lib/python3.10/site-packages/turtlebot3_example/turtlebot3_patrol_server/turtlebot3_path.py to turtlebot3_path.cpython-310.pyc
[2.358s] byte-compiling /home/student/pepper_ws/install/turtlebot3_example/lib/python3.10/site-packages/turtlebot3_example/turtlebot3_patrol_server/turtlebot3_patrol_server.py to turtlebot3_patrol_server.cpython-310.pyc
[2.360s] byte-compiling /home/student/pepper_ws/install/turtlebot3_example/lib/python3.10/site-packages/turtlebot3_example/turtlebot3_position_control/__init__.py to __init__.cpython-310.pyc
[2.361s] byte-compiling /home/student/pepper_ws/install/turtlebot3_example/lib/python3.10/site-packages/turtlebot3_example/turtlebot3_position_control/turtlebot3_position_control.py to turtlebot3_position_control.cpython-310.pyc
[2.363s] byte-compiling /home/student/pepper_ws/install/turtlebot3_example/lib/python3.10/site-packages/turtlebot3_example/turtlebot3_position_control/main.py to main.cpython-310.pyc
[2.364s] byte-compiling /home/student/pepper_ws/install/turtlebot3_example/lib/python3.10/site-packages/turtlebot3_example/turtlebot3_position_control/turtlebot3_path.py to turtlebot3_path.cpython-310.pyc
[2.364s] running install_data
[2.364s] creating /home/student/pepper_ws/install/turtlebot3_example/share/ament_index
[2.364s] creating /home/student/pepper_ws/install/turtlebot3_example/share/ament_index/resource_index
[2.364s] creating /home/student/pepper_ws/install/turtlebot3_example/share/ament_index/resource_index/packages
[2.365s] copying resource/turtlebot3_example -> /home/student/pepper_ws/install/turtlebot3_example/share/ament_index/resource_index/packages
[2.371s] copying package.xml -> /home/student/pepper_ws/install/turtlebot3_example/share/turtlebot3_example
[2.371s] running install_egg_info
[2.375s] Copying ../../../../build/turtlebot3_example/turtlebot3_example.egg-info to /home/student/pepper_ws/install/turtlebot3_example/lib/python3.10/site-packages/turtlebot3_example-2.1.5-py3.10.egg-info
[2.378s] running install_scripts
[2.416s] Installing turtlebot3_obstacle_detection script to /home/student/pepper_ws/install/turtlebot3_example/lib/turtlebot3_example
[2.417s] Installing turtlebot3_patrol_client script to /home/student/pepper_ws/install/turtlebot3_example/lib/turtlebot3_example
[2.417s] Installing turtlebot3_patrol_server script to /home/student/pepper_ws/install/turtlebot3_example/lib/turtlebot3_example
[2.418s] Installing turtlebot3_position_control script to /home/student/pepper_ws/install/turtlebot3_example/lib/turtlebot3_example
[2.422s] writing list of installed files to '/home/student/pepper_ws/build/turtlebot3_example/install.log'
[2.496s] Invoked command in '/home/student/pepper_ws/src/turtlebot3/turtlebot3/turtlebot3_example' returned '0': CMAKE_PREFIX_PATH=/home/student/pepper_ws/install/turtlebot3_msgs:/home/student/pepper_ws/install/turtlebot3:/home/student/pepper_ws/install/turtlebot3_simulations:/home/student/pepper_ws/install/turtlebot3_bringup:/home/student/pepper_ws/install/turtlebot3_node:/home/student/pepper_ws/install/turtlebot3_navigation2:/home/student/pepper_ws/install/turtlebot3_fake_node:/home/student/pepper_ws/install/turtlebot3_gazebo:/home/student/pepper_ws/install/turtlebot3_description:/home/student/pepper_ws/install/turtlebot3_cartographer:/home/student/pepper_ws/install/pepper_autonomy:/home/student/pepper_ws/install/hls_lfcd_lds_driver:/home/student/pepper_ws/install/dynamixel_sdk_examples:/home/student/pepper_ws/install/dynamixel_sdk_custom_interfaces:/home/student/pepper_ws/install/dynamixel_sdk:/home/student/pepper_ws/install/book_database:/home/student/ros2_ws/install/peppabot:/home/student/ros2_ws/install/laser_scan_processor:/home/student/ros2_ws/install/gazebo_map_creator:/home/student/ros2_ws/install/gazebo_map_creator_interface:/home/student/ros2_ws/install/cylindrical_object_detector LD_LIBRARY_PATH=/home/student/pepper_ws/install/turtlebot3_msgs/lib:/home/student/pepper_ws/install/dynamixel_sdk_custom_interfaces/lib:/home/student/pepper_ws/install/dynamixel_sdk/lib:/home/student/ros2_ws/install/gazebo_map_creator/lib:/home/student/ros2_ws/install/gazebo_map_creator_interface/lib:/usr/lib/x86_64-linux-gnu/gazebo-11/plugins:/opt/ros/humble/opt/rviz_ogre_vendor/lib:/opt/ros/humble/lib/x86_64-linux-gnu:/opt/ros/humble/lib:/usr/lib/x86_64-linux-gnu/gazebo-11/plugins:/usr/lib/x86_64-linux-gnu/gazebo-11/plugins:/usr/lib/x86_64-linux-gnu/gazebo-11/plugins PYTHONPATH=/home/student/pepper_ws/build/turtlebot3_example/prefix_override:/usr/lib/python3/dist-packages/colcon_core/task/python/colcon_distutils_commands:/home/student/pepper_ws/install/turtlebot3_example/lib/python3.10/site-packages:${PYTHONPATH} /usr/bin/python3 -W ignore:setup.py install is deprecated setup.py egg_info --egg-base ../../../../build/turtlebot3_example build --build-base /home/student/pepper_ws/build/turtlebot3_example/build install --record /home/student/pepper_ws/build/turtlebot3_example/install.log --single-version-externally-managed install_data
