[0.059s] Invoking command in '/home/student/pepper_ws/build/dynamixel_sdk': CMAKE_PREFIX_PATH=${CMAKE_PREFIX_PATH}:/home/student/pepper_ws/install/turtlebot3_teleop:/home/student/pepper_ws/install/turtlebot3_example:/home/student/pepper_ws/install/move_pepper:/home/student/ros2_ws/install/autonomous_tb3:/opt/ros/humble /usr/bin/cmake --build /home/student/pepper_ws/build/dynamixel_sdk -- -j8 -l8
[0.166s] [100%] Built target dynamixel_sdk
[0.185s] Invoked command in '/home/student/pepper_ws/build/dynamixel_sdk' returned '0': CMAKE_PREFIX_PATH=${CMAKE_PREFIX_PATH}:/home/student/pepper_ws/install/turtlebot3_teleop:/home/student/pepper_ws/install/turtlebot3_example:/home/student/pepper_ws/install/move_pepper:/home/student/ros2_ws/install/autonomous_tb3:/opt/ros/humble /usr/bin/cmake --build /home/student/pepper_ws/build/dynamixel_sdk -- -j8 -l8
[0.322s] Invoking command in '/home/student/pepper_ws/build/dynamixel_sdk': CMAKE_PREFIX_PATH=${CMAKE_PREFIX_PATH}:/home/student/pepper_ws/install/turtlebot3_teleop:/home/student/pepper_ws/install/turtlebot3_example:/home/student/pepper_ws/install/move_pepper:/home/student/ros2_ws/install/autonomous_tb3:/opt/ros/humble /usr/bin/cmake --install /home/student/pepper_ws/build/dynamixel_sdk
[0.346s] -- Install configuration: ""
[0.346s] -- Up-to-date: /home/student/pepper_ws/install/dynamixel_sdk/include/
[0.347s] -- Up-to-date: /home/student/pepper_ws/install/dynamixel_sdk/include//dynamixel_sdk
[0.347s] -- Up-to-date: /home/student/pepper_ws/install/dynamixel_sdk/include//dynamixel_sdk/protocol2_packet_handler.h
[0.347s] -- Up-to-date: /home/student/pepper_ws/install/dynamixel_sdk/include//dynamixel_sdk/port_handler.h
[0.347s] -- Up-to-date: /home/student/pepper_ws/install/dynamixel_sdk/include//dynamixel_sdk/port_handler_windows.h
[0.347s] -- Up-to-date: /home/student/pepper_ws/install/dynamixel_sdk/include//dynamixel_sdk/port_handler_linux.h
[0.348s] -- Up-to-date: /home/student/pepper_ws/install/dynamixel_sdk/include//dynamixel_sdk/group_bulk_read.h
[0.348s] -- Up-to-date: /home/student/pepper_ws/install/dynamixel_sdk/include//dynamixel_sdk/port_handler_arduino.h
[0.348s] -- Up-to-date: /home/student/pepper_ws/install/dynamixel_sdk/include//dynamixel_sdk/dynamixel_sdk.h
[0.348s] -- Up-to-date: /home/student/pepper_ws/install/dynamixel_sdk/include//dynamixel_sdk/port_handler_mac.h
[0.348s] -- Up-to-date: /home/student/pepper_ws/install/dynamixel_sdk/include//dynamixel_sdk/packet_handler.h
[0.348s] -- Up-to-date: /home/student/pepper_ws/install/dynamixel_sdk/include//dynamixel_sdk/group_sync_read.h
[0.348s] -- Up-to-date: /home/student/pepper_ws/install/dynamixel_sdk/include//dynamixel_sdk/group_bulk_write.h
[0.348s] -- Up-to-date: /home/student/pepper_ws/install/dynamixel_sdk/include//dynamixel_sdk/protocol1_packet_handler.h
[0.349s] -- Up-to-date: /home/student/pepper_ws/install/dynamixel_sdk/include//dynamixel_sdk/group_sync_write.h
[0.355s] -- Up-to-date: /home/student/pepper_ws/install/dynamixel_sdk/lib/libdynamixel_sdk.so
[0.355s] -- Up-to-date: /home/student/pepper_ws/install/dynamixel_sdk/share/dynamixel_sdk/environment/library_path.sh
[0.356s] -- Up-to-date: /home/student/pepper_ws/install/dynamixel_sdk/share/dynamixel_sdk/environment/library_path.dsv
[0.356s] -- Up-to-date: /home/student/pepper_ws/install/dynamixel_sdk/share/ament_index/resource_index/package_run_dependencies/dynamixel_sdk
[0.357s] -- Up-to-date: /home/student/pepper_ws/install/dynamixel_sdk/share/ament_index/resource_index/parent_prefix_path/dynamixel_sdk
[0.357s] -- Up-to-date: /home/student/pepper_ws/install/dynamixel_sdk/share/dynamixel_sdk/environment/ament_prefix_path.sh
[0.357s] -- Up-to-date: /home/student/pepper_ws/install/dynamixel_sdk/share/dynamixel_sdk/environment/ament_prefix_path.dsv
[0.358s] -- Up-to-date: /home/student/pepper_ws/install/dynamixel_sdk/share/dynamixel_sdk/environment/path.sh
[0.359s] -- Up-to-date: /home/student/pepper_ws/install/dynamixel_sdk/share/dynamixel_sdk/environment/path.dsv
[0.360s] -- Up-to-date: /home/student/pepper_ws/install/dynamixel_sdk/share/dynamixel_sdk/local_setup.bash
[0.360s] -- Up-to-date: /home/student/pepper_ws/install/dynamixel_sdk/share/dynamixel_sdk/local_setup.sh
[0.360s] -- Up-to-date: /home/student/pepper_ws/install/dynamixel_sdk/share/dynamixel_sdk/local_setup.zsh
[0.361s] -- Up-to-date: /home/student/pepper_ws/install/dynamixel_sdk/share/dynamixel_sdk/local_setup.dsv
[0.361s] -- Installing: /home/student/pepper_ws/install/dynamixel_sdk/share/dynamixel_sdk/package.dsv
[0.361s] -- Up-to-date: /home/student/pepper_ws/install/dynamixel_sdk/share/ament_index/resource_index/packages/dynamixel_sdk
[0.361s] -- Up-to-date: /home/student/pepper_ws/install/dynamixel_sdk/share/dynamixel_sdk/cmake/ament_cmake_export_include_directories-extras.cmake
[0.362s] -- Up-to-date: /home/student/pepper_ws/install/dynamixel_sdk/share/dynamixel_sdk/cmake/ament_cmake_export_libraries-extras.cmake
[0.362s] -- Up-to-date: /home/student/pepper_ws/install/dynamixel_sdk/share/dynamixel_sdk/cmake/dynamixel_sdkConfig.cmake
[0.362s] -- Up-to-date: /home/student/pepper_ws/install/dynamixel_sdk/share/dynamixel_sdk/cmake/dynamixel_sdkConfig-version.cmake
[0.362s] -- Up-to-date: /home/student/pepper_ws/install/dynamixel_sdk/share/dynamixel_sdk/package.xml
[0.382s] Invoked command in '/home/student/pepper_ws/build/dynamixel_sdk' returned '0': CMAKE_PREFIX_PATH=${CMAKE_PREFIX_PATH}:/home/student/pepper_ws/install/turtlebot3_teleop:/home/student/pepper_ws/install/turtlebot3_example:/home/student/pepper_ws/install/move_pepper:/home/student/ros2_ws/install/autonomous_tb3:/opt/ros/humble /usr/bin/cmake --install /home/student/pepper_ws/build/dynamixel_sdk
