[1.694s] Invoking command in '/home/student/pepper_ws/src/turtlebot3/turtlebot3/turtlebot3_teleop': PYTHONPATH=/home/student/pepper_ws/build/turtlebot3_teleop/prefix_override:/usr/lib/python3/dist-packages/colcon_core/task/python/colcon_distutils_commands:/home/student/pepper_ws/install/turtlebot3_teleop/lib/python3.10/site-packages:${PYTHONPATH} /usr/bin/python3 -W ignore:setup.py install is deprecated setup.py egg_info --egg-base ../../../../build/turtlebot3_teleop build --build-base /home/student/pepper_ws/build/turtlebot3_teleop/build install --record /home/student/pepper_ws/build/turtlebot3_teleop/install.log --single-version-externally-managed install_data
[2.185s] running egg_info
[2.187s] writing ../../../../build/turtlebot3_teleop/turtlebot3_teleop.egg-info/PKG-INFO
[2.189s] writing dependency_links to ../../../../build/turtlebot3_teleop/turtlebot3_teleop.egg-info/dependency_links.txt
[2.191s] writing entry points to ../../../../build/turtlebot3_teleop/turtlebot3_teleop.egg-info/entry_points.txt
[2.192s] writing requirements to ../../../../build/turtlebot3_teleop/turtlebot3_teleop.egg-info/requires.txt
[2.192s] writing top-level names to ../../../../build/turtlebot3_teleop/turtlebot3_teleop.egg-info/top_level.txt
[2.194s] reading manifest file '../../../../build/turtlebot3_teleop/turtlebot3_teleop.egg-info/SOURCES.txt'
[2.195s] writing manifest file '../../../../build/turtlebot3_teleop/turtlebot3_teleop.egg-info/SOURCES.txt'
[2.195s] running build
[2.197s] running build_py
[2.198s] running install
[2.198s] running install_lib
[2.200s] running install_data
[2.201s] running install_egg_info
[2.201s] removing '/home/student/pepper_ws/install/turtlebot3_teleop/lib/python3.10/site-packages/turtlebot3_teleop-2.1.5-py3.10.egg-info' (and everything under it)
[2.201s] Copying ../../../../build/turtlebot3_teleop/turtlebot3_teleop.egg-info to /home/student/pepper_ws/install/turtlebot3_teleop/lib/python3.10/site-packages/turtlebot3_teleop-2.1.5-py3.10.egg-info
[2.201s] running install_scripts
[2.247s] Installing teleop_keyboard script to /home/student/pepper_ws/install/turtlebot3_teleop/lib/turtlebot3_teleop
[2.248s] writing list of installed files to '/home/student/pepper_ws/build/turtlebot3_teleop/install.log'
[2.304s] Invoked command in '/home/student/pepper_ws/src/turtlebot3/turtlebot3/turtlebot3_teleop' returned '0': PYTHONPATH=/home/student/pepper_ws/build/turtlebot3_teleop/prefix_override:/usr/lib/python3/dist-packages/colcon_core/task/python/colcon_distutils_commands:/home/student/pepper_ws/install/turtlebot3_teleop/lib/python3.10/site-packages:${PYTHONPATH} /usr/bin/python3 -W ignore:setup.py install is deprecated setup.py egg_info --egg-base ../../../../build/turtlebot3_teleop build --build-base /home/student/pepper_ws/build/turtlebot3_teleop/build install --record /home/student/pepper_ws/build/turtlebot3_teleop/install.log --single-version-externally-managed install_data
