[1.071s] Invoking command in '/home/student/pepper_ws/src/turtlebot3/turtlebot3/turtlebot3_example': CMAKE_PREFIX_PATH=/home/student/pepper_ws/install/turtlebot3_msgs:/home/student/pepper_ws/install/turtlebot3:/home/student/pepper_ws/install/turtlebot3_simulations:/home/student/pepper_ws/install/turtlebot3_bringup:/home/student/pepper_ws/install/turtlebot3_node:/home/student/pepper_ws/install/turtlebot3_navigation2:/home/student/pepper_ws/install/turtlebot3_fake_node:/home/student/pepper_ws/install/turtlebot3_gazebo:/home/student/pepper_ws/install/turtlebot3_description:/home/student/pepper_ws/install/turtlebot3_cartographer:/home/student/pepper_ws/install/pepper_autonomy:/home/student/pepper_ws/install/hls_lfcd_lds_driver:/home/student/pepper_ws/install/dynamixel_sdk_examples:/home/student/pepper_ws/install/dynamixel_sdk_custom_interfaces:/home/student/pepper_ws/install/dynamixel_sdk:/home/student/pepper_ws/install/book_database:/home/student/ros2_ws/install/peppabot:/home/student/ros2_ws/install/laser_scan_processor:/home/student/ros2_ws/install/gazebo_map_creator:/home/student/ros2_ws/install/gazebo_map_creator_interface:/home/student/ros2_ws/install/cylindrical_object_detector LD_LIBRARY_PATH=/home/student/pepper_ws/install/turtlebot3_msgs/lib:/home/student/pepper_ws/install/dynamixel_sdk_custom_interfaces/lib:/home/student/pepper_ws/install/dynamixel_sdk/lib:/home/student/ros2_ws/install/gazebo_map_creator/lib:/home/student/ros2_ws/install/gazebo_map_creator_interface/lib:/usr/lib/x86_64-linux-gnu/gazebo-11/plugins:/opt/ros/humble/opt/rviz_ogre_vendor/lib:/opt/ros/humble/lib/x86_64-linux-gnu:/opt/ros/humble/lib:/usr/lib/x86_64-linux-gnu/gazebo-11/plugins:/usr/lib/x86_64-linux-gnu/gazebo-11/plugins:/usr/lib/x86_64-linux-gnu/gazebo-11/plugins PYTHONPATH=/home/student/pepper_ws/build/turtlebot3_example/prefix_override:/usr/lib/python3/dist-packages/colcon_core/task/python/colcon_distutils_commands:/home/student/pepper_ws/install/turtlebot3_example/lib/python3.10/site-packages:${PYTHONPATH} /usr/bin/python3 -W ignore:setup.py install is deprecated setup.py egg_info --egg-base ../../../../build/turtlebot3_example build --build-base /home/student/pepper_ws/build/turtlebot3_example/build install --record /home/student/pepper_ws/build/turtlebot3_example/install.log --single-version-externally-managed install_data
[1.358s] running egg_info
[1.359s] writing ../../../../build/turtlebot3_example/turtlebot3_example.egg-info/PKG-INFO
[1.359s] writing dependency_links to ../../../../build/turtlebot3_example/turtlebot3_example.egg-info/dependency_links.txt
[1.359s] writing entry points to ../../../../build/turtlebot3_example/turtlebot3_example.egg-info/entry_points.txt
[1.359s] writing requirements to ../../../../build/turtlebot3_example/turtlebot3_example.egg-info/requires.txt
[1.360s] writing top-level names to ../../../../build/turtlebot3_example/turtlebot3_example.egg-info/top_level.txt
[1.362s] reading manifest file '../../../../build/turtlebot3_example/turtlebot3_example.egg-info/SOURCES.txt'
[1.363s] writing manifest file '../../../../build/turtlebot3_example/turtlebot3_example.egg-info/SOURCES.txt'
[1.363s] running build
[1.363s] running build_py
[1.365s] running install
[1.365s] running install_lib
[1.367s] running install_data
[1.368s] running install_egg_info
[1.370s] removing '/home/student/pepper_ws/install/turtlebot3_example/lib/python3.10/site-packages/turtlebot3_example-2.1.5-py3.10.egg-info' (and everything under it)
[1.370s] Copying ../../../../build/turtlebot3_example/turtlebot3_example.egg-info to /home/student/pepper_ws/install/turtlebot3_example/lib/python3.10/site-packages/turtlebot3_example-2.1.5-py3.10.egg-info
[1.371s] running install_scripts
[1.400s] Installing turtlebot3_obstacle_detection script to /home/student/pepper_ws/install/turtlebot3_example/lib/turtlebot3_example
[1.401s] Installing turtlebot3_patrol_client script to /home/student/pepper_ws/install/turtlebot3_example/lib/turtlebot3_example
[1.401s] Installing turtlebot3_patrol_server script to /home/student/pepper_ws/install/turtlebot3_example/lib/turtlebot3_example
[1.401s] Installing turtlebot3_position_control script to /home/student/pepper_ws/install/turtlebot3_example/lib/turtlebot3_example
[1.402s] writing list of installed files to '/home/student/pepper_ws/build/turtlebot3_example/install.log'
[1.437s] Invoked command in '/home/student/pepper_ws/src/turtlebot3/turtlebot3/turtlebot3_example' returned '0': CMAKE_PREFIX_PATH=/home/student/pepper_ws/install/turtlebot3_msgs:/home/student/pepper_ws/install/turtlebot3:/home/student/pepper_ws/install/turtlebot3_simulations:/home/student/pepper_ws/install/turtlebot3_bringup:/home/student/pepper_ws/install/turtlebot3_node:/home/student/pepper_ws/install/turtlebot3_navigation2:/home/student/pepper_ws/install/turtlebot3_fake_node:/home/student/pepper_ws/install/turtlebot3_gazebo:/home/student/pepper_ws/install/turtlebot3_description:/home/student/pepper_ws/install/turtlebot3_cartographer:/home/student/pepper_ws/install/pepper_autonomy:/home/student/pepper_ws/install/hls_lfcd_lds_driver:/home/student/pepper_ws/install/dynamixel_sdk_examples:/home/student/pepper_ws/install/dynamixel_sdk_custom_interfaces:/home/student/pepper_ws/install/dynamixel_sdk:/home/student/pepper_ws/install/book_database:/home/student/ros2_ws/install/peppabot:/home/student/ros2_ws/install/laser_scan_processor:/home/student/ros2_ws/install/gazebo_map_creator:/home/student/ros2_ws/install/gazebo_map_creator_interface:/home/student/ros2_ws/install/cylindrical_object_detector LD_LIBRARY_PATH=/home/student/pepper_ws/install/turtlebot3_msgs/lib:/home/student/pepper_ws/install/dynamixel_sdk_custom_interfaces/lib:/home/student/pepper_ws/install/dynamixel_sdk/lib:/home/student/ros2_ws/install/gazebo_map_creator/lib:/home/student/ros2_ws/install/gazebo_map_creator_interface/lib:/usr/lib/x86_64-linux-gnu/gazebo-11/plugins:/opt/ros/humble/opt/rviz_ogre_vendor/lib:/opt/ros/humble/lib/x86_64-linux-gnu:/opt/ros/humble/lib:/usr/lib/x86_64-linux-gnu/gazebo-11/plugins:/usr/lib/x86_64-linux-gnu/gazebo-11/plugins:/usr/lib/x86_64-linux-gnu/gazebo-11/plugins PYTHONPATH=/home/student/pepper_ws/build/turtlebot3_example/prefix_override:/usr/lib/python3/dist-packages/colcon_core/task/python/colcon_distutils_commands:/home/student/pepper_ws/install/turtlebot3_example/lib/python3.10/site-packages:${PYTHONPATH} /usr/bin/python3 -W ignore:setup.py install is deprecated setup.py egg_info --egg-base ../../../../build/turtlebot3_example build --build-base /home/student/pepper_ws/build/turtlebot3_example/build install --record /home/student/pepper_ws/build/turtlebot3_example/install.log --single-version-externally-managed install_data
