[1.489s] Invoking command in '/home/student/pepper_ws/src/move_pepper': PYTHONPATH=/home/student/pepper_ws/build/move_pepper/prefix_override:/usr/lib/python3/dist-packages/colcon_core/task/python/colcon_distutils_commands:/home/student/pepper_ws/install/move_pepper/lib/python3.10/site-packages:${PYTHONPATH} /usr/bin/python3 -W ignore:setup.py install is deprecated setup.py egg_info --egg-base ../../build/move_pepper build --build-base /home/student/pepper_ws/build/move_pepper/build install --record /home/student/pepper_ws/build/move_pepper/install.log --single-version-externally-managed install_data
[1.841s] running egg_info
[1.843s] writing ../../build/move_pepper/move_pepper.egg-info/PKG-INFO
[1.844s] writing dependency_links to ../../build/move_pepper/move_pepper.egg-info/dependency_links.txt
[1.844s] writing entry points to ../../build/move_pepper/move_pepper.egg-info/entry_points.txt
[1.844s] writing requirements to ../../build/move_pepper/move_pepper.egg-info/requires.txt
[1.844s] writing top-level names to ../../build/move_pepper/move_pepper.egg-info/top_level.txt
[1.845s] reading manifest file '../../build/move_pepper/move_pepper.egg-info/SOURCES.txt'
[1.847s] writing manifest file '../../build/move_pepper/move_pepper.egg-info/SOURCES.txt'
[1.847s] running build
[1.848s] running build_py
[1.848s] running install
[1.848s] running install_lib
[1.849s] running install_data
[1.850s] running install_egg_info
[1.852s] removing '/home/student/pepper_ws/install/move_pepper/lib/python3.10/site-packages/move_pepper-0.0.0-py3.10.egg-info' (and everything under it)
[1.853s] Copying ../../build/move_pepper/move_pepper.egg-info to /home/student/pepper_ws/install/move_pepper/lib/python3.10/site-packages/move_pepper-0.0.0-py3.10.egg-info
[1.853s] running install_scripts
[1.878s] Installing amcl_init_pose_publisher script to /home/student/pepper_ws/install/move_pepper/lib/move_pepper
[1.878s] writing list of installed files to '/home/student/pepper_ws/build/move_pepper/install.log'
[2.046s] Invoked command in '/home/student/pepper_ws/src/move_pepper' returned '0': PYTHONPATH=/home/student/pepper_ws/build/move_pepper/prefix_override:/usr/lib/python3/dist-packages/colcon_core/task/python/colcon_distutils_commands:/home/student/pepper_ws/install/move_pepper/lib/python3.10/site-packages:${PYTHONPATH} /usr/bin/python3 -W ignore:setup.py install is deprecated setup.py egg_info --egg-base ../../build/move_pepper build --build-base /home/student/pepper_ws/build/move_pepper/build install --record /home/student/pepper_ws/build/move_pepper/install.log --single-version-externally-managed install_data
