[0.062s] Invoking command in '/home/student/pepper_ws/build/turtlebot3_msgs': CMAKE_PREFIX_PATH=${CMAKE_PREFIX_PATH}:/home/student/pepper_ws/install/turtlebot3_teleop:/home/student/pepper_ws/install/turtlebot3_example:/home/student/pepper_ws/install/move_pepper:/home/student/ros2_ws/install/autonomous_tb3:/opt/ros/humble /usr/bin/cmake --build /home/student/pepper_ws/build/turtlebot3_msgs -- -j8 -l8
[0.187s] [  1%] Built target turtlebot3_msgs__cpp
[0.250s] [  1%] Built target ament_cmake_python_symlink_turtlebot3_msgs
[0.309s] [ 12%] Built target turtlebot3_msgs__rosidl_typesupport_introspection_cpp
[0.711s] running egg_info
[0.712s] writing turtlebot3_msgs.egg-info/PKG-INFO
[0.712s] writing dependency_links to turtlebot3_msgs.egg-info/dependency_links.txt
[0.713s] writing top-level names to turtlebot3_msgs.egg-info/top_level.txt
[0.715s] reading manifest file 'turtlebot3_msgs.egg-info/SOURCES.txt'
[0.716s] writing manifest file 'turtlebot3_msgs.egg-info/SOURCES.txt'
[0.755s] [ 12%] Built target ament_cmake_python_build_turtlebot3_msgs_egg
[0.790s] [ 23%] Built target turtlebot3_msgs__rosidl_typesupport_fastrtps_cpp
[0.821s] [ 35%] Built target turtlebot3_msgs__rosidl_typesupport_cpp
[0.855s] [ 46%] Built target turtlebot3_msgs__rosidl_generator_c
[0.893s] [ 57%] Built target turtlebot3_msgs__rosidl_typesupport_fastrtps_c
[0.925s] [ 69%] Built target turtlebot3_msgs__rosidl_typesupport_c
[0.965s] [ 80%] Built target turtlebot3_msgs__rosidl_typesupport_introspection_c
[0.992s] [ 80%] Built target turtlebot3_msgs
[1.019s] [ 81%] Built target turtlebot3_msgs__py
[1.055s] [ 91%] Built target turtlebot3_msgs__rosidl_generator_py
[1.090s] [ 94%] Built target turtlebot3_msgs__rosidl_typesupport_fastrtps_c__pyext
[1.127s] [ 97%] Built target turtlebot3_msgs__rosidl_typesupport_c__pyext
[1.158s] [100%] Built target turtlebot3_msgs__rosidl_typesupport_introspection_c__pyext
[1.276s] Invoked command in '/home/student/pepper_ws/build/turtlebot3_msgs' returned '0': CMAKE_PREFIX_PATH=${CMAKE_PREFIX_PATH}:/home/student/pepper_ws/install/turtlebot3_teleop:/home/student/pepper_ws/install/turtlebot3_example:/home/student/pepper_ws/install/move_pepper:/home/student/ros2_ws/install/autonomous_tb3:/opt/ros/humble /usr/bin/cmake --build /home/student/pepper_ws/build/turtlebot3_msgs -- -j8 -l8
[1.679s] Invoking command in '/home/student/pepper_ws/build/turtlebot3_msgs': CMAKE_PREFIX_PATH=${CMAKE_PREFIX_PATH}:/home/student/pepper_ws/install/turtlebot3_teleop:/home/student/pepper_ws/install/turtlebot3_example:/home/student/pepper_ws/install/move_pepper:/home/student/ros2_ws/install/autonomous_tb3:/opt/ros/humble /usr/bin/cmake --install /home/student/pepper_ws/build/turtlebot3_msgs
[1.695s] -- Install configuration: ""
[1.695s] -- Execute custom install script
[1.695s] -- Up-to-date symlink: /home/student/pepper_ws/install/turtlebot3_msgs/share/ament_index/resource_index/rosidl_interfaces/turtlebot3_msgs
[1.696s] -- Up-to-date symlink: /home/student/pepper_ws/install/turtlebot3_msgs/include/turtlebot3_msgs/turtlebot3_msgs/action/detail/patrol__functions.h
[1.696s] -- Up-to-date symlink: /home/student/pepper_ws/install/turtlebot3_msgs/include/turtlebot3_msgs/turtlebot3_msgs/action/detail/patrol__struct.h
[1.696s] -- Up-to-date symlink: /home/student/pepper_ws/install/turtlebot3_msgs/include/turtlebot3_msgs/turtlebot3_msgs/action/detail/patrol__type_support.h
[1.697s] -- Up-to-date symlink: /home/student/pepper_ws/install/turtlebot3_msgs/include/turtlebot3_msgs/turtlebot3_msgs/action/patrol.h
[1.697s] -- Up-to-date symlink: /home/student/pepper_ws/install/turtlebot3_msgs/include/turtlebot3_msgs/turtlebot3_msgs/msg/detail/sensor_state__functions.h
[1.697s] -- Up-to-date symlink: /home/student/pepper_ws/install/turtlebot3_msgs/include/turtlebot3_msgs/turtlebot3_msgs/msg/detail/sensor_state__struct.h
[1.697s] -- Up-to-date symlink: /home/student/pepper_ws/install/turtlebot3_msgs/include/turtlebot3_msgs/turtlebot3_msgs/msg/detail/sensor_state__type_support.h
[1.698s] -- Up-to-date symlink: /home/student/pepper_ws/install/turtlebot3_msgs/include/turtlebot3_msgs/turtlebot3_msgs/msg/detail/sound__functions.h
[1.698s] -- Up-to-date symlink: /home/student/pepper_ws/install/turtlebot3_msgs/include/turtlebot3_msgs/turtlebot3_msgs/msg/detail/sound__struct.h
[1.698s] -- Up-to-date symlink: /home/student/pepper_ws/install/turtlebot3_msgs/include/turtlebot3_msgs/turtlebot3_msgs/msg/detail/sound__type_support.h
[1.698s] -- Up-to-date symlink: /home/student/pepper_ws/install/turtlebot3_msgs/include/turtlebot3_msgs/turtlebot3_msgs/msg/detail/version_info__functions.h
[1.698s] -- Up-to-date symlink: /home/student/pepper_ws/install/turtlebot3_msgs/include/turtlebot3_msgs/turtlebot3_msgs/msg/detail/version_info__struct.h
[1.699s] -- Up-to-date symlink: /home/student/pepper_ws/install/turtlebot3_msgs/include/turtlebot3_msgs/turtlebot3_msgs/msg/detail/version_info__type_support.h
[1.699s] -- Up-to-date symlink: /home/student/pepper_ws/install/turtlebot3_msgs/include/turtlebot3_msgs/turtlebot3_msgs/msg/rosidl_generator_c__visibility_control.h
[1.699s] -- Up-to-date symlink: /home/student/pepper_ws/install/turtlebot3_msgs/include/turtlebot3_msgs/turtlebot3_msgs/msg/sensor_state.h
[1.699s] -- Up-to-date symlink: /home/student/pepper_ws/install/turtlebot3_msgs/include/turtlebot3_msgs/turtlebot3_msgs/msg/sound.h
[1.699s] -- Up-to-date symlink: /home/student/pepper_ws/install/turtlebot3_msgs/include/turtlebot3_msgs/turtlebot3_msgs/msg/version_info.h
[1.700s] -- Up-to-date symlink: /home/student/pepper_ws/install/turtlebot3_msgs/include/turtlebot3_msgs/turtlebot3_msgs/srv/detail/dqn__functions.h
[1.700s] -- Up-to-date symlink: /home/student/pepper_ws/install/turtlebot3_msgs/include/turtlebot3_msgs/turtlebot3_msgs/srv/detail/dqn__struct.h
[1.700s] -- Up-to-date symlink: /home/student/pepper_ws/install/turtlebot3_msgs/include/turtlebot3_msgs/turtlebot3_msgs/srv/detail/dqn__type_support.h
[1.701s] -- Up-to-date symlink: /home/student/pepper_ws/install/turtlebot3_msgs/include/turtlebot3_msgs/turtlebot3_msgs/srv/detail/sound__functions.h
[1.701s] -- Up-to-date symlink: /home/student/pepper_ws/install/turtlebot3_msgs/include/turtlebot3_msgs/turtlebot3_msgs/srv/detail/sound__struct.h
[1.701s] -- Up-to-date symlink: /home/student/pepper_ws/install/turtlebot3_msgs/include/turtlebot3_msgs/turtlebot3_msgs/srv/detail/sound__type_support.h
[1.701s] -- Up-to-date symlink: /home/student/pepper_ws/install/turtlebot3_msgs/include/turtlebot3_msgs/turtlebot3_msgs/srv/dqn.h
[1.702s] -- Up-to-date symlink: /home/student/pepper_ws/install/turtlebot3_msgs/include/turtlebot3_msgs/turtlebot3_msgs/srv/sound.h
[1.702s] -- Up-to-date symlink: /home/student/pepper_ws/install/turtlebot3_msgs/share/turtlebot3_msgs/environment/library_path.sh
[1.702s] -- Up-to-date symlink: /home/student/pepper_ws/install/turtlebot3_msgs/share/turtlebot3_msgs/environment/library_path.dsv
[1.702s] -- Up-to-date symlink: /home/student/pepper_ws/install/turtlebot3_msgs/include/turtlebot3_msgs/turtlebot3_msgs/action/detail/patrol__rosidl_typesupport_fastrtps_c.h
[1.703s] -- Up-to-date symlink: /home/student/pepper_ws/install/turtlebot3_msgs/include/turtlebot3_msgs/turtlebot3_msgs/msg/detail/sensor_state__rosidl_typesupport_fastrtps_c.h
[1.703s] -- Up-to-date symlink: /home/student/pepper_ws/install/turtlebot3_msgs/include/turtlebot3_msgs/turtlebot3_msgs/msg/detail/sound__rosidl_typesupport_fastrtps_c.h
[1.703s] -- Up-to-date symlink: /home/student/pepper_ws/install/turtlebot3_msgs/include/turtlebot3_msgs/turtlebot3_msgs/msg/detail/version_info__rosidl_typesupport_fastrtps_c.h
[1.703s] -- Up-to-date symlink: /home/student/pepper_ws/install/turtlebot3_msgs/include/turtlebot3_msgs/turtlebot3_msgs/msg/rosidl_typesupport_fastrtps_c__visibility_control.h
[1.703s] -- Up-to-date symlink: /home/student/pepper_ws/install/turtlebot3_msgs/include/turtlebot3_msgs/turtlebot3_msgs/srv/detail/dqn__rosidl_typesupport_fastrtps_c.h
[1.704s] -- Up-to-date symlink: /home/student/pepper_ws/install/turtlebot3_msgs/include/turtlebot3_msgs/turtlebot3_msgs/srv/detail/sound__rosidl_typesupport_fastrtps_c.h
[1.705s] -- Up-to-date symlink: /home/student/pepper_ws/install/turtlebot3_msgs/include/turtlebot3_msgs/turtlebot3_msgs/action/detail/patrol__builder.hpp
[1.705s] -- Up-to-date symlink: /home/student/pepper_ws/install/turtlebot3_msgs/include/turtlebot3_msgs/turtlebot3_msgs/action/detail/patrol__struct.hpp
[1.705s] -- Up-to-date symlink: /home/student/pepper_ws/install/turtlebot3_msgs/include/turtlebot3_msgs/turtlebot3_msgs/action/detail/patrol__traits.hpp
[1.705s] -- Up-to-date symlink: /home/student/pepper_ws/install/turtlebot3_msgs/include/turtlebot3_msgs/turtlebot3_msgs/action/patrol.hpp
[1.705s] -- Up-to-date symlink: /home/student/pepper_ws/install/turtlebot3_msgs/include/turtlebot3_msgs/turtlebot3_msgs/msg/detail/sensor_state__builder.hpp
[1.707s] -- Up-to-date symlink: /home/student/pepper_ws/install/turtlebot3_msgs/include/turtlebot3_msgs/turtlebot3_msgs/msg/detail/sensor_state__struct.hpp
[1.707s] -- Up-to-date symlink: /home/student/pepper_ws/install/turtlebot3_msgs/include/turtlebot3_msgs/turtlebot3_msgs/msg/detail/sensor_state__traits.hpp
[1.707s] -- Up-to-date symlink: /home/student/pepper_ws/install/turtlebot3_msgs/include/turtlebot3_msgs/turtlebot3_msgs/msg/detail/sound__builder.hpp
[1.707s] -- Up-to-date symlink: /home/student/pepper_ws/install/turtlebot3_msgs/include/turtlebot3_msgs/turtlebot3_msgs/msg/detail/sound__struct.hpp
[1.708s] -- Up-to-date symlink: /home/student/pepper_ws/install/turtlebot3_msgs/include/turtlebot3_msgs/turtlebot3_msgs/msg/detail/sound__traits.hpp
[1.708s] -- Up-to-date symlink: /home/student/pepper_ws/install/turtlebot3_msgs/include/turtlebot3_msgs/turtlebot3_msgs/msg/detail/version_info__builder.hpp
[1.708s] -- Up-to-date symlink: /home/student/pepper_ws/install/turtlebot3_msgs/include/turtlebot3_msgs/turtlebot3_msgs/msg/detail/version_info__struct.hpp
[1.708s] -- Up-to-date symlink: /home/student/pepper_ws/install/turtlebot3_msgs/include/turtlebot3_msgs/turtlebot3_msgs/msg/detail/version_info__traits.hpp
[1.709s] -- Up-to-date symlink: /home/student/pepper_ws/install/turtlebot3_msgs/include/turtlebot3_msgs/turtlebot3_msgs/msg/sensor_state.hpp
[1.709s] -- Up-to-date symlink: /home/student/pepper_ws/install/turtlebot3_msgs/include/turtlebot3_msgs/turtlebot3_msgs/msg/sound.hpp
[1.709s] -- Up-to-date symlink: /home/student/pepper_ws/install/turtlebot3_msgs/include/turtlebot3_msgs/turtlebot3_msgs/msg/version_info.hpp
[1.709s] -- Up-to-date symlink: /home/student/pepper_ws/install/turtlebot3_msgs/include/turtlebot3_msgs/turtlebot3_msgs/srv/detail/dqn__builder.hpp
[1.709s] -- Up-to-date symlink: /home/student/pepper_ws/install/turtlebot3_msgs/include/turtlebot3_msgs/turtlebot3_msgs/srv/detail/dqn__struct.hpp
[1.710s] -- Up-to-date symlink: /home/student/pepper_ws/install/turtlebot3_msgs/include/turtlebot3_msgs/turtlebot3_msgs/srv/detail/dqn__traits.hpp
[1.710s] -- Up-to-date symlink: /home/student/pepper_ws/install/turtlebot3_msgs/include/turtlebot3_msgs/turtlebot3_msgs/srv/detail/sound__builder.hpp
[1.710s] -- Up-to-date symlink: /home/student/pepper_ws/install/turtlebot3_msgs/include/turtlebot3_msgs/turtlebot3_msgs/srv/detail/sound__struct.hpp
[1.710s] -- Up-to-date symlink: /home/student/pepper_ws/install/turtlebot3_msgs/include/turtlebot3_msgs/turtlebot3_msgs/srv/detail/sound__traits.hpp
[1.710s] -- Up-to-date symlink: /home/student/pepper_ws/install/turtlebot3_msgs/include/turtlebot3_msgs/turtlebot3_msgs/srv/dqn.hpp
[1.710s] -- Up-to-date symlink: /home/student/pepper_ws/install/turtlebot3_msgs/include/turtlebot3_msgs/turtlebot3_msgs/srv/sound.hpp
[1.710s] -- Up-to-date symlink: /home/student/pepper_ws/install/turtlebot3_msgs/include/turtlebot3_msgs/turtlebot3_msgs/action/detail/patrol__rosidl_typesupport_fastrtps_cpp.hpp
[1.711s] -- Up-to-date symlink: /home/student/pepper_ws/install/turtlebot3_msgs/include/turtlebot3_msgs/turtlebot3_msgs/msg/detail/sensor_state__rosidl_typesupport_fastrtps_cpp.hpp
[1.711s] -- Up-to-date symlink: /home/student/pepper_ws/install/turtlebot3_msgs/include/turtlebot3_msgs/turtlebot3_msgs/msg/detail/sound__rosidl_typesupport_fastrtps_cpp.hpp
[1.712s] -- Up-to-date symlink: /home/student/pepper_ws/install/turtlebot3_msgs/include/turtlebot3_msgs/turtlebot3_msgs/msg/detail/version_info__rosidl_typesupport_fastrtps_cpp.hpp
[1.712s] -- Up-to-date symlink: /home/student/pepper_ws/install/turtlebot3_msgs/include/turtlebot3_msgs/turtlebot3_msgs/msg/rosidl_typesupport_fastrtps_cpp__visibility_control.h
[1.713s] -- Up-to-date symlink: /home/student/pepper_ws/install/turtlebot3_msgs/include/turtlebot3_msgs/turtlebot3_msgs/srv/detail/dqn__rosidl_typesupport_fastrtps_cpp.hpp
[1.714s] -- Up-to-date symlink: /home/student/pepper_ws/install/turtlebot3_msgs/include/turtlebot3_msgs/turtlebot3_msgs/srv/detail/sound__rosidl_typesupport_fastrtps_cpp.hpp
[1.714s] -- Up-to-date symlink: /home/student/pepper_ws/install/turtlebot3_msgs/include/turtlebot3_msgs/turtlebot3_msgs/action/detail/patrol__rosidl_typesupport_introspection_c.h
[1.714s] -- Up-to-date symlink: /home/student/pepper_ws/install/turtlebot3_msgs/include/turtlebot3_msgs/turtlebot3_msgs/msg/detail/sensor_state__rosidl_typesupport_introspection_c.h
[1.715s] -- Up-to-date symlink: /home/student/pepper_ws/install/turtlebot3_msgs/include/turtlebot3_msgs/turtlebot3_msgs/msg/detail/sound__rosidl_typesupport_introspection_c.h
[1.715s] -- Up-to-date symlink: /home/student/pepper_ws/install/turtlebot3_msgs/include/turtlebot3_msgs/turtlebot3_msgs/msg/detail/version_info__rosidl_typesupport_introspection_c.h
[1.715s] -- Up-to-date symlink: /home/student/pepper_ws/install/turtlebot3_msgs/include/turtlebot3_msgs/turtlebot3_msgs/msg/rosidl_typesupport_introspection_c__visibility_control.h
[1.715s] -- Up-to-date symlink: /home/student/pepper_ws/install/turtlebot3_msgs/include/turtlebot3_msgs/turtlebot3_msgs/srv/detail/dqn__rosidl_typesupport_introspection_c.h
[1.715s] -- Up-to-date symlink: /home/student/pepper_ws/install/turtlebot3_msgs/include/turtlebot3_msgs/turtlebot3_msgs/srv/detail/sound__rosidl_typesupport_introspection_c.h
[1.715s] -- Up-to-date symlink: /home/student/pepper_ws/install/turtlebot3_msgs/include/turtlebot3_msgs/turtlebot3_msgs/action/detail/patrol__rosidl_typesupport_introspection_cpp.hpp
[1.716s] -- Up-to-date symlink: /home/student/pepper_ws/install/turtlebot3_msgs/include/turtlebot3_msgs/turtlebot3_msgs/msg/detail/sensor_state__rosidl_typesupport_introspection_cpp.hpp
[1.716s] -- Up-to-date symlink: /home/student/pepper_ws/install/turtlebot3_msgs/include/turtlebot3_msgs/turtlebot3_msgs/msg/detail/sound__rosidl_typesupport_introspection_cpp.hpp
[1.716s] -- Up-to-date symlink: /home/student/pepper_ws/install/turtlebot3_msgs/include/turtlebot3_msgs/turtlebot3_msgs/msg/detail/version_info__rosidl_typesupport_introspection_cpp.hpp
[1.721s] -- Up-to-date symlink: /home/student/pepper_ws/install/turtlebot3_msgs/include/turtlebot3_msgs/turtlebot3_msgs/srv/detail/dqn__rosidl_typesupport_introspection_cpp.hpp
[1.721s] -- Up-to-date symlink: /home/student/pepper_ws/install/turtlebot3_msgs/include/turtlebot3_msgs/turtlebot3_msgs/srv/detail/sound__rosidl_typesupport_introspection_cpp.hpp
[1.721s] -- Up-to-date symlink: /home/student/pepper_ws/install/turtlebot3_msgs/share/turtlebot3_msgs/environment/pythonpath.sh
[1.724s] -- Up-to-date symlink: /home/student/pepper_ws/install/turtlebot3_msgs/share/turtlebot3_msgs/environment/pythonpath.dsv
[1.725s] -- Up-to-date symlink: /home/student/pepper_ws/install/turtlebot3_msgs/local/lib/python3.10/dist-packages/turtlebot3_msgs-2.2.3-py3.10.egg-info/PKG-INFO
[1.725s] -- Up-to-date symlink: /home/student/pepper_ws/install/turtlebot3_msgs/local/lib/python3.10/dist-packages/turtlebot3_msgs-2.2.3-py3.10.egg-info/SOURCES.txt
[1.725s] -- Up-to-date symlink: /home/student/pepper_ws/install/turtlebot3_msgs/local/lib/python3.10/dist-packages/turtlebot3_msgs-2.2.3-py3.10.egg-info/dependency_links.txt
[1.725s] -- Up-to-date symlink: /home/student/pepper_ws/install/turtlebot3_msgs/local/lib/python3.10/dist-packages/turtlebot3_msgs-2.2.3-py3.10.egg-info/top_level.txt
[1.725s] -- Up-to-date symlink: /home/student/pepper_ws/install/turtlebot3_msgs/local/lib/python3.10/dist-packages/turtlebot3_msgs/__init__.py
[1.725s] -- Up-to-date symlink: /home/student/pepper_ws/install/turtlebot3_msgs/local/lib/python3.10/dist-packages/turtlebot3_msgs/_turtlebot3_msgs_s.ep.rosidl_typesupport_c.c
[1.726s] -- Up-to-date symlink: /home/student/pepper_ws/install/turtlebot3_msgs/local/lib/python3.10/dist-packages/turtlebot3_msgs/_turtlebot3_msgs_s.ep.rosidl_typesupport_fastrtps_c.c
[1.726s] -- Up-to-date symlink: /home/student/pepper_ws/install/turtlebot3_msgs/local/lib/python3.10/dist-packages/turtlebot3_msgs/_turtlebot3_msgs_s.ep.rosidl_typesupport_introspection_c.c
[1.726s] -- Up-to-date symlink: /home/student/pepper_ws/install/turtlebot3_msgs/local/lib/python3.10/dist-packages/turtlebot3_msgs/action/__init__.py
[1.726s] -- Up-to-date symlink: /home/student/pepper_ws/install/turtlebot3_msgs/local/lib/python3.10/dist-packages/turtlebot3_msgs/action/_patrol.py
[1.727s] -- Up-to-date symlink: /home/student/pepper_ws/install/turtlebot3_msgs/local/lib/python3.10/dist-packages/turtlebot3_msgs/action/_patrol_s.c
[1.727s] -- Up-to-date symlink: /home/student/pepper_ws/install/turtlebot3_msgs/local/lib/python3.10/dist-packages/turtlebot3_msgs/libturtlebot3_msgs__rosidl_generator_py.so
[1.727s] -- Up-to-date symlink: /home/student/pepper_ws/install/turtlebot3_msgs/local/lib/python3.10/dist-packages/turtlebot3_msgs/msg/__init__.py
[1.728s] -- Up-to-date symlink: /home/student/pepper_ws/install/turtlebot3_msgs/local/lib/python3.10/dist-packages/turtlebot3_msgs/msg/_sensor_state.py
[1.728s] -- Up-to-date symlink: /home/student/pepper_ws/install/turtlebot3_msgs/local/lib/python3.10/dist-packages/turtlebot3_msgs/msg/_sensor_state_s.c
[1.728s] -- Up-to-date symlink: /home/student/pepper_ws/install/turtlebot3_msgs/local/lib/python3.10/dist-packages/turtlebot3_msgs/msg/_sound.py
[1.728s] -- Up-to-date symlink: /home/student/pepper_ws/install/turtlebot3_msgs/local/lib/python3.10/dist-packages/turtlebot3_msgs/msg/_sound_s.c
[1.729s] -- Up-to-date symlink: /home/student/pepper_ws/install/turtlebot3_msgs/local/lib/python3.10/dist-packages/turtlebot3_msgs/msg/_version_info.py
[1.729s] -- Up-to-date symlink: /home/student/pepper_ws/install/turtlebot3_msgs/local/lib/python3.10/dist-packages/turtlebot3_msgs/msg/_version_info_s.c
[1.729s] -- Up-to-date symlink: /home/student/pepper_ws/install/turtlebot3_msgs/local/lib/python3.10/dist-packages/turtlebot3_msgs/srv/__init__.py
[1.730s] -- Up-to-date symlink: /home/student/pepper_ws/install/turtlebot3_msgs/local/lib/python3.10/dist-packages/turtlebot3_msgs/srv/_dqn.py
[1.730s] -- Up-to-date symlink: /home/student/pepper_ws/install/turtlebot3_msgs/local/lib/python3.10/dist-packages/turtlebot3_msgs/srv/_dqn_s.c
[1.731s] -- Up-to-date symlink: /home/student/pepper_ws/install/turtlebot3_msgs/local/lib/python3.10/dist-packages/turtlebot3_msgs/srv/_sound.py
[1.731s] -- Up-to-date symlink: /home/student/pepper_ws/install/turtlebot3_msgs/local/lib/python3.10/dist-packages/turtlebot3_msgs/srv/_sound_s.c
[1.731s] -- Up-to-date symlink: /home/student/pepper_ws/install/turtlebot3_msgs/local/lib/python3.10/dist-packages/turtlebot3_msgs/turtlebot3_msgs_s__rosidl_typesupport_c.cpython-310-x86_64-linux-gnu.so
[1.731s] -- Up-to-date symlink: /home/student/pepper_ws/install/turtlebot3_msgs/local/lib/python3.10/dist-packages/turtlebot3_msgs/turtlebot3_msgs_s__rosidl_typesupport_fastrtps_c.cpython-310-x86_64-linux-gnu.so
[1.732s] -- Up-to-date symlink: /home/student/pepper_ws/install/turtlebot3_msgs/local/lib/python3.10/dist-packages/turtlebot3_msgs/turtlebot3_msgs_s__rosidl_typesupport_introspection_c.cpython-310-x86_64-linux-gnu.so
[1.733s] -- Up-to-date symlink: /home/student/pepper_ws/install/turtlebot3_msgs/local/lib/python3.10/dist-packages/turtlebot3_msgs/turtlebot3_msgs_s__rosidl_typesupport_fastrtps_c.cpython-310-x86_64-linux-gnu.so
[1.733s] -- Up-to-date symlink: /home/student/pepper_ws/install/turtlebot3_msgs/local/lib/python3.10/dist-packages/turtlebot3_msgs/turtlebot3_msgs_s__rosidl_typesupport_introspection_c.cpython-310-x86_64-linux-gnu.so
[1.733s] -- Up-to-date symlink: /home/student/pepper_ws/install/turtlebot3_msgs/local/lib/python3.10/dist-packages/turtlebot3_msgs/turtlebot3_msgs_s__rosidl_typesupport_c.cpython-310-x86_64-linux-gnu.so
[1.733s] -- Up-to-date symlink: /home/student/pepper_ws/install/turtlebot3_msgs/share/turtlebot3_msgs/msg/SensorState.idl
[1.733s] -- Up-to-date symlink: /home/student/pepper_ws/install/turtlebot3_msgs/share/turtlebot3_msgs/msg/Sound.idl
[1.733s] -- Up-to-date symlink: /home/student/pepper_ws/install/turtlebot3_msgs/share/turtlebot3_msgs/msg/VersionInfo.idl
[1.734s] -- Up-to-date symlink: /home/student/pepper_ws/install/turtlebot3_msgs/share/turtlebot3_msgs/srv/Sound.idl
[1.734s] -- Up-to-date symlink: /home/student/pepper_ws/install/turtlebot3_msgs/share/turtlebot3_msgs/srv/Dqn.idl
[1.734s] -- Up-to-date symlink: /home/student/pepper_ws/install/turtlebot3_msgs/share/turtlebot3_msgs/action/Patrol.idl
[1.734s] -- Up-to-date symlink: /home/student/pepper_ws/install/turtlebot3_msgs/share/turtlebot3_msgs/msg/SensorState.msg
[1.734s] -- Up-to-date symlink: /home/student/pepper_ws/install/turtlebot3_msgs/share/turtlebot3_msgs/msg/Sound.msg
[1.734s] -- Up-to-date symlink: /home/student/pepper_ws/install/turtlebot3_msgs/share/turtlebot3_msgs/msg/VersionInfo.msg
[1.734s] -- Up-to-date symlink: /home/student/pepper_ws/install/turtlebot3_msgs/share/turtlebot3_msgs/srv/Sound.srv
[1.734s] -- Up-to-date symlink: /home/student/pepper_ws/install/turtlebot3_msgs/share/turtlebot3_msgs/srv/Sound_Request.msg
[1.735s] -- Up-to-date symlink: /home/student/pepper_ws/install/turtlebot3_msgs/share/turtlebot3_msgs/srv/Sound_Response.msg
[1.735s] -- Up-to-date symlink: /home/student/pepper_ws/install/turtlebot3_msgs/share/turtlebot3_msgs/srv/Dqn.srv
[1.735s] -- Up-to-date symlink: /home/student/pepper_ws/install/turtlebot3_msgs/share/turtlebot3_msgs/srv/Dqn_Request.msg
[1.735s] -- Up-to-date symlink: /home/student/pepper_ws/install/turtlebot3_msgs/share/turtlebot3_msgs/srv/Dqn_Response.msg
[1.735s] -- Up-to-date symlink: /home/student/pepper_ws/install/turtlebot3_msgs/share/turtlebot3_msgs/action/Patrol.action
[1.735s] -- Up-to-date symlink: /home/student/pepper_ws/install/turtlebot3_msgs/share/ament_index/resource_index/package_run_dependencies/turtlebot3_msgs
[1.737s] -- Up-to-date symlink: /home/student/pepper_ws/install/turtlebot3_msgs/share/ament_index/resource_index/parent_prefix_path/turtlebot3_msgs
[1.737s] -- Up-to-date symlink: /home/student/pepper_ws/install/turtlebot3_msgs/share/turtlebot3_msgs/environment/ament_prefix_path.sh
[1.738s] -- Up-to-date symlink: /home/student/pepper_ws/install/turtlebot3_msgs/share/turtlebot3_msgs/environment/ament_prefix_path.dsv
[1.738s] -- Up-to-date symlink: /home/student/pepper_ws/install/turtlebot3_msgs/share/turtlebot3_msgs/environment/path.sh
[1.738s] -- Up-to-date symlink: /home/student/pepper_ws/install/turtlebot3_msgs/share/turtlebot3_msgs/environment/path.dsv
[1.738s] -- Up-to-date symlink: /home/student/pepper_ws/install/turtlebot3_msgs/share/turtlebot3_msgs/local_setup.bash
[1.738s] -- Up-to-date symlink: /home/student/pepper_ws/install/turtlebot3_msgs/share/turtlebot3_msgs/local_setup.sh
[1.738s] -- Up-to-date symlink: /home/student/pepper_ws/install/turtlebot3_msgs/share/turtlebot3_msgs/local_setup.zsh
[1.739s] -- Up-to-date symlink: /home/student/pepper_ws/install/turtlebot3_msgs/share/turtlebot3_msgs/local_setup.dsv
[1.739s] -- Symlinking: /home/student/pepper_ws/install/turtlebot3_msgs/share/turtlebot3_msgs/package.dsv
[1.755s] -- Up-to-date symlink: /home/student/pepper_ws/install/turtlebot3_msgs/share/ament_index/resource_index/packages/turtlebot3_msgs
[1.755s] -- Up-to-date symlink: /home/student/pepper_ws/install/turtlebot3_msgs/share/turtlebot3_msgs/cmake/rosidl_cmake-extras.cmake
[1.756s] -- Up-to-date symlink: /home/student/pepper_ws/install/turtlebot3_msgs/share/turtlebot3_msgs/cmake/ament_cmake_export_dependencies-extras.cmake
[1.756s] -- Up-to-date symlink: /home/student/pepper_ws/install/turtlebot3_msgs/share/turtlebot3_msgs/cmake/ament_cmake_export_include_directories-extras.cmake
[1.756s] -- Up-to-date symlink: /home/student/pepper_ws/install/turtlebot3_msgs/share/turtlebot3_msgs/cmake/ament_cmake_export_libraries-extras.cmake
[1.757s] -- Up-to-date symlink: /home/student/pepper_ws/install/turtlebot3_msgs/share/turtlebot3_msgs/cmake/ament_cmake_export_targets-extras.cmake
[1.757s] -- Up-to-date symlink: /home/student/pepper_ws/install/turtlebot3_msgs/share/turtlebot3_msgs/cmake/rosidl_cmake_export_typesupport_targets-extras.cmake
[1.757s] -- Up-to-date symlink: /home/student/pepper_ws/install/turtlebot3_msgs/share/turtlebot3_msgs/cmake/rosidl_cmake_export_typesupport_libraries-extras.cmake
[1.757s] -- Up-to-date symlink: /home/student/pepper_ws/install/turtlebot3_msgs/share/turtlebot3_msgs/cmake/turtlebot3_msgsConfig.cmake
[1.757s] -- Up-to-date symlink: /home/student/pepper_ws/install/turtlebot3_msgs/share/turtlebot3_msgs/cmake/turtlebot3_msgsConfig-version.cmake
[1.758s] -- Up-to-date symlink: /home/student/pepper_ws/install/turtlebot3_msgs/share/turtlebot3_msgs/package.xml
[1.758s] -- Up-to-date: /home/student/pepper_ws/install/turtlebot3_msgs/lib/libturtlebot3_msgs__rosidl_generator_c.so
[1.759s] -- Up-to-date: /home/student/pepper_ws/install/turtlebot3_msgs/lib/libturtlebot3_msgs__rosidl_typesupport_fastrtps_c.so
[1.759s] -- Up-to-date: /home/student/pepper_ws/install/turtlebot3_msgs/lib/libturtlebot3_msgs__rosidl_typesupport_fastrtps_cpp.so
[1.759s] -- Up-to-date: /home/student/pepper_ws/install/turtlebot3_msgs/lib/libturtlebot3_msgs__rosidl_typesupport_introspection_c.so
[1.760s] -- Up-to-date: /home/student/pepper_ws/install/turtlebot3_msgs/lib/libturtlebot3_msgs__rosidl_typesupport_c.so
[1.761s] -- Up-to-date: /home/student/pepper_ws/install/turtlebot3_msgs/lib/libturtlebot3_msgs__rosidl_typesupport_introspection_cpp.so
[1.763s] -- Up-to-date: /home/student/pepper_ws/install/turtlebot3_msgs/lib/libturtlebot3_msgs__rosidl_typesupport_cpp.so
[1.817s] Listing '/home/student/pepper_ws/install/turtlebot3_msgs/local/lib/python3.10/dist-packages/turtlebot3_msgs'...
[1.817s] Listing '/home/student/pepper_ws/install/turtlebot3_msgs/local/lib/python3.10/dist-packages/turtlebot3_msgs/action'...
[1.817s] Listing '/home/student/pepper_ws/install/turtlebot3_msgs/local/lib/python3.10/dist-packages/turtlebot3_msgs/msg'...
[1.817s] Listing '/home/student/pepper_ws/install/turtlebot3_msgs/local/lib/python3.10/dist-packages/turtlebot3_msgs/srv'...
[1.823s] -- Up-to-date: /home/student/pepper_ws/install/turtlebot3_msgs/lib/libturtlebot3_msgs__rosidl_generator_py.so
[1.829s] -- Up-to-date: /home/student/pepper_ws/install/turtlebot3_msgs/share/turtlebot3_msgs/cmake/export_turtlebot3_msgs__rosidl_generator_cExport.cmake
[1.830s] -- Up-to-date: /home/student/pepper_ws/install/turtlebot3_msgs/share/turtlebot3_msgs/cmake/export_turtlebot3_msgs__rosidl_generator_cExport-noconfig.cmake
[1.830s] -- Up-to-date: /home/student/pepper_ws/install/turtlebot3_msgs/share/turtlebot3_msgs/cmake/export_turtlebot3_msgs__rosidl_typesupport_fastrtps_cExport.cmake
[1.830s] -- Up-to-date: /home/student/pepper_ws/install/turtlebot3_msgs/share/turtlebot3_msgs/cmake/export_turtlebot3_msgs__rosidl_typesupport_fastrtps_cExport-noconfig.cmake
[1.830s] -- Up-to-date: /home/student/pepper_ws/install/turtlebot3_msgs/share/turtlebot3_msgs/cmake/export_turtlebot3_msgs__rosidl_generator_cppExport.cmake
[1.831s] -- Up-to-date: /home/student/pepper_ws/install/turtlebot3_msgs/share/turtlebot3_msgs/cmake/export_turtlebot3_msgs__rosidl_typesupport_fastrtps_cppExport.cmake
[1.831s] -- Up-to-date: /home/student/pepper_ws/install/turtlebot3_msgs/share/turtlebot3_msgs/cmake/export_turtlebot3_msgs__rosidl_typesupport_fastrtps_cppExport-noconfig.cmake
[1.831s] -- Up-to-date: /home/student/pepper_ws/install/turtlebot3_msgs/share/turtlebot3_msgs/cmake/turtlebot3_msgs__rosidl_typesupport_introspection_cExport.cmake
[1.832s] -- Up-to-date: /home/student/pepper_ws/install/turtlebot3_msgs/share/turtlebot3_msgs/cmake/turtlebot3_msgs__rosidl_typesupport_introspection_cExport-noconfig.cmake
[1.834s] -- Up-to-date: /home/student/pepper_ws/install/turtlebot3_msgs/share/turtlebot3_msgs/cmake/turtlebot3_msgs__rosidl_typesupport_cExport.cmake
[1.835s] -- Up-to-date: /home/student/pepper_ws/install/turtlebot3_msgs/share/turtlebot3_msgs/cmake/turtlebot3_msgs__rosidl_typesupport_cExport-noconfig.cmake
[1.835s] -- Up-to-date: /home/student/pepper_ws/install/turtlebot3_msgs/share/turtlebot3_msgs/cmake/turtlebot3_msgs__rosidl_typesupport_introspection_cppExport.cmake
[1.837s] -- Up-to-date: /home/student/pepper_ws/install/turtlebot3_msgs/share/turtlebot3_msgs/cmake/turtlebot3_msgs__rosidl_typesupport_introspection_cppExport-noconfig.cmake
[1.837s] -- Up-to-date: /home/student/pepper_ws/install/turtlebot3_msgs/share/turtlebot3_msgs/cmake/turtlebot3_msgs__rosidl_typesupport_cppExport.cmake
[1.837s] -- Up-to-date: /home/student/pepper_ws/install/turtlebot3_msgs/share/turtlebot3_msgs/cmake/turtlebot3_msgs__rosidl_typesupport_cppExport-noconfig.cmake
[1.837s] -- Up-to-date: /home/student/pepper_ws/install/turtlebot3_msgs/share/turtlebot3_msgs/cmake/export_turtlebot3_msgs__rosidl_generator_pyExport.cmake
[1.837s] -- Up-to-date: /home/student/pepper_ws/install/turtlebot3_msgs/share/turtlebot3_msgs/cmake/export_turtlebot3_msgs__rosidl_generator_pyExport-noconfig.cmake
[1.838s] Invoked command in '/home/student/pepper_ws/build/turtlebot3_msgs' returned '0': CMAKE_PREFIX_PATH=${CMAKE_PREFIX_PATH}:/home/student/pepper_ws/install/turtlebot3_teleop:/home/student/pepper_ws/install/turtlebot3_example:/home/student/pepper_ws/install/move_pepper:/home/student/ros2_ws/install/autonomous_tb3:/opt/ros/humble /usr/bin/cmake --install /home/student/pepper_ws/build/turtlebot3_msgs
